2024-04-28 00:54:06,228 - INFO - This file contains logs for: Dinov2_split_0_SGD_4e_4_to_2e_4
2024-04-28 00:54:06,229 - INFO - Epoch: 0 |Total training time: 0h:35m:28s | Train Loss: 0.4395 | Train Balanced Accuracy: 71.2843 %
2024-04-28 00:54:06,229 - INFO - Epoch: 0 |Total validation time:0h:15m:32s | Validation Loss: 0.2760 | Validation Balanced Accuracy: 91.2266 % 
2024-04-28 00:54:06,229 - INFO - Epoch: 0 |Total testing time: 0h:22m:50s | Test Loss: 0.3161 | Test Balanced Accuracy: 88.6082 %
2024-04-28 00:54:06,885 - INFO - Saved checkpoint at epoch 0: /home/sur06423/hiwi/vit_exp/vision_tranformer_baseline/src/components/dinov2_linear/scripts_linear/dinov2_daa_experiments/Dinov2_split_0_SGD_4e_4_to_2e_4/runs/checkpoints/checkpoint_Dinov2_split_0_SGD_4e_4_to_2e_4_epoch_0.pth
2024-04-28 01:57:48,140 - INFO - This file contains logs for: Dinov2_split_0_SGD_4e_4_to_2e_4
2024-04-28 01:57:48,141 - INFO - Epoch: 1 |Total training time: 0h:35m:32s | Train Loss: 0.3380 | Train Balanced Accuracy: 82.7073 %
2024-04-28 01:57:48,141 - INFO - Epoch: 1 |Total validation time:0h:9m:1s | Validation Loss: 0.2418 | Validation Balanced Accuracy: 91.6062 % 
2024-04-28 01:57:48,141 - INFO - Epoch: 1 |Total testing time: 0h:19m:7s | Test Loss: 0.2791 | Test Balanced Accuracy: 90.0522 %
2024-04-28 01:57:48,815 - INFO - Saved checkpoint at epoch 1: /home/sur06423/hiwi/vit_exp/vision_tranformer_baseline/src/components/dinov2_linear/scripts_linear/dinov2_daa_experiments/Dinov2_split_0_SGD_4e_4_to_2e_4/runs/checkpoints/checkpoint_Dinov2_split_0_SGD_4e_4_to_2e_4_epoch_1.pth
2024-04-28 02:19:26,248 - INFO - This file contains logs for: Dinov2_split_0_SGD_4e_4_to_2e_4
2024-04-28 02:19:26,249 - INFO - Epoch: 2 |Total training time: 0h:11m:48s | Train Loss: 0.3126 | Train Balanced Accuracy: 84.2971 %
2024-04-28 02:19:26,249 - INFO - Epoch: 2 |Total validation time:0h:3m:50s | Validation Loss: 0.2211 | Validation Balanced Accuracy: 91.6028 % 
2024-04-28 02:19:26,249 - INFO - Epoch: 2 |Total testing time: 0h:5m:58s | Test Loss: 0.2625 | Test Balanced Accuracy: 90.4707 %
2024-04-28 02:19:27,048 - INFO - Saved checkpoint at epoch 2: /home/sur06423/hiwi/vit_exp/vision_tranformer_baseline/src/components/dinov2_linear/scripts_linear/dinov2_daa_experiments/Dinov2_split_0_SGD_4e_4_to_2e_4/runs/checkpoints/checkpoint_Dinov2_split_0_SGD_4e_4_to_2e_4_epoch_2.pth
2024-04-28 03:04:21,873 - INFO - This file contains logs for: Dinov2_split_0_SGD_4e_4_to_2e_4
2024-04-28 03:04:21,874 - INFO - Epoch: 3 |Total training time: 0h:36m:13s | Train Loss: 0.2985 | Train Balanced Accuracy: 85.2179 %
2024-04-28 03:04:21,874 - INFO - Epoch: 3 |Total validation time:0h:3m:0s | Validation Loss: 0.2106 | Validation Balanced Accuracy: 91.3337 % 
2024-04-28 03:04:21,874 - INFO - Epoch: 3 |Total testing time: 0h:5m:41s | Test Loss: 0.2539 | Test Balanced Accuracy: 90.5968 %
2024-04-28 03:04:22,774 - INFO - Saved checkpoint at epoch 3: /home/sur06423/hiwi/vit_exp/vision_tranformer_baseline/src/components/dinov2_linear/scripts_linear/dinov2_daa_experiments/Dinov2_split_0_SGD_4e_4_to_2e_4/runs/checkpoints/checkpoint_Dinov2_split_0_SGD_4e_4_to_2e_4_epoch_3.pth
2024-04-28 03:30:42,963 - INFO - This file contains logs for: Dinov2_split_0_SGD_4e_4_to_2e_4
2024-04-28 03:30:42,964 - INFO - Epoch: 4 |Total training time: 0h:16m:19s | Train Loss: 0.2886 | Train Balanced Accuracy: 85.7894 %
2024-04-28 03:30:42,964 - INFO - Epoch: 4 |Total validation time:0h:4m:2s | Validation Loss: 0.2009 | Validation Balanced Accuracy: 90.2570 % 
2024-04-28 03:30:42,964 - INFO - Epoch: 4 |Total testing time: 0h:5m:58s | Test Loss: 0.2470 | Test Balanced Accuracy: 90.5774 %
2024-04-28 03:30:43,919 - INFO - Saved checkpoint at epoch 4: /home/sur06423/hiwi/vit_exp/vision_tranformer_baseline/src/components/dinov2_linear/scripts_linear/dinov2_daa_experiments/Dinov2_split_0_SGD_4e_4_to_2e_4/runs/checkpoints/checkpoint_Dinov2_split_0_SGD_4e_4_to_2e_4_epoch_4.pth
2024-04-28 03:50:48,068 - INFO - This file contains logs for: Dinov2_split_0_SGD_4e_4_to_2e_4
2024-04-28 03:50:48,068 - INFO - Epoch: 5 |Total training time: 0h:11m:19s | Train Loss: 0.2829 | Train Balanced Accuracy: 86.0208 %
2024-04-28 03:50:48,069 - INFO - Epoch: 5 |Total validation time:0h:4m:1s | Validation Loss: 0.2000 | Validation Balanced Accuracy: 91.3150 % 
2024-04-28 03:50:48,069 - INFO - Epoch: 5 |Total testing time: 0h:4m:43s | Test Loss: 0.2439 | Test Balanced Accuracy: 91.0127 %
2024-04-28 03:50:48,720 - INFO - Saved checkpoint at epoch 5: /home/sur06423/hiwi/vit_exp/vision_tranformer_baseline/src/components/dinov2_linear/scripts_linear/dinov2_daa_experiments/Dinov2_split_0_SGD_4e_4_to_2e_4/runs/checkpoints/checkpoint_Dinov2_split_0_SGD_4e_4_to_2e_4_epoch_5.pth
2024-04-28 04:11:15,858 - INFO - This file contains logs for: Dinov2_split_0_SGD_4e_4_to_2e_4
2024-04-28 04:11:15,859 - INFO - Epoch: 6 |Total training time: 0h:12m:12s | Train Loss: 0.2798 | Train Balanced Accuracy: 86.2243 %
2024-04-28 04:11:15,859 - INFO - Epoch: 6 |Total validation time:0h:3m:47s | Validation Loss: 0.1974 | Validation Balanced Accuracy: 91.3615 % 
2024-04-28 04:11:15,859 - INFO - Epoch: 6 |Total testing time: 0h:4m:26s | Test Loss: 0.2412 | Test Balanced Accuracy: 91.1565 %
2024-04-28 04:11:16,630 - INFO - Saved checkpoint at epoch 6: /home/sur06423/hiwi/vit_exp/vision_tranformer_baseline/src/components/dinov2_linear/scripts_linear/dinov2_daa_experiments/Dinov2_split_0_SGD_4e_4_to_2e_4/runs/checkpoints/checkpoint_Dinov2_split_0_SGD_4e_4_to_2e_4_epoch_6.pth
2024-04-28 04:34:02,425 - INFO - This file contains logs for: Dinov2_split_0_SGD_4e_4_to_2e_4
2024-04-28 04:34:02,428 - INFO - Epoch: 7 |Total training time: 0h:15m:11s | Train Loss: 0.2754 | Train Balanced Accuracy: 86.5138 %
2024-04-28 04:34:02,428 - INFO - Epoch: 7 |Total validation time:0h:2m:42s | Validation Loss: 0.1925 | Validation Balanced Accuracy: 90.9327 % 
2024-04-28 04:34:02,428 - INFO - Epoch: 7 |Total testing time: 0h:4m:51s | Test Loss: 0.2366 | Test Balanced Accuracy: 91.2357 %
2024-04-28 04:34:03,173 - INFO - Saved checkpoint at epoch 7: /home/sur06423/hiwi/vit_exp/vision_tranformer_baseline/src/components/dinov2_linear/scripts_linear/dinov2_daa_experiments/Dinov2_split_0_SGD_4e_4_to_2e_4/runs/checkpoints/checkpoint_Dinov2_split_0_SGD_4e_4_to_2e_4_epoch_7.pth
2024-04-28 04:57:37,527 - INFO - This file contains logs for: Dinov2_split_0_SGD_4e_4_to_2e_4
2024-04-28 04:57:37,528 - INFO - Epoch: 8 |Total training time: 0h:14m:53s | Train Loss: 0.2729 | Train Balanced Accuracy: 86.6383 %
2024-04-28 04:57:37,528 - INFO - Epoch: 8 |Total validation time:0h:4m:7s | Validation Loss: 0.1895 | Validation Balanced Accuracy: 90.2491 % 
2024-04-28 04:57:37,528 - INFO - Epoch: 8 |Total testing time: 0h:4m:33s | Test Loss: 0.2344 | Test Balanced Accuracy: 91.2530 %
2024-04-28 04:57:38,178 - INFO - Saved checkpoint at epoch 8: /home/sur06423/hiwi/vit_exp/vision_tranformer_baseline/src/components/dinov2_linear/scripts_linear/dinov2_daa_experiments/Dinov2_split_0_SGD_4e_4_to_2e_4/runs/checkpoints/checkpoint_Dinov2_split_0_SGD_4e_4_to_2e_4_epoch_8.pth
2024-04-28 05:19:45,460 - INFO - This file contains logs for: Dinov2_split_0_SGD_4e_4_to_2e_4
2024-04-28 05:19:45,460 - INFO - Epoch: 9 |Total training time: 0h:13m:2s | Train Loss: 0.2674 | Train Balanced Accuracy: 86.9523 %
2024-04-28 05:19:45,461 - INFO - Epoch: 9 |Total validation time:0h:3m:43s | Validation Loss: 0.1888 | Validation Balanced Accuracy: 90.6100 % 
2024-04-28 05:19:45,461 - INFO - Epoch: 9 |Total testing time: 0h:5m:22s | Test Loss: 0.2327 | Test Balanced Accuracy: 91.3826 %
2024-04-28 05:19:46,192 - INFO - Saved checkpoint at epoch 9: /home/sur06423/hiwi/vit_exp/vision_tranformer_baseline/src/components/dinov2_linear/scripts_linear/dinov2_daa_experiments/Dinov2_split_0_SGD_4e_4_to_2e_4/runs/checkpoints/checkpoint_Dinov2_split_0_SGD_4e_4_to_2e_4_epoch_9.pth
2024-04-28 05:39:47,016 - INFO - This file contains logs for: Dinov2_split_0_SGD_4e_4_to_2e_4
2024-04-28 05:39:47,016 - INFO - Epoch: 10 |Total training time: 0h:11m:58s | Train Loss: 0.2664 | Train Balanced Accuracy: 86.9879 %
2024-04-28 05:39:47,017 - INFO - Epoch: 10 |Total validation time:0h:2m:42s | Validation Loss: 0.1878 | Validation Balanced Accuracy: 91.3600 % 
2024-04-28 05:39:47,017 - INFO - Epoch: 10 |Total testing time: 0h:5m:19s | Test Loss: 0.2333 | Test Balanced Accuracy: 91.4883 %
2024-04-28 05:39:47,729 - INFO - Saved checkpoint at epoch 10: /home/sur06423/hiwi/vit_exp/vision_tranformer_baseline/src/components/dinov2_linear/scripts_linear/dinov2_daa_experiments/Dinov2_split_0_SGD_4e_4_to_2e_4/runs/checkpoints/checkpoint_Dinov2_split_0_SGD_4e_4_to_2e_4_epoch_10.pth
2024-04-28 06:01:24,979 - INFO - This file contains logs for: Dinov2_split_0_SGD_4e_4_to_2e_4
2024-04-28 06:01:24,979 - INFO - Epoch: 11 |Total training time: 0h:12m:9s | Train Loss: 0.2642 | Train Balanced Accuracy: 87.1150 %
2024-04-28 06:01:24,980 - INFO - Epoch: 11 |Total validation time:0h:4m:0s | Validation Loss: 0.1882 | Validation Balanced Accuracy: 91.7105 % 
2024-04-28 06:01:24,980 - INFO - Epoch: 11 |Total testing time: 0h:5m:26s | Test Loss: 0.2347 | Test Balanced Accuracy: 91.4828 %
2024-04-28 06:01:25,869 - INFO - Saved checkpoint at epoch 11: /home/sur06423/hiwi/vit_exp/vision_tranformer_baseline/src/components/dinov2_linear/scripts_linear/dinov2_daa_experiments/Dinov2_split_0_SGD_4e_4_to_2e_4/runs/checkpoints/checkpoint_Dinov2_split_0_SGD_4e_4_to_2e_4_epoch_11.pth
2024-04-28 06:22:03,557 - INFO - This file contains logs for: Dinov2_split_0_SGD_4e_4_to_2e_4
2024-04-28 06:22:03,558 - INFO - Epoch: 12 |Total training time: 0h:12m:23s | Train Loss: 0.2622 | Train Balanced Accuracy: 87.2898 %
2024-04-28 06:22:03,558 - INFO - Epoch: 12 |Total validation time:0h:3m:24s | Validation Loss: 0.1842 | Validation Balanced Accuracy: 90.7799 % 
2024-04-28 06:22:03,558 - INFO - Epoch: 12 |Total testing time: 0h:4m:49s | Test Loss: 0.2286 | Test Balanced Accuracy: 91.6239 %
2024-04-28 06:22:04,256 - INFO - Saved checkpoint at epoch 12: /home/sur06423/hiwi/vit_exp/vision_tranformer_baseline/src/components/dinov2_linear/scripts_linear/dinov2_daa_experiments/Dinov2_split_0_SGD_4e_4_to_2e_4/runs/checkpoints/checkpoint_Dinov2_split_0_SGD_4e_4_to_2e_4_epoch_12.pth
2024-04-28 06:47:02,404 - INFO - This file contains logs for: Dinov2_split_0_SGD_4e_4_to_2e_4
2024-04-28 06:47:02,405 - INFO - Epoch: 13 |Total training time: 0h:17m:30s | Train Loss: 0.2605 | Train Balanced Accuracy: 87.3385 %
2024-04-28 06:47:02,405 - INFO - Epoch: 13 |Total validation time:0h:2m:43s | Validation Loss: 0.1832 | Validation Balanced Accuracy: 89.2224 % 
2024-04-28 06:47:02,406 - INFO - Epoch: 13 |Total testing time: 0h:4m:44s | Test Loss: 0.2262 | Test Balanced Accuracy: 91.4558 %
2024-04-28 06:47:03,210 - INFO - Saved checkpoint at epoch 13: /home/sur06423/hiwi/vit_exp/vision_tranformer_baseline/src/components/dinov2_linear/scripts_linear/dinov2_daa_experiments/Dinov2_split_0_SGD_4e_4_to_2e_4/runs/checkpoints/checkpoint_Dinov2_split_0_SGD_4e_4_to_2e_4_epoch_13.pth
2024-04-28 07:09:29,558 - INFO - This file contains logs for: Dinov2_split_0_SGD_4e_4_to_2e_4
2024-04-28 07:09:29,559 - INFO - Epoch: 14 |Total training time: 0h:13m:26s | Train Loss: 0.2591 | Train Balanced Accuracy: 87.3866 %
2024-04-28 07:09:29,559 - INFO - Epoch: 14 |Total validation time:0h:3m:37s | Validation Loss: 0.1819 | Validation Balanced Accuracy: 91.2412 % 
2024-04-28 07:09:29,559 - INFO - Epoch: 14 |Total testing time: 0h:5m:22s | Test Loss: 0.2267 | Test Balanced Accuracy: 91.7111 %
2024-04-28 07:09:30,349 - INFO - Saved checkpoint at epoch 14: /home/sur06423/hiwi/vit_exp/vision_tranformer_baseline/src/components/dinov2_linear/scripts_linear/dinov2_daa_experiments/Dinov2_split_0_SGD_4e_4_to_2e_4/runs/checkpoints/checkpoint_Dinov2_split_0_SGD_4e_4_to_2e_4_epoch_14.pth
2024-04-28 07:30:09,103 - INFO - This file contains logs for: Dinov2_split_0_SGD_4e_4_to_2e_4
2024-04-28 07:30:09,104 - INFO - Epoch: 15 |Total training time: 0h:12m:52s | Train Loss: 0.2593 | Train Balanced Accuracy: 87.4211 %
2024-04-28 07:30:09,104 - INFO - Epoch: 15 |Total validation time:0h:2m:42s | Validation Loss: 0.1828 | Validation Balanced Accuracy: 91.5709 % 
2024-04-28 07:30:09,104 - INFO - Epoch: 15 |Total testing time: 0h:5m:3s | Test Loss: 0.2289 | Test Balanced Accuracy: 91.7211 %
2024-04-28 07:30:09,824 - INFO - Saved checkpoint at epoch 15: /home/sur06423/hiwi/vit_exp/vision_tranformer_baseline/src/components/dinov2_linear/scripts_linear/dinov2_daa_experiments/Dinov2_split_0_SGD_4e_4_to_2e_4/runs/checkpoints/checkpoint_Dinov2_split_0_SGD_4e_4_to_2e_4_epoch_15.pth
2024-04-28 07:50:43,725 - INFO - This file contains logs for: Dinov2_split_0_SGD_4e_4_to_2e_4
2024-04-28 07:50:43,725 - INFO - Epoch: 16 |Total training time: 0h:11m:29s | Train Loss: 0.2570 | Train Balanced Accuracy: 87.5627 %
2024-04-28 07:50:43,726 - INFO - Epoch: 16 |Total validation time:0h:3m:45s | Validation Loss: 0.1813 | Validation Balanced Accuracy: 91.0605 % 
2024-04-28 07:50:43,726 - INFO - Epoch: 16 |Total testing time: 0h:5m:18s | Test Loss: 0.2248 | Test Balanced Accuracy: 91.7830 %
2024-04-28 07:50:44,406 - INFO - Saved checkpoint at epoch 16: /home/sur06423/hiwi/vit_exp/vision_tranformer_baseline/src/components/dinov2_linear/scripts_linear/dinov2_daa_experiments/Dinov2_split_0_SGD_4e_4_to_2e_4/runs/checkpoints/checkpoint_Dinov2_split_0_SGD_4e_4_to_2e_4_epoch_16.pth
2024-04-28 08:10:34,847 - INFO - This file contains logs for: Dinov2_split_0_SGD_4e_4_to_2e_4
2024-04-28 08:10:34,847 - INFO - Epoch: 17 |Total training time: 0h:11m:47s | Train Loss: 0.2579 | Train Balanced Accuracy: 87.4263 %
2024-04-28 08:10:34,847 - INFO - Epoch: 17 |Total validation time:0h:3m:28s | Validation Loss: 0.1812 | Validation Balanced Accuracy: 90.9448 % 
2024-04-28 08:10:34,848 - INFO - Epoch: 17 |Total testing time: 0h:4m:35s | Test Loss: 0.2245 | Test Balanced Accuracy: 91.7808 %
2024-04-28 08:10:35,507 - INFO - Saved checkpoint at epoch 17: /home/sur06423/hiwi/vit_exp/vision_tranformer_baseline/src/components/dinov2_linear/scripts_linear/dinov2_daa_experiments/Dinov2_split_0_SGD_4e_4_to_2e_4/runs/checkpoints/checkpoint_Dinov2_split_0_SGD_4e_4_to_2e_4_epoch_17.pth
2024-04-28 08:36:28,546 - INFO - This file contains logs for: Dinov2_split_0_SGD_4e_4_to_2e_4
2024-04-28 08:36:28,547 - INFO - Epoch: 18 |Total training time: 0h:17m:16s | Train Loss: 0.2572 | Train Balanced Accuracy: 87.5234 %
2024-04-28 08:36:28,547 - INFO - Epoch: 18 |Total validation time:0h:2m:45s | Validation Loss: 0.1807 | Validation Balanced Accuracy: 90.3505 % 
2024-04-28 08:36:28,548 - INFO - Epoch: 18 |Total testing time: 0h:5m:51s | Test Loss: 0.2227 | Test Balanced Accuracy: 91.8184 %
2024-04-28 08:36:29,241 - INFO - Saved checkpoint at epoch 18: /home/sur06423/hiwi/vit_exp/vision_tranformer_baseline/src/components/dinov2_linear/scripts_linear/dinov2_daa_experiments/Dinov2_split_0_SGD_4e_4_to_2e_4/runs/checkpoints/checkpoint_Dinov2_split_0_SGD_4e_4_to_2e_4_epoch_18.pth
2024-04-28 09:00:53,157 - INFO - This file contains logs for: Dinov2_split_0_SGD_4e_4_to_2e_4
2024-04-28 09:00:53,158 - INFO - Epoch: 19 |Total training time: 0h:14m:34s | Train Loss: 0.2545 | Train Balanced Accuracy: 87.5999 %
2024-04-28 09:00:53,158 - INFO - Epoch: 19 |Total validation time:0h:3m:59s | Validation Loss: 0.1794 | Validation Balanced Accuracy: 90.6633 % 
2024-04-28 09:00:53,158 - INFO - Epoch: 19 |Total testing time: 0h:5m:50s | Test Loss: 0.2225 | Test Balanced Accuracy: 91.8393 %
2024-04-28 09:00:53,828 - INFO - Saved checkpoint at epoch 19: /home/sur06423/hiwi/vit_exp/vision_tranformer_baseline/src/components/dinov2_linear/scripts_linear/dinov2_daa_experiments/Dinov2_split_0_SGD_4e_4_to_2e_4/runs/checkpoints/checkpoint_Dinov2_split_0_SGD_4e_4_to_2e_4_epoch_19.pth
2024-04-28 09:23:30,137 - INFO - This file contains logs for: Dinov2_split_0_SGD_4e_4_to_2e_4
2024-04-28 09:23:30,154 - INFO - Epoch: 20 |Total training time: 0h:13m:46s | Train Loss: 0.2543 | Train Balanced Accuracy: 87.6040 %
2024-04-28 09:23:30,155 - INFO - Epoch: 20 |Total validation time:0h:3m:31s | Validation Loss: 0.1789 | Validation Balanced Accuracy: 91.6587 % 
2024-04-28 09:23:30,155 - INFO - Epoch: 20 |Total testing time: 0h:5m:18s | Test Loss: 0.2245 | Test Balanced Accuracy: 91.8725 %
2024-04-28 09:23:31,039 - INFO - Saved checkpoint at epoch 20: /home/sur06423/hiwi/vit_exp/vision_tranformer_baseline/src/components/dinov2_linear/scripts_linear/dinov2_daa_experiments/Dinov2_split_0_SGD_4e_4_to_2e_4/runs/checkpoints/checkpoint_Dinov2_split_0_SGD_4e_4_to_2e_4_epoch_20.pth
2024-04-28 09:48:32,029 - INFO - This file contains logs for: Dinov2_split_0_SGD_4e_4_to_2e_4
2024-04-28 09:48:32,029 - INFO - Epoch: 21 |Total training time: 0h:16m:18s | Train Loss: 0.2533 | Train Balanced Accuracy: 87.7490 %
2024-04-28 09:48:32,029 - INFO - Epoch: 21 |Total validation time:0h:4m:7s | Validation Loss: 0.1778 | Validation Balanced Accuracy: 90.4430 % 
2024-04-28 09:48:32,029 - INFO - Epoch: 21 |Total testing time: 0h:4m:34s | Test Loss: 0.2204 | Test Balanced Accuracy: 91.8965 %
2024-04-28 09:48:32,844 - INFO - Saved checkpoint at epoch 21: /home/sur06423/hiwi/vit_exp/vision_tranformer_baseline/src/components/dinov2_linear/scripts_linear/dinov2_daa_experiments/Dinov2_split_0_SGD_4e_4_to_2e_4/runs/checkpoints/checkpoint_Dinov2_split_0_SGD_4e_4_to_2e_4_epoch_21.pth
2024-04-28 10:13:43,442 - INFO - This file contains logs for: Dinov2_split_0_SGD_4e_4_to_2e_4
2024-04-28 10:13:43,443 - INFO - Epoch: 22 |Total training time: 0h:16m:2s | Train Loss: 0.2524 | Train Balanced Accuracy: 87.7702 %
2024-04-28 10:13:43,443 - INFO - Epoch: 22 |Total validation time:0h:3m:24s | Validation Loss: 0.1784 | Validation Balanced Accuracy: 91.6385 % 
2024-04-28 10:13:43,443 - INFO - Epoch: 22 |Total testing time: 0h:5m:43s | Test Loss: 0.2236 | Test Balanced Accuracy: 91.8900 %
2024-04-28 10:13:44,172 - INFO - Saved checkpoint at epoch 22: /home/sur06423/hiwi/vit_exp/vision_tranformer_baseline/src/components/dinov2_linear/scripts_linear/dinov2_daa_experiments/Dinov2_split_0_SGD_4e_4_to_2e_4/runs/checkpoints/checkpoint_Dinov2_split_0_SGD_4e_4_to_2e_4_epoch_22.pth
2024-04-28 10:38:03,293 - INFO - This file contains logs for: Dinov2_split_0_SGD_4e_4_to_2e_4
2024-04-28 10:38:03,294 - INFO - Epoch: 23 |Total training time: 0h:15m:17s | Train Loss: 0.2512 | Train Balanced Accuracy: 87.8337 %
2024-04-28 10:38:03,294 - INFO - Epoch: 23 |Total validation time:0h:4m:14s | Validation Loss: 0.1774 | Validation Balanced Accuracy: 90.9637 % 
2024-04-28 10:38:03,294 - INFO - Epoch: 23 |Total testing time: 0h:4m:47s | Test Loss: 0.2220 | Test Balanced Accuracy: 91.8440 %
2024-04-28 10:38:04,246 - INFO - Saved checkpoint at epoch 23: /home/sur06423/hiwi/vit_exp/vision_tranformer_baseline/src/components/dinov2_linear/scripts_linear/dinov2_daa_experiments/Dinov2_split_0_SGD_4e_4_to_2e_4/runs/checkpoints/checkpoint_Dinov2_split_0_SGD_4e_4_to_2e_4_epoch_23.pth
2024-04-28 11:00:26,566 - INFO - This file contains logs for: Dinov2_split_0_SGD_4e_4_to_2e_4
2024-04-28 11:00:26,567 - INFO - Epoch: 24 |Total training time: 0h:12m:34s | Train Loss: 0.2508 | Train Balanced Accuracy: 88.0058 %
2024-04-28 11:00:26,567 - INFO - Epoch: 24 |Total validation time:0h:4m:4s | Validation Loss: 0.1765 | Validation Balanced Accuracy: 91.2223 % 
2024-04-28 11:00:26,567 - INFO - Epoch: 24 |Total testing time: 0h:5m:43s | Test Loss: 0.2220 | Test Balanced Accuracy: 91.8929 %
2024-04-28 11:00:27,230 - INFO - Saved checkpoint at epoch 24: /home/sur06423/hiwi/vit_exp/vision_tranformer_baseline/src/components/dinov2_linear/scripts_linear/dinov2_daa_experiments/Dinov2_split_0_SGD_4e_4_to_2e_4/runs/checkpoints/checkpoint_Dinov2_split_0_SGD_4e_4_to_2e_4_epoch_24.pth
2024-04-28 11:20:43,074 - INFO - This file contains logs for: Dinov2_split_0_SGD_4e_4_to_2e_4
2024-04-28 11:20:43,075 - INFO - Epoch: 25 |Total training time: 0h:12m:2s | Train Loss: 0.2513 | Train Balanced Accuracy: 87.8013 %
2024-04-28 11:20:43,075 - INFO - Epoch: 25 |Total validation time:0h:3m:41s | Validation Loss: 0.1760 | Validation Balanced Accuracy: 91.0389 % 
2024-04-28 11:20:43,075 - INFO - Epoch: 25 |Total testing time: 0h:4m:31s | Test Loss: 0.2204 | Test Balanced Accuracy: 91.9572 %
2024-04-28 11:20:43,915 - INFO - Saved checkpoint at epoch 25: /home/sur06423/hiwi/vit_exp/vision_tranformer_baseline/src/components/dinov2_linear/scripts_linear/dinov2_daa_experiments/Dinov2_split_0_SGD_4e_4_to_2e_4/runs/checkpoints/checkpoint_Dinov2_split_0_SGD_4e_4_to_2e_4_epoch_25.pth
2024-04-28 11:43:49,383 - INFO - This file contains logs for: Dinov2_split_0_SGD_4e_4_to_2e_4
2024-04-28 11:43:49,384 - INFO - Epoch: 26 |Total training time: 0h:14m:43s | Train Loss: 0.2485 | Train Balanced Accuracy: 88.0571 %
2024-04-28 11:43:49,384 - INFO - Epoch: 26 |Total validation time:0h:4m:6s | Validation Loss: 0.1768 | Validation Balanced Accuracy: 92.0676 % 
2024-04-28 11:43:49,384 - INFO - Epoch: 26 |Total testing time: 0h:4m:15s | Test Loss: 0.2241 | Test Balanced Accuracy: 91.9052 %
2024-04-28 11:43:50,058 - INFO - Saved checkpoint at epoch 26: /home/sur06423/hiwi/vit_exp/vision_tranformer_baseline/src/components/dinov2_linear/scripts_linear/dinov2_daa_experiments/Dinov2_split_0_SGD_4e_4_to_2e_4/runs/checkpoints/checkpoint_Dinov2_split_0_SGD_4e_4_to_2e_4_epoch_26.pth
2024-04-28 12:06:55,862 - INFO - This file contains logs for: Dinov2_split_0_SGD_4e_4_to_2e_4
2024-04-28 12:06:55,863 - INFO - Epoch: 27 |Total training time: 0h:14m:29s | Train Loss: 0.2487 | Train Balanced Accuracy: 87.9810 %
2024-04-28 12:06:55,863 - INFO - Epoch: 27 |Total validation time:0h:2m:59s | Validation Loss: 0.1752 | Validation Balanced Accuracy: 91.0208 % 
2024-04-28 12:06:55,863 - INFO - Epoch: 27 |Total testing time: 0h:5m:36s | Test Loss: 0.2206 | Test Balanced Accuracy: 91.9348 %
2024-04-28 12:06:57,296 - INFO - Saved checkpoint at epoch 27: /home/sur06423/hiwi/vit_exp/vision_tranformer_baseline/src/components/dinov2_linear/scripts_linear/dinov2_daa_experiments/Dinov2_split_0_SGD_4e_4_to_2e_4/runs/checkpoints/checkpoint_Dinov2_split_0_SGD_4e_4_to_2e_4_epoch_27.pth
2024-04-28 12:29:36,556 - INFO - This file contains logs for: Dinov2_split_0_SGD_4e_4_to_2e_4
2024-04-28 12:29:36,557 - INFO - Epoch: 28 |Total training time: 0h:14m:40s | Train Loss: 0.2485 | Train Balanced Accuracy: 87.9862 %
2024-04-28 12:29:36,557 - INFO - Epoch: 28 |Total validation time:0h:4m:9s | Validation Loss: 0.1763 | Validation Balanced Accuracy: 89.4064 % 
2024-04-28 12:29:36,557 - INFO - Epoch: 28 |Total testing time: 0h:3m:49s | Test Loss: 0.2190 | Test Balanced Accuracy: 91.7676 %
2024-04-28 12:29:37,277 - INFO - Saved checkpoint at epoch 28: /home/sur06423/hiwi/vit_exp/vision_tranformer_baseline/src/components/dinov2_linear/scripts_linear/dinov2_daa_experiments/Dinov2_split_0_SGD_4e_4_to_2e_4/runs/checkpoints/checkpoint_Dinov2_split_0_SGD_4e_4_to_2e_4_epoch_28.pth
2024-04-28 12:54:01,646 - INFO - This file contains logs for: Dinov2_split_0_SGD_4e_4_to_2e_4
2024-04-28 12:54:01,647 - INFO - Epoch: 29 |Total training time: 0h:13m:52s | Train Loss: 0.2481 | Train Balanced Accuracy: 87.9678 %
2024-04-28 12:54:01,647 - INFO - Epoch: 29 |Total validation time:0h:4m:17s | Validation Loss: 0.1745 | Validation Balanced Accuracy: 91.0350 % 
2024-04-28 12:54:01,647 - INFO - Epoch: 29 |Total testing time: 0h:6m:13s | Test Loss: 0.2199 | Test Balanced Accuracy: 91.9506 %
2024-04-28 12:54:02,415 - INFO - Saved checkpoint at epoch 29: /home/sur06423/hiwi/vit_exp/vision_tranformer_baseline/src/components/dinov2_linear/scripts_linear/dinov2_daa_experiments/Dinov2_split_0_SGD_4e_4_to_2e_4/runs/checkpoints/checkpoint_Dinov2_split_0_SGD_4e_4_to_2e_4_epoch_29.pth
2024-04-28 13:16:05,922 - INFO - This file contains logs for: Dinov2_split_0_SGD_4e_4_to_2e_4
2024-04-28 13:16:05,923 - INFO - Epoch: 30 |Total training time: 0h:12m:45s | Train Loss: 0.2470 | Train Balanced Accuracy: 88.1750 %
2024-04-28 13:16:05,923 - INFO - Epoch: 30 |Total validation time:0h:3m:50s | Validation Loss: 0.1740 | Validation Balanced Accuracy: 91.6237 % 
2024-04-28 13:16:05,923 - INFO - Epoch: 30 |Total testing time: 0h:5m:27s | Test Loss: 0.2212 | Test Balanced Accuracy: 91.9314 %
2024-04-28 13:16:06,813 - INFO - Saved checkpoint at epoch 30: /home/sur06423/hiwi/vit_exp/vision_tranformer_baseline/src/components/dinov2_linear/scripts_linear/dinov2_daa_experiments/Dinov2_split_0_SGD_4e_4_to_2e_4/runs/checkpoints/checkpoint_Dinov2_split_0_SGD_4e_4_to_2e_4_epoch_30.pth
2024-04-28 13:46:29,161 - INFO - This file contains logs for: Dinov2_split_0_SGD_4e_4_to_2e_4
2024-04-28 13:46:29,162 - INFO - Epoch: 31 |Total training time: 0h:21m:17s | Train Loss: 0.2464 | Train Balanced Accuracy: 88.1880 %
2024-04-28 13:46:29,162 - INFO - Epoch: 31 |Total validation time:0h:4m:30s | Validation Loss: 0.1747 | Validation Balanced Accuracy: 89.8205 % 
2024-04-28 13:46:29,162 - INFO - Epoch: 31 |Total testing time: 0h:4m:34s | Test Loss: 0.2183 | Test Balanced Accuracy: 91.8030 %
2024-04-28 13:46:29,909 - INFO - Saved checkpoint at epoch 31: /home/sur06423/hiwi/vit_exp/vision_tranformer_baseline/src/components/dinov2_linear/scripts_linear/dinov2_daa_experiments/Dinov2_split_0_SGD_4e_4_to_2e_4/runs/checkpoints/checkpoint_Dinov2_split_0_SGD_4e_4_to_2e_4_epoch_31.pth
2024-04-28 14:10:29,505 - INFO - This file contains logs for: Dinov2_split_0_SGD_4e_4_to_2e_4
2024-04-28 14:10:29,505 - INFO - Epoch: 32 |Total training time: 0h:14m:39s | Train Loss: 0.2468 | Train Balanced Accuracy: 88.1450 %
2024-04-28 14:10:29,505 - INFO - Epoch: 32 |Total validation time:0h:2m:52s | Validation Loss: 0.1735 | Validation Balanced Accuracy: 91.4325 % 
2024-04-28 14:10:29,506 - INFO - Epoch: 32 |Total testing time: 0h:6m:27s | Test Loss: 0.2206 | Test Balanced Accuracy: 91.9443 %
2024-04-28 14:10:30,278 - INFO - Saved checkpoint at epoch 32: /home/sur06423/hiwi/vit_exp/vision_tranformer_baseline/src/components/dinov2_linear/scripts_linear/dinov2_daa_experiments/Dinov2_split_0_SGD_4e_4_to_2e_4/runs/checkpoints/checkpoint_Dinov2_split_0_SGD_4e_4_to_2e_4_epoch_32.pth
2024-04-28 14:37:39,006 - INFO - This file contains logs for: Dinov2_split_0_SGD_4e_4_to_2e_4
2024-04-28 14:37:39,006 - INFO - Epoch: 33 |Total training time: 0h:18m:49s | Train Loss: 0.2473 | Train Balanced Accuracy: 88.0888 %
2024-04-28 14:37:39,006 - INFO - Epoch: 33 |Total validation time:0h:4m:23s | Validation Loss: 0.1741 | Validation Balanced Accuracy: 90.4011 % 
2024-04-28 14:37:39,006 - INFO - Epoch: 33 |Total testing time: 0h:3m:55s | Test Loss: 0.2182 | Test Balanced Accuracy: 91.8832 %
2024-04-28 14:37:39,757 - INFO - Saved checkpoint at epoch 33: /home/sur06423/hiwi/vit_exp/vision_tranformer_baseline/src/components/dinov2_linear/scripts_linear/dinov2_daa_experiments/Dinov2_split_0_SGD_4e_4_to_2e_4/runs/checkpoints/checkpoint_Dinov2_split_0_SGD_4e_4_to_2e_4_epoch_33.pth
2024-04-28 15:03:33,350 - INFO - This file contains logs for: Dinov2_split_0_SGD_4e_4_to_2e_4
2024-04-28 15:03:33,351 - INFO - Epoch: 34 |Total training time: 0h:15m:4s | Train Loss: 0.2465 | Train Balanced Accuracy: 88.1883 %
2024-04-28 15:03:33,351 - INFO - Epoch: 34 |Total validation time:0h:4m:28s | Validation Loss: 0.1737 | Validation Balanced Accuracy: 90.3062 % 
2024-04-28 15:03:33,351 - INFO - Epoch: 34 |Total testing time: 0h:6m:21s | Test Loss: 0.2190 | Test Balanced Accuracy: 91.8581 %
2024-04-28 15:03:34,261 - INFO - Saved checkpoint at epoch 34: /home/sur06423/hiwi/vit_exp/vision_tranformer_baseline/src/components/dinov2_linear/scripts_linear/dinov2_daa_experiments/Dinov2_split_0_SGD_4e_4_to_2e_4/runs/checkpoints/checkpoint_Dinov2_split_0_SGD_4e_4_to_2e_4_epoch_34.pth
2024-04-28 15:26:09,079 - INFO - This file contains logs for: Dinov2_split_0_SGD_4e_4_to_2e_4
2024-04-28 15:26:09,080 - INFO - Epoch: 35 |Total training time: 0h:14m:7s | Train Loss: 0.2459 | Train Balanced Accuracy: 88.1697 %
2024-04-28 15:26:09,080 - INFO - Epoch: 35 |Total validation time:0h:2m:55s | Validation Loss: 0.1731 | Validation Balanced Accuracy: 90.9576 % 
2024-04-28 15:26:09,080 - INFO - Epoch: 35 |Total testing time: 0h:5m:31s | Test Loss: 0.2198 | Test Balanced Accuracy: 91.9134 %
2024-04-28 15:26:10,036 - INFO - Saved checkpoint at epoch 35: /home/sur06423/hiwi/vit_exp/vision_tranformer_baseline/src/components/dinov2_linear/scripts_linear/dinov2_daa_experiments/Dinov2_split_0_SGD_4e_4_to_2e_4/runs/checkpoints/checkpoint_Dinov2_split_0_SGD_4e_4_to_2e_4_epoch_35.pth
2024-04-28 15:51:42,209 - INFO - This file contains logs for: Dinov2_split_0_SGD_4e_4_to_2e_4
2024-04-28 15:51:42,210 - INFO - Epoch: 36 |Total training time: 0h:14m:25s | Train Loss: 0.2458 | Train Balanced Accuracy: 88.1592 %
2024-04-28 15:51:42,210 - INFO - Epoch: 36 |Total validation time:0h:4m:30s | Validation Loss: 0.1732 | Validation Balanced Accuracy: 91.3265 % 
2024-04-28 15:51:42,210 - INFO - Epoch: 36 |Total testing time: 0h:6m:36s | Test Loss: 0.2201 | Test Balanced Accuracy: 91.9699 %
2024-04-28 15:51:43,198 - INFO - Saved checkpoint at epoch 36: /home/sur06423/hiwi/vit_exp/vision_tranformer_baseline/src/components/dinov2_linear/scripts_linear/dinov2_daa_experiments/Dinov2_split_0_SGD_4e_4_to_2e_4/runs/checkpoints/checkpoint_Dinov2_split_0_SGD_4e_4_to_2e_4_epoch_36.pth
2024-04-28 16:15:20,858 - INFO - This file contains logs for: Dinov2_split_0_SGD_4e_4_to_2e_4
2024-04-28 16:15:20,859 - INFO - Epoch: 37 |Total training time: 0h:14m:51s | Train Loss: 0.2455 | Train Balanced Accuracy: 88.1125 %
2024-04-28 16:15:20,859 - INFO - Epoch: 37 |Total validation time:0h:3m:34s | Validation Loss: 0.1732 | Validation Balanced Accuracy: 90.1175 % 
2024-04-28 16:15:20,859 - INFO - Epoch: 37 |Total testing time: 0h:5m:10s | Test Loss: 0.2179 | Test Balanced Accuracy: 91.8479 %
2024-04-28 16:15:21,584 - INFO - Saved checkpoint at epoch 37: /home/sur06423/hiwi/vit_exp/vision_tranformer_baseline/src/components/dinov2_linear/scripts_linear/dinov2_daa_experiments/Dinov2_split_0_SGD_4e_4_to_2e_4/runs/checkpoints/checkpoint_Dinov2_split_0_SGD_4e_4_to_2e_4_epoch_37.pth
2024-04-28 16:45:41,579 - INFO - This file contains logs for: Dinov2_split_0_SGD_4e_4_to_2e_4
2024-04-28 16:45:41,580 - INFO - Epoch: 38 |Total training time: 0h:20m:34s | Train Loss: 0.2460 | Train Balanced Accuracy: 88.1754 %
2024-04-28 16:45:41,580 - INFO - Epoch: 38 |Total validation time:0h:2m:49s | Validation Loss: 0.1726 | Validation Balanced Accuracy: 90.3364 % 
2024-04-28 16:45:41,580 - INFO - Epoch: 38 |Total testing time: 0h:6m:56s | Test Loss: 0.2184 | Test Balanced Accuracy: 91.8728 %
2024-04-28 16:45:42,448 - INFO - Saved checkpoint at epoch 38: /home/sur06423/hiwi/vit_exp/vision_tranformer_baseline/src/components/dinov2_linear/scripts_linear/dinov2_daa_experiments/Dinov2_split_0_SGD_4e_4_to_2e_4/runs/checkpoints/checkpoint_Dinov2_split_0_SGD_4e_4_to_2e_4_epoch_38.pth
2024-04-28 17:12:36,641 - INFO - This file contains logs for: Dinov2_split_0_SGD_4e_4_to_2e_4
2024-04-28 17:12:36,641 - INFO - Epoch: 39 |Total training time: 0h:16m:22s | Train Loss: 0.2443 | Train Balanced Accuracy: 88.3075 %
2024-04-28 17:12:36,641 - INFO - Epoch: 39 |Total validation time:0h:4m:18s | Validation Loss: 0.1732 | Validation Balanced Accuracy: 90.5537 % 
2024-04-28 17:12:36,641 - INFO - Epoch: 39 |Total testing time: 0h:6m:13s | Test Loss: 0.2193 | Test Balanced Accuracy: 91.8901 %
2024-04-28 17:12:37,354 - INFO - Saved checkpoint at epoch 39: /home/sur06423/hiwi/vit_exp/vision_tranformer_baseline/src/components/dinov2_linear/scripts_linear/dinov2_daa_experiments/Dinov2_split_0_SGD_4e_4_to_2e_4/runs/checkpoints/checkpoint_Dinov2_split_0_SGD_4e_4_to_2e_4_epoch_39.pth
2024-04-28 17:52:00,656 - INFO - This file contains logs for: Dinov2_split_0_SGD_4e_4_to_2e_4
2024-04-28 17:52:00,657 - INFO - Epoch: 40 |Total training time: 0h:18m:34s | Train Loss: 0.2439 | Train Balanced Accuracy: 88.2738 %
2024-04-28 17:52:00,657 - INFO - Epoch: 40 |Total validation time:0h:4m:32s | Validation Loss: 0.1723 | Validation Balanced Accuracy: 90.9827 % 
2024-04-28 17:52:00,657 - INFO - Epoch: 40 |Total testing time: 0h:16m:16s | Test Loss: 0.2192 | Test Balanced Accuracy: 91.9517 %
2024-04-28 17:52:01,393 - INFO - Saved checkpoint at epoch 40: /home/sur06423/hiwi/vit_exp/vision_tranformer_baseline/src/components/dinov2_linear/scripts_linear/dinov2_daa_experiments/Dinov2_split_0_SGD_4e_4_to_2e_4/runs/checkpoints/checkpoint_Dinov2_split_0_SGD_4e_4_to_2e_4_epoch_40.pth
2024-04-28 18:40:12,937 - INFO - This file contains logs for: Dinov2_split_0_SGD_4e_4_to_2e_4
2024-04-28 18:40:12,937 - INFO - Epoch: 41 |Total training time: 0h:36m:35s | Train Loss: 0.2446 | Train Balanced Accuracy: 88.3028 %
2024-04-28 18:40:12,938 - INFO - Epoch: 41 |Total validation time:0h:3m:1s | Validation Loss: 0.1724 | Validation Balanced Accuracy: 90.6762 % 
2024-04-28 18:40:12,938 - INFO - Epoch: 41 |Total testing time: 0h:8m:33s | Test Loss: 0.2189 | Test Balanced Accuracy: 91.8897 %
2024-04-28 18:40:14,985 - INFO - Saved checkpoint at epoch 41: /home/sur06423/hiwi/vit_exp/vision_tranformer_baseline/src/components/dinov2_linear/scripts_linear/dinov2_daa_experiments/Dinov2_split_0_SGD_4e_4_to_2e_4/runs/checkpoints/checkpoint_Dinov2_split_0_SGD_4e_4_to_2e_4_epoch_41.pth
2024-04-28 19:07:53,804 - INFO - This file contains logs for: Dinov2_split_0_SGD_4e_4_to_2e_4
2024-04-28 19:07:53,805 - INFO - Epoch: 42 |Total training time: 0h:15m:47s | Train Loss: 0.2433 | Train Balanced Accuracy: 88.3061 %
2024-04-28 19:07:53,805 - INFO - Epoch: 42 |Total validation time:0h:4m:46s | Validation Loss: 0.1725 | Validation Balanced Accuracy: 90.4498 % 
2024-04-28 19:07:53,805 - INFO - Epoch: 42 |Total testing time: 0h:7m:5s | Test Loss: 0.2191 | Test Balanced Accuracy: 91.8265 %
2024-04-28 19:07:54,516 - INFO - Saved checkpoint at epoch 42: /home/sur06423/hiwi/vit_exp/vision_tranformer_baseline/src/components/dinov2_linear/scripts_linear/dinov2_daa_experiments/Dinov2_split_0_SGD_4e_4_to_2e_4/runs/checkpoints/checkpoint_Dinov2_split_0_SGD_4e_4_to_2e_4_epoch_42.pth
2024-04-28 19:37:33,376 - INFO - This file contains logs for: Dinov2_split_0_SGD_4e_4_to_2e_4
2024-04-28 19:37:33,379 - INFO - Epoch: 43 |Total training time: 0h:19m:58s | Train Loss: 0.2430 | Train Balanced Accuracy: 88.3635 %
2024-04-28 19:37:33,383 - INFO - Epoch: 43 |Total validation time:0h:3m:46s | Validation Loss: 0.1712 | Validation Balanced Accuracy: 90.7870 % 
2024-04-28 19:37:33,386 - INFO - Epoch: 43 |Total testing time: 0h:5m:53s | Test Loss: 0.2185 | Test Balanced Accuracy: 91.8817 %
2024-04-28 19:38:29,297 - INFO - Saved checkpoint at epoch 43: /home/sur06423/hiwi/vit_exp/vision_tranformer_baseline/src/components/dinov2_linear/scripts_linear/dinov2_daa_experiments/Dinov2_split_0_SGD_4e_4_to_2e_4/runs/checkpoints/checkpoint_Dinov2_split_0_SGD_4e_4_to_2e_4_epoch_43.pth
2024-04-28 20:05:43,111 - INFO - This file contains logs for: Dinov2_split_0_SGD_4e_4_to_2e_4
2024-04-28 20:05:43,111 - INFO - Epoch: 44 |Total training time: 0h:15m:35s | Train Loss: 0.2423 | Train Balanced Accuracy: 88.4747 %
2024-04-28 20:05:43,112 - INFO - Epoch: 44 |Total validation time:0h:4m:46s | Validation Loss: 0.1716 | Validation Balanced Accuracy: 90.6459 % 
2024-04-28 20:05:43,112 - INFO - Epoch: 44 |Total testing time: 0h:6m:52s | Test Loss: 0.2187 | Test Balanced Accuracy: 91.8873 %
2024-04-28 20:05:43,917 - INFO - Saved checkpoint at epoch 44: /home/sur06423/hiwi/vit_exp/vision_tranformer_baseline/src/components/dinov2_linear/scripts_linear/dinov2_daa_experiments/Dinov2_split_0_SGD_4e_4_to_2e_4/runs/checkpoints/checkpoint_Dinov2_split_0_SGD_4e_4_to_2e_4_epoch_44.pth
2024-04-28 20:29:24,612 - INFO - This file contains logs for: Dinov2_split_0_SGD_4e_4_to_2e_4
2024-04-28 20:29:24,613 - INFO - Epoch: 45 |Total training time: 0h:14m:3s | Train Loss: 0.2432 | Train Balanced Accuracy: 88.3307 %
2024-04-28 20:29:24,613 - INFO - Epoch: 45 |Total validation time:0h:4m:18s | Validation Loss: 0.1715 | Validation Balanced Accuracy: 90.2303 % 
2024-04-28 20:29:24,613 - INFO - Epoch: 45 |Total testing time: 0h:5m:19s | Test Loss: 0.2179 | Test Balanced Accuracy: 91.7985 %
2024-04-28 20:29:25,614 - INFO - Saved checkpoint at epoch 45: /home/sur06423/hiwi/vit_exp/vision_tranformer_baseline/src/components/dinov2_linear/scripts_linear/dinov2_daa_experiments/Dinov2_split_0_SGD_4e_4_to_2e_4/runs/checkpoints/checkpoint_Dinov2_split_0_SGD_4e_4_to_2e_4_epoch_45.pth
2024-04-28 20:57:58,264 - INFO - This file contains logs for: Dinov2_split_0_SGD_4e_4_to_2e_4
2024-04-28 20:57:58,265 - INFO - Epoch: 46 |Total training time: 0h:17m:39s | Train Loss: 0.2434 | Train Balanced Accuracy: 88.3430 %
2024-04-28 20:57:58,265 - INFO - Epoch: 46 |Total validation time:0h:4m:51s | Validation Loss: 0.1712 | Validation Balanced Accuracy: 90.4073 % 
2024-04-28 20:57:58,265 - INFO - Epoch: 46 |Total testing time: 0h:6m:1s | Test Loss: 0.2185 | Test Balanced Accuracy: 91.7937 %
2024-04-28 20:57:59,269 - INFO - Saved checkpoint at epoch 46: /home/sur06423/hiwi/vit_exp/vision_tranformer_baseline/src/components/dinov2_linear/scripts_linear/dinov2_daa_experiments/Dinov2_split_0_SGD_4e_4_to_2e_4/runs/checkpoints/checkpoint_Dinov2_split_0_SGD_4e_4_to_2e_4_epoch_46.pth
2024-04-28 21:26:04,922 - INFO - This file contains logs for: Dinov2_split_0_SGD_4e_4_to_2e_4
2024-04-28 21:26:04,923 - INFO - Epoch: 47 |Total training time: 0h:18m:51s | Train Loss: 0.2419 | Train Balanced Accuracy: 88.4160 %
2024-04-28 21:26:04,923 - INFO - Epoch: 47 |Total validation time:0h:2m:45s | Validation Loss: 0.1705 | Validation Balanced Accuracy: 90.9869 % 
2024-04-28 21:26:04,923 - INFO - Epoch: 47 |Total testing time: 0h:6m:28s | Test Loss: 0.2197 | Test Balanced Accuracy: 91.8338 %
2024-04-28 21:26:06,640 - INFO - Saved checkpoint at epoch 47: /home/sur06423/hiwi/vit_exp/vision_tranformer_baseline/src/components/dinov2_linear/scripts_linear/dinov2_daa_experiments/Dinov2_split_0_SGD_4e_4_to_2e_4/runs/checkpoints/checkpoint_Dinov2_split_0_SGD_4e_4_to_2e_4_epoch_47.pth
2024-04-28 21:53:29,723 - INFO - This file contains logs for: Dinov2_split_0_SGD_4e_4_to_2e_4
2024-04-28 21:53:29,725 - INFO - Epoch: 48 |Total training time: 0h:19m:6s | Train Loss: 0.2429 | Train Balanced Accuracy: 88.3933 %
2024-04-28 21:53:29,725 - INFO - Epoch: 48 |Total validation time:0h:3m:23s | Validation Loss: 0.1697 | Validation Balanced Accuracy: 91.1345 % 
2024-04-28 21:53:29,725 - INFO - Epoch: 48 |Total testing time: 0h:4m:52s | Test Loss: 0.2189 | Test Balanced Accuracy: 91.8533 %
2024-04-28 21:53:30,441 - INFO - Saved checkpoint at epoch 48: /home/sur06423/hiwi/vit_exp/vision_tranformer_baseline/src/components/dinov2_linear/scripts_linear/dinov2_daa_experiments/Dinov2_split_0_SGD_4e_4_to_2e_4/runs/checkpoints/checkpoint_Dinov2_split_0_SGD_4e_4_to_2e_4_epoch_48.pth
2024-04-28 22:19:27,636 - INFO - This file contains logs for: Dinov2_split_0_SGD_4e_4_to_2e_4
2024-04-28 22:19:27,637 - INFO - Epoch: 49 |Total training time: 0h:14m:48s | Train Loss: 0.2412 | Train Balanced Accuracy: 88.4800 %
2024-04-28 22:19:27,637 - INFO - Epoch: 49 |Total validation time:0h:4m:35s | Validation Loss: 0.1702 | Validation Balanced Accuracy: 90.3043 % 
2024-04-28 22:19:27,637 - INFO - Epoch: 49 |Total testing time: 0h:6m:33s | Test Loss: 0.2178 | Test Balanced Accuracy: 91.7827 %
2024-04-28 22:19:28,859 - INFO - Saved checkpoint at epoch 49: /home/sur06423/hiwi/vit_exp/vision_tranformer_baseline/src/components/dinov2_linear/scripts_linear/dinov2_daa_experiments/Dinov2_split_0_SGD_4e_4_to_2e_4/runs/checkpoints/checkpoint_Dinov2_split_0_SGD_4e_4_to_2e_4_epoch_49.pth
2024-04-28 23:19:09,340 - INFO - This file contains logs for: Dinov2_split_0_SGD_4e_4_to_2e_4
2024-04-28 23:19:09,341 - INFO - Epoch: 50 |Total training time: 0h:33m:8s | Train Loss: 0.2421 | Train Balanced Accuracy: 88.4649 %
2024-04-28 23:19:09,341 - INFO - Epoch: 50 |Total validation time:0h:8m:28s | Validation Loss: 0.1689 | Validation Balanced Accuracy: 91.1489 % 
2024-04-28 23:19:09,341 - INFO - Epoch: 50 |Total testing time: 0h:18m:3s | Test Loss: 0.2185 | Test Balanced Accuracy: 91.8649 %
2024-04-28 23:19:11,331 - INFO - Saved checkpoint at epoch 50: /home/sur06423/hiwi/vit_exp/vision_tranformer_baseline/src/components/dinov2_linear/scripts_linear/dinov2_daa_experiments/Dinov2_split_0_SGD_4e_4_to_2e_4/runs/checkpoints/checkpoint_Dinov2_split_0_SGD_4e_4_to_2e_4_epoch_50.pth
2024-04-29 00:50:46,501 - INFO - This file contains logs for: Dinov2_split_0_SGD_4e_4_to_2e_4
2024-04-29 00:50:46,502 - INFO - Epoch: 51 |Total training time: 0h:52m:41s | Train Loss: 0.2411 | Train Balanced Accuracy: 88.4852 %
2024-04-29 00:50:46,502 - INFO - Epoch: 51 |Total validation time:0h:16m:44s | Validation Loss: 0.1702 | Validation Balanced Accuracy: 90.7086 % 
2024-04-29 00:50:46,502 - INFO - Epoch: 51 |Total testing time: 0h:22m:9s | Test Loss: 0.2181 | Test Balanced Accuracy: 91.8640 %
2024-04-29 00:50:49,455 - INFO - Saved checkpoint at epoch 51: /home/sur06423/hiwi/vit_exp/vision_tranformer_baseline/src/components/dinov2_linear/scripts_linear/dinov2_daa_experiments/Dinov2_split_0_SGD_4e_4_to_2e_4/runs/checkpoints/checkpoint_Dinov2_split_0_SGD_4e_4_to_2e_4_epoch_51.pth
2024-04-29 10:47:24,917 - INFO - Resuming training from epoch 52
2024-04-29 12:10:40,015 - INFO - This file contains logs for: Dinov2_split_0_SGD_4e_4_to_2e_4
2024-04-29 12:10:40,016 - INFO - Epoch: 52 |Total training time: 0h:44m:32s | Train Loss: 0.2416 | Train Balanced Accuracy: 88.4310 %
2024-04-29 12:10:40,016 - INFO - Epoch: 52 |Total validation time:0h:16m:30s | Validation Loss: 0.1694 | Validation Balanced Accuracy: 90.8489 % 
2024-04-29 12:10:40,016 - INFO - Epoch: 52 |Total testing time: 0h:22m:12s | Test Loss: 0.2177 | Test Balanced Accuracy: 91.8800 %
2024-04-29 12:10:40,930 - INFO - Saved checkpoint at epoch 52: /home/sur06423/hiwi/vit_exp/vision_tranformer_baseline/src/components/dinov2_linear/scripts_linear/dinov2_daa_experiments/Dinov2_split_0_SGD_4e_4_to_2e_4/runs/checkpoints/checkpoint_Dinov2_split_0_SGD_4e_4_to_2e_4_epoch_52.pth
2024-04-29 12:32:31,329 - INFO - This file contains logs for: Dinov2_split_0_SGD_4e_4_to_2e_4
2024-04-29 12:32:31,329 - INFO - Epoch: 53 |Total training time: 0h:13m:38s | Train Loss: 0.2420 | Train Balanced Accuracy: 88.4398 %
2024-04-29 12:32:31,329 - INFO - Epoch: 53 |Total validation time:0h:2m:43s | Validation Loss: 0.1698 | Validation Balanced Accuracy: 90.3597 % 
2024-04-29 12:32:31,329 - INFO - Epoch: 53 |Total testing time: 0h:5m:28s | Test Loss: 0.2175 | Test Balanced Accuracy: 91.8044 %
2024-04-29 12:32:32,055 - INFO - Saved checkpoint at epoch 53: /home/sur06423/hiwi/vit_exp/vision_tranformer_baseline/src/components/dinov2_linear/scripts_linear/dinov2_daa_experiments/Dinov2_split_0_SGD_4e_4_to_2e_4/runs/checkpoints/checkpoint_Dinov2_split_0_SGD_4e_4_to_2e_4_epoch_53.pth
2024-04-29 12:59:15,057 - INFO - This file contains logs for: Dinov2_split_0_SGD_4e_4_to_2e_4
2024-04-29 12:59:15,057 - INFO - Epoch: 54 |Total training time: 0h:18m:17s | Train Loss: 0.2418 | Train Balanced Accuracy: 88.4566 %
2024-04-29 12:59:15,057 - INFO - Epoch: 54 |Total validation time:0h:4m:23s | Validation Loss: 0.1684 | Validation Balanced Accuracy: 91.4170 % 
2024-04-29 12:59:15,058 - INFO - Epoch: 54 |Total testing time: 0h:4m:1s | Test Loss: 0.2182 | Test Balanced Accuracy: 91.9631 %
2024-04-29 12:59:15,978 - INFO - Saved checkpoint at epoch 54: /home/sur06423/hiwi/vit_exp/vision_tranformer_baseline/src/components/dinov2_linear/scripts_linear/dinov2_daa_experiments/Dinov2_split_0_SGD_4e_4_to_2e_4/runs/checkpoints/checkpoint_Dinov2_split_0_SGD_4e_4_to_2e_4_epoch_54.pth
2024-04-29 13:20:38,195 - INFO - This file contains logs for: Dinov2_split_0_SGD_4e_4_to_2e_4
2024-04-29 13:20:38,195 - INFO - Epoch: 55 |Total training time: 0h:12m:32s | Train Loss: 0.2412 | Train Balanced Accuracy: 88.6020 %
2024-04-29 13:20:38,196 - INFO - Epoch: 55 |Total validation time:0h:3m:8s | Validation Loss: 0.1691 | Validation Balanced Accuracy: 90.8722 % 
2024-04-29 13:20:38,196 - INFO - Epoch: 55 |Total testing time: 0h:5m:40s | Test Loss: 0.2171 | Test Balanced Accuracy: 91.9165 %
2024-04-29 13:20:38,982 - INFO - Saved checkpoint at epoch 55: /home/sur06423/hiwi/vit_exp/vision_tranformer_baseline/src/components/dinov2_linear/scripts_linear/dinov2_daa_experiments/Dinov2_split_0_SGD_4e_4_to_2e_4/runs/checkpoints/checkpoint_Dinov2_split_0_SGD_4e_4_to_2e_4_epoch_55.pth
2024-04-29 13:38:14,281 - INFO - This file contains logs for: Dinov2_split_0_SGD_4e_4_to_2e_4
2024-04-29 13:38:14,282 - INFO - Epoch: 56 |Total training time: 0h:10m:45s | Train Loss: 0.2419 | Train Balanced Accuracy: 88.3750 %
2024-04-29 13:38:14,282 - INFO - Epoch: 56 |Total validation time:0h:2m:35s | Validation Loss: 0.1683 | Validation Balanced Accuracy: 91.7226 % 
2024-04-29 13:38:14,282 - INFO - Epoch: 56 |Total testing time: 0h:4m:14s | Test Loss: 0.2190 | Test Balanced Accuracy: 91.9757 %
2024-04-29 13:38:14,929 - INFO - Saved checkpoint at epoch 56: /home/sur06423/hiwi/vit_exp/vision_tranformer_baseline/src/components/dinov2_linear/scripts_linear/dinov2_daa_experiments/Dinov2_split_0_SGD_4e_4_to_2e_4/runs/checkpoints/checkpoint_Dinov2_split_0_SGD_4e_4_to_2e_4_epoch_56.pth
2024-04-29 13:54:33,669 - INFO - This file contains logs for: Dinov2_split_0_SGD_4e_4_to_2e_4
2024-04-29 13:54:33,669 - INFO - Epoch: 57 |Total training time: 0h:9m:58s | Train Loss: 0.2411 | Train Balanced Accuracy: 88.4776 %
2024-04-29 13:54:33,670 - INFO - Epoch: 57 |Total validation time:0h:2m:34s | Validation Loss: 0.1684 | Validation Balanced Accuracy: 91.5476 % 
2024-04-29 13:54:33,670 - INFO - Epoch: 57 |Total testing time: 0h:3m:45s | Test Loss: 0.2182 | Test Balanced Accuracy: 91.9820 %
2024-04-29 13:54:34,584 - INFO - Saved checkpoint at epoch 57: /home/sur06423/hiwi/vit_exp/vision_tranformer_baseline/src/components/dinov2_linear/scripts_linear/dinov2_daa_experiments/Dinov2_split_0_SGD_4e_4_to_2e_4/runs/checkpoints/checkpoint_Dinov2_split_0_SGD_4e_4_to_2e_4_epoch_57.pth
2024-04-29 14:10:44,848 - INFO - This file contains logs for: Dinov2_split_0_SGD_4e_4_to_2e_4
2024-04-29 14:10:44,849 - INFO - Epoch: 58 |Total training time: 0h:9m:55s | Train Loss: 0.2410 | Train Balanced Accuracy: 88.5207 %
2024-04-29 14:10:44,849 - INFO - Epoch: 58 |Total validation time:0h:2m:33s | Validation Loss: 0.1688 | Validation Balanced Accuracy: 91.2803 % 
2024-04-29 14:10:44,849 - INFO - Epoch: 58 |Total testing time: 0h:3m:40s | Test Loss: 0.2183 | Test Balanced Accuracy: 91.8954 %
2024-04-29 14:10:46,020 - INFO - Saved checkpoint at epoch 58: /home/sur06423/hiwi/vit_exp/vision_tranformer_baseline/src/components/dinov2_linear/scripts_linear/dinov2_daa_experiments/Dinov2_split_0_SGD_4e_4_to_2e_4/runs/checkpoints/checkpoint_Dinov2_split_0_SGD_4e_4_to_2e_4_epoch_58.pth
2024-04-29 14:26:53,736 - INFO - This file contains logs for: Dinov2_split_0_SGD_4e_4_to_2e_4
2024-04-29 14:26:53,737 - INFO - Epoch: 59 |Total training time: 0h:9m:54s | Train Loss: 0.2401 | Train Balanced Accuracy: 88.5373 %
2024-04-29 14:26:53,737 - INFO - Epoch: 59 |Total validation time:0h:2m:34s | Validation Loss: 0.1686 | Validation Balanced Accuracy: 90.5838 % 
2024-04-29 14:26:53,737 - INFO - Epoch: 59 |Total testing time: 0h:3m:38s | Test Loss: 0.2178 | Test Balanced Accuracy: 91.7868 %
2024-04-29 14:26:54,624 - INFO - Saved checkpoint at epoch 59: /home/sur06423/hiwi/vit_exp/vision_tranformer_baseline/src/components/dinov2_linear/scripts_linear/dinov2_daa_experiments/Dinov2_split_0_SGD_4e_4_to_2e_4/runs/checkpoints/checkpoint_Dinov2_split_0_SGD_4e_4_to_2e_4_epoch_59.pth
2024-04-29 14:43:15,436 - INFO - This file contains logs for: Dinov2_split_0_SGD_4e_4_to_2e_4
2024-04-29 14:43:15,437 - INFO - Epoch: 60 |Total training time: 0h:9m:54s | Train Loss: 0.2412 | Train Balanced Accuracy: 88.5167 %
2024-04-29 14:43:15,437 - INFO - Epoch: 60 |Total validation time:0h:2m:42s | Validation Loss: 0.1689 | Validation Balanced Accuracy: 90.8063 % 
2024-04-29 14:43:15,437 - INFO - Epoch: 60 |Total testing time: 0h:3m:43s | Test Loss: 0.2188 | Test Balanced Accuracy: 91.7921 %
2024-04-29 14:43:16,373 - INFO - Saved checkpoint at epoch 60: /home/sur06423/hiwi/vit_exp/vision_tranformer_baseline/src/components/dinov2_linear/scripts_linear/dinov2_daa_experiments/Dinov2_split_0_SGD_4e_4_to_2e_4/runs/checkpoints/checkpoint_Dinov2_split_0_SGD_4e_4_to_2e_4_epoch_60.pth
2024-04-29 14:59:44,109 - INFO - This file contains logs for: Dinov2_split_0_SGD_4e_4_to_2e_4
2024-04-29 14:59:44,110 - INFO - Epoch: 61 |Total training time: 0h:9m:54s | Train Loss: 0.2383 | Train Balanced Accuracy: 88.5320 %
2024-04-29 14:59:44,110 - INFO - Epoch: 61 |Total validation time:0h:2m:38s | Validation Loss: 0.1687 | Validation Balanced Accuracy: 90.8330 % 
2024-04-29 14:59:44,110 - INFO - Epoch: 61 |Total testing time: 0h:3m:54s | Test Loss: 0.2177 | Test Balanced Accuracy: 91.8223 %
2024-04-29 14:59:44,989 - INFO - Saved checkpoint at epoch 61: /home/sur06423/hiwi/vit_exp/vision_tranformer_baseline/src/components/dinov2_linear/scripts_linear/dinov2_daa_experiments/Dinov2_split_0_SGD_4e_4_to_2e_4/runs/checkpoints/checkpoint_Dinov2_split_0_SGD_4e_4_to_2e_4_epoch_61.pth
2024-04-29 15:16:57,916 - INFO - This file contains logs for: Dinov2_split_0_SGD_4e_4_to_2e_4
2024-04-29 15:16:57,917 - INFO - Epoch: 62 |Total training time: 0h:10m:15s | Train Loss: 0.2404 | Train Balanced Accuracy: 88.5789 %
2024-04-29 15:16:57,917 - INFO - Epoch: 62 |Total validation time:0h:2m:54s | Validation Loss: 0.1678 | Validation Balanced Accuracy: 91.4993 % 
2024-04-29 15:16:57,917 - INFO - Epoch: 62 |Total testing time: 0h:4m:2s | Test Loss: 0.2187 | Test Balanced Accuracy: 91.8970 %
2024-04-29 15:16:58,812 - INFO - Saved checkpoint at epoch 62: /home/sur06423/hiwi/vit_exp/vision_tranformer_baseline/src/components/dinov2_linear/scripts_linear/dinov2_daa_experiments/Dinov2_split_0_SGD_4e_4_to_2e_4/runs/checkpoints/checkpoint_Dinov2_split_0_SGD_4e_4_to_2e_4_epoch_62.pth
2024-04-29 15:33:53,219 - INFO - This file contains logs for: Dinov2_split_0_SGD_4e_4_to_2e_4
2024-04-29 15:33:53,219 - INFO - Epoch: 63 |Total training time: 0h:10m:15s | Train Loss: 0.2403 | Train Balanced Accuracy: 88.4200 %
2024-04-29 15:33:53,219 - INFO - Epoch: 63 |Total validation time:0h:2m:55s | Validation Loss: 0.1691 | Validation Balanced Accuracy: 90.2614 % 
2024-04-29 15:33:53,219 - INFO - Epoch: 63 |Total testing time: 0h:3m:43s | Test Loss: 0.2177 | Test Balanced Accuracy: 91.7300 %
2024-04-29 15:33:54,200 - INFO - Saved checkpoint at epoch 63: /home/sur06423/hiwi/vit_exp/vision_tranformer_baseline/src/components/dinov2_linear/scripts_linear/dinov2_daa_experiments/Dinov2_split_0_SGD_4e_4_to_2e_4/runs/checkpoints/checkpoint_Dinov2_split_0_SGD_4e_4_to_2e_4_epoch_63.pth
2024-04-29 15:50:49,906 - INFO - This file contains logs for: Dinov2_split_0_SGD_4e_4_to_2e_4
2024-04-29 15:50:49,907 - INFO - Epoch: 64 |Total training time: 0h:10m:9s | Train Loss: 0.2373 | Train Balanced Accuracy: 88.7620 %
2024-04-29 15:50:49,907 - INFO - Epoch: 64 |Total validation time:0h:2m:49s | Validation Loss: 0.1682 | Validation Balanced Accuracy: 91.0031 % 
2024-04-29 15:50:49,907 - INFO - Epoch: 64 |Total testing time: 0h:3m:56s | Test Loss: 0.2181 | Test Balanced Accuracy: 91.8560 %
2024-04-29 15:50:50,848 - INFO - Saved checkpoint at epoch 64: /home/sur06423/hiwi/vit_exp/vision_tranformer_baseline/src/components/dinov2_linear/scripts_linear/dinov2_daa_experiments/Dinov2_split_0_SGD_4e_4_to_2e_4/runs/checkpoints/checkpoint_Dinov2_split_0_SGD_4e_4_to_2e_4_epoch_64.pth
2024-04-29 16:07:51,414 - INFO - This file contains logs for: Dinov2_split_0_SGD_4e_4_to_2e_4
2024-04-29 16:07:51,415 - INFO - Epoch: 65 |Total training time: 0h:10m:12s | Train Loss: 0.2389 | Train Balanced Accuracy: 88.6638 %
2024-04-29 16:07:51,415 - INFO - Epoch: 65 |Total validation time:0h:2m:52s | Validation Loss: 0.1680 | Validation Balanced Accuracy: 90.8712 % 
2024-04-29 16:07:51,415 - INFO - Epoch: 65 |Total testing time: 0h:3m:56s | Test Loss: 0.2174 | Test Balanced Accuracy: 91.8903 %
2024-04-29 16:07:52,227 - INFO - Saved checkpoint at epoch 65: /home/sur06423/hiwi/vit_exp/vision_tranformer_baseline/src/components/dinov2_linear/scripts_linear/dinov2_daa_experiments/Dinov2_split_0_SGD_4e_4_to_2e_4/runs/checkpoints/checkpoint_Dinov2_split_0_SGD_4e_4_to_2e_4_epoch_65.pth
2024-04-29 16:24:42,496 - INFO - This file contains logs for: Dinov2_split_0_SGD_4e_4_to_2e_4
2024-04-29 16:24:42,497 - INFO - Epoch: 66 |Total training time: 0h:10m:9s | Train Loss: 0.2380 | Train Balanced Accuracy: 88.7243 %
2024-04-29 16:24:42,497 - INFO - Epoch: 66 |Total validation time:0h:2m:47s | Validation Loss: 0.1685 | Validation Balanced Accuracy: 90.5588 % 
2024-04-29 16:24:42,497 - INFO - Epoch: 66 |Total testing time: 0h:3m:52s | Test Loss: 0.2168 | Test Balanced Accuracy: 91.8525 %
2024-04-29 16:24:43,214 - INFO - Saved checkpoint at epoch 66: /home/sur06423/hiwi/vit_exp/vision_tranformer_baseline/src/components/dinov2_linear/scripts_linear/dinov2_daa_experiments/Dinov2_split_0_SGD_4e_4_to_2e_4/runs/checkpoints/checkpoint_Dinov2_split_0_SGD_4e_4_to_2e_4_epoch_66.pth
2024-04-29 16:41:42,274 - INFO - This file contains logs for: Dinov2_split_0_SGD_4e_4_to_2e_4
2024-04-29 16:41:42,275 - INFO - Epoch: 67 |Total training time: 0h:10m:2s | Train Loss: 0.2396 | Train Balanced Accuracy: 88.5909 %
2024-04-29 16:41:42,275 - INFO - Epoch: 67 |Total validation time:0h:2m:54s | Validation Loss: 0.1679 | Validation Balanced Accuracy: 91.0360 % 
2024-04-29 16:41:42,275 - INFO - Epoch: 67 |Total testing time: 0h:4m:1s | Test Loss: 0.2173 | Test Balanced Accuracy: 91.9402 %
2024-04-29 16:41:43,188 - INFO - Saved checkpoint at epoch 67: /home/sur06423/hiwi/vit_exp/vision_tranformer_baseline/src/components/dinov2_linear/scripts_linear/dinov2_daa_experiments/Dinov2_split_0_SGD_4e_4_to_2e_4/runs/checkpoints/checkpoint_Dinov2_split_0_SGD_4e_4_to_2e_4_epoch_67.pth
2024-04-29 16:59:04,985 - INFO - This file contains logs for: Dinov2_split_0_SGD_4e_4_to_2e_4
2024-04-29 16:59:04,985 - INFO - Epoch: 68 |Total training time: 0h:10m:23s | Train Loss: 0.2394 | Train Balanced Accuracy: 88.6296 %
2024-04-29 16:59:04,985 - INFO - Epoch: 68 |Total validation time:0h:2m:56s | Validation Loss: 0.1673 | Validation Balanced Accuracy: 91.8478 % 
2024-04-29 16:59:04,985 - INFO - Epoch: 68 |Total testing time: 0h:4m:1s | Test Loss: 0.2192 | Test Balanced Accuracy: 91.9821 %
2024-04-29 16:59:06,105 - INFO - Saved checkpoint at epoch 68: /home/sur06423/hiwi/vit_exp/vision_tranformer_baseline/src/components/dinov2_linear/scripts_linear/dinov2_daa_experiments/Dinov2_split_0_SGD_4e_4_to_2e_4/runs/checkpoints/checkpoint_Dinov2_split_0_SGD_4e_4_to_2e_4_epoch_68.pth
2024-04-29 17:16:20,326 - INFO - This file contains logs for: Dinov2_split_0_SGD_4e_4_to_2e_4
2024-04-29 17:16:20,326 - INFO - Epoch: 69 |Total training time: 0h:10m:17s | Train Loss: 0.2396 | Train Balanced Accuracy: 88.5559 %
2024-04-29 17:16:20,326 - INFO - Epoch: 69 |Total validation time:0h:2m:55s | Validation Loss: 0.1683 | Validation Balanced Accuracy: 90.2810 % 
2024-04-29 17:16:20,326 - INFO - Epoch: 69 |Total testing time: 0h:4m:1s | Test Loss: 0.2166 | Test Balanced Accuracy: 91.7526 %
2024-04-29 17:16:21,210 - INFO - Saved checkpoint at epoch 69: /home/sur06423/hiwi/vit_exp/vision_tranformer_baseline/src/components/dinov2_linear/scripts_linear/dinov2_daa_experiments/Dinov2_split_0_SGD_4e_4_to_2e_4/runs/checkpoints/checkpoint_Dinov2_split_0_SGD_4e_4_to_2e_4_epoch_69.pth
2024-04-29 17:32:55,671 - INFO - This file contains logs for: Dinov2_split_0_SGD_4e_4_to_2e_4
2024-04-29 17:32:55,671 - INFO - Epoch: 70 |Total training time: 0h:10m:20s | Train Loss: 0.2400 | Train Balanced Accuracy: 88.5924 %
2024-04-29 17:32:55,671 - INFO - Epoch: 70 |Total validation time:0h:2m:34s | Validation Loss: 0.1675 | Validation Balanced Accuracy: 91.7417 % 
2024-04-29 17:32:55,671 - INFO - Epoch: 70 |Total testing time: 0h:3m:38s | Test Loss: 0.2192 | Test Balanced Accuracy: 91.9916 %
2024-04-29 17:32:56,740 - INFO - Saved checkpoint at epoch 70: /home/sur06423/hiwi/vit_exp/vision_tranformer_baseline/src/components/dinov2_linear/scripts_linear/dinov2_daa_experiments/Dinov2_split_0_SGD_4e_4_to_2e_4/runs/checkpoints/checkpoint_Dinov2_split_0_SGD_4e_4_to_2e_4_epoch_70.pth
2024-04-29 17:49:09,089 - INFO - This file contains logs for: Dinov2_split_0_SGD_4e_4_to_2e_4
2024-04-29 17:49:09,089 - INFO - Epoch: 71 |Total training time: 0h:9m:56s | Train Loss: 0.2388 | Train Balanced Accuracy: 88.6577 %
2024-04-29 17:49:09,090 - INFO - Epoch: 71 |Total validation time:0h:2m:35s | Validation Loss: 0.1679 | Validation Balanced Accuracy: 90.3764 % 
2024-04-29 17:49:09,090 - INFO - Epoch: 71 |Total testing time: 0h:3m:40s | Test Loss: 0.2176 | Test Balanced Accuracy: 91.6803 %
2024-04-29 17:49:09,825 - INFO - Saved checkpoint at epoch 71: /home/sur06423/hiwi/vit_exp/vision_tranformer_baseline/src/components/dinov2_linear/scripts_linear/dinov2_daa_experiments/Dinov2_split_0_SGD_4e_4_to_2e_4/runs/checkpoints/checkpoint_Dinov2_split_0_SGD_4e_4_to_2e_4_epoch_71.pth
2024-04-29 18:05:24,794 - INFO - This file contains logs for: Dinov2_split_0_SGD_4e_4_to_2e_4
2024-04-29 18:05:24,794 - INFO - Epoch: 72 |Total training time: 0h:9m:53s | Train Loss: 0.2392 | Train Balanced Accuracy: 88.6498 %
2024-04-29 18:05:24,794 - INFO - Epoch: 72 |Total validation time:0h:2m:42s | Validation Loss: 0.1675 | Validation Balanced Accuracy: 90.6369 % 
2024-04-29 18:05:24,794 - INFO - Epoch: 72 |Total testing time: 0h:3m:38s | Test Loss: 0.2176 | Test Balanced Accuracy: 91.7414 %
2024-04-29 18:05:25,450 - INFO - Saved checkpoint at epoch 72: /home/sur06423/hiwi/vit_exp/vision_tranformer_baseline/src/components/dinov2_linear/scripts_linear/dinov2_daa_experiments/Dinov2_split_0_SGD_4e_4_to_2e_4/runs/checkpoints/checkpoint_Dinov2_split_0_SGD_4e_4_to_2e_4_epoch_72.pth
2024-04-29 18:21:32,600 - INFO - This file contains logs for: Dinov2_split_0_SGD_4e_4_to_2e_4
2024-04-29 18:21:32,600 - INFO - Epoch: 73 |Total training time: 0h:9m:54s | Train Loss: 0.2376 | Train Balanced Accuracy: 88.7015 %
2024-04-29 18:21:32,600 - INFO - Epoch: 73 |Total validation time:0h:2m:33s | Validation Loss: 0.1659 | Validation Balanced Accuracy: 91.7846 % 
2024-04-29 18:21:32,600 - INFO - Epoch: 73 |Total testing time: 0h:3m:39s | Test Loss: 0.2180 | Test Balanced Accuracy: 91.9172 %
2024-04-29 18:21:33,728 - INFO - Saved checkpoint at epoch 73: /home/sur06423/hiwi/vit_exp/vision_tranformer_baseline/src/components/dinov2_linear/scripts_linear/dinov2_daa_experiments/Dinov2_split_0_SGD_4e_4_to_2e_4/runs/checkpoints/checkpoint_Dinov2_split_0_SGD_4e_4_to_2e_4_epoch_73.pth
2024-04-29 18:37:51,105 - INFO - This file contains logs for: Dinov2_split_0_SGD_4e_4_to_2e_4
2024-04-29 18:37:51,105 - INFO - Epoch: 74 |Total training time: 0h:9m:56s | Train Loss: 0.2384 | Train Balanced Accuracy: 88.6480 %
2024-04-29 18:37:51,105 - INFO - Epoch: 74 |Total validation time:0h:2m:34s | Validation Loss: 0.1686 | Validation Balanced Accuracy: 90.0544 % 
2024-04-29 18:37:51,105 - INFO - Epoch: 74 |Total testing time: 0h:3m:46s | Test Loss: 0.2168 | Test Balanced Accuracy: 91.7179 %
2024-04-29 18:37:52,230 - INFO - Saved checkpoint at epoch 74: /home/sur06423/hiwi/vit_exp/vision_tranformer_baseline/src/components/dinov2_linear/scripts_linear/dinov2_daa_experiments/Dinov2_split_0_SGD_4e_4_to_2e_4/runs/checkpoints/checkpoint_Dinov2_split_0_SGD_4e_4_to_2e_4_epoch_74.pth
2024-04-29 18:54:14,049 - INFO - This file contains logs for: Dinov2_split_0_SGD_4e_4_to_2e_4
2024-04-29 18:54:14,049 - INFO - Epoch: 75 |Total training time: 0h:10m:4s | Train Loss: 0.2375 | Train Balanced Accuracy: 88.7999 %
2024-04-29 18:54:14,049 - INFO - Epoch: 75 |Total validation time:0h:2m:35s | Validation Loss: 0.1665 | Validation Balanced Accuracy: 91.7817 % 
2024-04-29 18:54:14,049 - INFO - Epoch: 75 |Total testing time: 0h:3m:42s | Test Loss: 0.2185 | Test Balanced Accuracy: 91.9398 %
2024-04-29 18:54:14,867 - INFO - Saved checkpoint at epoch 75: /home/sur06423/hiwi/vit_exp/vision_tranformer_baseline/src/components/dinov2_linear/scripts_linear/dinov2_daa_experiments/Dinov2_split_0_SGD_4e_4_to_2e_4/runs/checkpoints/checkpoint_Dinov2_split_0_SGD_4e_4_to_2e_4_epoch_75.pth
2024-04-29 19:10:29,865 - INFO - This file contains logs for: Dinov2_split_0_SGD_4e_4_to_2e_4
2024-04-29 19:10:29,866 - INFO - Epoch: 76 |Total training time: 0h:9m:58s | Train Loss: 0.2378 | Train Balanced Accuracy: 88.6476 %
2024-04-29 19:10:29,866 - INFO - Epoch: 76 |Total validation time:0h:2m:35s | Validation Loss: 0.1662 | Validation Balanced Accuracy: 91.2026 % 
2024-04-29 19:10:29,866 - INFO - Epoch: 76 |Total testing time: 0h:3m:40s | Test Loss: 0.2177 | Test Balanced Accuracy: 91.8268 %
2024-04-29 19:10:31,884 - INFO - Saved checkpoint at epoch 76: /home/sur06423/hiwi/vit_exp/vision_tranformer_baseline/src/components/dinov2_linear/scripts_linear/dinov2_daa_experiments/Dinov2_split_0_SGD_4e_4_to_2e_4/runs/checkpoints/checkpoint_Dinov2_split_0_SGD_4e_4_to_2e_4_epoch_76.pth
2024-04-29 19:26:48,695 - INFO - This file contains logs for: Dinov2_split_0_SGD_4e_4_to_2e_4
2024-04-29 19:26:48,696 - INFO - Epoch: 77 |Total training time: 0h:9m:58s | Train Loss: 0.2383 | Train Balanced Accuracy: 88.6848 %
2024-04-29 19:26:48,696 - INFO - Epoch: 77 |Total validation time:0h:2m:33s | Validation Loss: 0.1664 | Validation Balanced Accuracy: 91.4278 % 
2024-04-29 19:26:48,696 - INFO - Epoch: 77 |Total testing time: 0h:3m:44s | Test Loss: 0.2184 | Test Balanced Accuracy: 91.8856 %
2024-04-29 19:26:49,384 - INFO - Saved checkpoint at epoch 77: /home/sur06423/hiwi/vit_exp/vision_tranformer_baseline/src/components/dinov2_linear/scripts_linear/dinov2_daa_experiments/Dinov2_split_0_SGD_4e_4_to_2e_4/runs/checkpoints/checkpoint_Dinov2_split_0_SGD_4e_4_to_2e_4_epoch_77.pth
2024-04-29 19:43:11,084 - INFO - This file contains logs for: Dinov2_split_0_SGD_4e_4_to_2e_4
2024-04-29 19:43:11,085 - INFO - Epoch: 78 |Total training time: 0h:10m:0s | Train Loss: 0.2398 | Train Balanced Accuracy: 88.6025 %
2024-04-29 19:43:11,085 - INFO - Epoch: 78 |Total validation time:0h:2m:36s | Validation Loss: 0.1667 | Validation Balanced Accuracy: 90.7697 % 
2024-04-29 19:43:11,085 - INFO - Epoch: 78 |Total testing time: 0h:3m:44s | Test Loss: 0.2184 | Test Balanced Accuracy: 91.7338 %
2024-04-29 19:43:11,852 - INFO - Saved checkpoint at epoch 78: /home/sur06423/hiwi/vit_exp/vision_tranformer_baseline/src/components/dinov2_linear/scripts_linear/dinov2_daa_experiments/Dinov2_split_0_SGD_4e_4_to_2e_4/runs/checkpoints/checkpoint_Dinov2_split_0_SGD_4e_4_to_2e_4_epoch_78.pth
2024-04-29 19:59:30,145 - INFO - This file contains logs for: Dinov2_split_0_SGD_4e_4_to_2e_4
2024-04-29 19:59:30,145 - INFO - Epoch: 79 |Total training time: 0h:9m:56s | Train Loss: 0.2371 | Train Balanced Accuracy: 88.6699 %
2024-04-29 19:59:30,145 - INFO - Epoch: 79 |Total validation time:0h:2m:33s | Validation Loss: 0.1666 | Validation Balanced Accuracy: 90.8825 % 
2024-04-29 19:59:30,145 - INFO - Epoch: 79 |Total testing time: 0h:3m:47s | Test Loss: 0.2173 | Test Balanced Accuracy: 91.7819 %
2024-04-29 19:59:31,031 - INFO - Saved checkpoint at epoch 79: /home/sur06423/hiwi/vit_exp/vision_tranformer_baseline/src/components/dinov2_linear/scripts_linear/dinov2_daa_experiments/Dinov2_split_0_SGD_4e_4_to_2e_4/runs/checkpoints/checkpoint_Dinov2_split_0_SGD_4e_4_to_2e_4_epoch_79.pth
2024-04-29 20:15:47,374 - INFO - This file contains logs for: Dinov2_split_0_SGD_4e_4_to_2e_4
2024-04-29 20:15:47,375 - INFO - Epoch: 80 |Total training time: 0h:10m:0s | Train Loss: 0.2379 | Train Balanced Accuracy: 88.6868 %
2024-04-29 20:15:47,375 - INFO - Epoch: 80 |Total validation time:0h:2m:33s | Validation Loss: 0.1664 | Validation Balanced Accuracy: 90.8829 % 
2024-04-29 20:15:47,375 - INFO - Epoch: 80 |Total testing time: 0h:3m:42s | Test Loss: 0.2176 | Test Balanced Accuracy: 91.7541 %
2024-04-29 20:15:48,231 - INFO - Saved checkpoint at epoch 80: /home/sur06423/hiwi/vit_exp/vision_tranformer_baseline/src/components/dinov2_linear/scripts_linear/dinov2_daa_experiments/Dinov2_split_0_SGD_4e_4_to_2e_4/runs/checkpoints/checkpoint_Dinov2_split_0_SGD_4e_4_to_2e_4_epoch_80.pth
2024-04-29 20:32:05,903 - INFO - This file contains logs for: Dinov2_split_0_SGD_4e_4_to_2e_4
2024-04-29 20:32:05,904 - INFO - Epoch: 81 |Total training time: 0h:9m:59s | Train Loss: 0.2369 | Train Balanced Accuracy: 88.7149 %
2024-04-29 20:32:05,904 - INFO - Epoch: 81 |Total validation time:0h:2m:33s | Validation Loss: 0.1674 | Validation Balanced Accuracy: 90.3190 % 
2024-04-29 20:32:05,904 - INFO - Epoch: 81 |Total testing time: 0h:3m:44s | Test Loss: 0.2174 | Test Balanced Accuracy: 91.6974 %
2024-04-29 20:32:07,132 - INFO - Saved checkpoint at epoch 81: /home/sur06423/hiwi/vit_exp/vision_tranformer_baseline/src/components/dinov2_linear/scripts_linear/dinov2_daa_experiments/Dinov2_split_0_SGD_4e_4_to_2e_4/runs/checkpoints/checkpoint_Dinov2_split_0_SGD_4e_4_to_2e_4_epoch_81.pth
2024-04-29 20:48:25,017 - INFO - This file contains logs for: Dinov2_split_0_SGD_4e_4_to_2e_4
2024-04-29 20:48:25,017 - INFO - Epoch: 82 |Total training time: 0h:9m:59s | Train Loss: 0.2355 | Train Balanced Accuracy: 88.7727 %
2024-04-29 20:48:25,017 - INFO - Epoch: 82 |Total validation time:0h:2m:34s | Validation Loss: 0.1663 | Validation Balanced Accuracy: 91.2099 % 
2024-04-29 20:48:25,017 - INFO - Epoch: 82 |Total testing time: 0h:3m:43s | Test Loss: 0.2176 | Test Balanced Accuracy: 91.8783 %
2024-04-29 20:48:26,023 - INFO - Saved checkpoint at epoch 82: /home/sur06423/hiwi/vit_exp/vision_tranformer_baseline/src/components/dinov2_linear/scripts_linear/dinov2_daa_experiments/Dinov2_split_0_SGD_4e_4_to_2e_4/runs/checkpoints/checkpoint_Dinov2_split_0_SGD_4e_4_to_2e_4_epoch_82.pth
2024-04-29 21:04:41,859 - INFO - This file contains logs for: Dinov2_split_0_SGD_4e_4_to_2e_4
2024-04-29 21:04:41,860 - INFO - Epoch: 83 |Total training time: 0h:9m:56s | Train Loss: 0.2359 | Train Balanced Accuracy: 88.8149 %
2024-04-29 21:04:41,860 - INFO - Epoch: 83 |Total validation time:0h:2m:37s | Validation Loss: 0.1662 | Validation Balanced Accuracy: 91.4044 % 
2024-04-29 21:04:41,860 - INFO - Epoch: 83 |Total testing time: 0h:3m:42s | Test Loss: 0.2179 | Test Balanced Accuracy: 91.8773 %
2024-04-29 21:04:42,556 - INFO - Saved checkpoint at epoch 83: /home/sur06423/hiwi/vit_exp/vision_tranformer_baseline/src/components/dinov2_linear/scripts_linear/dinov2_daa_experiments/Dinov2_split_0_SGD_4e_4_to_2e_4/runs/checkpoints/checkpoint_Dinov2_split_0_SGD_4e_4_to_2e_4_epoch_83.pth
2024-04-29 21:21:03,096 - INFO - This file contains logs for: Dinov2_split_0_SGD_4e_4_to_2e_4
2024-04-29 21:21:03,097 - INFO - Epoch: 84 |Total training time: 0h:9m:57s | Train Loss: 0.2372 | Train Balanced Accuracy: 88.6638 %
2024-04-29 21:21:03,097 - INFO - Epoch: 84 |Total validation time:0h:2m:38s | Validation Loss: 0.1662 | Validation Balanced Accuracy: 91.7670 % 
2024-04-29 21:21:03,097 - INFO - Epoch: 84 |Total testing time: 0h:3m:44s | Test Loss: 0.2182 | Test Balanced Accuracy: 91.9709 %
2024-04-29 21:21:03,848 - INFO - Saved checkpoint at epoch 84: /home/sur06423/hiwi/vit_exp/vision_tranformer_baseline/src/components/dinov2_linear/scripts_linear/dinov2_daa_experiments/Dinov2_split_0_SGD_4e_4_to_2e_4/runs/checkpoints/checkpoint_Dinov2_split_0_SGD_4e_4_to_2e_4_epoch_84.pth
2024-04-29 21:37:21,059 - INFO - This file contains logs for: Dinov2_split_0_SGD_4e_4_to_2e_4
2024-04-29 21:37:21,060 - INFO - Epoch: 85 |Total training time: 0h:10m:3s | Train Loss: 0.2368 | Train Balanced Accuracy: 88.7221 %
2024-04-29 21:37:21,060 - INFO - Epoch: 85 |Total validation time:0h:2m:34s | Validation Loss: 0.1662 | Validation Balanced Accuracy: 91.4237 % 
2024-04-29 21:37:21,060 - INFO - Epoch: 85 |Total testing time: 0h:3m:39s | Test Loss: 0.2177 | Test Balanced Accuracy: 91.9043 %
2024-04-29 21:37:22,057 - INFO - Saved checkpoint at epoch 85: /home/sur06423/hiwi/vit_exp/vision_tranformer_baseline/src/components/dinov2_linear/scripts_linear/dinov2_daa_experiments/Dinov2_split_0_SGD_4e_4_to_2e_4/runs/checkpoints/checkpoint_Dinov2_split_0_SGD_4e_4_to_2e_4_epoch_85.pth
2024-04-29 21:53:36,958 - INFO - This file contains logs for: Dinov2_split_0_SGD_4e_4_to_2e_4
2024-04-29 21:53:36,959 - INFO - Epoch: 86 |Total training time: 0h:10m:0s | Train Loss: 0.2364 | Train Balanced Accuracy: 88.8301 %
2024-04-29 21:53:36,959 - INFO - Epoch: 86 |Total validation time:0h:2m:35s | Validation Loss: 0.1662 | Validation Balanced Accuracy: 91.1608 % 
2024-04-29 21:53:36,959 - INFO - Epoch: 86 |Total testing time: 0h:3m:39s | Test Loss: 0.2175 | Test Balanced Accuracy: 91.8316 %
2024-04-29 21:53:37,918 - INFO - Saved checkpoint at epoch 86: /home/sur06423/hiwi/vit_exp/vision_tranformer_baseline/src/components/dinov2_linear/scripts_linear/dinov2_daa_experiments/Dinov2_split_0_SGD_4e_4_to_2e_4/runs/checkpoints/checkpoint_Dinov2_split_0_SGD_4e_4_to_2e_4_epoch_86.pth
2024-04-29 22:09:43,055 - INFO - This file contains logs for: Dinov2_split_0_SGD_4e_4_to_2e_4
2024-04-29 22:09:43,056 - INFO - Epoch: 87 |Total training time: 0h:9m:57s | Train Loss: 0.2374 | Train Balanced Accuracy: 88.6846 %
2024-04-29 22:09:43,056 - INFO - Epoch: 87 |Total validation time:0h:2m:31s | Validation Loss: 0.1657 | Validation Balanced Accuracy: 90.9846 % 
2024-04-29 22:09:43,056 - INFO - Epoch: 87 |Total testing time: 0h:3m:36s | Test Loss: 0.2169 | Test Balanced Accuracy: 91.7836 %
2024-04-29 22:09:43,899 - INFO - Saved checkpoint at epoch 87: /home/sur06423/hiwi/vit_exp/vision_tranformer_baseline/src/components/dinov2_linear/scripts_linear/dinov2_daa_experiments/Dinov2_split_0_SGD_4e_4_to_2e_4/runs/checkpoints/checkpoint_Dinov2_split_0_SGD_4e_4_to_2e_4_epoch_87.pth
2024-04-29 22:25:44,877 - INFO - This file contains logs for: Dinov2_split_0_SGD_4e_4_to_2e_4
2024-04-29 22:25:44,878 - INFO - Epoch: 88 |Total training time: 0h:9m:52s | Train Loss: 0.2370 | Train Balanced Accuracy: 88.6488 %
2024-04-29 22:25:44,878 - INFO - Epoch: 88 |Total validation time:0h:2m:31s | Validation Loss: 0.1667 | Validation Balanced Accuracy: 90.6243 % 
2024-04-29 22:25:44,878 - INFO - Epoch: 88 |Total testing time: 0h:3m:36s | Test Loss: 0.2169 | Test Balanced Accuracy: 91.7292 %
2024-04-29 22:25:50,317 - INFO - Saved checkpoint at epoch 88: /home/sur06423/hiwi/vit_exp/vision_tranformer_baseline/src/components/dinov2_linear/scripts_linear/dinov2_daa_experiments/Dinov2_split_0_SGD_4e_4_to_2e_4/runs/checkpoints/checkpoint_Dinov2_split_0_SGD_4e_4_to_2e_4_epoch_88.pth
2024-04-29 22:41:48,352 - INFO - This file contains logs for: Dinov2_split_0_SGD_4e_4_to_2e_4
2024-04-29 22:41:48,352 - INFO - Epoch: 89 |Total training time: 0h:9m:48s | Train Loss: 0.2378 | Train Balanced Accuracy: 88.7268 %
2024-04-29 22:41:48,352 - INFO - Epoch: 89 |Total validation time:0h:2m:32s | Validation Loss: 0.1662 | Validation Balanced Accuracy: 90.9964 % 
2024-04-29 22:41:48,352 - INFO - Epoch: 89 |Total testing time: 0h:3m:37s | Test Loss: 0.2167 | Test Balanced Accuracy: 91.8388 %
2024-04-29 22:41:49,176 - INFO - Saved checkpoint at epoch 89: /home/sur06423/hiwi/vit_exp/vision_tranformer_baseline/src/components/dinov2_linear/scripts_linear/dinov2_daa_experiments/Dinov2_split_0_SGD_4e_4_to_2e_4/runs/checkpoints/checkpoint_Dinov2_split_0_SGD_4e_4_to_2e_4_epoch_89.pth
2024-04-29 22:57:52,320 - INFO - This file contains logs for: Dinov2_split_0_SGD_4e_4_to_2e_4
2024-04-29 22:57:52,320 - INFO - Epoch: 90 |Total training time: 0h:9m:54s | Train Loss: 0.2371 | Train Balanced Accuracy: 88.7975 %
2024-04-29 22:57:52,321 - INFO - Epoch: 90 |Total validation time:0h:2m:31s | Validation Loss: 0.1659 | Validation Balanced Accuracy: 91.1616 % 
2024-04-29 22:57:52,321 - INFO - Epoch: 90 |Total testing time: 0h:3m:37s | Test Loss: 0.2170 | Test Balanced Accuracy: 91.8614 %
2024-04-29 22:57:53,766 - INFO - Saved checkpoint at epoch 90: /home/sur06423/hiwi/vit_exp/vision_tranformer_baseline/src/components/dinov2_linear/scripts_linear/dinov2_daa_experiments/Dinov2_split_0_SGD_4e_4_to_2e_4/runs/checkpoints/checkpoint_Dinov2_split_0_SGD_4e_4_to_2e_4_epoch_90.pth
2024-04-29 23:13:53,395 - INFO - This file contains logs for: Dinov2_split_0_SGD_4e_4_to_2e_4
2024-04-29 23:13:53,396 - INFO - Epoch: 91 |Total training time: 0h:9m:51s | Train Loss: 0.2370 | Train Balanced Accuracy: 88.6531 %
2024-04-29 23:13:53,396 - INFO - Epoch: 91 |Total validation time:0h:2m:31s | Validation Loss: 0.1660 | Validation Balanced Accuracy: 91.0324 % 
2024-04-29 23:13:53,396 - INFO - Epoch: 91 |Total testing time: 0h:3m:36s | Test Loss: 0.2170 | Test Balanced Accuracy: 91.8393 %
2024-04-29 23:13:56,595 - INFO - Saved checkpoint at epoch 91: /home/sur06423/hiwi/vit_exp/vision_tranformer_baseline/src/components/dinov2_linear/scripts_linear/dinov2_daa_experiments/Dinov2_split_0_SGD_4e_4_to_2e_4/runs/checkpoints/checkpoint_Dinov2_split_0_SGD_4e_4_to_2e_4_epoch_91.pth
2024-04-29 23:29:58,510 - INFO - This file contains logs for: Dinov2_split_0_SGD_4e_4_to_2e_4
2024-04-29 23:29:58,511 - INFO - Epoch: 92 |Total training time: 0h:9m:53s | Train Loss: 0.2366 | Train Balanced Accuracy: 88.7884 %
2024-04-29 23:29:58,511 - INFO - Epoch: 92 |Total validation time:0h:2m:31s | Validation Loss: 0.1660 | Validation Balanced Accuracy: 90.8573 % 
2024-04-29 23:29:58,511 - INFO - Epoch: 92 |Total testing time: 0h:3m:36s | Test Loss: 0.2163 | Test Balanced Accuracy: 91.8296 %
2024-04-29 23:29:59,947 - INFO - Saved checkpoint at epoch 92: /home/sur06423/hiwi/vit_exp/vision_tranformer_baseline/src/components/dinov2_linear/scripts_linear/dinov2_daa_experiments/Dinov2_split_0_SGD_4e_4_to_2e_4/runs/checkpoints/checkpoint_Dinov2_split_0_SGD_4e_4_to_2e_4_epoch_92.pth
2024-04-29 23:46:02,998 - INFO - This file contains logs for: Dinov2_split_0_SGD_4e_4_to_2e_4
2024-04-29 23:46:02,998 - INFO - Epoch: 93 |Total training time: 0h:9m:51s | Train Loss: 0.2370 | Train Balanced Accuracy: 88.7571 %
2024-04-29 23:46:02,998 - INFO - Epoch: 93 |Total validation time:0h:2m:32s | Validation Loss: 0.1670 | Validation Balanced Accuracy: 90.2411 % 
2024-04-29 23:46:02,998 - INFO - Epoch: 93 |Total testing time: 0h:3m:39s | Test Loss: 0.2163 | Test Balanced Accuracy: 91.6634 %
2024-04-29 23:46:04,219 - INFO - Saved checkpoint at epoch 93: /home/sur06423/hiwi/vit_exp/vision_tranformer_baseline/src/components/dinov2_linear/scripts_linear/dinov2_daa_experiments/Dinov2_split_0_SGD_4e_4_to_2e_4/runs/checkpoints/checkpoint_Dinov2_split_0_SGD_4e_4_to_2e_4_epoch_93.pth
2024-04-30 00:02:26,915 - INFO - This file contains logs for: Dinov2_split_0_SGD_4e_4_to_2e_4
2024-04-30 00:02:26,915 - INFO - Epoch: 94 |Total training time: 0h:9m:53s | Train Loss: 0.2374 | Train Balanced Accuracy: 88.7222 %
2024-04-30 00:02:26,915 - INFO - Epoch: 94 |Total validation time:0h:2m:42s | Validation Loss: 0.1655 | Validation Balanced Accuracy: 91.0787 % 
2024-04-30 00:02:26,915 - INFO - Epoch: 94 |Total testing time: 0h:3m:47s | Test Loss: 0.2163 | Test Balanced Accuracy: 91.8529 %
2024-04-30 00:02:28,094 - INFO - Saved checkpoint at epoch 94: /home/sur06423/hiwi/vit_exp/vision_tranformer_baseline/src/components/dinov2_linear/scripts_linear/dinov2_daa_experiments/Dinov2_split_0_SGD_4e_4_to_2e_4/runs/checkpoints/checkpoint_Dinov2_split_0_SGD_4e_4_to_2e_4_epoch_94.pth
2024-04-30 00:18:40,277 - INFO - This file contains logs for: Dinov2_split_0_SGD_4e_4_to_2e_4
2024-04-30 00:18:40,277 - INFO - Epoch: 95 |Total training time: 0h:10m:3s | Train Loss: 0.2356 | Train Balanced Accuracy: 88.9347 %
2024-04-30 00:18:40,277 - INFO - Epoch: 95 |Total validation time:0h:2m:31s | Validation Loss: 0.1644 | Validation Balanced Accuracy: 91.6656 % 
2024-04-30 00:18:40,278 - INFO - Epoch: 95 |Total testing time: 0h:3m:37s | Test Loss: 0.2168 | Test Balanced Accuracy: 91.9688 %
2024-04-30 00:18:41,076 - INFO - Saved checkpoint at epoch 95: /home/sur06423/hiwi/vit_exp/vision_tranformer_baseline/src/components/dinov2_linear/scripts_linear/dinov2_daa_experiments/Dinov2_split_0_SGD_4e_4_to_2e_4/runs/checkpoints/checkpoint_Dinov2_split_0_SGD_4e_4_to_2e_4_epoch_95.pth
2024-04-30 00:34:47,643 - INFO - This file contains logs for: Dinov2_split_0_SGD_4e_4_to_2e_4
2024-04-30 00:34:47,646 - INFO - Epoch: 96 |Total training time: 0h:9m:54s | Train Loss: 0.2368 | Train Balanced Accuracy: 88.7771 %
2024-04-30 00:34:47,649 - INFO - Epoch: 96 |Total validation time:0h:2m:32s | Validation Loss: 0.1646 | Validation Balanced Accuracy: 91.5988 % 
2024-04-30 00:34:47,652 - INFO - Epoch: 96 |Total testing time: 0h:3m:39s | Test Loss: 0.2173 | Test Balanced Accuracy: 91.9452 %
2024-04-30 00:36:20,719 - INFO - Saved checkpoint at epoch 96: /home/sur06423/hiwi/vit_exp/vision_tranformer_baseline/src/components/dinov2_linear/scripts_linear/dinov2_daa_experiments/Dinov2_split_0_SGD_4e_4_to_2e_4/runs/checkpoints/checkpoint_Dinov2_split_0_SGD_4e_4_to_2e_4_epoch_96.pth
2024-04-30 00:53:06,217 - INFO - This file contains logs for: Dinov2_split_0_SGD_4e_4_to_2e_4
2024-04-30 00:53:06,218 - INFO - Epoch: 97 |Total training time: 0h:10m:9s | Train Loss: 0.2354 | Train Balanced Accuracy: 88.8689 %
2024-04-30 00:53:06,218 - INFO - Epoch: 97 |Total validation time:0h:2m:46s | Validation Loss: 0.1650 | Validation Balanced Accuracy: 91.3010 % 
2024-04-30 00:53:06,218 - INFO - Epoch: 97 |Total testing time: 0h:3m:49s | Test Loss: 0.2168 | Test Balanced Accuracy: 91.9040 %
2024-04-30 00:53:07,022 - INFO - Saved checkpoint at epoch 97: /home/sur06423/hiwi/vit_exp/vision_tranformer_baseline/src/components/dinov2_linear/scripts_linear/dinov2_daa_experiments/Dinov2_split_0_SGD_4e_4_to_2e_4/runs/checkpoints/checkpoint_Dinov2_split_0_SGD_4e_4_to_2e_4_epoch_97.pth
2024-04-30 01:09:59,836 - INFO - This file contains logs for: Dinov2_split_0_SGD_4e_4_to_2e_4
2024-04-30 01:09:59,836 - INFO - Epoch: 98 |Total training time: 0h:10m:16s | Train Loss: 0.2362 | Train Balanced Accuracy: 88.7163 %
2024-04-30 01:09:59,836 - INFO - Epoch: 98 |Total validation time:0h:2m:45s | Validation Loss: 0.1661 | Validation Balanced Accuracy: 90.3598 % 
2024-04-30 01:09:59,836 - INFO - Epoch: 98 |Total testing time: 0h:3m:50s | Test Loss: 0.2165 | Test Balanced Accuracy: 91.6590 %
2024-04-30 01:10:00,534 - INFO - Saved checkpoint at epoch 98: /home/sur06423/hiwi/vit_exp/vision_tranformer_baseline/src/components/dinov2_linear/scripts_linear/dinov2_daa_experiments/Dinov2_split_0_SGD_4e_4_to_2e_4/runs/checkpoints/checkpoint_Dinov2_split_0_SGD_4e_4_to_2e_4_epoch_98.pth
2024-04-30 01:26:55,364 - INFO - This file contains logs for: Dinov2_split_0_SGD_4e_4_to_2e_4
2024-04-30 01:26:55,365 - INFO - Epoch: 99 |Total training time: 0h:10m:16s | Train Loss: 0.2357 | Train Balanced Accuracy: 88.8393 %
2024-04-30 01:26:55,365 - INFO - Epoch: 99 |Total validation time:0h:2m:46s | Validation Loss: 0.1645 | Validation Balanced Accuracy: 91.4113 % 
2024-04-30 01:26:55,365 - INFO - Epoch: 99 |Total testing time: 0h:3m:52s | Test Loss: 0.2172 | Test Balanced Accuracy: 91.8716 %
2024-04-30 01:26:56,184 - INFO - Saved checkpoint at epoch 99: /home/sur06423/hiwi/vit_exp/vision_tranformer_baseline/src/components/dinov2_linear/scripts_linear/dinov2_daa_experiments/Dinov2_split_0_SGD_4e_4_to_2e_4/runs/checkpoints/checkpoint_Dinov2_split_0_SGD_4e_4_to_2e_4_epoch_99.pth
2024-04-30 01:26:56,186 - INFO - Total training, validation and testing time: 14h:39m:31s.
