2024-04-13 03:11:00,920 - INFO - This file contains logs for: DD_GS_A_Adam_Cos_LR_0_06
2024-04-13 03:11:00,920 - INFO - Epoch: 0 |Total training time: 0h:6m:39s | Train Loss: 3.0686 | Train Balanced Accuracy: 69.8518 %
2024-04-13 03:11:00,920 - INFO - Epoch: 0 |Total validation time:0h:1m:7s | Validation Loss: 1.3361 | Validation Balanced Accuracy: 51.4101 % 
2024-04-13 03:11:00,920 - INFO - Epoch: 0 |Total testing time: 0h:2m:8s | Test Loss: 1.5141 | Test Balanced Accuracy: 60.7679 %
2024-04-13 03:14:37,952 - INFO - This file contains logs for: DD_GS_A_Adam_Cos_LR_0_06
2024-04-13 03:14:37,953 - INFO - Epoch: 1 |Total training time: 0h:1m:54s | Train Loss: 0.2876 | Train Balanced Accuracy: 90.7087 %
2024-04-13 03:14:37,953 - INFO - Epoch: 1 |Total validation time:0h:0m:47s | Validation Loss: 0.3287 | Validation Balanced Accuracy: 86.8387 % 
2024-04-13 03:14:37,953 - INFO - Epoch: 1 |Total testing time: 0h:0m:55s | Test Loss: 0.6695 | Test Balanced Accuracy: 81.9368 %
2024-04-13 03:18:02,218 - INFO - This file contains logs for: DD_GS_A_Adam_Cos_LR_0_06
2024-04-13 03:18:02,218 - INFO - Epoch: 2 |Total training time: 0h:1m:45s | Train Loss: 0.1530 | Train Balanced Accuracy: 94.4275 %
2024-04-13 03:18:02,219 - INFO - Epoch: 2 |Total validation time:0h:0m:43s | Validation Loss: 0.7749 | Validation Balanced Accuracy: 59.7248 % 
2024-04-13 03:18:02,219 - INFO - Epoch: 2 |Total testing time: 0h:0m:55s | Test Loss: 0.7053 | Test Balanced Accuracy: 73.5507 %
2024-04-13 03:21:37,894 - INFO - This file contains logs for: DD_GS_A_Adam_Cos_LR_0_06
2024-04-13 03:21:37,895 - INFO - Epoch: 3 |Total training time: 0h:1m:49s | Train Loss: 0.1255 | Train Balanced Accuracy: 95.0114 %
2024-04-13 03:21:37,895 - INFO - Epoch: 3 |Total validation time:0h:0m:45s | Validation Loss: 0.3611 | Validation Balanced Accuracy: 84.4918 % 
2024-04-13 03:21:37,895 - INFO - Epoch: 3 |Total testing time: 0h:1m:0s | Test Loss: 0.5325 | Test Balanced Accuracy: 83.5199 %
2024-04-13 03:26:40,995 - INFO - This file contains logs for: DD_GS_A_Adam_Cos_LR_0_06
2024-04-13 03:26:40,995 - INFO - Epoch: 4 |Total training time: 0h:2m:49s | Train Loss: 0.0989 | Train Balanced Accuracy: 96.2331 %
2024-04-13 03:26:40,995 - INFO - Epoch: 4 |Total validation time:0h:1m:5s | Validation Loss: 0.3782 | Validation Balanced Accuracy: 81.6787 % 
2024-04-13 03:26:40,995 - INFO - Epoch: 4 |Total testing time: 0h:1m:7s | Test Loss: 0.5527 | Test Balanced Accuracy: 82.3535 %
2024-04-13 03:31:06,511 - INFO - This file contains logs for: DD_GS_A_Adam_Cos_LR_0_06
2024-04-13 03:31:06,511 - INFO - Epoch: 5 |Total training time: 0h:2m:8s | Train Loss: 0.0905 | Train Balanced Accuracy: 96.6155 %
2024-04-13 03:31:06,511 - INFO - Epoch: 5 |Total validation time:0h:1m:9s | Validation Loss: 0.3647 | Validation Balanced Accuracy: 81.8948 % 
2024-04-13 03:31:06,511 - INFO - Epoch: 5 |Total testing time: 0h:1m:7s | Test Loss: 0.5638 | Test Balanced Accuracy: 82.4679 %
2024-04-13 03:35:16,926 - INFO - This file contains logs for: DD_GS_A_Adam_Cos_LR_0_06
2024-04-13 03:35:16,927 - INFO - Epoch: 6 |Total training time: 0h:1m:57s | Train Loss: 0.0832 | Train Balanced Accuracy: 97.0183 %
2024-04-13 03:35:16,927 - INFO - Epoch: 6 |Total validation time:0h:1m:4s | Validation Loss: 0.4172 | Validation Balanced Accuracy: 78.5904 % 
2024-04-13 03:35:16,927 - INFO - Epoch: 6 |Total testing time: 0h:1m:8s | Test Loss: 0.5796 | Test Balanced Accuracy: 79.3414 %
2024-04-13 03:39:15,174 - INFO - This file contains logs for: DD_GS_A_Adam_Cos_LR_0_06
2024-04-13 03:39:15,175 - INFO - Epoch: 7 |Total training time: 0h:2m:5s | Train Loss: 0.0799 | Train Balanced Accuracy: 97.2131 %
2024-04-13 03:39:15,175 - INFO - Epoch: 7 |Total validation time:0h:0m:51s | Validation Loss: 0.4438 | Validation Balanced Accuracy: 77.3798 % 
2024-04-13 03:39:15,175 - INFO - Epoch: 7 |Total testing time: 0h:1m:1s | Test Loss: 0.5416 | Test Balanced Accuracy: 80.4192 %
2024-04-13 03:43:00,292 - INFO - This file contains logs for: DD_GS_A_Adam_Cos_LR_0_06
2024-04-13 03:43:00,293 - INFO - Epoch: 8 |Total training time: 0h:1m:52s | Train Loss: 0.0787 | Train Balanced Accuracy: 97.0982 %
2024-04-13 03:43:00,293 - INFO - Epoch: 8 |Total validation time:0h:0m:53s | Validation Loss: 0.3621 | Validation Balanced Accuracy: 82.2848 % 
2024-04-13 03:43:00,293 - INFO - Epoch: 8 |Total testing time: 0h:0m:59s | Test Loss: 0.5541 | Test Balanced Accuracy: 82.2986 %
2024-04-13 03:47:28,549 - INFO - This file contains logs for: DD_GS_A_Adam_Cos_LR_0_06
2024-04-13 03:47:28,549 - INFO - Epoch: 9 |Total training time: 0h:2m:7s | Train Loss: 0.0769 | Train Balanced Accuracy: 97.4167 %
2024-04-13 03:47:28,549 - INFO - Epoch: 9 |Total validation time:0h:0m:59s | Validation Loss: 0.3701 | Validation Balanced Accuracy: 80.7898 % 
2024-04-13 03:47:28,550 - INFO - Epoch: 9 |Total testing time: 0h:1m:20s | Test Loss: 0.5475 | Test Balanced Accuracy: 81.1282 %
2024-04-13 03:51:34,896 - INFO - This file contains logs for: DD_GS_A_Adam_Cos_LR_0_06
2024-04-13 03:51:34,896 - INFO - Epoch: 10 |Total training time: 0h:1m:59s | Train Loss: 0.0753 | Train Balanced Accuracy: 97.5131 %
2024-04-13 03:51:34,896 - INFO - Epoch: 10 |Total validation time:0h:0m:50s | Validation Loss: 0.3702 | Validation Balanced Accuracy: 80.7492 % 
2024-04-13 03:51:34,897 - INFO - Epoch: 10 |Total testing time: 0h:1m:16s | Test Loss: 0.5475 | Test Balanced Accuracy: 81.1282 %
2024-04-13 03:55:33,869 - INFO - This file contains logs for: DD_GS_A_Adam_Cos_LR_0_06
2024-04-13 03:55:33,870 - INFO - Epoch: 11 |Total training time: 0h:1m:57s | Train Loss: 0.0757 | Train Balanced Accuracy: 97.3928 %
2024-04-13 03:55:33,870 - INFO - Epoch: 11 |Total validation time:0h:0m:57s | Validation Loss: 0.3834 | Validation Balanced Accuracy: 79.9946 % 
2024-04-13 03:55:33,870 - INFO - Epoch: 11 |Total testing time: 0h:1m:3s | Test Loss: 0.5495 | Test Balanced Accuracy: 80.6887 %
2024-04-13 03:59:31,736 - INFO - This file contains logs for: DD_GS_A_Adam_Cos_LR_0_06
2024-04-13 03:59:31,736 - INFO - Epoch: 12 |Total training time: 0h:2m:1s | Train Loss: 0.0758 | Train Balanced Accuracy: 97.4500 %
2024-04-13 03:59:31,737 - INFO - Epoch: 12 |Total validation time:0h:0m:55s | Validation Loss: 0.3637 | Validation Balanced Accuracy: 81.2731 % 
2024-04-13 03:59:31,737 - INFO - Epoch: 12 |Total testing time: 0h:1m:1s | Test Loss: 0.5510 | Test Balanced Accuracy: 81.3021 %
2024-04-13 04:03:47,990 - INFO - This file contains logs for: DD_GS_A_Adam_Cos_LR_0_06
2024-04-13 04:03:47,990 - INFO - Epoch: 13 |Total training time: 0h:2m:6s | Train Loss: 0.0767 | Train Balanced Accuracy: 97.4061 %
2024-04-13 04:03:47,991 - INFO - Epoch: 13 |Total validation time:0h:0m:54s | Validation Loss: 0.3739 | Validation Balanced Accuracy: 80.3924 % 
2024-04-13 04:03:47,991 - INFO - Epoch: 13 |Total testing time: 0h:1m:15s | Test Loss: 0.5758 | Test Balanced Accuracy: 80.3971 %
2024-04-13 04:07:58,033 - INFO - This file contains logs for: DD_GS_A_Adam_Cos_LR_0_06
2024-04-13 04:07:58,033 - INFO - Epoch: 14 |Total training time: 0h:1m:59s | Train Loss: 0.0787 | Train Balanced Accuracy: 97.2478 %
2024-04-13 04:07:58,033 - INFO - Epoch: 14 |Total validation time:0h:0m:52s | Validation Loss: 0.4081 | Validation Balanced Accuracy: 78.2122 % 
2024-04-13 04:07:58,034 - INFO - Epoch: 14 |Total testing time: 0h:1m:18s | Test Loss: 0.5407 | Test Balanced Accuracy: 80.2032 %
2024-04-13 04:11:53,537 - INFO - This file contains logs for: DD_GS_A_Adam_Cos_LR_0_06
2024-04-13 04:11:53,537 - INFO - Epoch: 15 |Total training time: 0h:1m:53s | Train Loss: 0.0819 | Train Balanced Accuracy: 97.0378 %
2024-04-13 04:11:53,537 - INFO - Epoch: 15 |Total validation time:0h:0m:53s | Validation Loss: 0.4633 | Validation Balanced Accuracy: 75.6450 % 
2024-04-13 04:11:53,537 - INFO - Epoch: 15 |Total testing time: 0h:1m:7s | Test Loss: 0.6328 | Test Balanced Accuracy: 77.0679 %
2024-04-13 04:15:44,839 - INFO - This file contains logs for: DD_GS_A_Adam_Cos_LR_0_06
2024-04-13 04:15:44,840 - INFO - Epoch: 16 |Total training time: 0h:1m:59s | Train Loss: 0.1058 | Train Balanced Accuracy: 95.7039 %
2024-04-13 04:15:44,840 - INFO - Epoch: 16 |Total validation time:0h:0m:55s | Validation Loss: 0.3861 | Validation Balanced Accuracy: 78.9910 % 
2024-04-13 04:15:44,840 - INFO - Epoch: 16 |Total testing time: 0h:0m:56s | Test Loss: 0.5544 | Test Balanced Accuracy: 80.5804 %
2024-04-13 04:19:35,256 - INFO - This file contains logs for: DD_GS_A_Adam_Cos_LR_0_06
2024-04-13 04:19:35,256 - INFO - Epoch: 17 |Total training time: 0h:1m:56s | Train Loss: 0.0943 | Train Balanced Accuracy: 96.3112 %
2024-04-13 04:19:35,256 - INFO - Epoch: 17 |Total validation time:0h:0m:54s | Validation Loss: 0.7468 | Validation Balanced Accuracy: 62.1683 % 
2024-04-13 04:19:35,256 - INFO - Epoch: 17 |Total testing time: 0h:1m:0s | Test Loss: 0.8272 | Test Balanced Accuracy: 71.0549 %
2024-04-13 04:23:16,828 - INFO - This file contains logs for: DD_GS_A_Adam_Cos_LR_0_06
2024-04-13 04:23:16,829 - INFO - Epoch: 18 |Total training time: 0h:1m:50s | Train Loss: 0.1102 | Train Balanced Accuracy: 95.4558 %
2024-04-13 04:23:16,829 - INFO - Epoch: 18 |Total validation time:0h:0m:51s | Validation Loss: 0.5672 | Validation Balanced Accuracy: 85.4327 % 
2024-04-13 04:23:16,829 - INFO - Epoch: 18 |Total testing time: 0h:0m:59s | Test Loss: 0.8542 | Test Balanced Accuracy: 81.7747 %
2024-04-13 04:27:07,990 - INFO - This file contains logs for: DD_GS_A_Adam_Cos_LR_0_06
2024-04-13 04:27:07,991 - INFO - Epoch: 19 |Total training time: 0h:1m:57s | Train Loss: 0.4819 | Train Balanced Accuracy: 85.3956 %
2024-04-13 04:27:07,991 - INFO - Epoch: 19 |Total validation time:0h:0m:49s | Validation Loss: 1.2911 | Validation Balanced Accuracy: 53.9087 % 
2024-04-13 04:27:07,991 - INFO - Epoch: 19 |Total testing time: 0h:1m:3s | Test Loss: 1.2958 | Test Balanced Accuracy: 67.1250 %
2024-04-13 04:30:46,007 - INFO - This file contains logs for: DD_GS_A_Adam_Cos_LR_0_06
2024-04-13 04:30:46,008 - INFO - Epoch: 20 |Total training time: 0h:1m:51s | Train Loss: 0.4234 | Train Balanced Accuracy: 88.2595 %
2024-04-13 04:30:46,008 - INFO - Epoch: 20 |Total validation time:0h:0m:48s | Validation Loss: 0.5473 | Validation Balanced Accuracy: 85.4958 % 
2024-04-13 04:30:46,008 - INFO - Epoch: 20 |Total testing time: 0h:0m:58s | Test Loss: 0.7987 | Test Balanced Accuracy: 84.0309 %
2024-04-13 04:34:31,520 - INFO - This file contains logs for: DD_GS_A_Adam_Cos_LR_0_06
2024-04-13 04:34:31,521 - INFO - Epoch: 21 |Total training time: 0h:1m:50s | Train Loss: 0.1227 | Train Balanced Accuracy: 96.4478 %
2024-04-13 04:34:31,521 - INFO - Epoch: 21 |Total validation time:0h:0m:50s | Validation Loss: 0.6124 | Validation Balanced Accuracy: 79.2597 % 
2024-04-13 04:34:31,521 - INFO - Epoch: 21 |Total testing time: 0h:1m:4s | Test Loss: 0.8359 | Test Balanced Accuracy: 82.5059 %
2024-04-13 04:38:19,696 - INFO - This file contains logs for: DD_GS_A_Adam_Cos_LR_0_06
2024-04-13 04:38:19,696 - INFO - Epoch: 22 |Total training time: 0h:1m:56s | Train Loss: 0.0882 | Train Balanced Accuracy: 96.8995 %
2024-04-13 04:38:19,696 - INFO - Epoch: 22 |Total validation time:0h:0m:48s | Validation Loss: 0.5705 | Validation Balanced Accuracy: 79.9210 % 
2024-04-13 04:38:19,696 - INFO - Epoch: 22 |Total testing time: 0h:1m:2s | Test Loss: 0.7810 | Test Balanced Accuracy: 80.5947 %
2024-04-13 04:41:56,764 - INFO - This file contains logs for: DD_GS_A_Adam_Cos_LR_0_06
2024-04-13 04:41:56,765 - INFO - Epoch: 23 |Total training time: 0h:1m:50s | Train Loss: 0.0758 | Train Balanced Accuracy: 97.3685 %
2024-04-13 04:41:56,765 - INFO - Epoch: 23 |Total validation time:0h:0m:49s | Validation Loss: 0.5688 | Validation Balanced Accuracy: 77.2109 % 
2024-04-13 04:41:56,765 - INFO - Epoch: 23 |Total testing time: 0h:0m:57s | Test Loss: 0.7820 | Test Balanced Accuracy: 79.8022 %
2024-04-13 04:45:35,721 - INFO - This file contains logs for: DD_GS_A_Adam_Cos_LR_0_06
2024-04-13 04:45:35,722 - INFO - Epoch: 24 |Total training time: 0h:1m:51s | Train Loss: 0.0702 | Train Balanced Accuracy: 97.4562 %
2024-04-13 04:45:35,722 - INFO - Epoch: 24 |Total validation time:0h:0m:49s | Validation Loss: 0.5634 | Validation Balanced Accuracy: 75.7240 % 
2024-04-13 04:45:35,722 - INFO - Epoch: 24 |Total testing time: 0h:0m:58s | Test Loss: 0.8036 | Test Balanced Accuracy: 79.1608 %
2024-04-13 04:45:36,816 - INFO - Saved checkpoint at epoch 24: /home/sur06423/hiwi/vit_exp/vision_tranformer_baseline/src/components/distraction_detection_d_a/grid_search_ddp/experiments_grid_search/DD_GS_A_Adam_Cos_LR_0_06/runs/checkpoints/checkpoint_DD_GS_A_Adam_Cos_LR_0_06_epoch_24.pth
2024-04-13 04:49:15,344 - INFO - This file contains logs for: DD_GS_A_Adam_Cos_LR_0_06
2024-04-13 04:49:15,345 - INFO - Epoch: 25 |Total training time: 0h:1m:50s | Train Loss: 0.0702 | Train Balanced Accuracy: 97.4917 %
2024-04-13 04:49:15,345 - INFO - Epoch: 25 |Total validation time:0h:0m:49s | Validation Loss: 0.4855 | Validation Balanced Accuracy: 79.7042 % 
2024-04-13 04:49:15,345 - INFO - Epoch: 25 |Total testing time: 0h:0m:57s | Test Loss: 0.8171 | Test Balanced Accuracy: 78.9784 %
2024-04-13 04:52:52,873 - INFO - This file contains logs for: DD_GS_A_Adam_Cos_LR_0_06
2024-04-13 04:52:52,874 - INFO - Epoch: 26 |Total training time: 0h:1m:50s | Train Loss: 0.0628 | Train Balanced Accuracy: 97.8209 %
2024-04-13 04:52:52,874 - INFO - Epoch: 26 |Total validation time:0h:0m:49s | Validation Loss: 0.4843 | Validation Balanced Accuracy: 79.3351 % 
2024-04-13 04:52:52,874 - INFO - Epoch: 26 |Total testing time: 0h:0m:57s | Test Loss: 0.7826 | Test Balanced Accuracy: 80.7783 %
2024-04-13 04:56:33,057 - INFO - This file contains logs for: DD_GS_A_Adam_Cos_LR_0_06
2024-04-13 04:56:33,058 - INFO - Epoch: 27 |Total training time: 0h:1m:50s | Train Loss: 0.0636 | Train Balanced Accuracy: 97.7312 %
2024-04-13 04:56:33,058 - INFO - Epoch: 27 |Total validation time:0h:0m:49s | Validation Loss: 0.4913 | Validation Balanced Accuracy: 79.5815 % 
2024-04-13 04:56:33,058 - INFO - Epoch: 27 |Total testing time: 0h:1m:0s | Test Loss: 0.7512 | Test Balanced Accuracy: 80.4567 %
2024-04-13 05:00:12,449 - INFO - This file contains logs for: DD_GS_A_Adam_Cos_LR_0_06
2024-04-13 05:00:12,450 - INFO - Epoch: 28 |Total training time: 0h:1m:51s | Train Loss: 0.0616 | Train Balanced Accuracy: 97.9265 %
2024-04-13 05:00:12,450 - INFO - Epoch: 28 |Total validation time:0h:0m:49s | Validation Loss: 0.5445 | Validation Balanced Accuracy: 75.6584 % 
2024-04-13 05:00:12,450 - INFO - Epoch: 28 |Total testing time: 0h:0m:58s | Test Loss: 0.7669 | Test Balanced Accuracy: 79.1564 %
2024-04-13 05:03:50,671 - INFO - This file contains logs for: DD_GS_A_Adam_Cos_LR_0_06
2024-04-13 05:03:50,671 - INFO - Epoch: 29 |Total training time: 0h:1m:50s | Train Loss: 0.0590 | Train Balanced Accuracy: 98.0224 %
2024-04-13 05:03:50,672 - INFO - Epoch: 29 |Total validation time:0h:0m:49s | Validation Loss: 0.5150 | Validation Balanced Accuracy: 77.3405 % 
2024-04-13 05:03:50,672 - INFO - Epoch: 29 |Total testing time: 0h:0m:57s | Test Loss: 0.7568 | Test Balanced Accuracy: 79.5652 %
2024-04-13 05:07:29,680 - INFO - This file contains logs for: DD_GS_A_Adam_Cos_LR_0_06
2024-04-13 05:07:29,680 - INFO - Epoch: 30 |Total training time: 0h:1m:51s | Train Loss: 0.0581 | Train Balanced Accuracy: 98.1211 %
2024-04-13 05:07:29,680 - INFO - Epoch: 30 |Total validation time:0h:0m:49s | Validation Loss: 0.5150 | Validation Balanced Accuracy: 77.3405 % 
2024-04-13 05:07:29,680 - INFO - Epoch: 30 |Total testing time: 0h:0m:58s | Test Loss: 0.7568 | Test Balanced Accuracy: 79.5652 %
2024-04-13 05:11:08,641 - INFO - This file contains logs for: DD_GS_A_Adam_Cos_LR_0_06
2024-04-13 05:11:08,641 - INFO - Epoch: 31 |Total training time: 0h:1m:51s | Train Loss: 0.0584 | Train Balanced Accuracy: 98.0885 %
2024-04-13 05:11:08,642 - INFO - Epoch: 31 |Total validation time:0h:0m:49s | Validation Loss: 0.5264 | Validation Balanced Accuracy: 76.9907 % 
2024-04-13 05:11:08,642 - INFO - Epoch: 31 |Total testing time: 0h:0m:58s | Test Loss: 0.7616 | Test Balanced Accuracy: 79.3089 %
2024-04-13 05:14:46,716 - INFO - This file contains logs for: DD_GS_A_Adam_Cos_LR_0_06
2024-04-13 05:14:46,716 - INFO - Epoch: 32 |Total training time: 0h:1m:50s | Train Loss: 0.0594 | Train Balanced Accuracy: 98.0092 %
2024-04-13 05:14:46,716 - INFO - Epoch: 32 |Total validation time:0h:0m:49s | Validation Loss: 0.5093 | Validation Balanced Accuracy: 77.6059 % 
2024-04-13 05:14:46,716 - INFO - Epoch: 32 |Total testing time: 0h:0m:58s | Test Loss: 0.7560 | Test Balanced Accuracy: 79.6276 %
2024-04-13 05:18:25,230 - INFO - This file contains logs for: DD_GS_A_Adam_Cos_LR_0_06
2024-04-13 05:18:25,230 - INFO - Epoch: 33 |Total training time: 0h:1m:50s | Train Loss: 0.0602 | Train Balanced Accuracy: 97.9070 %
2024-04-13 05:18:25,231 - INFO - Epoch: 33 |Total validation time:0h:0m:49s | Validation Loss: 0.4941 | Validation Balanced Accuracy: 77.6153 % 
2024-04-13 05:18:25,231 - INFO - Epoch: 33 |Total testing time: 0h:0m:58s | Test Loss: 0.7543 | Test Balanced Accuracy: 79.7607 %
2024-04-13 05:22:05,806 - INFO - This file contains logs for: DD_GS_A_Adam_Cos_LR_0_06
2024-04-13 05:22:05,807 - INFO - Epoch: 34 |Total training time: 0h:1m:51s | Train Loss: 0.0613 | Train Balanced Accuracy: 97.9571 %
2024-04-13 05:22:05,807 - INFO - Epoch: 34 |Total validation time:0h:0m:50s | Validation Loss: 0.4866 | Validation Balanced Accuracy: 77.7965 % 
2024-04-13 05:22:05,807 - INFO - Epoch: 34 |Total testing time: 0h:0m:58s | Test Loss: 0.7249 | Test Balanced Accuracy: 80.5139 %
2024-04-13 05:25:44,744 - INFO - This file contains logs for: DD_GS_A_Adam_Cos_LR_0_06
2024-04-13 05:25:44,744 - INFO - Epoch: 35 |Total training time: 0h:1m:50s | Train Loss: 0.0618 | Train Balanced Accuracy: 97.7771 %
2024-04-13 05:25:44,744 - INFO - Epoch: 35 |Total validation time:0h:0m:49s | Validation Loss: 0.5676 | Validation Balanced Accuracy: 73.8173 % 
2024-04-13 05:25:44,744 - INFO - Epoch: 35 |Total testing time: 0h:0m:58s | Test Loss: 0.7597 | Test Balanced Accuracy: 78.7813 %
2024-04-13 05:29:28,866 - INFO - This file contains logs for: DD_GS_A_Adam_Cos_LR_0_06
2024-04-13 05:29:28,866 - INFO - Epoch: 36 |Total training time: 0h:1m:51s | Train Loss: 0.0885 | Train Balanced Accuracy: 96.5071 %
2024-04-13 05:29:28,866 - INFO - Epoch: 36 |Total validation time:0h:0m:54s | Validation Loss: 0.5797 | Validation Balanced Accuracy: 73.6712 % 
2024-04-13 05:29:28,867 - INFO - Epoch: 36 |Total testing time: 0h:0m:58s | Test Loss: 0.8101 | Test Balanced Accuracy: 77.3791 %
2024-04-13 05:33:07,680 - INFO - This file contains logs for: DD_GS_A_Adam_Cos_LR_0_06
2024-04-13 05:33:07,681 - INFO - Epoch: 37 |Total training time: 0h:1m:51s | Train Loss: 0.0927 | Train Balanced Accuracy: 96.3897 %
2024-04-13 05:33:07,681 - INFO - Epoch: 37 |Total validation time:0h:0m:48s | Validation Loss: 0.7070 | Validation Balanced Accuracy: 71.2870 % 
2024-04-13 05:33:07,681 - INFO - Epoch: 37 |Total testing time: 0h:0m:58s | Test Loss: 0.7365 | Test Balanced Accuracy: 79.9392 %
2024-04-13 05:36:47,117 - INFO - This file contains logs for: DD_GS_A_Adam_Cos_LR_0_06
2024-04-13 05:36:47,118 - INFO - Epoch: 38 |Total training time: 0h:1m:51s | Train Loss: 0.1303 | Train Balanced Accuracy: 94.9291 %
2024-04-13 05:36:47,118 - INFO - Epoch: 38 |Total validation time:0h:0m:49s | Validation Loss: 0.7527 | Validation Balanced Accuracy: 68.8109 % 
2024-04-13 05:36:47,118 - INFO - Epoch: 38 |Total testing time: 0h:0m:58s | Test Loss: 0.9206 | Test Balanced Accuracy: 75.3578 %
2024-04-13 05:40:39,716 - INFO - This file contains logs for: DD_GS_A_Adam_Cos_LR_0_06
2024-04-13 05:40:39,717 - INFO - Epoch: 39 |Total training time: 0h:1m:50s | Train Loss: 0.0968 | Train Balanced Accuracy: 96.4869 %
2024-04-13 05:40:39,717 - INFO - Epoch: 39 |Total validation time:0h:0m:50s | Validation Loss: 0.5791 | Validation Balanced Accuracy: 75.3934 % 
2024-04-13 05:40:39,717 - INFO - Epoch: 39 |Total testing time: 0h:1m:11s | Test Loss: 0.8530 | Test Balanced Accuracy: 78.9978 %
2024-04-13 05:44:20,375 - INFO - This file contains logs for: DD_GS_A_Adam_Cos_LR_0_06
2024-04-13 05:44:20,376 - INFO - Epoch: 40 |Total training time: 0h:1m:52s | Train Loss: 0.1032 | Train Balanced Accuracy: 96.1469 %
2024-04-13 05:44:20,376 - INFO - Epoch: 40 |Total validation time:0h:0m:49s | Validation Loss: 0.5938 | Validation Balanced Accuracy: 74.9603 % 
2024-04-13 05:44:20,376 - INFO - Epoch: 40 |Total testing time: 0h:0m:58s | Test Loss: 0.9073 | Test Balanced Accuracy: 79.1634 %
2024-04-13 05:48:00,726 - INFO - This file contains logs for: DD_GS_A_Adam_Cos_LR_0_06
2024-04-13 05:48:00,727 - INFO - Epoch: 41 |Total training time: 0h:1m:52s | Train Loss: 0.1538 | Train Balanced Accuracy: 94.3753 %
2024-04-13 05:48:00,727 - INFO - Epoch: 41 |Total validation time:0h:0m:49s | Validation Loss: 0.6939 | Validation Balanced Accuracy: 73.5586 % 
2024-04-13 05:48:00,734 - INFO - Epoch: 41 |Total testing time: 0h:0m:58s | Test Loss: 0.8900 | Test Balanced Accuracy: 78.7165 %
2024-04-13 05:51:38,652 - INFO - This file contains logs for: DD_GS_A_Adam_Cos_LR_0_06
2024-04-13 05:51:38,653 - INFO - Epoch: 42 |Total training time: 0h:1m:51s | Train Loss: 0.0792 | Train Balanced Accuracy: 97.2497 %
2024-04-13 05:51:38,653 - INFO - Epoch: 42 |Total validation time:0h:0m:49s | Validation Loss: 0.5794 | Validation Balanced Accuracy: 76.5575 % 
2024-04-13 05:51:38,653 - INFO - Epoch: 42 |Total testing time: 0h:0m:56s | Test Loss: 0.8613 | Test Balanced Accuracy: 80.3016 %
2024-04-13 05:55:17,841 - INFO - This file contains logs for: DD_GS_A_Adam_Cos_LR_0_06
2024-04-13 05:55:17,842 - INFO - Epoch: 43 |Total training time: 0h:1m:51s | Train Loss: 0.0653 | Train Balanced Accuracy: 97.6923 %
2024-04-13 05:55:17,842 - INFO - Epoch: 43 |Total validation time:0h:0m:49s | Validation Loss: 0.6961 | Validation Balanced Accuracy: 73.2779 % 
2024-04-13 05:55:17,842 - INFO - Epoch: 43 |Total testing time: 0h:0m:58s | Test Loss: 0.8643 | Test Balanced Accuracy: 78.0962 %
2024-04-13 05:58:55,869 - INFO - This file contains logs for: DD_GS_A_Adam_Cos_LR_0_06
2024-04-13 05:58:55,870 - INFO - Epoch: 44 |Total training time: 0h:1m:51s | Train Loss: 0.0685 | Train Balanced Accuracy: 97.5744 %
2024-04-13 05:58:55,870 - INFO - Epoch: 44 |Total validation time:0h:0m:48s | Validation Loss: 0.6878 | Validation Balanced Accuracy: 72.7108 % 
2024-04-13 05:58:55,870 - INFO - Epoch: 44 |Total testing time: 0h:0m:58s | Test Loss: 0.9105 | Test Balanced Accuracy: 76.6012 %
2024-04-13 06:02:33,996 - INFO - This file contains logs for: DD_GS_A_Adam_Cos_LR_0_06
2024-04-13 06:02:33,997 - INFO - Epoch: 45 |Total training time: 0h:1m:51s | Train Loss: 0.0695 | Train Balanced Accuracy: 97.3993 %
2024-04-13 06:02:33,997 - INFO - Epoch: 45 |Total validation time:0h:0m:49s | Validation Loss: 0.4968 | Validation Balanced Accuracy: 78.5990 % 
2024-04-13 06:02:33,997 - INFO - Epoch: 45 |Total testing time: 0h:0m:57s | Test Loss: 0.8409 | Test Balanced Accuracy: 79.3830 %
2024-04-13 06:06:12,831 - INFO - This file contains logs for: DD_GS_A_Adam_Cos_LR_0_06
2024-04-13 06:06:12,831 - INFO - Epoch: 46 |Total training time: 0h:1m:51s | Train Loss: 0.0580 | Train Balanced Accuracy: 97.9585 %
2024-04-13 06:06:12,831 - INFO - Epoch: 46 |Total validation time:0h:0m:48s | Validation Loss: 0.6088 | Validation Balanced Accuracy: 73.8682 % 
2024-04-13 06:06:12,831 - INFO - Epoch: 46 |Total testing time: 0h:0m:58s | Test Loss: 0.8066 | Test Balanced Accuracy: 78.9560 %
2024-04-13 06:09:52,667 - INFO - This file contains logs for: DD_GS_A_Adam_Cos_LR_0_06
2024-04-13 06:09:52,668 - INFO - Epoch: 47 |Total training time: 0h:1m:52s | Train Loss: 0.0542 | Train Balanced Accuracy: 98.1579 %
2024-04-13 06:09:52,668 - INFO - Epoch: 47 |Total validation time:0h:0m:49s | Validation Loss: 0.5548 | Validation Balanced Accuracy: 75.1906 % 
2024-04-13 06:09:52,668 - INFO - Epoch: 47 |Total testing time: 0h:0m:58s | Test Loss: 0.8270 | Test Balanced Accuracy: 79.1372 %
2024-04-13 06:13:32,022 - INFO - This file contains logs for: DD_GS_A_Adam_Cos_LR_0_06
2024-04-13 06:13:32,023 - INFO - Epoch: 48 |Total training time: 0h:1m:51s | Train Loss: 0.0525 | Train Balanced Accuracy: 98.1497 %
2024-04-13 06:13:32,023 - INFO - Epoch: 48 |Total validation time:0h:0m:50s | Validation Loss: 0.5427 | Validation Balanced Accuracy: 75.6027 % 
2024-04-13 06:13:32,023 - INFO - Epoch: 48 |Total testing time: 0h:0m:57s | Test Loss: 0.8170 | Test Balanced Accuracy: 79.1861 %
2024-04-13 06:17:13,075 - INFO - This file contains logs for: DD_GS_A_Adam_Cos_LR_0_06
2024-04-13 06:17:13,076 - INFO - Epoch: 49 |Total training time: 0h:1m:52s | Train Loss: 0.0512 | Train Balanced Accuracy: 98.2420 %
2024-04-13 06:17:13,076 - INFO - Epoch: 49 |Total validation time:0h:0m:49s | Validation Loss: 0.5684 | Validation Balanced Accuracy: 74.9301 % 
2024-04-13 06:17:13,076 - INFO - Epoch: 49 |Total testing time: 0h:0m:58s | Test Loss: 0.8271 | Test Balanced Accuracy: 78.8842 %
2024-04-13 06:17:13,806 - INFO - Saved checkpoint at epoch 49: /home/sur06423/hiwi/vit_exp/vision_tranformer_baseline/src/components/distraction_detection_d_a/grid_search_ddp/experiments_grid_search/DD_GS_A_Adam_Cos_LR_0_06/runs/checkpoints/checkpoint_DD_GS_A_Adam_Cos_LR_0_06_epoch_49.pth
2024-04-13 06:20:50,968 - INFO - This file contains logs for: DD_GS_A_Adam_Cos_LR_0_06
2024-04-13 06:20:50,969 - INFO - Epoch: 50 |Total training time: 0h:1m:50s | Train Loss: 0.0510 | Train Balanced Accuracy: 98.2462 %
2024-04-13 06:20:50,969 - INFO - Epoch: 50 |Total validation time:0h:0m:49s | Validation Loss: 0.5684 | Validation Balanced Accuracy: 74.9301 % 
2024-04-13 06:20:50,969 - INFO - Epoch: 50 |Total testing time: 0h:0m:57s | Test Loss: 0.8271 | Test Balanced Accuracy: 78.8842 %
2024-04-13 06:24:29,481 - INFO - This file contains logs for: DD_GS_A_Adam_Cos_LR_0_06
2024-04-13 06:24:29,481 - INFO - Epoch: 51 |Total training time: 0h:1m:51s | Train Loss: 0.0512 | Train Balanced Accuracy: 98.2781 %
2024-04-13 06:24:29,481 - INFO - Epoch: 51 |Total validation time:0h:0m:50s | Validation Loss: 0.5824 | Validation Balanced Accuracy: 74.6615 % 
2024-04-13 06:24:29,481 - INFO - Epoch: 51 |Total testing time: 0h:0m:57s | Test Loss: 0.8303 | Test Balanced Accuracy: 78.7642 %
2024-04-13 06:28:08,604 - INFO - This file contains logs for: DD_GS_A_Adam_Cos_LR_0_06
2024-04-13 06:28:08,604 - INFO - Epoch: 52 |Total training time: 0h:1m:51s | Train Loss: 0.0528 | Train Balanced Accuracy: 98.1468 %
2024-04-13 06:28:08,604 - INFO - Epoch: 52 |Total validation time:0h:0m:49s | Validation Loss: 0.5527 | Validation Balanced Accuracy: 74.9711 % 
2024-04-13 06:28:08,604 - INFO - Epoch: 52 |Total testing time: 0h:0m:58s | Test Loss: 0.8161 | Test Balanced Accuracy: 79.1920 %
2024-04-13 06:31:46,949 - INFO - This file contains logs for: DD_GS_A_Adam_Cos_LR_0_06
2024-04-13 06:31:46,950 - INFO - Epoch: 53 |Total training time: 0h:1m:50s | Train Loss: 0.0536 | Train Balanced Accuracy: 98.0898 %
2024-04-13 06:31:46,950 - INFO - Epoch: 53 |Total validation time:0h:0m:50s | Validation Loss: 0.5546 | Validation Balanced Accuracy: 74.9866 % 
2024-04-13 06:31:46,950 - INFO - Epoch: 53 |Total testing time: 0h:0m:57s | Test Loss: 0.8143 | Test Balanced Accuracy: 79.0085 %
2024-04-13 06:35:27,850 - INFO - This file contains logs for: DD_GS_A_Adam_Cos_LR_0_06
2024-04-13 06:35:27,851 - INFO - Epoch: 54 |Total training time: 0h:1m:51s | Train Loss: 0.0547 | Train Balanced Accuracy: 98.0300 %
2024-04-13 06:35:27,851 - INFO - Epoch: 54 |Total validation time:0h:0m:50s | Validation Loss: 0.5988 | Validation Balanced Accuracy: 73.9511 % 
2024-04-13 06:35:27,851 - INFO - Epoch: 54 |Total testing time: 0h:0m:58s | Test Loss: 0.8021 | Test Balanced Accuracy: 78.9425 %
2024-04-13 06:39:08,481 - INFO - This file contains logs for: DD_GS_A_Adam_Cos_LR_0_06
2024-04-13 06:39:08,481 - INFO - Epoch: 55 |Total training time: 0h:1m:50s | Train Loss: 0.0633 | Train Balanced Accuracy: 97.5582 %
2024-04-13 06:39:08,481 - INFO - Epoch: 55 |Total validation time:0h:0m:50s | Validation Loss: 0.5232 | Validation Balanced Accuracy: 76.0020 % 
2024-04-13 06:39:08,481 - INFO - Epoch: 55 |Total testing time: 0h:0m:59s | Test Loss: 0.7930 | Test Balanced Accuracy: 80.6572 %
2024-04-13 06:42:48,445 - INFO - This file contains logs for: DD_GS_A_Adam_Cos_LR_0_06
2024-04-13 06:42:48,446 - INFO - Epoch: 56 |Total training time: 0h:1m:50s | Train Loss: 0.0683 | Train Balanced Accuracy: 97.4943 %
2024-04-13 06:42:48,446 - INFO - Epoch: 56 |Total validation time:0h:0m:51s | Validation Loss: 0.7499 | Validation Balanced Accuracy: 70.3428 % 
2024-04-13 06:42:48,446 - INFO - Epoch: 56 |Total testing time: 0h:0m:58s | Test Loss: 0.8871 | Test Balanced Accuracy: 75.7333 %
2024-04-13 06:46:28,858 - INFO - This file contains logs for: DD_GS_A_Adam_Cos_LR_0_06
2024-04-13 06:46:28,859 - INFO - Epoch: 57 |Total training time: 0h:1m:51s | Train Loss: 0.0687 | Train Balanced Accuracy: 97.4027 %
2024-04-13 06:46:28,859 - INFO - Epoch: 57 |Total validation time:0h:0m:50s | Validation Loss: 0.6253 | Validation Balanced Accuracy: 73.6099 % 
2024-04-13 06:46:28,859 - INFO - Epoch: 57 |Total testing time: 0h:0m:58s | Test Loss: 0.8398 | Test Balanced Accuracy: 78.2213 %
2024-04-13 06:50:09,232 - INFO - This file contains logs for: DD_GS_A_Adam_Cos_LR_0_06
2024-04-13 06:50:09,233 - INFO - Epoch: 58 |Total training time: 0h:1m:50s | Train Loss: 0.0741 | Train Balanced Accuracy: 97.2138 %
2024-04-13 06:50:09,233 - INFO - Epoch: 58 |Total validation time:0h:0m:50s | Validation Loss: 0.8663 | Validation Balanced Accuracy: 66.6503 % 
2024-04-13 06:50:09,233 - INFO - Epoch: 58 |Total testing time: 0h:0m:59s | Test Loss: 1.0067 | Test Balanced Accuracy: 74.5568 %
2024-04-13 06:53:55,528 - INFO - This file contains logs for: DD_GS_A_Adam_Cos_LR_0_06
2024-04-13 06:53:55,528 - INFO - Epoch: 59 |Total training time: 0h:1m:51s | Train Loss: 0.0936 | Train Balanced Accuracy: 96.1638 %
2024-04-13 06:53:55,528 - INFO - Epoch: 59 |Total validation time:0h:0m:54s | Validation Loss: 0.5119 | Validation Balanced Accuracy: 79.8908 % 
2024-04-13 06:53:55,528 - INFO - Epoch: 59 |Total testing time: 0h:1m:0s | Test Loss: 0.8543 | Test Balanced Accuracy: 82.0726 %
2024-04-13 06:57:34,436 - INFO - This file contains logs for: DD_GS_A_Adam_Cos_LR_0_06
2024-04-13 06:57:34,436 - INFO - Epoch: 60 |Total training time: 0h:1m:50s | Train Loss: 0.0954 | Train Balanced Accuracy: 96.4450 %
2024-04-13 06:57:34,436 - INFO - Epoch: 60 |Total validation time:0h:0m:49s | Validation Loss: 0.6011 | Validation Balanced Accuracy: 74.3545 % 
2024-04-13 06:57:34,437 - INFO - Epoch: 60 |Total testing time: 0h:0m:58s | Test Loss: 0.7625 | Test Balanced Accuracy: 80.3563 %
2024-04-13 07:01:20,566 - INFO - This file contains logs for: DD_GS_A_Adam_Cos_LR_0_06
2024-04-13 07:01:20,567 - INFO - Epoch: 61 |Total training time: 0h:1m:50s | Train Loss: 0.2756 | Train Balanced Accuracy: 90.8852 %
2024-04-13 07:01:20,567 - INFO - Epoch: 61 |Total validation time:0h:0m:50s | Validation Loss: 0.5433 | Validation Balanced Accuracy: 79.0446 % 
2024-04-13 07:01:20,567 - INFO - Epoch: 61 |Total testing time: 0h:1m:5s | Test Loss: 0.9642 | Test Balanced Accuracy: 81.3048 %
2024-04-13 07:04:59,354 - INFO - This file contains logs for: DD_GS_A_Adam_Cos_LR_0_06
2024-04-13 07:04:59,354 - INFO - Epoch: 62 |Total training time: 0h:1m:51s | Train Loss: 0.1047 | Train Balanced Accuracy: 96.6159 %
2024-04-13 07:04:59,354 - INFO - Epoch: 62 |Total validation time:0h:0m:50s | Validation Loss: 0.7199 | Validation Balanced Accuracy: 74.6715 % 
2024-04-13 07:04:59,354 - INFO - Epoch: 62 |Total testing time: 0h:0m:57s | Test Loss: 0.9829 | Test Balanced Accuracy: 79.4868 %
2024-04-13 07:08:53,037 - INFO - This file contains logs for: DD_GS_A_Adam_Cos_LR_0_06
2024-04-13 07:08:53,038 - INFO - Epoch: 63 |Total training time: 0h:1m:42s | Train Loss: 0.0674 | Train Balanced Accuracy: 97.6494 %
2024-04-13 07:08:53,038 - INFO - Epoch: 63 |Total validation time:0h:1m:13s | Validation Loss: 0.6630 | Validation Balanced Accuracy: 74.3574 % 
2024-04-13 07:08:53,038 - INFO - Epoch: 63 |Total testing time: 0h:0m:57s | Test Loss: 0.9354 | Test Balanced Accuracy: 79.1759 %
2024-04-13 07:12:32,545 - INFO - This file contains logs for: DD_GS_A_Adam_Cos_LR_0_06
2024-04-13 07:12:32,546 - INFO - Epoch: 64 |Total training time: 0h:1m:50s | Train Loss: 0.0735 | Train Balanced Accuracy: 97.3465 %
2024-04-13 07:12:32,546 - INFO - Epoch: 64 |Total validation time:0h:0m:49s | Validation Loss: 0.5364 | Validation Balanced Accuracy: 82.3924 % 
2024-04-13 07:12:32,546 - INFO - Epoch: 64 |Total testing time: 0h:0m:59s | Test Loss: 1.0354 | Test Balanced Accuracy: 81.9445 %
2024-04-13 07:16:12,194 - INFO - This file contains logs for: DD_GS_A_Adam_Cos_LR_0_06
2024-04-13 07:16:12,195 - INFO - Epoch: 65 |Total training time: 0h:1m:51s | Train Loss: 0.0833 | Train Balanced Accuracy: 96.9893 %
2024-04-13 07:16:12,195 - INFO - Epoch: 65 |Total validation time:0h:0m:49s | Validation Loss: 0.8562 | Validation Balanced Accuracy: 70.2393 % 
2024-04-13 07:16:12,195 - INFO - Epoch: 65 |Total testing time: 0h:0m:58s | Test Loss: 1.0074 | Test Balanced Accuracy: 76.2141 %
2024-04-13 07:19:50,032 - INFO - This file contains logs for: DD_GS_A_Adam_Cos_LR_0_06
2024-04-13 07:19:50,032 - INFO - Epoch: 66 |Total training time: 0h:1m:51s | Train Loss: 0.0581 | Train Balanced Accuracy: 98.0531 %
2024-04-13 07:19:50,033 - INFO - Epoch: 66 |Total validation time:0h:0m:49s | Validation Loss: 0.6292 | Validation Balanced Accuracy: 75.2810 % 
2024-04-13 07:19:50,033 - INFO - Epoch: 66 |Total testing time: 0h:0m:57s | Test Loss: 0.9115 | Test Balanced Accuracy: 78.3699 %
2024-04-13 07:23:28,407 - INFO - This file contains logs for: DD_GS_A_Adam_Cos_LR_0_06
2024-04-13 07:23:28,407 - INFO - Epoch: 67 |Total training time: 0h:1m:51s | Train Loss: 0.0533 | Train Balanced Accuracy: 98.1739 %
2024-04-13 07:23:28,407 - INFO - Epoch: 67 |Total validation time:0h:0m:49s | Validation Loss: 0.7009 | Validation Balanced Accuracy: 73.6550 % 
2024-04-13 07:23:28,407 - INFO - Epoch: 67 |Total testing time: 0h:0m:57s | Test Loss: 0.9449 | Test Balanced Accuracy: 78.0390 %
2024-04-13 07:27:08,102 - INFO - This file contains logs for: DD_GS_A_Adam_Cos_LR_0_06
2024-04-13 07:27:08,103 - INFO - Epoch: 68 |Total training time: 0h:1m:51s | Train Loss: 0.0516 | Train Balanced Accuracy: 98.2727 %
2024-04-13 07:27:08,103 - INFO - Epoch: 68 |Total validation time:0h:0m:49s | Validation Loss: 0.7063 | Validation Balanced Accuracy: 73.5446 % 
2024-04-13 07:27:08,103 - INFO - Epoch: 68 |Total testing time: 0h:0m:58s | Test Loss: 0.9535 | Test Balanced Accuracy: 77.5951 %
2024-04-13 07:30:50,572 - INFO - This file contains logs for: DD_GS_A_Adam_Cos_LR_0_06
2024-04-13 07:30:50,573 - INFO - Epoch: 69 |Total training time: 0h:1m:51s | Train Loss: 0.0508 | Train Balanced Accuracy: 98.2428 %
2024-04-13 07:30:50,573 - INFO - Epoch: 69 |Total validation time:0h:0m:54s | Validation Loss: 0.6872 | Validation Balanced Accuracy: 73.7904 % 
2024-04-13 07:30:50,573 - INFO - Epoch: 69 |Total testing time: 0h:0m:56s | Test Loss: 0.9499 | Test Balanced Accuracy: 77.7383 %
2024-04-13 07:34:31,614 - INFO - This file contains logs for: DD_GS_A_Adam_Cos_LR_0_06
2024-04-13 07:34:31,614 - INFO - Epoch: 70 |Total training time: 0h:1m:51s | Train Loss: 0.0500 | Train Balanced Accuracy: 98.2725 %
2024-04-13 07:34:31,614 - INFO - Epoch: 70 |Total validation time:0h:0m:51s | Validation Loss: 0.6872 | Validation Balanced Accuracy: 73.7904 % 
2024-04-13 07:34:31,614 - INFO - Epoch: 70 |Total testing time: 0h:0m:57s | Test Loss: 0.9499 | Test Balanced Accuracy: 77.7383 %
2024-04-13 07:38:16,199 - INFO - This file contains logs for: DD_GS_A_Adam_Cos_LR_0_06
2024-04-13 07:38:16,199 - INFO - Epoch: 71 |Total training time: 0h:1m:52s | Train Loss: 0.0499 | Train Balanced Accuracy: 98.3427 %
2024-04-13 07:38:16,199 - INFO - Epoch: 71 |Total validation time:0h:0m:49s | Validation Loss: 0.6778 | Validation Balanced Accuracy: 73.7509 % 
2024-04-13 07:38:16,199 - INFO - Epoch: 71 |Total testing time: 0h:1m:3s | Test Loss: 0.9417 | Test Balanced Accuracy: 77.9348 %
2024-04-13 07:41:56,342 - INFO - This file contains logs for: DD_GS_A_Adam_Cos_LR_0_06
2024-04-13 07:41:56,343 - INFO - Epoch: 72 |Total training time: 0h:1m:51s | Train Loss: 0.0503 | Train Balanced Accuracy: 98.2747 %
2024-04-13 07:41:56,343 - INFO - Epoch: 72 |Total validation time:0h:0m:50s | Validation Loss: 0.6586 | Validation Balanced Accuracy: 74.2870 % 
2024-04-13 07:41:56,343 - INFO - Epoch: 72 |Total testing time: 0h:0m:58s | Test Loss: 0.9369 | Test Balanced Accuracy: 78.2725 %
2024-04-13 07:45:33,430 - INFO - This file contains logs for: DD_GS_A_Adam_Cos_LR_0_06
2024-04-13 07:45:33,431 - INFO - Epoch: 73 |Total training time: 0h:1m:50s | Train Loss: 0.0519 | Train Balanced Accuracy: 98.1009 %
2024-04-13 07:45:33,431 - INFO - Epoch: 73 |Total validation time:0h:0m:49s | Validation Loss: 0.6184 | Validation Balanced Accuracy: 74.5676 % 
2024-04-13 07:45:33,431 - INFO - Epoch: 73 |Total testing time: 0h:0m:57s | Test Loss: 0.9406 | Test Balanced Accuracy: 78.8507 %
2024-04-13 07:49:17,282 - INFO - This file contains logs for: DD_GS_A_Adam_Cos_LR_0_06
2024-04-13 07:49:17,283 - INFO - Epoch: 74 |Total training time: 0h:1m:55s | Train Loss: 0.0539 | Train Balanced Accuracy: 98.0746 %
2024-04-13 07:49:17,283 - INFO - Epoch: 74 |Total validation time:0h:0m:49s | Validation Loss: 0.6179 | Validation Balanced Accuracy: 74.7224 % 
2024-04-13 07:49:17,283 - INFO - Epoch: 74 |Total testing time: 0h:0m:58s | Test Loss: 0.9545 | Test Balanced Accuracy: 77.7674 %
2024-04-13 07:49:18,003 - INFO - Saved checkpoint at epoch 74: /home/sur06423/hiwi/vit_exp/vision_tranformer_baseline/src/components/distraction_detection_d_a/grid_search_ddp/experiments_grid_search/DD_GS_A_Adam_Cos_LR_0_06/runs/checkpoints/checkpoint_DD_GS_A_Adam_Cos_LR_0_06_epoch_74.pth
2024-04-13 07:52:56,490 - INFO - This file contains logs for: DD_GS_A_Adam_Cos_LR_0_06
2024-04-13 07:52:56,491 - INFO - Epoch: 75 |Total training time: 0h:1m:50s | Train Loss: 0.0549 | Train Balanced Accuracy: 98.1162 %
2024-04-13 07:52:56,491 - INFO - Epoch: 75 |Total validation time:0h:0m:50s | Validation Loss: 0.7095 | Validation Balanced Accuracy: 73.0772 % 
2024-04-13 07:52:56,491 - INFO - Epoch: 75 |Total testing time: 0h:0m:58s | Test Loss: 1.0157 | Test Balanced Accuracy: 75.8511 %
2024-04-13 07:56:37,534 - INFO - This file contains logs for: DD_GS_A_Adam_Cos_LR_0_06
2024-04-13 07:56:37,534 - INFO - Epoch: 76 |Total training time: 0h:1m:51s | Train Loss: 0.0556 | Train Balanced Accuracy: 97.9134 %
2024-04-13 07:56:37,534 - INFO - Epoch: 76 |Total validation time:0h:0m:49s | Validation Loss: 0.5652 | Validation Balanced Accuracy: 75.0715 % 
2024-04-13 07:56:37,534 - INFO - Epoch: 76 |Total testing time: 0h:0m:59s | Test Loss: 0.9608 | Test Balanced Accuracy: 78.9807 %
2024-04-13 08:00:16,866 - INFO - This file contains logs for: DD_GS_A_Adam_Cos_LR_0_06
2024-04-13 08:00:16,866 - INFO - Epoch: 77 |Total training time: 0h:1m:50s | Train Loss: 0.0725 | Train Balanced Accuracy: 97.1913 %
2024-04-13 08:00:16,866 - INFO - Epoch: 77 |Total validation time:0h:0m:49s | Validation Loss: 0.6126 | Validation Balanced Accuracy: 74.9740 % 
2024-04-13 08:00:16,866 - INFO - Epoch: 77 |Total testing time: 0h:0m:58s | Test Loss: 0.9491 | Test Balanced Accuracy: 77.1964 %
2024-04-13 08:03:55,298 - INFO - This file contains logs for: DD_GS_A_Adam_Cos_LR_0_06
2024-04-13 08:03:55,299 - INFO - Epoch: 78 |Total training time: 0h:1m:51s | Train Loss: 0.0780 | Train Balanced Accuracy: 97.0544 %
2024-04-13 08:03:55,299 - INFO - Epoch: 78 |Total validation time:0h:0m:50s | Validation Loss: 0.7871 | Validation Balanced Accuracy: 73.6992 % 
2024-04-13 08:03:55,299 - INFO - Epoch: 78 |Total testing time: 0h:0m:57s | Test Loss: 0.9798 | Test Balanced Accuracy: 76.4715 %
2024-04-13 08:07:33,525 - INFO - This file contains logs for: DD_GS_A_Adam_Cos_LR_0_06
2024-04-13 08:07:33,526 - INFO - Epoch: 79 |Total training time: 0h:1m:50s | Train Loss: 0.0614 | Train Balanced Accuracy: 97.7932 %
2024-04-13 08:07:33,526 - INFO - Epoch: 79 |Total validation time:0h:0m:49s | Validation Loss: 0.5967 | Validation Balanced Accuracy: 74.4908 % 
2024-04-13 08:07:33,526 - INFO - Epoch: 79 |Total testing time: 0h:0m:57s | Test Loss: 0.9536 | Test Balanced Accuracy: 78.7455 %
2024-04-13 08:11:11,399 - INFO - This file contains logs for: DD_GS_A_Adam_Cos_LR_0_06
2024-04-13 08:11:11,400 - INFO - Epoch: 80 |Total training time: 0h:1m:51s | Train Loss: 0.0780 | Train Balanced Accuracy: 96.9724 %
2024-04-13 08:11:11,400 - INFO - Epoch: 80 |Total validation time:0h:0m:49s | Validation Loss: 0.5127 | Validation Balanced Accuracy: 78.1511 % 
2024-04-13 08:11:11,400 - INFO - Epoch: 80 |Total testing time: 0h:0m:57s | Test Loss: 0.9420 | Test Balanced Accuracy: 81.0658 %
2024-04-13 08:14:52,574 - INFO - This file contains logs for: DD_GS_A_Adam_Cos_LR_0_06
2024-04-13 08:14:52,575 - INFO - Epoch: 81 |Total training time: 0h:1m:52s | Train Loss: 0.0935 | Train Balanced Accuracy: 96.4721 %
2024-04-13 08:14:52,575 - INFO - Epoch: 81 |Total validation time:0h:0m:50s | Validation Loss: 0.4934 | Validation Balanced Accuracy: 79.3993 % 
2024-04-13 08:14:52,575 - INFO - Epoch: 81 |Total testing time: 0h:0m:58s | Test Loss: 1.0461 | Test Balanced Accuracy: 82.6752 %
2024-04-13 08:18:30,910 - INFO - This file contains logs for: DD_GS_A_Adam_Cos_LR_0_06
2024-04-13 08:18:30,911 - INFO - Epoch: 82 |Total training time: 0h:1m:50s | Train Loss: 0.0825 | Train Balanced Accuracy: 97.0127 %
2024-04-13 08:18:30,911 - INFO - Epoch: 82 |Total validation time:0h:0m:50s | Validation Loss: 0.5776 | Validation Balanced Accuracy: 78.8973 % 
2024-04-13 08:18:30,911 - INFO - Epoch: 82 |Total testing time: 0h:0m:57s | Test Loss: 1.0076 | Test Balanced Accuracy: 82.1966 %
2024-04-13 08:22:10,005 - INFO - This file contains logs for: DD_GS_A_Adam_Cos_LR_0_06
2024-04-13 08:22:10,006 - INFO - Epoch: 83 |Total training time: 0h:1m:50s | Train Loss: 0.0694 | Train Balanced Accuracy: 97.4924 %
2024-04-13 08:22:10,006 - INFO - Epoch: 83 |Total validation time:0h:0m:49s | Validation Loss: 0.8911 | Validation Balanced Accuracy: 71.0612 % 
2024-04-13 08:22:10,006 - INFO - Epoch: 83 |Total testing time: 0h:0m:58s | Test Loss: 1.0593 | Test Balanced Accuracy: 77.1135 %
2024-04-13 08:25:53,765 - INFO - This file contains logs for: DD_GS_A_Adam_Cos_LR_0_06
2024-04-13 08:25:53,766 - INFO - Epoch: 84 |Total training time: 0h:1m:56s | Train Loss: 0.0564 | Train Balanced Accuracy: 97.9294 %
2024-04-13 08:25:53,766 - INFO - Epoch: 84 |Total validation time:0h:0m:49s | Validation Loss: 0.6233 | Validation Balanced Accuracy: 75.0139 % 
2024-04-13 08:25:53,766 - INFO - Epoch: 84 |Total testing time: 0h:0m:57s | Test Loss: 0.9614 | Test Balanced Accuracy: 78.7179 %
2024-04-13 08:29:36,352 - INFO - This file contains logs for: DD_GS_A_Adam_Cos_LR_0_06
2024-04-13 08:29:36,352 - INFO - Epoch: 85 |Total training time: 0h:1m:51s | Train Loss: 0.0558 | Train Balanced Accuracy: 97.9550 %
2024-04-13 08:29:36,352 - INFO - Epoch: 85 |Total validation time:0h:0m:50s | Validation Loss: 0.6550 | Validation Balanced Accuracy: 74.2605 % 
2024-04-13 08:29:36,353 - INFO - Epoch: 85 |Total testing time: 0h:1m:0s | Test Loss: 0.9676 | Test Balanced Accuracy: 78.2384 %
2024-04-13 08:33:06,229 - INFO - This file contains logs for: DD_GS_A_Adam_Cos_LR_0_06
2024-04-13 08:33:06,266 - INFO - Epoch: 86 |Total training time: 0h:1m:51s | Train Loss: 0.0520 | Train Balanced Accuracy: 98.1767 %
2024-04-13 08:33:06,266 - INFO - Epoch: 86 |Total validation time:0h:0m:43s | Validation Loss: 0.7502 | Validation Balanced Accuracy: 72.9208 % 
2024-04-13 08:33:06,266 - INFO - Epoch: 86 |Total testing time: 0h:0m:55s | Test Loss: 0.9578 | Test Balanced Accuracy: 77.3350 %
2024-04-13 08:37:21,624 - INFO - This file contains logs for: DD_GS_A_Adam_Cos_LR_0_06
2024-04-13 08:37:21,624 - INFO - Epoch: 87 |Total training time: 0h:2m:28s | Train Loss: 0.0478 | Train Balanced Accuracy: 98.3928 %
2024-04-13 08:37:21,624 - INFO - Epoch: 87 |Total validation time:0h:0m:48s | Validation Loss: 0.8037 | Validation Balanced Accuracy: 72.2883 % 
2024-04-13 08:37:21,624 - INFO - Epoch: 87 |Total testing time: 0h:0m:58s | Test Loss: 1.0093 | Test Balanced Accuracy: 76.3046 %
2024-04-13 08:41:00,315 - INFO - This file contains logs for: DD_GS_A_Adam_Cos_LR_0_06
2024-04-13 08:41:00,316 - INFO - Epoch: 88 |Total training time: 0h:1m:51s | Train Loss: 0.0475 | Train Balanced Accuracy: 98.3768 %
2024-04-13 08:41:00,316 - INFO - Epoch: 88 |Total validation time:0h:0m:49s | Validation Loss: 0.7737 | Validation Balanced Accuracy: 72.8067 % 
2024-04-13 08:41:00,316 - INFO - Epoch: 88 |Total testing time: 0h:0m:57s | Test Loss: 0.9865 | Test Balanced Accuracy: 76.4866 %
2024-04-13 08:44:42,041 - INFO - This file contains logs for: DD_GS_A_Adam_Cos_LR_0_06
2024-04-13 08:44:42,041 - INFO - Epoch: 89 |Total training time: 0h:1m:51s | Train Loss: 0.0456 | Train Balanced Accuracy: 98.5032 %
2024-04-13 08:44:42,042 - INFO - Epoch: 89 |Total validation time:0h:0m:50s | Validation Loss: 0.7529 | Validation Balanced Accuracy: 73.0410 % 
2024-04-13 08:44:42,042 - INFO - Epoch: 89 |Total testing time: 0h:0m:59s | Test Loss: 0.9779 | Test Balanced Accuracy: 77.0009 %
2024-04-13 08:48:21,136 - INFO - This file contains logs for: DD_GS_A_Adam_Cos_LR_0_06
2024-04-13 08:48:21,137 - INFO - Epoch: 90 |Total training time: 0h:1m:51s | Train Loss: 0.0452 | Train Balanced Accuracy: 98.4484 %
2024-04-13 08:48:21,137 - INFO - Epoch: 90 |Total validation time:0h:0m:49s | Validation Loss: 0.7529 | Validation Balanced Accuracy: 73.0410 % 
2024-04-13 08:48:21,137 - INFO - Epoch: 90 |Total testing time: 0h:0m:58s | Test Loss: 0.9779 | Test Balanced Accuracy: 77.0009 %
2024-04-13 08:52:05,293 - INFO - This file contains logs for: DD_GS_A_Adam_Cos_LR_0_06
2024-04-13 08:52:05,293 - INFO - Epoch: 91 |Total training time: 0h:1m:51s | Train Loss: 0.0454 | Train Balanced Accuracy: 98.5423 %
2024-04-13 08:52:05,293 - INFO - Epoch: 91 |Total validation time:0h:0m:54s | Validation Loss: 0.7474 | Validation Balanced Accuracy: 73.0993 % 
2024-04-13 08:52:05,294 - INFO - Epoch: 91 |Total testing time: 0h:0m:58s | Test Loss: 0.9684 | Test Balanced Accuracy: 77.2052 %
2024-04-13 08:55:44,976 - INFO - This file contains logs for: DD_GS_A_Adam_Cos_LR_0_06
2024-04-13 08:55:44,976 - INFO - Epoch: 92 |Total training time: 0h:1m:52s | Train Loss: 0.0456 | Train Balanced Accuracy: 98.3908 %
2024-04-13 08:55:44,976 - INFO - Epoch: 92 |Total validation time:0h:0m:49s | Validation Loss: 0.7234 | Validation Balanced Accuracy: 73.4377 % 
2024-04-13 08:55:44,976 - INFO - Epoch: 92 |Total testing time: 0h:0m:58s | Test Loss: 0.9571 | Test Balanced Accuracy: 77.4704 %
2024-04-13 08:59:23,972 - INFO - This file contains logs for: DD_GS_A_Adam_Cos_LR_0_06
2024-04-13 08:59:23,973 - INFO - Epoch: 93 |Total training time: 0h:1m:50s | Train Loss: 0.0474 | Train Balanced Accuracy: 98.3643 %
2024-04-13 08:59:23,973 - INFO - Epoch: 93 |Total validation time:0h:0m:48s | Validation Loss: 0.6786 | Validation Balanced Accuracy: 73.6056 % 
2024-04-13 08:59:23,973 - INFO - Epoch: 93 |Total testing time: 0h:0m:59s | Test Loss: 0.9490 | Test Balanced Accuracy: 78.0334 %
2024-04-13 09:03:04,999 - INFO - This file contains logs for: DD_GS_A_Adam_Cos_LR_0_06
2024-04-13 09:03:04,999 - INFO - Epoch: 94 |Total training time: 0h:1m:51s | Train Loss: 0.0507 | Train Balanced Accuracy: 98.2178 %
2024-04-13 09:03:04,999 - INFO - Epoch: 94 |Total validation time:0h:0m:49s | Validation Loss: 0.8272 | Validation Balanced Accuracy: 70.3473 % 
2024-04-13 09:03:04,999 - INFO - Epoch: 94 |Total testing time: 0h:1m:0s | Test Loss: 1.0063 | Test Balanced Accuracy: 75.6068 %
2024-04-13 09:06:44,944 - INFO - This file contains logs for: DD_GS_A_Adam_Cos_LR_0_06
2024-04-13 09:06:44,944 - INFO - Epoch: 95 |Total training time: 0h:1m:52s | Train Loss: 0.0609 | Train Balanced Accuracy: 97.7474 %
2024-04-13 09:06:44,944 - INFO - Epoch: 95 |Total validation time:0h:0m:49s | Validation Loss: 1.1348 | Validation Balanced Accuracy: 63.4899 % 
2024-04-13 09:06:44,944 - INFO - Epoch: 95 |Total testing time: 0h:0m:58s | Test Loss: 1.2770 | Test Balanced Accuracy: 70.6296 %
2024-04-13 09:10:22,654 - INFO - This file contains logs for: DD_GS_A_Adam_Cos_LR_0_06
2024-04-13 09:10:22,655 - INFO - Epoch: 96 |Total training time: 0h:1m:51s | Train Loss: 0.0704 | Train Balanced Accuracy: 97.2191 %
2024-04-13 09:10:22,655 - INFO - Epoch: 96 |Total validation time:0h:0m:49s | Validation Loss: 0.7710 | Validation Balanced Accuracy: 72.3153 % 
2024-04-13 09:10:22,655 - INFO - Epoch: 96 |Total testing time: 0h:0m:57s | Test Loss: 0.9210 | Test Balanced Accuracy: 78.6062 %
2024-04-13 09:14:03,598 - INFO - This file contains logs for: DD_GS_A_Adam_Cos_LR_0_06
2024-04-13 09:14:03,599 - INFO - Epoch: 97 |Total training time: 0h:1m:52s | Train Loss: 0.0651 | Train Balanced Accuracy: 97.5853 %
2024-04-13 09:14:03,599 - INFO - Epoch: 97 |Total validation time:0h:0m:49s | Validation Loss: 0.9006 | Validation Balanced Accuracy: 69.6488 % 
2024-04-13 09:14:03,599 - INFO - Epoch: 97 |Total testing time: 0h:0m:58s | Test Loss: 1.0449 | Test Balanced Accuracy: 75.7767 %
2024-04-13 09:17:41,729 - INFO - This file contains logs for: DD_GS_A_Adam_Cos_LR_0_06
2024-04-13 09:17:41,730 - INFO - Epoch: 98 |Total training time: 0h:1m:51s | Train Loss: 0.1604 | Train Balanced Accuracy: 94.0775 %
2024-04-13 09:17:41,730 - INFO - Epoch: 98 |Total validation time:0h:0m:49s | Validation Loss: 1.4705 | Validation Balanced Accuracy: 56.6581 % 
2024-04-13 09:17:41,730 - INFO - Epoch: 98 |Total testing time: 0h:0m:57s | Test Loss: 1.5882 | Test Balanced Accuracy: 68.0088 %
2024-04-13 09:21:20,323 - INFO - This file contains logs for: DD_GS_A_Adam_Cos_LR_0_06
2024-04-13 09:21:20,324 - INFO - Epoch: 99 |Total training time: 0h:1m:51s | Train Loss: 0.1781 | Train Balanced Accuracy: 94.2527 %
2024-04-13 09:21:20,324 - INFO - Epoch: 99 |Total validation time:0h:0m:49s | Validation Loss: 0.9749 | Validation Balanced Accuracy: 67.9195 % 
2024-04-13 09:21:20,324 - INFO - Epoch: 99 |Total testing time: 0h:0m:58s | Test Loss: 1.0457 | Test Balanced Accuracy: 78.0558 %
2024-04-13 09:21:21,226 - INFO - Saved checkpoint at epoch 99: /home/sur06423/hiwi/vit_exp/vision_tranformer_baseline/src/components/distraction_detection_d_a/grid_search_ddp/experiments_grid_search/DD_GS_A_Adam_Cos_LR_0_06/runs/checkpoints/checkpoint_DD_GS_A_Adam_Cos_LR_0_06_epoch_99.pth
2024-04-13 09:21:21,228 - INFO - Total training, validation and testing time: 6h:20m:16s.
