2024-03-04 09:36:07,544 - INFO - Epoch: 0 |Total training time: 0h:1m:38s | Train Loss: 2.4645 | Train Balanced Accuracy: 7.7629 %
2024-03-04 09:36:07,545 - INFO - Epoch: 0 |Total validation time:0h:0m:42s | Validation Loss: 4.3157 | Validation Balanced Accuracy: 7.6195 % 
2024-03-04 09:36:07,545 - INFO - Epoch: 0 |Total testing time: 0h:0m:50s | Test Loss: 1.8955 | Test Balanced Accuracy: 8.1175 %
2024-03-04 09:39:07,528 - INFO - Epoch: 1 |Total training time: 0h:1m:27s | Train Loss: 1.4357 | Train Balanced Accuracy: 22.2286 %
2024-03-04 09:39:07,529 - INFO - Epoch: 1 |Total validation time:0h:0m:42s | Validation Loss: 4.5872 | Validation Balanced Accuracy: 9.7730 % 
2024-03-04 09:39:07,529 - INFO - Epoch: 1 |Total testing time: 0h:0m:49s | Test Loss: 1.5998 | Test Balanced Accuracy: 16.9372 %
2024-03-04 09:42:06,700 - INFO - Epoch: 2 |Total training time: 0h:1m:26s | Train Loss: 1.1017 | Train Balanced Accuracy: 33.4208 %
2024-03-04 09:42:06,701 - INFO - Epoch: 2 |Total validation time:0h:0m:42s | Validation Loss: 4.5909 | Validation Balanced Accuracy: 12.2777 % 
2024-03-04 09:42:06,701 - INFO - Epoch: 2 |Total testing time: 0h:0m:50s | Test Loss: 1.5094 | Test Balanced Accuracy: 22.3175 %
2024-03-04 09:45:05,570 - INFO - Epoch: 3 |Total training time: 0h:1m:27s | Train Loss: 0.9749 | Train Balanced Accuracy: 39.0538 %
2024-03-04 09:45:05,571 - INFO - Epoch: 3 |Total validation time:0h:0m:42s | Validation Loss: 4.7911 | Validation Balanced Accuracy: 12.5694 % 
2024-03-04 09:45:05,571 - INFO - Epoch: 3 |Total testing time: 0h:0m:49s | Test Loss: 1.4690 | Test Balanced Accuracy: 22.5285 %
2024-03-04 09:48:05,947 - INFO - Epoch: 4 |Total training time: 0h:1m:27s | Train Loss: 0.8807 | Train Balanced Accuracy: 43.1426 %
2024-03-04 09:48:05,948 - INFO - Epoch: 4 |Total validation time:0h:0m:42s | Validation Loss: 4.7739 | Validation Balanced Accuracy: 12.6919 % 
2024-03-04 09:48:05,948 - INFO - Epoch: 4 |Total testing time: 0h:0m:49s | Test Loss: 1.4328 | Test Balanced Accuracy: 25.2827 %
2024-03-04 09:48:09,198 - INFO - Saved checkpoint at epoch 4: /home/sur06423/hiwi/vit_exp/vision_tranformer_baseline/src/components/Grid_Search/experiments/SGD_03_LR_0_06/runs/checkpoints/checkpoint_SGD_03_LR_0_06_epoch_4.pth
2024-03-04 09:51:08,483 - INFO - Epoch: 5 |Total training time: 0h:1m:26s | Train Loss: 0.8141 | Train Balanced Accuracy: 46.5915 %
2024-03-04 09:51:08,484 - INFO - Epoch: 5 |Total validation time:0h:0m:42s | Validation Loss: 4.9429 | Validation Balanced Accuracy: 14.4423 % 
2024-03-04 09:51:08,484 - INFO - Epoch: 5 |Total testing time: 0h:0m:50s | Test Loss: 1.4293 | Test Balanced Accuracy: 25.6731 %
2024-03-04 09:54:09,591 - INFO - Epoch: 6 |Total training time: 0h:1m:27s | Train Loss: 0.7716 | Train Balanced Accuracy: 49.9037 %
2024-03-04 09:54:09,591 - INFO - Epoch: 6 |Total validation time:0h:0m:42s | Validation Loss: 4.9267 | Validation Balanced Accuracy: 15.0345 % 
2024-03-04 09:54:09,591 - INFO - Epoch: 6 |Total testing time: 0h:0m:51s | Test Loss: 1.4578 | Test Balanced Accuracy: 27.5757 %
2024-03-04 09:57:07,890 - INFO - Epoch: 7 |Total training time: 0h:1m:26s | Train Loss: 0.7380 | Train Balanced Accuracy: 51.7399 %
2024-03-04 09:57:07,891 - INFO - Epoch: 7 |Total validation time:0h:0m:43s | Validation Loss: 5.0642 | Validation Balanced Accuracy: 15.4121 % 
2024-03-04 09:57:07,891 - INFO - Epoch: 7 |Total testing time: 0h:0m:48s | Test Loss: 1.4276 | Test Balanced Accuracy: 28.1216 %
2024-03-04 10:00:07,437 - INFO - Epoch: 8 |Total training time: 0h:1m:26s | Train Loss: 0.7041 | Train Balanced Accuracy: 55.3026 %
2024-03-04 10:00:07,438 - INFO - Epoch: 8 |Total validation time:0h:0m:42s | Validation Loss: 5.1346 | Validation Balanced Accuracy: 15.7668 % 
2024-03-04 10:00:07,438 - INFO - Epoch: 8 |Total testing time: 0h:0m:50s | Test Loss: 1.4390 | Test Balanced Accuracy: 29.2145 %
2024-03-04 10:03:06,264 - INFO - Epoch: 9 |Total training time: 0h:1m:25s | Train Loss: 0.6758 | Train Balanced Accuracy: 55.7055 %
2024-03-04 10:03:06,264 - INFO - Epoch: 9 |Total validation time:0h:0m:42s | Validation Loss: 5.2707 | Validation Balanced Accuracy: 16.4853 % 
2024-03-04 10:03:06,264 - INFO - Epoch: 9 |Total testing time: 0h:0m:50s | Test Loss: 1.4326 | Test Balanced Accuracy: 29.3542 %
2024-03-04 10:03:12,151 - INFO - Saved checkpoint at epoch 9: /home/sur06423/hiwi/vit_exp/vision_tranformer_baseline/src/components/Grid_Search/experiments/SGD_03_LR_0_06/runs/checkpoints/checkpoint_SGD_03_LR_0_06_epoch_9.pth
2024-03-04 10:06:12,843 - INFO - Epoch: 10 |Total training time: 0h:1m:26s | Train Loss: 0.6563 | Train Balanced Accuracy: 58.6105 %
2024-03-04 10:06:12,844 - INFO - Epoch: 10 |Total validation time:0h:0m:43s | Validation Loss: 5.2819 | Validation Balanced Accuracy: 15.1399 % 
2024-03-04 10:06:12,844 - INFO - Epoch: 10 |Total testing time: 0h:0m:50s | Test Loss: 1.4453 | Test Balanced Accuracy: 28.5151 %
2024-03-04 10:09:12,934 - INFO - Epoch: 11 |Total training time: 0h:1m:25s | Train Loss: 0.6380 | Train Balanced Accuracy: 61.0114 %
2024-03-04 10:09:12,934 - INFO - Epoch: 11 |Total validation time:0h:0m:43s | Validation Loss: 5.3358 | Validation Balanced Accuracy: 16.4698 % 
2024-03-04 10:09:12,934 - INFO - Epoch: 11 |Total testing time: 0h:0m:50s | Test Loss: 1.4448 | Test Balanced Accuracy: 29.8612 %
2024-03-04 10:12:13,701 - INFO - Epoch: 12 |Total training time: 0h:1m:26s | Train Loss: 0.6209 | Train Balanced Accuracy: 60.6868 %
2024-03-04 10:12:13,702 - INFO - Epoch: 12 |Total validation time:0h:0m:43s | Validation Loss: 5.2984 | Validation Balanced Accuracy: 16.9699 % 
2024-03-04 10:12:13,702 - INFO - Epoch: 12 |Total testing time: 0h:0m:50s | Test Loss: 1.4311 | Test Balanced Accuracy: 30.4202 %
2024-03-04 10:15:12,846 - INFO - Epoch: 13 |Total training time: 0h:1m:26s | Train Loss: 0.6000 | Train Balanced Accuracy: 63.8594 %
2024-03-04 10:15:12,847 - INFO - Epoch: 13 |Total validation time:0h:0m:43s | Validation Loss: 5.4405 | Validation Balanced Accuracy: 16.8714 % 
2024-03-04 10:15:12,847 - INFO - Epoch: 13 |Total testing time: 0h:0m:49s | Test Loss: 1.4363 | Test Balanced Accuracy: 29.2091 %
2024-03-04 10:18:12,614 - INFO - Epoch: 14 |Total training time: 0h:1m:26s | Train Loss: 0.5908 | Train Balanced Accuracy: 64.0233 %
2024-03-04 10:18:12,615 - INFO - Epoch: 14 |Total validation time:0h:0m:42s | Validation Loss: 5.3836 | Validation Balanced Accuracy: 16.5512 % 
2024-03-04 10:18:12,615 - INFO - Epoch: 14 |Total testing time: 0h:0m:50s | Test Loss: 1.4701 | Test Balanced Accuracy: 29.9443 %
2024-03-04 10:18:14,860 - INFO - Saved checkpoint at epoch 14: /home/sur06423/hiwi/vit_exp/vision_tranformer_baseline/src/components/Grid_Search/experiments/SGD_03_LR_0_06/runs/checkpoints/checkpoint_SGD_03_LR_0_06_epoch_14.pth
2024-03-04 10:21:14,215 - INFO - Epoch: 15 |Total training time: 0h:1m:26s | Train Loss: 0.5741 | Train Balanced Accuracy: 65.3147 %
2024-03-04 10:21:14,216 - INFO - Epoch: 15 |Total validation time:0h:0m:43s | Validation Loss: 5.4574 | Validation Balanced Accuracy: 16.3164 % 
2024-03-04 10:21:14,216 - INFO - Epoch: 15 |Total testing time: 0h:0m:49s | Test Loss: 1.4931 | Test Balanced Accuracy: 30.1774 %
2024-03-04 10:24:14,494 - INFO - Epoch: 16 |Total training time: 0h:1m:26s | Train Loss: 0.5626 | Train Balanced Accuracy: 66.1940 %
2024-03-04 10:24:14,494 - INFO - Epoch: 16 |Total validation time:0h:0m:43s | Validation Loss: 5.4945 | Validation Balanced Accuracy: 17.3942 % 
2024-03-04 10:24:14,494 - INFO - Epoch: 16 |Total testing time: 0h:0m:49s | Test Loss: 1.4483 | Test Balanced Accuracy: 31.0992 %
2024-03-04 10:27:14,084 - INFO - Epoch: 17 |Total training time: 0h:1m:26s | Train Loss: 0.5509 | Train Balanced Accuracy: 66.7746 %
2024-03-04 10:27:14,085 - INFO - Epoch: 17 |Total validation time:0h:0m:42s | Validation Loss: 5.6081 | Validation Balanced Accuracy: 17.1525 % 
2024-03-04 10:27:14,085 - INFO - Epoch: 17 |Total testing time: 0h:0m:49s | Test Loss: 1.4531 | Test Balanced Accuracy: 30.9285 %
2024-03-04 10:30:13,515 - INFO - Epoch: 18 |Total training time: 0h:1m:26s | Train Loss: 0.5412 | Train Balanced Accuracy: 68.2953 %
2024-03-04 10:30:13,516 - INFO - Epoch: 18 |Total validation time:0h:0m:43s | Validation Loss: 5.6307 | Validation Balanced Accuracy: 17.1029 % 
2024-03-04 10:30:13,516 - INFO - Epoch: 18 |Total testing time: 0h:0m:49s | Test Loss: 1.4958 | Test Balanced Accuracy: 30.8899 %
2024-03-04 10:33:13,135 - INFO - Epoch: 19 |Total training time: 0h:1m:27s | Train Loss: 0.5318 | Train Balanced Accuracy: 68.9594 %
2024-03-04 10:33:13,135 - INFO - Epoch: 19 |Total validation time:0h:0m:42s | Validation Loss: 5.5740 | Validation Balanced Accuracy: 17.2630 % 
2024-03-04 10:33:13,135 - INFO - Epoch: 19 |Total testing time: 0h:0m:49s | Test Loss: 1.4766 | Test Balanced Accuracy: 32.4014 %
2024-03-04 10:33:14,234 - INFO - Saved checkpoint at epoch 19: /home/sur06423/hiwi/vit_exp/vision_tranformer_baseline/src/components/Grid_Search/experiments/SGD_03_LR_0_06/runs/checkpoints/checkpoint_SGD_03_LR_0_06_epoch_19.pth
2024-03-04 10:36:13,822 - INFO - Epoch: 20 |Total training time: 0h:1m:26s | Train Loss: 0.5257 | Train Balanced Accuracy: 69.1702 %
2024-03-04 10:36:13,822 - INFO - Epoch: 20 |Total validation time:0h:0m:42s | Validation Loss: 5.6067 | Validation Balanced Accuracy: 17.2959 % 
2024-03-04 10:36:13,822 - INFO - Epoch: 20 |Total testing time: 0h:0m:50s | Test Loss: 1.4979 | Test Balanced Accuracy: 30.8096 %
2024-03-04 10:39:14,027 - INFO - Epoch: 21 |Total training time: 0h:1m:27s | Train Loss: 0.5142 | Train Balanced Accuracy: 69.2389 %
2024-03-04 10:39:14,028 - INFO - Epoch: 21 |Total validation time:0h:0m:42s | Validation Loss: 5.6220 | Validation Balanced Accuracy: 17.2492 % 
2024-03-04 10:39:14,029 - INFO - Epoch: 21 |Total testing time: 0h:0m:50s | Test Loss: 1.4768 | Test Balanced Accuracy: 33.2777 %
2024-03-04 10:42:14,654 - INFO - Epoch: 22 |Total training time: 0h:1m:26s | Train Loss: 0.5086 | Train Balanced Accuracy: 70.2550 %
2024-03-04 10:42:14,655 - INFO - Epoch: 22 |Total validation time:0h:0m:42s | Validation Loss: 5.7096 | Validation Balanced Accuracy: 16.7555 % 
2024-03-04 10:42:14,655 - INFO - Epoch: 22 |Total testing time: 0h:0m:51s | Test Loss: 1.4832 | Test Balanced Accuracy: 31.4817 %
2024-03-04 10:45:14,748 - INFO - Epoch: 23 |Total training time: 0h:1m:26s | Train Loss: 0.5031 | Train Balanced Accuracy: 70.7201 %
2024-03-04 10:45:14,749 - INFO - Epoch: 23 |Total validation time:0h:0m:42s | Validation Loss: 5.6871 | Validation Balanced Accuracy: 16.6509 % 
2024-03-04 10:45:14,749 - INFO - Epoch: 23 |Total testing time: 0h:0m:50s | Test Loss: 1.5074 | Test Balanced Accuracy: 31.4059 %
2024-03-04 10:48:13,772 - INFO - Epoch: 24 |Total training time: 0h:1m:25s | Train Loss: 0.4963 | Train Balanced Accuracy: 70.9527 %
2024-03-04 10:48:13,773 - INFO - Epoch: 24 |Total validation time:0h:0m:43s | Validation Loss: 5.8186 | Validation Balanced Accuracy: 17.2397 % 
2024-03-04 10:48:13,773 - INFO - Epoch: 24 |Total testing time: 0h:0m:50s | Test Loss: 1.5082 | Test Balanced Accuracy: 31.9155 %
2024-03-04 10:48:14,896 - INFO - Saved checkpoint at epoch 24: /home/sur06423/hiwi/vit_exp/vision_tranformer_baseline/src/components/Grid_Search/experiments/SGD_03_LR_0_06/runs/checkpoints/checkpoint_SGD_03_LR_0_06_epoch_24.pth
2024-03-04 10:51:15,384 - INFO - Epoch: 25 |Total training time: 0h:1m:26s | Train Loss: 0.4882 | Train Balanced Accuracy: 71.9011 %
2024-03-04 10:51:15,384 - INFO - Epoch: 25 |Total validation time:0h:0m:43s | Validation Loss: 5.7720 | Validation Balanced Accuracy: 17.2549 % 
2024-03-04 10:51:15,385 - INFO - Epoch: 25 |Total testing time: 0h:0m:50s | Test Loss: 1.5262 | Test Balanced Accuracy: 31.9782 %
2024-03-04 10:54:16,003 - INFO - Epoch: 26 |Total training time: 0h:1m:26s | Train Loss: 0.4854 | Train Balanced Accuracy: 71.6995 %
2024-03-04 10:54:16,003 - INFO - Epoch: 26 |Total validation time:0h:0m:43s | Validation Loss: 5.8659 | Validation Balanced Accuracy: 16.9608 % 
2024-03-04 10:54:16,003 - INFO - Epoch: 26 |Total testing time: 0h:0m:50s | Test Loss: 1.5042 | Test Balanced Accuracy: 31.5140 %
2024-03-04 10:57:16,589 - INFO - Epoch: 27 |Total training time: 0h:1m:26s | Train Loss: 0.4798 | Train Balanced Accuracy: 72.3502 %
2024-03-04 10:57:16,590 - INFO - Epoch: 27 |Total validation time:0h:0m:43s | Validation Loss: 5.7804 | Validation Balanced Accuracy: 16.8112 % 
2024-03-04 10:57:16,590 - INFO - Epoch: 27 |Total testing time: 0h:0m:50s | Test Loss: 1.5387 | Test Balanced Accuracy: 32.0510 %
2024-03-04 11:00:16,002 - INFO - Epoch: 28 |Total training time: 0h:1m:26s | Train Loss: 0.4734 | Train Balanced Accuracy: 72.7616 %
2024-03-04 11:00:16,003 - INFO - Epoch: 28 |Total validation time:0h:0m:42s | Validation Loss: 5.8523 | Validation Balanced Accuracy: 16.7988 % 
2024-03-04 11:00:16,003 - INFO - Epoch: 28 |Total testing time: 0h:0m:49s | Test Loss: 1.5529 | Test Balanced Accuracy: 31.2287 %
2024-03-04 11:03:17,247 - INFO - Epoch: 29 |Total training time: 0h:1m:27s | Train Loss: 0.4689 | Train Balanced Accuracy: 73.0492 %
2024-03-04 11:03:17,247 - INFO - Epoch: 29 |Total validation time:0h:0m:43s | Validation Loss: 5.8460 | Validation Balanced Accuracy: 16.9721 % 
2024-03-04 11:03:17,247 - INFO - Epoch: 29 |Total testing time: 0h:0m:50s | Test Loss: 1.5552 | Test Balanced Accuracy: 32.2807 %
2024-03-04 11:03:19,242 - INFO - Saved checkpoint at epoch 29: /home/sur06423/hiwi/vit_exp/vision_tranformer_baseline/src/components/Grid_Search/experiments/SGD_03_LR_0_06/runs/checkpoints/checkpoint_SGD_03_LR_0_06_epoch_29.pth
2024-03-04 11:06:18,544 - INFO - Epoch: 30 |Total training time: 0h:1m:25s | Train Loss: 0.4645 | Train Balanced Accuracy: 73.0192 %
2024-03-04 11:06:18,544 - INFO - Epoch: 30 |Total validation time:0h:0m:43s | Validation Loss: 5.9286 | Validation Balanced Accuracy: 16.9120 % 
2024-03-04 11:06:18,544 - INFO - Epoch: 30 |Total testing time: 0h:0m:49s | Test Loss: 1.5287 | Test Balanced Accuracy: 31.7933 %
2024-03-04 11:09:18,033 - INFO - Epoch: 31 |Total training time: 0h:1m:26s | Train Loss: 0.4599 | Train Balanced Accuracy: 73.4863 %
2024-03-04 11:09:18,033 - INFO - Epoch: 31 |Total validation time:0h:0m:43s | Validation Loss: 6.0030 | Validation Balanced Accuracy: 16.7451 % 
2024-03-04 11:09:18,033 - INFO - Epoch: 31 |Total testing time: 0h:0m:49s | Test Loss: 1.5650 | Test Balanced Accuracy: 31.8240 %
2024-03-04 11:12:22,534 - INFO - Epoch: 32 |Total training time: 0h:1m:27s | Train Loss: 0.4540 | Train Balanced Accuracy: 73.8698 %
2024-03-04 11:12:22,535 - INFO - Epoch: 32 |Total validation time:0h:0m:42s | Validation Loss: 6.0234 | Validation Balanced Accuracy: 17.5227 % 
2024-03-04 11:12:22,535 - INFO - Epoch: 32 |Total testing time: 0h:0m:54s | Test Loss: 1.5495 | Test Balanced Accuracy: 31.4232 %
2024-03-04 11:15:21,480 - INFO - Epoch: 33 |Total training time: 0h:1m:26s | Train Loss: 0.4522 | Train Balanced Accuracy: 74.1904 %
2024-03-04 11:15:21,480 - INFO - Epoch: 33 |Total validation time:0h:0m:42s | Validation Loss: 5.9821 | Validation Balanced Accuracy: 16.8741 % 
2024-03-04 11:15:21,481 - INFO - Epoch: 33 |Total testing time: 0h:0m:49s | Test Loss: 1.5445 | Test Balanced Accuracy: 32.1704 %
2024-03-04 11:18:20,924 - INFO - Epoch: 34 |Total training time: 0h:1m:26s | Train Loss: 0.4486 | Train Balanced Accuracy: 74.1842 %
2024-03-04 11:18:20,925 - INFO - Epoch: 34 |Total validation time:0h:0m:42s | Validation Loss: 5.9897 | Validation Balanced Accuracy: 16.9241 % 
2024-03-04 11:18:20,925 - INFO - Epoch: 34 |Total testing time: 0h:0m:50s | Test Loss: 1.5437 | Test Balanced Accuracy: 32.8790 %
2024-03-04 11:18:23,073 - INFO - Saved checkpoint at epoch 34: /home/sur06423/hiwi/vit_exp/vision_tranformer_baseline/src/components/Grid_Search/experiments/SGD_03_LR_0_06/runs/checkpoints/checkpoint_SGD_03_LR_0_06_epoch_34.pth
2024-03-04 11:21:23,579 - INFO - Epoch: 35 |Total training time: 0h:1m:27s | Train Loss: 0.4458 | Train Balanced Accuracy: 74.1312 %
2024-03-04 11:21:23,580 - INFO - Epoch: 35 |Total validation time:0h:0m:42s | Validation Loss: 6.0137 | Validation Balanced Accuracy: 17.0301 % 
2024-03-04 11:21:23,580 - INFO - Epoch: 35 |Total testing time: 0h:0m:50s | Test Loss: 1.5465 | Test Balanced Accuracy: 31.7084 %
2024-03-04 11:24:24,242 - INFO - Epoch: 36 |Total training time: 0h:1m:27s | Train Loss: 0.4408 | Train Balanced Accuracy: 75.4921 %
2024-03-04 11:24:24,243 - INFO - Epoch: 36 |Total validation time:0h:0m:42s | Validation Loss: 5.9775 | Validation Balanced Accuracy: 16.8957 % 
2024-03-04 11:24:24,243 - INFO - Epoch: 36 |Total testing time: 0h:0m:50s | Test Loss: 1.5656 | Test Balanced Accuracy: 32.3271 %
2024-03-04 11:27:23,530 - INFO - Epoch: 37 |Total training time: 0h:1m:26s | Train Loss: 0.4381 | Train Balanced Accuracy: 75.0370 %
2024-03-04 11:27:23,531 - INFO - Epoch: 37 |Total validation time:0h:0m:43s | Validation Loss: 5.9893 | Validation Balanced Accuracy: 16.8025 % 
2024-03-04 11:27:23,531 - INFO - Epoch: 37 |Total testing time: 0h:0m:49s | Test Loss: 1.5669 | Test Balanced Accuracy: 32.4762 %
2024-03-04 11:30:24,336 - INFO - Epoch: 38 |Total training time: 0h:1m:27s | Train Loss: 0.4345 | Train Balanced Accuracy: 75.2319 %
2024-03-04 11:30:24,336 - INFO - Epoch: 38 |Total validation time:0h:0m:42s | Validation Loss: 6.0344 | Validation Balanced Accuracy: 17.0491 % 
2024-03-04 11:30:24,336 - INFO - Epoch: 38 |Total testing time: 0h:0m:50s | Test Loss: 1.5688 | Test Balanced Accuracy: 32.5511 %
2024-03-04 11:33:32,280 - INFO - Epoch: 39 |Total training time: 0h:1m:27s | Train Loss: 0.4335 | Train Balanced Accuracy: 75.1727 %
2024-03-04 11:33:32,280 - INFO - Epoch: 39 |Total validation time:0h:0m:45s | Validation Loss: 6.0903 | Validation Balanced Accuracy: 17.0195 % 
2024-03-04 11:33:32,281 - INFO - Epoch: 39 |Total testing time: 0h:0m:55s | Test Loss: 1.5701 | Test Balanced Accuracy: 32.0622 %
2024-03-04 11:33:33,564 - INFO - Saved checkpoint at epoch 39: /home/sur06423/hiwi/vit_exp/vision_tranformer_baseline/src/components/Grid_Search/experiments/SGD_03_LR_0_06/runs/checkpoints/checkpoint_SGD_03_LR_0_06_epoch_39.pth
2024-03-04 11:36:32,409 - INFO - Epoch: 40 |Total training time: 0h:1m:26s | Train Loss: 0.4311 | Train Balanced Accuracy: 75.8246 %
2024-03-04 11:36:32,410 - INFO - Epoch: 40 |Total validation time:0h:0m:42s | Validation Loss: 6.0348 | Validation Balanced Accuracy: 17.1722 % 
2024-03-04 11:36:32,410 - INFO - Epoch: 40 |Total testing time: 0h:0m:49s | Test Loss: 1.5907 | Test Balanced Accuracy: 32.3781 %
2024-03-04 11:39:33,149 - INFO - Epoch: 41 |Total training time: 0h:1m:27s | Train Loss: 0.4274 | Train Balanced Accuracy: 75.9598 %
2024-03-04 11:39:33,150 - INFO - Epoch: 41 |Total validation time:0h:0m:43s | Validation Loss: 6.0794 | Validation Balanced Accuracy: 16.8329 % 
2024-03-04 11:39:33,150 - INFO - Epoch: 41 |Total testing time: 0h:0m:50s | Test Loss: 1.5681 | Test Balanced Accuracy: 32.3204 %
2024-03-04 11:42:33,772 - INFO - Epoch: 42 |Total training time: 0h:1m:26s | Train Loss: 0.4253 | Train Balanced Accuracy: 76.0309 %
2024-03-04 11:42:33,773 - INFO - Epoch: 42 |Total validation time:0h:0m:43s | Validation Loss: 6.1063 | Validation Balanced Accuracy: 16.8172 % 
2024-03-04 11:42:33,773 - INFO - Epoch: 42 |Total testing time: 0h:0m:50s | Test Loss: 1.5794 | Test Balanced Accuracy: 32.0875 %
2024-03-04 11:45:34,380 - INFO - Epoch: 43 |Total training time: 0h:1m:27s | Train Loss: 0.4236 | Train Balanced Accuracy: 75.9006 %
2024-03-04 11:45:34,381 - INFO - Epoch: 43 |Total validation time:0h:0m:42s | Validation Loss: 6.0824 | Validation Balanced Accuracy: 17.1997 % 
2024-03-04 11:45:34,381 - INFO - Epoch: 43 |Total testing time: 0h:0m:50s | Test Loss: 1.5937 | Test Balanced Accuracy: 32.2619 %
2024-03-04 11:48:35,164 - INFO - Epoch: 44 |Total training time: 0h:1m:27s | Train Loss: 0.4225 | Train Balanced Accuracy: 76.3609 %
2024-03-04 11:48:35,165 - INFO - Epoch: 44 |Total validation time:0h:0m:43s | Validation Loss: 6.0963 | Validation Balanced Accuracy: 16.8313 % 
2024-03-04 11:48:35,165 - INFO - Epoch: 44 |Total testing time: 0h:0m:49s | Test Loss: 1.5944 | Test Balanced Accuracy: 31.7550 %
2024-03-04 11:48:39,397 - INFO - Saved checkpoint at epoch 44: /home/sur06423/hiwi/vit_exp/vision_tranformer_baseline/src/components/Grid_Search/experiments/SGD_03_LR_0_06/runs/checkpoints/checkpoint_SGD_03_LR_0_06_epoch_44.pth
2024-03-04 11:51:38,717 - INFO - Epoch: 45 |Total training time: 0h:1m:25s | Train Loss: 0.4196 | Train Balanced Accuracy: 76.7011 %
2024-03-04 11:51:38,718 - INFO - Epoch: 45 |Total validation time:0h:0m:43s | Validation Loss: 6.0803 | Validation Balanced Accuracy: 17.0255 % 
2024-03-04 11:51:38,718 - INFO - Epoch: 45 |Total testing time: 0h:0m:50s | Test Loss: 1.6011 | Test Balanced Accuracy: 31.8380 %
2024-03-04 11:54:38,927 - INFO - Epoch: 46 |Total training time: 0h:1m:26s | Train Loss: 0.4170 | Train Balanced Accuracy: 76.6422 %
2024-03-04 11:54:38,928 - INFO - Epoch: 46 |Total validation time:0h:0m:43s | Validation Loss: 6.1206 | Validation Balanced Accuracy: 16.8330 % 
2024-03-04 11:54:38,928 - INFO - Epoch: 46 |Total testing time: 0h:0m:50s | Test Loss: 1.5933 | Test Balanced Accuracy: 32.2289 %
2024-03-04 11:57:39,133 - INFO - Epoch: 47 |Total training time: 0h:1m:26s | Train Loss: 0.4168 | Train Balanced Accuracy: 76.7800 %
2024-03-04 11:57:39,134 - INFO - Epoch: 47 |Total validation time:0h:0m:43s | Validation Loss: 6.1172 | Validation Balanced Accuracy: 16.9462 % 
2024-03-04 11:57:39,134 - INFO - Epoch: 47 |Total testing time: 0h:0m:50s | Test Loss: 1.5894 | Test Balanced Accuracy: 32.1712 %
2024-03-04 12:00:39,283 - INFO - Epoch: 48 |Total training time: 0h:1m:26s | Train Loss: 0.4142 | Train Balanced Accuracy: 76.6450 %
2024-03-04 12:00:39,283 - INFO - Epoch: 48 |Total validation time:0h:0m:43s | Validation Loss: 6.1422 | Validation Balanced Accuracy: 17.1373 % 
2024-03-04 12:00:39,283 - INFO - Epoch: 48 |Total testing time: 0h:0m:50s | Test Loss: 1.6077 | Test Balanced Accuracy: 32.0067 %
2024-03-04 12:03:38,605 - INFO - Epoch: 49 |Total training time: 0h:1m:27s | Train Loss: 0.4120 | Train Balanced Accuracy: 77.3854 %
2024-03-04 12:03:38,606 - INFO - Epoch: 49 |Total validation time:0h:0m:42s | Validation Loss: 6.1396 | Validation Balanced Accuracy: 16.9427 % 
2024-03-04 12:03:38,606 - INFO - Epoch: 49 |Total testing time: 0h:0m:49s | Test Loss: 1.6243 | Test Balanced Accuracy: 31.6854 %
2024-03-04 12:03:46,627 - INFO - Saved checkpoint at epoch 49: /home/sur06423/hiwi/vit_exp/vision_tranformer_baseline/src/components/Grid_Search/experiments/SGD_03_LR_0_06/runs/checkpoints/checkpoint_SGD_03_LR_0_06_epoch_49.pth
2024-03-04 12:06:45,811 - INFO - Epoch: 50 |Total training time: 0h:1m:26s | Train Loss: 0.4108 | Train Balanced Accuracy: 77.2590 %
2024-03-04 12:06:45,811 - INFO - Epoch: 50 |Total validation time:0h:0m:42s | Validation Loss: 6.1511 | Validation Balanced Accuracy: 16.9174 % 
2024-03-04 12:06:45,811 - INFO - Epoch: 50 |Total testing time: 0h:0m:50s | Test Loss: 1.6109 | Test Balanced Accuracy: 32.0676 %
2024-03-04 12:09:45,165 - INFO - Epoch: 51 |Total training time: 0h:1m:26s | Train Loss: 0.4102 | Train Balanced Accuracy: 77.2265 %
2024-03-04 12:09:45,166 - INFO - Epoch: 51 |Total validation time:0h:0m:42s | Validation Loss: 6.2028 | Validation Balanced Accuracy: 16.9564 % 
2024-03-04 12:09:45,166 - INFO - Epoch: 51 |Total testing time: 0h:0m:49s | Test Loss: 1.6125 | Test Balanced Accuracy: 32.1719 %
2024-03-04 12:12:43,854 - INFO - Epoch: 52 |Total training time: 0h:1m:26s | Train Loss: 0.4081 | Train Balanced Accuracy: 77.3077 %
2024-03-04 12:12:43,855 - INFO - Epoch: 52 |Total validation time:0h:0m:42s | Validation Loss: 6.1485 | Validation Balanced Accuracy: 16.8899 % 
2024-03-04 12:12:43,855 - INFO - Epoch: 52 |Total testing time: 0h:0m:49s | Test Loss: 1.6086 | Test Balanced Accuracy: 32.1844 %
2024-03-04 12:15:42,216 - INFO - Epoch: 53 |Total training time: 0h:1m:26s | Train Loss: 0.4073 | Train Balanced Accuracy: 77.4556 %
2024-03-04 12:15:42,217 - INFO - Epoch: 53 |Total validation time:0h:0m:42s | Validation Loss: 6.1935 | Validation Balanced Accuracy: 17.0807 % 
2024-03-04 12:15:42,217 - INFO - Epoch: 53 |Total testing time: 0h:0m:49s | Test Loss: 1.6153 | Test Balanced Accuracy: 32.2451 %
2024-03-04 12:18:41,184 - INFO - Epoch: 54 |Total training time: 0h:1m:26s | Train Loss: 0.4055 | Train Balanced Accuracy: 77.8093 %
2024-03-04 12:18:41,185 - INFO - Epoch: 54 |Total validation time:0h:0m:42s | Validation Loss: 6.1541 | Validation Balanced Accuracy: 17.0409 % 
2024-03-04 12:18:41,185 - INFO - Epoch: 54 |Total testing time: 0h:0m:49s | Test Loss: 1.6026 | Test Balanced Accuracy: 32.3753 %
2024-03-04 12:18:42,467 - INFO - Saved checkpoint at epoch 54: /home/sur06423/hiwi/vit_exp/vision_tranformer_baseline/src/components/Grid_Search/experiments/SGD_03_LR_0_06/runs/checkpoints/checkpoint_SGD_03_LR_0_06_epoch_54.pth
2024-03-04 12:21:41,666 - INFO - Epoch: 55 |Total training time: 0h:1m:27s | Train Loss: 0.4053 | Train Balanced Accuracy: 77.4729 %
2024-03-04 12:21:41,666 - INFO - Epoch: 55 |Total validation time:0h:0m:42s | Validation Loss: 6.2082 | Validation Balanced Accuracy: 17.0021 % 
2024-03-04 12:21:41,666 - INFO - Epoch: 55 |Total testing time: 0h:0m:49s | Test Loss: 1.6129 | Test Balanced Accuracy: 32.4876 %
2024-03-04 12:24:52,918 - INFO - Epoch: 56 |Total training time: 0h:1m:26s | Train Loss: 0.4042 | Train Balanced Accuracy: 77.8482 %
2024-03-04 12:24:52,919 - INFO - Epoch: 56 |Total validation time:0h:0m:47s | Validation Loss: 6.1816 | Validation Balanced Accuracy: 16.9331 % 
2024-03-04 12:24:52,919 - INFO - Epoch: 56 |Total testing time: 0h:0m:56s | Test Loss: 1.6182 | Test Balanced Accuracy: 32.2928 %
2024-03-04 12:27:53,758 - INFO - Epoch: 57 |Total training time: 0h:1m:28s | Train Loss: 0.4032 | Train Balanced Accuracy: 77.5834 %
2024-03-04 12:27:53,759 - INFO - Epoch: 57 |Total validation time:0h:0m:42s | Validation Loss: 6.2014 | Validation Balanced Accuracy: 16.9500 % 
2024-03-04 12:27:53,759 - INFO - Epoch: 57 |Total testing time: 0h:0m:49s | Test Loss: 1.6137 | Test Balanced Accuracy: 32.2786 %
2024-03-04 12:30:53,041 - INFO - Epoch: 58 |Total training time: 0h:1m:27s | Train Loss: 0.4027 | Train Balanced Accuracy: 78.2856 %
2024-03-04 12:30:53,041 - INFO - Epoch: 58 |Total validation time:0h:0m:42s | Validation Loss: 6.2173 | Validation Balanced Accuracy: 16.9361 % 
2024-03-04 12:30:53,042 - INFO - Epoch: 58 |Total testing time: 0h:0m:49s | Test Loss: 1.6083 | Test Balanced Accuracy: 32.3811 %
2024-03-04 12:33:51,625 - INFO - Epoch: 59 |Total training time: 0h:1m:26s | Train Loss: 0.4018 | Train Balanced Accuracy: 78.0107 %
2024-03-04 12:33:51,626 - INFO - Epoch: 59 |Total validation time:0h:0m:42s | Validation Loss: 6.2206 | Validation Balanced Accuracy: 16.8604 % 
2024-03-04 12:33:51,626 - INFO - Epoch: 59 |Total testing time: 0h:0m:49s | Test Loss: 1.6113 | Test Balanced Accuracy: 32.1426 %
2024-03-04 12:33:53,353 - INFO - Saved checkpoint at epoch 59: /home/sur06423/hiwi/vit_exp/vision_tranformer_baseline/src/components/Grid_Search/experiments/SGD_03_LR_0_06/runs/checkpoints/checkpoint_SGD_03_LR_0_06_epoch_59.pth
2024-03-04 12:36:52,951 - INFO - Epoch: 60 |Total training time: 0h:1m:26s | Train Loss: 0.4011 | Train Balanced Accuracy: 77.8776 %
2024-03-04 12:36:52,951 - INFO - Epoch: 60 |Total validation time:0h:0m:42s | Validation Loss: 6.1999 | Validation Balanced Accuracy: 16.8493 % 
2024-03-04 12:36:52,951 - INFO - Epoch: 60 |Total testing time: 0h:0m:50s | Test Loss: 1.6233 | Test Balanced Accuracy: 32.3250 %
2024-03-04 12:39:53,999 - INFO - Epoch: 61 |Total training time: 0h:1m:27s | Train Loss: 0.4008 | Train Balanced Accuracy: 78.0071 %
2024-03-04 12:39:54,000 - INFO - Epoch: 61 |Total validation time:0h:0m:43s | Validation Loss: 6.2137 | Validation Balanced Accuracy: 16.9518 % 
2024-03-04 12:39:54,000 - INFO - Epoch: 61 |Total testing time: 0h:0m:50s | Test Loss: 1.6184 | Test Balanced Accuracy: 32.4041 %
2024-03-04 12:42:56,060 - INFO - Epoch: 62 |Total training time: 0h:1m:27s | Train Loss: 0.4002 | Train Balanced Accuracy: 77.9738 %
2024-03-04 12:42:56,061 - INFO - Epoch: 62 |Total validation time:0h:0m:43s | Validation Loss: 6.2153 | Validation Balanced Accuracy: 16.9513 % 
2024-03-04 12:42:56,061 - INFO - Epoch: 62 |Total testing time: 0h:0m:50s | Test Loss: 1.6237 | Test Balanced Accuracy: 32.1485 %
2024-03-04 12:45:57,059 - INFO - Epoch: 63 |Total training time: 0h:1m:26s | Train Loss: 0.3993 | Train Balanced Accuracy: 78.2293 %
2024-03-04 12:45:57,060 - INFO - Epoch: 63 |Total validation time:0h:0m:43s | Validation Loss: 6.2178 | Validation Balanced Accuracy: 16.8960 % 
2024-03-04 12:45:57,060 - INFO - Epoch: 63 |Total testing time: 0h:0m:51s | Test Loss: 1.6158 | Test Balanced Accuracy: 32.3730 %
2024-03-04 12:48:56,565 - INFO - Epoch: 64 |Total training time: 0h:1m:26s | Train Loss: 0.3987 | Train Balanced Accuracy: 78.1363 %
2024-03-04 12:48:56,565 - INFO - Epoch: 64 |Total validation time:0h:0m:43s | Validation Loss: 6.2258 | Validation Balanced Accuracy: 16.8760 % 
2024-03-04 12:48:56,565 - INFO - Epoch: 64 |Total testing time: 0h:0m:49s | Test Loss: 1.6193 | Test Balanced Accuracy: 32.2815 %
2024-03-04 12:48:58,544 - INFO - Saved checkpoint at epoch 64: /home/sur06423/hiwi/vit_exp/vision_tranformer_baseline/src/components/Grid_Search/experiments/SGD_03_LR_0_06/runs/checkpoints/checkpoint_SGD_03_LR_0_06_epoch_64.pth
2024-03-04 12:51:59,409 - INFO - Epoch: 65 |Total training time: 0h:1m:26s | Train Loss: 0.3982 | Train Balanced Accuracy: 78.4716 %
2024-03-04 12:51:59,409 - INFO - Epoch: 65 |Total validation time:0h:0m:43s | Validation Loss: 6.2178 | Validation Balanced Accuracy: 16.7986 % 
2024-03-04 12:51:59,409 - INFO - Epoch: 65 |Total testing time: 0h:0m:51s | Test Loss: 1.6210 | Test Balanced Accuracy: 32.4777 %
2024-03-04 12:54:58,858 - INFO - Epoch: 66 |Total training time: 0h:1m:26s | Train Loss: 0.3979 | Train Balanced Accuracy: 77.9512 %
2024-03-04 12:54:58,859 - INFO - Epoch: 66 |Total validation time:0h:0m:43s | Validation Loss: 6.2182 | Validation Balanced Accuracy: 16.8322 % 
2024-03-04 12:54:58,859 - INFO - Epoch: 66 |Total testing time: 0h:0m:50s | Test Loss: 1.6208 | Test Balanced Accuracy: 32.0176 %
2024-03-04 12:57:59,838 - INFO - Epoch: 67 |Total training time: 0h:1m:26s | Train Loss: 0.3976 | Train Balanced Accuracy: 78.5602 %
2024-03-04 12:57:59,839 - INFO - Epoch: 67 |Total validation time:0h:0m:43s | Validation Loss: 6.2058 | Validation Balanced Accuracy: 16.8322 % 
2024-03-04 12:57:59,839 - INFO - Epoch: 67 |Total testing time: 0h:0m:50s | Test Loss: 1.6226 | Test Balanced Accuracy: 32.5298 %
2024-03-04 13:01:00,888 - INFO - Epoch: 68 |Total training time: 0h:1m:27s | Train Loss: 0.3973 | Train Balanced Accuracy: 78.2781 %
2024-03-04 13:01:00,889 - INFO - Epoch: 68 |Total validation time:0h:0m:43s | Validation Loss: 6.2346 | Validation Balanced Accuracy: 16.8193 % 
2024-03-04 13:01:00,889 - INFO - Epoch: 68 |Total testing time: 0h:0m:50s | Test Loss: 1.6224 | Test Balanced Accuracy: 32.1636 %
2024-03-04 13:04:00,533 - INFO - Epoch: 69 |Total training time: 0h:1m:27s | Train Loss: 0.3971 | Train Balanced Accuracy: 78.4450 %
2024-03-04 13:04:00,533 - INFO - Epoch: 69 |Total validation time:0h:0m:42s | Validation Loss: 6.2273 | Validation Balanced Accuracy: 16.8169 % 
2024-03-04 13:04:00,533 - INFO - Epoch: 69 |Total testing time: 0h:0m:49s | Test Loss: 1.6202 | Test Balanced Accuracy: 32.3569 %
2024-03-04 13:04:03,731 - INFO - Saved checkpoint at epoch 69: /home/sur06423/hiwi/vit_exp/vision_tranformer_baseline/src/components/Grid_Search/experiments/SGD_03_LR_0_06/runs/checkpoints/checkpoint_SGD_03_LR_0_06_epoch_69.pth
2024-03-04 13:07:04,530 - INFO - Epoch: 70 |Total training time: 0h:1m:27s | Train Loss: 0.3969 | Train Balanced Accuracy: 78.0559 %
2024-03-04 13:07:04,531 - INFO - Epoch: 70 |Total validation time:0h:0m:43s | Validation Loss: 6.2275 | Validation Balanced Accuracy: 16.7672 % 
2024-03-04 13:07:04,531 - INFO - Epoch: 70 |Total testing time: 0h:0m:50s | Test Loss: 1.6202 | Test Balanced Accuracy: 32.4549 %
2024-03-04 13:10:05,128 - INFO - Epoch: 71 |Total training time: 0h:1m:27s | Train Loss: 0.3966 | Train Balanced Accuracy: 78.1203 %
2024-03-04 13:10:05,129 - INFO - Epoch: 71 |Total validation time:0h:0m:43s | Validation Loss: 6.2239 | Validation Balanced Accuracy: 16.8470 % 
2024-03-04 13:10:05,129 - INFO - Epoch: 71 |Total testing time: 0h:0m:49s | Test Loss: 1.6217 | Test Balanced Accuracy: 32.3330 %
2024-03-04 13:13:05,568 - INFO - Epoch: 72 |Total training time: 0h:1m:27s | Train Loss: 0.3965 | Train Balanced Accuracy: 78.5900 %
2024-03-04 13:13:05,569 - INFO - Epoch: 72 |Total validation time:0h:0m:42s | Validation Loss: 6.2234 | Validation Balanced Accuracy: 16.8666 % 
2024-03-04 13:13:05,569 - INFO - Epoch: 72 |Total testing time: 0h:0m:50s | Test Loss: 1.6220 | Test Balanced Accuracy: 32.4248 %
2024-03-04 13:16:46,998 - INFO - Epoch: 73 |Total training time: 0h:1m:27s | Train Loss: 0.3963 | Train Balanced Accuracy: 78.6121 %
2024-03-04 13:16:47,123 - INFO - Epoch: 73 |Total validation time:0h:1m:1s | Validation Loss: 6.2212 | Validation Balanced Accuracy: 16.8470 % 
2024-03-04 13:16:47,123 - INFO - Epoch: 73 |Total testing time: 0h:1m:12s | Test Loss: 1.6227 | Test Balanced Accuracy: 32.4277 %
2024-03-04 13:21:12,651 - INFO - Epoch: 74 |Total training time: 0h:1m:56s | Train Loss: 0.3962 | Train Balanced Accuracy: 78.4852 %
2024-03-04 13:21:12,658 - INFO - Epoch: 74 |Total validation time:0h:1m:8s | Validation Loss: 6.2261 | Validation Balanced Accuracy: 16.8473 % 
2024-03-04 13:21:12,658 - INFO - Epoch: 74 |Total testing time: 0h:1m:19s | Test Loss: 1.6229 | Test Balanced Accuracy: 32.4376 %
2024-03-04 13:21:14,640 - INFO - Saved checkpoint at epoch 74: /home/sur06423/hiwi/vit_exp/vision_tranformer_baseline/src/components/Grid_Search/experiments/SGD_03_LR_0_06/runs/checkpoints/checkpoint_SGD_03_LR_0_06_epoch_74.pth
2024-03-04 13:25:29,556 - INFO - Epoch: 75 |Total training time: 0h:1m:54s | Train Loss: 0.3961 | Train Balanced Accuracy: 78.5094 %
2024-03-04 13:25:38,596 - INFO - Epoch: 75 |Total validation time:0h:1m:7s | Validation Loss: 6.2235 | Validation Balanced Accuracy: 16.8426 % 
2024-03-04 13:25:38,603 - INFO - Epoch: 75 |Total testing time: 0h:1m:12s | Test Loss: 1.6223 | Test Balanced Accuracy: 32.4395 %
2024-03-04 13:30:11,954 - INFO - Epoch: 76 |Total training time: 0h:2m:0s | Train Loss: 0.3961 | Train Balanced Accuracy: 78.5833 %
2024-03-04 13:30:11,955 - INFO - Epoch: 76 |Total validation time:0h:1m:7s | Validation Loss: 6.2251 | Validation Balanced Accuracy: 16.8443 % 
2024-03-04 13:30:11,955 - INFO - Epoch: 76 |Total testing time: 0h:1m:25s | Test Loss: 1.6226 | Test Balanced Accuracy: 32.4351 %
2024-03-04 13:33:33,700 - INFO - Epoch: 77 |Total training time: 0h:1m:48s | Train Loss: 0.3960 | Train Balanced Accuracy: 78.5788 %
2024-03-04 13:33:33,700 - INFO - Epoch: 77 |Total validation time:0h:0m:43s | Validation Loss: 6.2259 | Validation Balanced Accuracy: 16.8425 % 
2024-03-04 13:33:33,700 - INFO - Epoch: 77 |Total testing time: 0h:0m:49s | Test Loss: 1.6226 | Test Balanced Accuracy: 32.4611 %
2024-03-04 13:36:33,639 - INFO - Epoch: 78 |Total training time: 0h:1m:27s | Train Loss: 0.3960 | Train Balanced Accuracy: 78.5811 %
2024-03-04 13:36:33,640 - INFO - Epoch: 78 |Total validation time:0h:0m:42s | Validation Loss: 6.2271 | Validation Balanced Accuracy: 16.8426 % 
2024-03-04 13:36:33,640 - INFO - Epoch: 78 |Total testing time: 0h:0m:49s | Test Loss: 1.6225 | Test Balanced Accuracy: 32.4611 %
2024-03-04 13:39:32,634 - INFO - Epoch: 79 |Total training time: 0h:1m:26s | Train Loss: 0.3960 | Train Balanced Accuracy: 78.5821 %
2024-03-04 13:39:32,635 - INFO - Epoch: 79 |Total validation time:0h:0m:42s | Validation Loss: 6.2276 | Validation Balanced Accuracy: 16.8426 % 
2024-03-04 13:39:32,635 - INFO - Epoch: 79 |Total testing time: 0h:0m:49s | Test Loss: 1.6225 | Test Balanced Accuracy: 32.4611 %
2024-03-04 13:39:34,784 - INFO - Saved checkpoint at epoch 79: /home/sur06423/hiwi/vit_exp/vision_tranformer_baseline/src/components/Grid_Search/experiments/SGD_03_LR_0_06/runs/checkpoints/checkpoint_SGD_03_LR_0_06_epoch_79.pth
2024-03-04 13:39:34,786 - INFO - Total training, validation and testing time: 4h:6m:39s.
