2024-04-13 03:04:08,481 - INFO - This file contains logs for: DD_GS_A_Adam_Cos_LR_0_03
2024-04-13 03:04:08,481 - INFO - Epoch: 0 |Total training time: 0h:6m:49s | Train Loss: 1.5369 | Train Balanced Accuracy: 73.1464 %
2024-04-13 03:04:08,482 - INFO - Epoch: 0 |Total validation time:0h:1m:36s | Validation Loss: 0.3260 | Validation Balanced Accuracy: 73.3229 % 
2024-04-13 03:04:08,482 - INFO - Epoch: 0 |Total testing time: 0h:2m:46s | Test Loss: 0.4286 | Test Balanced Accuracy: 78.7303 %
2024-04-13 03:08:39,077 - INFO - This file contains logs for: DD_GS_A_Adam_Cos_LR_0_03
2024-04-13 03:08:39,077 - INFO - Epoch: 1 |Total training time: 0h:2m:40s | Train Loss: 0.1691 | Train Balanced Accuracy: 93.0499 %
2024-04-13 03:08:39,077 - INFO - Epoch: 1 |Total validation time:0h:0m:52s | Validation Loss: 0.2825 | Validation Balanced Accuracy: 81.5217 % 
2024-04-13 03:08:39,077 - INFO - Epoch: 1 |Total testing time: 0h:0m:58s | Test Loss: 0.3897 | Test Balanced Accuracy: 82.9389 %
2024-04-13 03:12:47,542 - INFO - This file contains logs for: DD_GS_A_Adam_Cos_LR_0_03
2024-04-13 03:12:47,542 - INFO - Epoch: 2 |Total training time: 0h:2m:26s | Train Loss: 0.1215 | Train Balanced Accuracy: 95.2766 %
2024-04-13 03:12:47,542 - INFO - Epoch: 2 |Total validation time:0h:0m:47s | Validation Loss: 0.3637 | Validation Balanced Accuracy: 75.5542 % 
2024-04-13 03:12:47,542 - INFO - Epoch: 2 |Total testing time: 0h:0m:54s | Test Loss: 0.4225 | Test Balanced Accuracy: 81.1092 %
2024-04-13 03:16:11,753 - INFO - This file contains logs for: DD_GS_A_Adam_Cos_LR_0_03
2024-04-13 03:16:11,753 - INFO - Epoch: 3 |Total training time: 0h:1m:44s | Train Loss: 0.1104 | Train Balanced Accuracy: 95.8023 %
2024-04-13 03:16:11,753 - INFO - Epoch: 3 |Total validation time:0h:0m:45s | Validation Loss: 0.2981 | Validation Balanced Accuracy: 84.6423 % 
2024-04-13 03:16:11,753 - INFO - Epoch: 3 |Total testing time: 0h:0m:54s | Test Loss: 0.4090 | Test Balanced Accuracy: 83.7165 %
2024-04-13 03:19:35,230 - INFO - This file contains logs for: DD_GS_A_Adam_Cos_LR_0_03
2024-04-13 03:19:35,232 - INFO - Epoch: 4 |Total training time: 0h:1m:45s | Train Loss: 0.0992 | Train Balanced Accuracy: 96.3318 %
2024-04-13 03:19:35,234 - INFO - Epoch: 4 |Total validation time:0h:0m:44s | Validation Loss: 0.3127 | Validation Balanced Accuracy: 84.5547 % 
2024-04-13 03:19:35,235 - INFO - Epoch: 4 |Total testing time: 0h:0m:54s | Test Loss: 0.4548 | Test Balanced Accuracy: 82.6444 %
2024-04-13 03:23:42,007 - INFO - This file contains logs for: DD_GS_A_Adam_Cos_LR_0_03
2024-04-13 03:23:42,007 - INFO - Epoch: 5 |Total training time: 0h:1m:46s | Train Loss: 0.0946 | Train Balanced Accuracy: 96.7454 %
2024-04-13 03:23:42,007 - INFO - Epoch: 5 |Total validation time:0h:1m:6s | Validation Loss: 0.3086 | Validation Balanced Accuracy: 84.9021 % 
2024-04-13 03:23:42,007 - INFO - Epoch: 5 |Total testing time: 0h:1m:14s | Test Loss: 0.4489 | Test Balanced Accuracy: 83.3944 %
2024-04-13 03:28:23,187 - INFO - This file contains logs for: DD_GS_A_Adam_Cos_LR_0_03
2024-04-13 03:28:23,187 - INFO - Epoch: 6 |Total training time: 0h:2m:54s | Train Loss: 0.0903 | Train Balanced Accuracy: 96.8474 %
2024-04-13 03:28:23,187 - INFO - Epoch: 6 |Total validation time:0h:0m:50s | Validation Loss: 0.3298 | Validation Balanced Accuracy: 80.6406 % 
2024-04-13 03:28:23,187 - INFO - Epoch: 6 |Total testing time: 0h:0m:56s | Test Loss: 0.4483 | Test Balanced Accuracy: 81.5984 %
2024-04-13 03:32:49,448 - INFO - This file contains logs for: DD_GS_A_Adam_Cos_LR_0_03
2024-04-13 03:32:49,448 - INFO - Epoch: 7 |Total training time: 0h:2m:36s | Train Loss: 0.0874 | Train Balanced Accuracy: 97.0227 %
2024-04-13 03:32:49,448 - INFO - Epoch: 7 |Total validation time:0h:0m:49s | Validation Loss: 0.3654 | Validation Balanced Accuracy: 78.3538 % 
2024-04-13 03:32:49,448 - INFO - Epoch: 7 |Total testing time: 0h:0m:59s | Test Loss: 0.4552 | Test Balanced Accuracy: 81.1240 %
2024-04-13 03:37:11,209 - INFO - This file contains logs for: DD_GS_A_Adam_Cos_LR_0_03
2024-04-13 03:37:11,209 - INFO - Epoch: 8 |Total training time: 0h:2m:27s | Train Loss: 0.0863 | Train Balanced Accuracy: 96.9537 %
2024-04-13 03:37:11,209 - INFO - Epoch: 8 |Total validation time:0h:1m:0s | Validation Loss: 0.3194 | Validation Balanced Accuracy: 82.4326 % 
2024-04-13 03:37:11,209 - INFO - Epoch: 8 |Total testing time: 0h:0m:53s | Test Loss: 0.4486 | Test Balanced Accuracy: 82.3524 %
2024-04-13 03:40:39,534 - INFO - This file contains logs for: DD_GS_A_Adam_Cos_LR_0_03
2024-04-13 03:40:39,534 - INFO - Epoch: 9 |Total training time: 0h:1m:49s | Train Loss: 0.0847 | Train Balanced Accuracy: 97.1561 %
2024-04-13 03:40:39,534 - INFO - Epoch: 9 |Total validation time:0h:0m:44s | Validation Loss: 0.3219 | Validation Balanced Accuracy: 81.6486 % 
2024-04-13 03:40:39,534 - INFO - Epoch: 9 |Total testing time: 0h:0m:54s | Test Loss: 0.4481 | Test Balanced Accuracy: 82.1396 %
2024-04-13 03:44:16,026 - INFO - This file contains logs for: DD_GS_A_Adam_Cos_LR_0_03
2024-04-13 03:44:16,026 - INFO - Epoch: 10 |Total training time: 0h:1m:52s | Train Loss: 0.0842 | Train Balanced Accuracy: 97.2442 %
2024-04-13 03:44:16,026 - INFO - Epoch: 10 |Total validation time:0h:0m:44s | Validation Loss: 0.3220 | Validation Balanced Accuracy: 81.6081 % 
2024-04-13 03:44:16,026 - INFO - Epoch: 10 |Total testing time: 0h:0m:59s | Test Loss: 0.4481 | Test Balanced Accuracy: 82.1396 %
2024-04-13 03:48:43,867 - INFO - This file contains logs for: DD_GS_A_Adam_Cos_LR_0_03
2024-04-13 03:48:43,867 - INFO - Epoch: 11 |Total training time: 0h:2m:38s | Train Loss: 0.0844 | Train Balanced Accuracy: 97.1475 %
2024-04-13 03:48:43,868 - INFO - Epoch: 11 |Total validation time:0h:0m:54s | Validation Loss: 0.3334 | Validation Balanced Accuracy: 80.2222 % 
2024-04-13 03:48:43,868 - INFO - Epoch: 11 |Total testing time: 0h:0m:54s | Test Loss: 0.4530 | Test Balanced Accuracy: 81.6294 %
2024-04-13 03:52:16,714 - INFO - This file contains logs for: DD_GS_A_Adam_Cos_LR_0_03
2024-04-13 03:52:16,714 - INFO - Epoch: 12 |Total training time: 0h:1m:48s | Train Loss: 0.0845 | Train Balanced Accuracy: 97.1811 %
2024-04-13 03:52:16,715 - INFO - Epoch: 12 |Total validation time:0h:0m:49s | Validation Loss: 0.3227 | Validation Balanced Accuracy: 81.5660 % 
2024-04-13 03:52:16,715 - INFO - Epoch: 12 |Total testing time: 0h:0m:54s | Test Loss: 0.4545 | Test Balanced Accuracy: 81.8685 %
2024-04-13 03:56:06,345 - INFO - This file contains logs for: DD_GS_A_Adam_Cos_LR_0_03
2024-04-13 03:56:06,345 - INFO - Epoch: 13 |Total training time: 0h:2m:4s | Train Loss: 0.0850 | Train Balanced Accuracy: 97.1497 %
2024-04-13 03:56:06,345 - INFO - Epoch: 13 |Total validation time:0h:0m:51s | Validation Loss: 0.3370 | Validation Balanced Accuracy: 79.7175 % 
2024-04-13 03:56:06,345 - INFO - Epoch: 13 |Total testing time: 0h:0m:54s | Test Loss: 0.4719 | Test Balanced Accuracy: 81.0591 %
2024-04-13 03:59:44,394 - INFO - This file contains logs for: DD_GS_A_Adam_Cos_LR_0_03
2024-04-13 03:59:44,394 - INFO - Epoch: 14 |Total training time: 0h:1m:57s | Train Loss: 0.0853 | Train Balanced Accuracy: 97.0720 %
2024-04-13 03:59:44,394 - INFO - Epoch: 14 |Total validation time:0h:0m:45s | Validation Loss: 0.3193 | Validation Balanced Accuracy: 83.5482 % 
2024-04-13 03:59:44,394 - INFO - Epoch: 14 |Total testing time: 0h:0m:55s | Test Loss: 0.4557 | Test Balanced Accuracy: 82.2625 %
2024-04-13 04:03:30,403 - INFO - This file contains logs for: DD_GS_A_Adam_Cos_LR_0_03
2024-04-13 04:03:30,403 - INFO - Epoch: 15 |Total training time: 0h:1m:57s | Train Loss: 0.0864 | Train Balanced Accuracy: 96.9773 %
2024-04-13 04:03:30,403 - INFO - Epoch: 15 |Total validation time:0h:0m:44s | Validation Loss: 0.3604 | Validation Balanced Accuracy: 79.2305 % 
2024-04-13 04:03:30,403 - INFO - Epoch: 15 |Total testing time: 0h:1m:3s | Test Loss: 0.4989 | Test Balanced Accuracy: 79.9340 %
2024-04-13 04:07:21,246 - INFO - This file contains logs for: DD_GS_A_Adam_Cos_LR_0_03
2024-04-13 04:07:21,247 - INFO - Epoch: 16 |Total training time: 0h:2m:2s | Train Loss: 0.0924 | Train Balanced Accuracy: 96.5016 %
2024-04-13 04:07:21,247 - INFO - Epoch: 16 |Total validation time:0h:0m:49s | Validation Loss: 0.3608 | Validation Balanced Accuracy: 79.1870 % 
2024-04-13 04:07:21,247 - INFO - Epoch: 16 |Total testing time: 0h:0m:59s | Test Loss: 0.4707 | Test Balanced Accuracy: 81.5558 %
2024-04-13 04:11:06,244 - INFO - This file contains logs for: DD_GS_A_Adam_Cos_LR_0_03
2024-04-13 04:11:06,244 - INFO - Epoch: 17 |Total training time: 0h:1m:57s | Train Loss: 0.0936 | Train Balanced Accuracy: 96.3320 %
2024-04-13 04:11:06,244 - INFO - Epoch: 17 |Total validation time:0h:0m:46s | Validation Loss: 0.3803 | Validation Balanced Accuracy: 78.6771 % 
2024-04-13 04:11:06,244 - INFO - Epoch: 17 |Total testing time: 0h:1m:1s | Test Loss: 0.4644 | Test Balanced Accuracy: 82.8491 %
2024-04-13 04:14:40,409 - INFO - This file contains logs for: DD_GS_A_Adam_Cos_LR_0_03
2024-04-13 04:14:40,409 - INFO - Epoch: 18 |Total training time: 0h:1m:43s | Train Loss: 0.0842 | Train Balanced Accuracy: 96.9261 %
2024-04-13 04:14:40,410 - INFO - Epoch: 18 |Total validation time:0h:0m:47s | Validation Loss: 0.3651 | Validation Balanced Accuracy: 81.3741 % 
2024-04-13 04:14:40,410 - INFO - Epoch: 18 |Total testing time: 0h:1m:3s | Test Loss: 0.5048 | Test Balanced Accuracy: 82.6558 %
2024-04-13 04:18:25,934 - INFO - This file contains logs for: DD_GS_A_Adam_Cos_LR_0_03
2024-04-13 04:18:25,934 - INFO - Epoch: 19 |Total training time: 0h:1m:58s | Train Loss: 0.0841 | Train Balanced Accuracy: 96.8453 %
2024-04-13 04:18:25,935 - INFO - Epoch: 19 |Total validation time:0h:0m:46s | Validation Loss: 0.3459 | Validation Balanced Accuracy: 85.1775 % 
2024-04-13 04:18:25,935 - INFO - Epoch: 19 |Total testing time: 0h:1m:1s | Test Loss: 0.6066 | Test Balanced Accuracy: 83.0429 %
2024-04-13 04:21:48,004 - INFO - This file contains logs for: DD_GS_A_Adam_Cos_LR_0_03
2024-04-13 04:21:48,004 - INFO - Epoch: 20 |Total training time: 0h:1m:44s | Train Loss: 0.0855 | Train Balanced Accuracy: 96.6065 %
2024-04-13 04:21:48,004 - INFO - Epoch: 20 |Total validation time:0h:0m:43s | Validation Loss: 0.4077 | Validation Balanced Accuracy: 78.3410 % 
2024-04-13 04:21:48,004 - INFO - Epoch: 20 |Total testing time: 0h:0m:54s | Test Loss: 0.5641 | Test Balanced Accuracy: 79.9174 %
2024-04-13 04:25:11,092 - INFO - This file contains logs for: DD_GS_A_Adam_Cos_LR_0_03
2024-04-13 04:25:11,093 - INFO - Epoch: 21 |Total training time: 0h:1m:45s | Train Loss: 0.0770 | Train Balanced Accuracy: 97.1767 %
2024-04-13 04:25:11,093 - INFO - Epoch: 21 |Total validation time:0h:0m:43s | Validation Loss: 0.3710 | Validation Balanced Accuracy: 80.1289 % 
2024-04-13 04:25:11,093 - INFO - Epoch: 21 |Total testing time: 0h:0m:53s | Test Loss: 0.5492 | Test Balanced Accuracy: 81.8337 %
2024-04-13 04:28:34,082 - INFO - This file contains logs for: DD_GS_A_Adam_Cos_LR_0_03
2024-04-13 04:28:34,082 - INFO - Epoch: 22 |Total training time: 0h:1m:45s | Train Loss: 0.0735 | Train Balanced Accuracy: 97.2698 %
2024-04-13 04:28:34,083 - INFO - Epoch: 22 |Total validation time:0h:0m:43s | Validation Loss: 0.3962 | Validation Balanced Accuracy: 80.0659 % 
2024-04-13 04:28:34,083 - INFO - Epoch: 22 |Total testing time: 0h:0m:53s | Test Loss: 0.5604 | Test Balanced Accuracy: 80.2558 %
2024-04-13 04:31:55,630 - INFO - This file contains logs for: DD_GS_A_Adam_Cos_LR_0_03
2024-04-13 04:31:55,630 - INFO - Epoch: 23 |Total training time: 0h:1m:44s | Train Loss: 0.0702 | Train Balanced Accuracy: 97.5645 %
2024-04-13 04:31:55,630 - INFO - Epoch: 23 |Total validation time:0h:0m:43s | Validation Loss: 0.3931 | Validation Balanced Accuracy: 78.2690 % 
2024-04-13 04:31:55,630 - INFO - Epoch: 23 |Total testing time: 0h:0m:52s | Test Loss: 0.5670 | Test Balanced Accuracy: 80.2350 %
2024-04-13 04:35:17,159 - INFO - This file contains logs for: DD_GS_A_Adam_Cos_LR_0_03
2024-04-13 04:35:17,160 - INFO - Epoch: 24 |Total training time: 0h:1m:44s | Train Loss: 0.0682 | Train Balanced Accuracy: 97.5910 %
2024-04-13 04:35:17,160 - INFO - Epoch: 24 |Total validation time:0h:0m:43s | Validation Loss: 0.4154 | Validation Balanced Accuracy: 76.0755 % 
2024-04-13 04:35:17,160 - INFO - Epoch: 24 |Total testing time: 0h:0m:53s | Test Loss: 0.5974 | Test Balanced Accuracy: 79.4535 %
2024-04-13 04:35:18,152 - INFO - Saved checkpoint at epoch 24: /home/sur06423/hiwi/vit_exp/vision_tranformer_baseline/src/components/distraction_detection_d_a/grid_search_ddp/experiments_grid_search/DD_GS_A_Adam_Cos_LR_0_03/runs/checkpoints/checkpoint_DD_GS_A_Adam_Cos_LR_0_03_epoch_24.pth
2024-04-13 04:38:40,360 - INFO - This file contains logs for: DD_GS_A_Adam_Cos_LR_0_03
2024-04-13 04:38:40,361 - INFO - Epoch: 25 |Total training time: 0h:1m:45s | Train Loss: 0.0679 | Train Balanced Accuracy: 97.5744 %
2024-04-13 04:38:40,361 - INFO - Epoch: 25 |Total validation time:0h:0m:44s | Validation Loss: 0.3876 | Validation Balanced Accuracy: 78.4752 % 
2024-04-13 04:38:40,361 - INFO - Epoch: 25 |Total testing time: 0h:0m:53s | Test Loss: 0.6028 | Test Balanced Accuracy: 79.4431 %
2024-04-13 04:42:02,571 - INFO - This file contains logs for: DD_GS_A_Adam_Cos_LR_0_03
2024-04-13 04:42:02,572 - INFO - Epoch: 26 |Total training time: 0h:1m:44s | Train Loss: 0.0640 | Train Balanced Accuracy: 97.8007 %
2024-04-13 04:42:02,572 - INFO - Epoch: 26 |Total validation time:0h:0m:44s | Validation Loss: 0.3784 | Validation Balanced Accuracy: 79.1295 % 
2024-04-13 04:42:02,572 - INFO - Epoch: 26 |Total testing time: 0h:0m:53s | Test Loss: 0.5646 | Test Balanced Accuracy: 81.2869 %
2024-04-13 04:45:23,453 - INFO - This file contains logs for: DD_GS_A_Adam_Cos_LR_0_03
2024-04-13 04:45:23,453 - INFO - Epoch: 27 |Total training time: 0h:1m:43s | Train Loss: 0.0642 | Train Balanced Accuracy: 97.8376 %
2024-04-13 04:45:23,453 - INFO - Epoch: 27 |Total validation time:0h:0m:43s | Validation Loss: 0.3785 | Validation Balanced Accuracy: 80.3253 % 
2024-04-13 04:45:23,453 - INFO - Epoch: 27 |Total testing time: 0h:0m:53s | Test Loss: 0.5630 | Test Balanced Accuracy: 81.0373 %
2024-04-13 04:48:44,511 - INFO - This file contains logs for: DD_GS_A_Adam_Cos_LR_0_03
2024-04-13 04:48:44,512 - INFO - Epoch: 28 |Total training time: 0h:1m:43s | Train Loss: 0.0631 | Train Balanced Accuracy: 97.8876 %
2024-04-13 04:48:44,512 - INFO - Epoch: 28 |Total validation time:0h:0m:44s | Validation Loss: 0.4145 | Validation Balanced Accuracy: 77.0069 % 
2024-04-13 04:48:44,512 - INFO - Epoch: 28 |Total testing time: 0h:0m:53s | Test Loss: 0.5789 | Test Balanced Accuracy: 79.8232 %
2024-04-13 04:52:08,613 - INFO - This file contains logs for: DD_GS_A_Adam_Cos_LR_0_03
2024-04-13 04:52:08,614 - INFO - Epoch: 29 |Total training time: 0h:1m:46s | Train Loss: 0.0617 | Train Balanced Accuracy: 97.9585 %
2024-04-13 04:52:08,615 - INFO - Epoch: 29 |Total validation time:0h:0m:44s | Validation Loss: 0.3987 | Validation Balanced Accuracy: 77.9739 % 
2024-04-13 04:52:08,615 - INFO - Epoch: 29 |Total testing time: 0h:0m:53s | Test Loss: 0.5713 | Test Balanced Accuracy: 80.2444 %
2024-04-13 04:55:30,607 - INFO - This file contains logs for: DD_GS_A_Adam_Cos_LR_0_03
2024-04-13 04:55:30,607 - INFO - Epoch: 30 |Total training time: 0h:1m:44s | Train Loss: 0.0613 | Train Balanced Accuracy: 98.0266 %
2024-04-13 04:55:30,607 - INFO - Epoch: 30 |Total validation time:0h:0m:43s | Validation Loss: 0.3988 | Validation Balanced Accuracy: 77.9739 % 
2024-04-13 04:55:30,607 - INFO - Epoch: 30 |Total testing time: 0h:0m:53s | Test Loss: 0.5713 | Test Balanced Accuracy: 80.2444 %
2024-04-13 04:58:51,443 - INFO - This file contains logs for: DD_GS_A_Adam_Cos_LR_0_03
2024-04-13 04:58:51,444 - INFO - Epoch: 31 |Total training time: 0h:1m:43s | Train Loss: 0.0615 | Train Balanced Accuracy: 97.9795 %
2024-04-13 04:58:51,444 - INFO - Epoch: 31 |Total validation time:0h:0m:44s | Validation Loss: 0.4075 | Validation Balanced Accuracy: 77.3692 % 
2024-04-13 04:58:51,444 - INFO - Epoch: 31 |Total testing time: 0h:0m:52s | Test Loss: 0.5747 | Test Balanced Accuracy: 79.9691 %
2024-04-13 05:02:16,237 - INFO - This file contains logs for: DD_GS_A_Adam_Cos_LR_0_03
2024-04-13 05:02:16,237 - INFO - Epoch: 32 |Total training time: 0h:1m:44s | Train Loss: 0.0621 | Train Balanced Accuracy: 97.8938 %
2024-04-13 05:02:16,238 - INFO - Epoch: 32 |Total validation time:0h:0m:46s | Validation Loss: 0.3982 | Validation Balanced Accuracy: 78.0770 % 
2024-04-13 05:02:16,238 - INFO - Epoch: 32 |Total testing time: 0h:0m:54s | Test Loss: 0.5724 | Test Balanced Accuracy: 80.3423 %
2024-04-13 05:05:41,004 - INFO - This file contains logs for: DD_GS_A_Adam_Cos_LR_0_03
2024-04-13 05:05:41,005 - INFO - Epoch: 33 |Total training time: 0h:1m:45s | Train Loss: 0.0628 | Train Balanced Accuracy: 97.9036 %
2024-04-13 05:05:41,005 - INFO - Epoch: 33 |Total validation time:0h:0m:45s | Validation Loss: 0.3837 | Validation Balanced Accuracy: 78.6661 % 
2024-04-13 05:05:41,005 - INFO - Epoch: 33 |Total testing time: 0h:0m:54s | Test Loss: 0.5728 | Test Balanced Accuracy: 80.4318 %
2024-04-13 05:09:04,205 - INFO - This file contains logs for: DD_GS_A_Adam_Cos_LR_0_03
2024-04-13 05:09:04,205 - INFO - Epoch: 34 |Total training time: 0h:1m:45s | Train Loss: 0.0633 | Train Balanced Accuracy: 97.8369 %
2024-04-13 05:09:04,205 - INFO - Epoch: 34 |Total validation time:0h:0m:44s | Validation Loss: 0.3830 | Validation Balanced Accuracy: 79.0513 % 
2024-04-13 05:09:04,205 - INFO - Epoch: 34 |Total testing time: 0h:0m:53s | Test Loss: 0.5585 | Test Balanced Accuracy: 80.9333 %
2024-04-13 05:12:30,785 - INFO - This file contains logs for: DD_GS_A_Adam_Cos_LR_0_03
2024-04-13 05:12:30,785 - INFO - Epoch: 35 |Total training time: 0h:1m:44s | Train Loss: 0.0646 | Train Balanced Accuracy: 97.7778 %
2024-04-13 05:12:30,785 - INFO - Epoch: 35 |Total validation time:0h:0m:48s | Validation Loss: 0.4447 | Validation Balanced Accuracy: 74.6828 % 
2024-04-13 05:12:30,785 - INFO - Epoch: 35 |Total testing time: 0h:0m:53s | Test Loss: 0.5834 | Test Balanced Accuracy: 79.6774 %
2024-04-13 05:15:54,411 - INFO - This file contains logs for: DD_GS_A_Adam_Cos_LR_0_03
2024-04-13 05:15:54,411 - INFO - Epoch: 36 |Total training time: 0h:1m:45s | Train Loss: 0.0676 | Train Balanced Accuracy: 97.7015 %
2024-04-13 05:15:54,411 - INFO - Epoch: 36 |Total validation time:0h:0m:44s | Validation Loss: 0.4406 | Validation Balanced Accuracy: 75.1521 % 
2024-04-13 05:15:54,411 - INFO - Epoch: 36 |Total testing time: 0h:0m:53s | Test Loss: 0.6210 | Test Balanced Accuracy: 78.4723 %
2024-04-13 05:19:17,744 - INFO - This file contains logs for: DD_GS_A_Adam_Cos_LR_0_03
2024-04-13 05:19:17,744 - INFO - Epoch: 37 |Total training time: 0h:1m:44s | Train Loss: 0.0684 | Train Balanced Accuracy: 97.4757 %
2024-04-13 05:19:17,744 - INFO - Epoch: 37 |Total validation time:0h:0m:44s | Validation Loss: 0.4507 | Validation Balanced Accuracy: 74.1482 % 
2024-04-13 05:19:17,744 - INFO - Epoch: 37 |Total testing time: 0h:0m:54s | Test Loss: 0.6002 | Test Balanced Accuracy: 79.7078 %
2024-04-13 05:22:43,702 - INFO - This file contains logs for: DD_GS_A_Adam_Cos_LR_0_03
2024-04-13 05:22:43,703 - INFO - Epoch: 38 |Total training time: 0h:1m:45s | Train Loss: 0.0839 | Train Balanced Accuracy: 96.7121 %
2024-04-13 05:22:43,703 - INFO - Epoch: 38 |Total validation time:0h:0m:45s | Validation Loss: 0.8236 | Validation Balanced Accuracy: 60.8674 % 
2024-04-13 05:22:43,703 - INFO - Epoch: 38 |Total testing time: 0h:0m:54s | Test Loss: 1.0181 | Test Balanced Accuracy: 66.4734 %
2024-04-13 05:26:07,639 - INFO - This file contains logs for: DD_GS_A_Adam_Cos_LR_0_03
2024-04-13 05:26:07,639 - INFO - Epoch: 39 |Total training time: 0h:1m:45s | Train Loss: 0.1472 | Train Balanced Accuracy: 93.2385 %
2024-04-13 05:26:07,639 - INFO - Epoch: 39 |Total validation time:0h:0m:44s | Validation Loss: 0.5169 | Validation Balanced Accuracy: 74.4732 % 
2024-04-13 05:26:07,639 - INFO - Epoch: 39 |Total testing time: 0h:0m:54s | Test Loss: 0.6444 | Test Balanced Accuracy: 79.7346 %
2024-04-13 05:29:31,501 - INFO - This file contains logs for: DD_GS_A_Adam_Cos_LR_0_03
2024-04-13 05:29:31,501 - INFO - Epoch: 40 |Total training time: 0h:1m:45s | Train Loss: 0.0816 | Train Balanced Accuracy: 96.8209 %
2024-04-13 05:29:31,501 - INFO - Epoch: 40 |Total validation time:0h:0m:44s | Validation Loss: 0.4690 | Validation Balanced Accuracy: 76.3867 % 
2024-04-13 05:29:31,501 - INFO - Epoch: 40 |Total testing time: 0h:0m:54s | Test Loss: 0.6356 | Test Balanced Accuracy: 81.1402 %
2024-04-13 05:32:56,792 - INFO - This file contains logs for: DD_GS_A_Adam_Cos_LR_0_03
2024-04-13 05:32:56,792 - INFO - Epoch: 41 |Total training time: 0h:1m:45s | Train Loss: 0.0685 | Train Balanced Accuracy: 97.5653 %
2024-04-13 05:32:56,792 - INFO - Epoch: 41 |Total validation time:0h:0m:45s | Validation Loss: 0.4122 | Validation Balanced Accuracy: 81.8226 % 
2024-04-13 05:32:56,792 - INFO - Epoch: 41 |Total testing time: 0h:0m:53s | Test Loss: 0.6179 | Test Balanced Accuracy: 82.5150 %
2024-04-13 05:36:21,399 - INFO - This file contains logs for: DD_GS_A_Adam_Cos_LR_0_03
2024-04-13 05:36:21,400 - INFO - Epoch: 42 |Total training time: 0h:1m:45s | Train Loss: 0.0674 | Train Balanced Accuracy: 97.6103 %
2024-04-13 05:36:21,400 - INFO - Epoch: 42 |Total validation time:0h:0m:44s | Validation Loss: 0.4589 | Validation Balanced Accuracy: 76.1026 % 
2024-04-13 05:36:21,400 - INFO - Epoch: 42 |Total testing time: 0h:0m:54s | Test Loss: 0.6762 | Test Balanced Accuracy: 79.3458 %
2024-04-13 05:39:45,805 - INFO - This file contains logs for: DD_GS_A_Adam_Cos_LR_0_03
2024-04-13 05:39:45,806 - INFO - Epoch: 43 |Total training time: 0h:1m:45s | Train Loss: 0.0623 | Train Balanced Accuracy: 97.6923 %
2024-04-13 05:39:45,806 - INFO - Epoch: 43 |Total validation time:0h:0m:44s | Validation Loss: 0.4645 | Validation Balanced Accuracy: 75.3315 % 
2024-04-13 05:39:45,806 - INFO - Epoch: 43 |Total testing time: 0h:0m:54s | Test Loss: 0.6344 | Test Balanced Accuracy: 79.7752 %
2024-04-13 05:43:12,676 - INFO - This file contains logs for: DD_GS_A_Adam_Cos_LR_0_03
2024-04-13 05:43:12,677 - INFO - Epoch: 44 |Total training time: 0h:1m:46s | Train Loss: 0.0600 | Train Balanced Accuracy: 97.9565 %
2024-04-13 05:43:12,677 - INFO - Epoch: 44 |Total validation time:0h:0m:45s | Validation Loss: 0.4468 | Validation Balanced Accuracy: 76.1170 % 
2024-04-13 05:43:12,677 - INFO - Epoch: 44 |Total testing time: 0h:0m:54s | Test Loss: 0.6590 | Test Balanced Accuracy: 79.5694 %
2024-04-13 05:46:35,782 - INFO - This file contains logs for: DD_GS_A_Adam_Cos_LR_0_03
2024-04-13 05:46:35,782 - INFO - Epoch: 45 |Total training time: 0h:1m:45s | Train Loss: 0.0596 | Train Balanced Accuracy: 97.9919 %
2024-04-13 05:46:35,783 - INFO - Epoch: 45 |Total validation time:0h:0m:43s | Validation Loss: 0.3989 | Validation Balanced Accuracy: 80.6880 % 
2024-04-13 05:46:35,783 - INFO - Epoch: 45 |Total testing time: 0h:0m:53s | Test Loss: 0.6529 | Test Balanced Accuracy: 81.2344 %
2024-04-13 05:49:57,916 - INFO - This file contains logs for: DD_GS_A_Adam_Cos_LR_0_03
2024-04-13 05:49:57,916 - INFO - Epoch: 46 |Total training time: 0h:1m:44s | Train Loss: 0.0582 | Train Balanced Accuracy: 98.0586 %
2024-04-13 05:49:57,916 - INFO - Epoch: 46 |Total validation time:0h:0m:44s | Validation Loss: 0.4649 | Validation Balanced Accuracy: 74.9245 % 
2024-04-13 05:49:57,916 - INFO - Epoch: 46 |Total testing time: 0h:0m:53s | Test Loss: 0.6394 | Test Balanced Accuracy: 79.6419 %
2024-04-13 05:53:19,976 - INFO - This file contains logs for: DD_GS_A_Adam_Cos_LR_0_03
2024-04-13 05:53:19,976 - INFO - Epoch: 47 |Total training time: 0h:1m:43s | Train Loss: 0.0561 | Train Balanced Accuracy: 98.0398 %
2024-04-13 05:53:19,976 - INFO - Epoch: 47 |Total validation time:0h:0m:45s | Validation Loss: 0.4361 | Validation Balanced Accuracy: 76.5111 % 
2024-04-13 05:53:19,976 - INFO - Epoch: 47 |Total testing time: 0h:0m:53s | Test Loss: 0.6395 | Test Balanced Accuracy: 80.1042 %
2024-04-13 05:56:40,794 - INFO - This file contains logs for: DD_GS_A_Adam_Cos_LR_0_03
2024-04-13 05:56:40,795 - INFO - Epoch: 48 |Total training time: 0h:1m:43s | Train Loss: 0.0550 | Train Balanced Accuracy: 98.1309 %
2024-04-13 05:56:40,795 - INFO - Epoch: 48 |Total validation time:0h:0m:44s | Validation Loss: 0.4364 | Validation Balanced Accuracy: 76.6317 % 
2024-04-13 05:56:40,795 - INFO - Epoch: 48 |Total testing time: 0h:0m:53s | Test Loss: 0.6380 | Test Balanced Accuracy: 79.8322 %
2024-04-13 06:00:02,912 - INFO - This file contains logs for: DD_GS_A_Adam_Cos_LR_0_03
2024-04-13 06:00:02,913 - INFO - Epoch: 49 |Total training time: 0h:1m:44s | Train Loss: 0.0543 | Train Balanced Accuracy: 98.2156 %
2024-04-13 06:00:02,913 - INFO - Epoch: 49 |Total validation time:0h:0m:44s | Validation Loss: 0.4588 | Validation Balanced Accuracy: 75.4189 % 
2024-04-13 06:00:02,913 - INFO - Epoch: 49 |Total testing time: 0h:0m:53s | Test Loss: 0.6455 | Test Balanced Accuracy: 79.5338 %
2024-04-13 06:00:04,210 - INFO - Saved checkpoint at epoch 49: /home/sur06423/hiwi/vit_exp/vision_tranformer_baseline/src/components/distraction_detection_d_a/grid_search_ddp/experiments_grid_search/DD_GS_A_Adam_Cos_LR_0_03/runs/checkpoints/checkpoint_DD_GS_A_Adam_Cos_LR_0_03_epoch_49.pth
2024-04-13 06:03:26,303 - INFO - This file contains logs for: DD_GS_A_Adam_Cos_LR_0_03
2024-04-13 06:03:26,303 - INFO - Epoch: 50 |Total training time: 0h:1m:43s | Train Loss: 0.0541 | Train Balanced Accuracy: 98.1552 %
2024-04-13 06:03:26,304 - INFO - Epoch: 50 |Total validation time:0h:0m:44s | Validation Loss: 0.4588 | Validation Balanced Accuracy: 75.4189 % 
2024-04-13 06:03:26,304 - INFO - Epoch: 50 |Total testing time: 0h:0m:53s | Test Loss: 0.6455 | Test Balanced Accuracy: 79.5338 %
2024-04-13 06:06:48,848 - INFO - This file contains logs for: DD_GS_A_Adam_Cos_LR_0_03
2024-04-13 06:06:48,848 - INFO - Epoch: 51 |Total training time: 0h:1m:44s | Train Loss: 0.0542 | Train Balanced Accuracy: 98.1558 %
2024-04-13 06:06:48,848 - INFO - Epoch: 51 |Total validation time:0h:0m:44s | Validation Loss: 0.4715 | Validation Balanced Accuracy: 74.8662 % 
2024-04-13 06:06:48,848 - INFO - Epoch: 51 |Total testing time: 0h:0m:54s | Test Loss: 0.6507 | Test Balanced Accuracy: 79.4345 %
2024-04-13 06:10:12,078 - INFO - This file contains logs for: DD_GS_A_Adam_Cos_LR_0_03
2024-04-13 06:10:12,079 - INFO - Epoch: 52 |Total training time: 0h:1m:44s | Train Loss: 0.0552 | Train Balanced Accuracy: 98.0891 %
2024-04-13 06:10:12,079 - INFO - Epoch: 52 |Total validation time:0h:0m:43s | Validation Loss: 0.4648 | Validation Balanced Accuracy: 75.1234 % 
2024-04-13 06:10:12,079 - INFO - Epoch: 52 |Total testing time: 0h:0m:54s | Test Loss: 0.6466 | Test Balanced Accuracy: 79.4173 %
2024-04-13 06:13:34,843 - INFO - This file contains logs for: DD_GS_A_Adam_Cos_LR_0_03
2024-04-13 06:13:34,844 - INFO - Epoch: 53 |Total training time: 0h:1m:44s | Train Loss: 0.0564 | Train Balanced Accuracy: 98.0043 %
2024-04-13 06:13:34,844 - INFO - Epoch: 53 |Total validation time:0h:0m:43s | Validation Loss: 0.4603 | Validation Balanced Accuracy: 75.2297 % 
2024-04-13 06:13:34,844 - INFO - Epoch: 53 |Total testing time: 0h:0m:55s | Test Loss: 0.6456 | Test Balanced Accuracy: 79.5294 %
2024-04-13 06:17:00,375 - INFO - This file contains logs for: DD_GS_A_Adam_Cos_LR_0_03
2024-04-13 06:17:00,376 - INFO - Epoch: 54 |Total training time: 0h:1m:44s | Train Loss: 0.0562 | Train Balanced Accuracy: 98.0870 %
2024-04-13 06:17:00,376 - INFO - Epoch: 54 |Total validation time:0h:0m:44s | Validation Loss: 0.4830 | Validation Balanced Accuracy: 74.4118 % 
2024-04-13 06:17:00,376 - INFO - Epoch: 54 |Total testing time: 0h:0m:55s | Test Loss: 0.6425 | Test Balanced Accuracy: 79.6101 %
2024-04-13 06:20:24,151 - INFO - This file contains logs for: DD_GS_A_Adam_Cos_LR_0_03
2024-04-13 06:20:24,151 - INFO - Epoch: 55 |Total training time: 0h:1m:44s | Train Loss: 0.0632 | Train Balanced Accuracy: 97.6138 %
2024-04-13 06:20:24,151 - INFO - Epoch: 55 |Total validation time:0h:0m:43s | Validation Loss: 0.4617 | Validation Balanced Accuracy: 74.9821 % 
2024-04-13 06:20:24,152 - INFO - Epoch: 55 |Total testing time: 0h:0m:55s | Test Loss: 0.6227 | Test Balanced Accuracy: 79.9394 %
2024-04-13 06:23:46,102 - INFO - This file contains logs for: DD_GS_A_Adam_Cos_LR_0_03
2024-04-13 06:23:46,102 - INFO - Epoch: 56 |Total training time: 0h:1m:44s | Train Loss: 0.0614 | Train Balanced Accuracy: 97.8313 %
2024-04-13 06:23:46,102 - INFO - Epoch: 56 |Total validation time:0h:0m:43s | Validation Loss: 0.4213 | Validation Balanced Accuracy: 77.6541 % 
2024-04-13 06:23:46,103 - INFO - Epoch: 56 |Total testing time: 0h:0m:54s | Test Loss: 0.6481 | Test Balanced Accuracy: 80.6166 %
2024-04-13 06:27:10,155 - INFO - This file contains logs for: DD_GS_A_Adam_Cos_LR_0_03
2024-04-13 06:27:10,156 - INFO - Epoch: 57 |Total training time: 0h:1m:45s | Train Loss: 0.0652 | Train Balanced Accuracy: 97.6265 %
2024-04-13 06:27:10,156 - INFO - Epoch: 57 |Total validation time:0h:0m:45s | Validation Loss: 0.5928 | Validation Balanced Accuracy: 71.7352 % 
2024-04-13 06:27:10,156 - INFO - Epoch: 57 |Total testing time: 0h:0m:53s | Test Loss: 0.6844 | Test Balanced Accuracy: 78.0050 %
2024-04-13 06:30:32,895 - INFO - This file contains logs for: DD_GS_A_Adam_Cos_LR_0_03
2024-04-13 06:30:32,895 - INFO - Epoch: 58 |Total training time: 0h:1m:45s | Train Loss: 0.0613 | Train Balanced Accuracy: 97.7661 %
2024-04-13 06:30:32,895 - INFO - Epoch: 58 |Total validation time:0h:0m:43s | Validation Loss: 0.6946 | Validation Balanced Accuracy: 68.5829 % 
2024-04-13 06:30:32,895 - INFO - Epoch: 58 |Total testing time: 0h:0m:54s | Test Loss: 0.7685 | Test Balanced Accuracy: 76.5356 %
2024-04-13 06:33:55,267 - INFO - This file contains logs for: DD_GS_A_Adam_Cos_LR_0_03
2024-04-13 06:33:55,268 - INFO - Epoch: 59 |Total training time: 0h:1m:45s | Train Loss: 0.0692 | Train Balanced Accuracy: 97.3645 %
2024-04-13 06:33:55,268 - INFO - Epoch: 59 |Total validation time:0h:0m:42s | Validation Loss: 0.5750 | Validation Balanced Accuracy: 72.7938 % 
2024-04-13 06:33:55,268 - INFO - Epoch: 59 |Total testing time: 0h:0m:53s | Test Loss: 0.6857 | Test Balanced Accuracy: 78.4730 %
2024-04-13 06:37:18,005 - INFO - This file contains logs for: DD_GS_A_Adam_Cos_LR_0_03
2024-04-13 06:37:18,006 - INFO - Epoch: 60 |Total training time: 0h:1m:45s | Train Loss: 0.0655 | Train Balanced Accuracy: 97.5339 %
2024-04-13 06:37:18,006 - INFO - Epoch: 60 |Total validation time:0h:0m:44s | Validation Loss: 0.6637 | Validation Balanced Accuracy: 69.3813 % 
2024-04-13 06:37:18,006 - INFO - Epoch: 60 |Total testing time: 0h:0m:53s | Test Loss: 0.8358 | Test Balanced Accuracy: 74.1991 %
2024-04-13 06:40:40,940 - INFO - This file contains logs for: DD_GS_A_Adam_Cos_LR_0_03
2024-04-13 06:40:40,940 - INFO - Epoch: 61 |Total training time: 0h:1m:45s | Train Loss: 0.0734 | Train Balanced Accuracy: 97.0648 %
2024-04-13 06:40:40,940 - INFO - Epoch: 61 |Total validation time:0h:0m:43s | Validation Loss: 0.4434 | Validation Balanced Accuracy: 76.8925 % 
2024-04-13 06:40:40,941 - INFO - Epoch: 61 |Total testing time: 0h:0m:53s | Test Loss: 0.7400 | Test Balanced Accuracy: 78.7613 %
2024-04-13 06:44:04,158 - INFO - This file contains logs for: DD_GS_A_Adam_Cos_LR_0_03
2024-04-13 06:44:04,158 - INFO - Epoch: 62 |Total training time: 0h:1m:45s | Train Loss: 0.0613 | Train Balanced Accuracy: 97.7792 %
2024-04-13 06:44:04,159 - INFO - Epoch: 62 |Total validation time:0h:0m:43s | Validation Loss: 0.4910 | Validation Balanced Accuracy: 74.8482 % 
2024-04-13 06:44:04,159 - INFO - Epoch: 62 |Total testing time: 0h:0m:53s | Test Loss: 0.7261 | Test Balanced Accuracy: 78.2703 %
2024-04-13 06:47:28,040 - INFO - This file contains logs for: DD_GS_A_Adam_Cos_LR_0_03
2024-04-13 06:47:28,040 - INFO - Epoch: 63 |Total training time: 0h:1m:47s | Train Loss: 0.0580 | Train Balanced Accuracy: 97.9107 %
2024-04-13 06:47:28,040 - INFO - Epoch: 63 |Total validation time:0h:0m:42s | Validation Loss: 0.4994 | Validation Balanced Accuracy: 74.1460 % 
2024-04-13 06:47:28,040 - INFO - Epoch: 63 |Total testing time: 0h:0m:53s | Test Loss: 0.6918 | Test Balanced Accuracy: 78.8278 %
2024-04-13 06:50:54,308 - INFO - This file contains logs for: DD_GS_A_Adam_Cos_LR_0_03
2024-04-13 06:50:54,309 - INFO - Epoch: 64 |Total training time: 0h:1m:46s | Train Loss: 0.0611 | Train Balanced Accuracy: 97.7620 %
2024-04-13 06:50:54,309 - INFO - Epoch: 64 |Total validation time:0h:0m:45s | Validation Loss: 0.4087 | Validation Balanced Accuracy: 81.8559 % 
2024-04-13 06:50:54,309 - INFO - Epoch: 64 |Total testing time: 0h:0m:54s | Test Loss: 0.7581 | Test Balanced Accuracy: 82.0056 %
2024-04-13 06:54:22,311 - INFO - This file contains logs for: DD_GS_A_Adam_Cos_LR_0_03
2024-04-13 06:54:22,311 - INFO - Epoch: 65 |Total training time: 0h:1m:49s | Train Loss: 0.0710 | Train Balanced Accuracy: 97.1144 %
2024-04-13 06:54:22,311 - INFO - Epoch: 65 |Total validation time:0h:0m:43s | Validation Loss: 0.6646 | Validation Balanced Accuracy: 69.6809 % 
2024-04-13 06:54:22,311 - INFO - Epoch: 65 |Total testing time: 0h:0m:54s | Test Loss: 0.7873 | Test Balanced Accuracy: 75.5829 %
2024-04-13 06:57:51,535 - INFO - This file contains logs for: DD_GS_A_Adam_Cos_LR_0_03
2024-04-13 06:57:51,535 - INFO - Epoch: 66 |Total training time: 0h:1m:48s | Train Loss: 0.0560 | Train Balanced Accuracy: 98.0531 %
2024-04-13 06:57:51,535 - INFO - Epoch: 66 |Total validation time:0h:0m:45s | Validation Loss: 0.4803 | Validation Balanced Accuracy: 75.3131 % 
2024-04-13 06:57:51,535 - INFO - Epoch: 66 |Total testing time: 0h:0m:55s | Test Loss: 0.6962 | Test Balanced Accuracy: 78.8567 %
2024-04-13 07:01:17,994 - INFO - This file contains logs for: DD_GS_A_Adam_Cos_LR_0_03
2024-04-13 07:01:17,995 - INFO - Epoch: 67 |Total training time: 0h:1m:48s | Train Loss: 0.0521 | Train Balanced Accuracy: 98.1989 %
2024-04-13 07:01:17,995 - INFO - Epoch: 67 |Total validation time:0h:0m:44s | Validation Loss: 0.5322 | Validation Balanced Accuracy: 73.9077 % 
2024-04-13 07:01:17,995 - INFO - Epoch: 67 |Total testing time: 0h:0m:53s | Test Loss: 0.7186 | Test Balanced Accuracy: 78.4687 %
2024-04-13 07:04:45,558 - INFO - This file contains logs for: DD_GS_A_Adam_Cos_LR_0_03
2024-04-13 07:04:45,559 - INFO - Epoch: 68 |Total training time: 0h:1m:49s | Train Loss: 0.0516 | Train Balanced Accuracy: 98.3241 %
2024-04-13 07:04:45,559 - INFO - Epoch: 68 |Total validation time:0h:0m:43s | Validation Loss: 0.5359 | Validation Balanced Accuracy: 73.8379 % 
2024-04-13 07:04:45,559 - INFO - Epoch: 68 |Total testing time: 0h:0m:54s | Test Loss: 0.7201 | Test Balanced Accuracy: 78.2987 %
2024-04-13 07:08:40,481 - INFO - This file contains logs for: DD_GS_A_Adam_Cos_LR_0_03
2024-04-13 07:08:40,482 - INFO - Epoch: 69 |Total training time: 0h:1m:48s | Train Loss: 0.0510 | Train Balanced Accuracy: 98.2442 %
2024-04-13 07:08:40,482 - INFO - Epoch: 69 |Total validation time:0h:1m:11s | Validation Loss: 0.5204 | Validation Balanced Accuracy: 74.1180 % 
2024-04-13 07:08:40,482 - INFO - Epoch: 69 |Total testing time: 0h:0m:54s | Test Loss: 0.7169 | Test Balanced Accuracy: 78.4458 %
2024-04-13 07:12:10,571 - INFO - This file contains logs for: DD_GS_A_Adam_Cos_LR_0_03
2024-04-13 07:12:10,571 - INFO - Epoch: 70 |Total training time: 0h:1m:49s | Train Loss: 0.0505 | Train Balanced Accuracy: 98.2023 %
2024-04-13 07:12:10,571 - INFO - Epoch: 70 |Total validation time:0h:0m:45s | Validation Loss: 0.5204 | Validation Balanced Accuracy: 74.1180 % 
2024-04-13 07:12:10,571 - INFO - Epoch: 70 |Total testing time: 0h:0m:54s | Test Loss: 0.7169 | Test Balanced Accuracy: 78.4458 %
2024-04-13 07:15:36,947 - INFO - This file contains logs for: DD_GS_A_Adam_Cos_LR_0_03
2024-04-13 07:15:36,948 - INFO - Epoch: 71 |Total training time: 0h:1m:48s | Train Loss: 0.0504 | Train Balanced Accuracy: 98.3004 %
2024-04-13 07:15:36,948 - INFO - Epoch: 71 |Total validation time:0h:0m:43s | Validation Loss: 0.5122 | Validation Balanced Accuracy: 74.3980 % 
2024-04-13 07:15:36,948 - INFO - Epoch: 71 |Total testing time: 0h:0m:54s | Test Loss: 0.7101 | Test Balanced Accuracy: 78.6186 %
2024-04-13 07:19:04,493 - INFO - This file contains logs for: DD_GS_A_Adam_Cos_LR_0_03
2024-04-13 07:19:04,493 - INFO - Epoch: 72 |Total training time: 0h:1m:49s | Train Loss: 0.0507 | Train Balanced Accuracy: 98.2143 %
2024-04-13 07:19:04,493 - INFO - Epoch: 72 |Total validation time:0h:0m:43s | Validation Loss: 0.4996 | Validation Balanced Accuracy: 74.7312 % 
2024-04-13 07:19:04,493 - INFO - Epoch: 72 |Total testing time: 0h:0m:54s | Test Loss: 0.7083 | Test Balanced Accuracy: 78.7283 %
2024-04-13 07:22:30,704 - INFO - This file contains logs for: DD_GS_A_Adam_Cos_LR_0_03
2024-04-13 07:22:30,704 - INFO - Epoch: 73 |Total training time: 0h:1m:46s | Train Loss: 0.0520 | Train Balanced Accuracy: 98.1864 %
2024-04-13 07:22:30,704 - INFO - Epoch: 73 |Total validation time:0h:0m:45s | Validation Loss: 0.4696 | Validation Balanced Accuracy: 75.0928 % 
2024-04-13 07:22:30,704 - INFO - Epoch: 73 |Total testing time: 0h:0m:53s | Test Loss: 0.7088 | Test Balanced Accuracy: 79.3690 %
2024-04-13 07:25:56,182 - INFO - This file contains logs for: DD_GS_A_Adam_Cos_LR_0_03
2024-04-13 07:25:56,182 - INFO - Epoch: 74 |Total training time: 0h:1m:46s | Train Loss: 0.0532 | Train Balanced Accuracy: 98.1455 %
2024-04-13 07:25:56,182 - INFO - Epoch: 74 |Total validation time:0h:0m:44s | Validation Loss: 0.4799 | Validation Balanced Accuracy: 75.1330 % 
2024-04-13 07:25:56,182 - INFO - Epoch: 74 |Total testing time: 0h:0m:54s | Test Loss: 0.7197 | Test Balanced Accuracy: 78.4637 %
2024-04-13 07:25:57,221 - INFO - Saved checkpoint at epoch 74: /home/sur06423/hiwi/vit_exp/vision_tranformer_baseline/src/components/distraction_detection_d_a/grid_search_ddp/experiments_grid_search/DD_GS_A_Adam_Cos_LR_0_03/runs/checkpoints/checkpoint_DD_GS_A_Adam_Cos_LR_0_03_epoch_74.pth
2024-04-13 07:29:23,383 - INFO - This file contains logs for: DD_GS_A_Adam_Cos_LR_0_03
2024-04-13 07:29:23,384 - INFO - Epoch: 75 |Total training time: 0h:1m:46s | Train Loss: 0.0534 | Train Balanced Accuracy: 98.1739 %
2024-04-13 07:29:23,384 - INFO - Epoch: 75 |Total validation time:0h:0m:45s | Validation Loss: 0.5076 | Validation Balanced Accuracy: 74.1191 % 
2024-04-13 07:29:23,384 - INFO - Epoch: 75 |Total testing time: 0h:0m:54s | Test Loss: 0.7329 | Test Balanced Accuracy: 77.8046 %
2024-04-13 07:32:50,331 - INFO - This file contains logs for: DD_GS_A_Adam_Cos_LR_0_03
2024-04-13 07:32:50,331 - INFO - Epoch: 76 |Total training time: 0h:1m:46s | Train Loss: 0.0569 | Train Balanced Accuracy: 97.8794 %
2024-04-13 07:32:50,332 - INFO - Epoch: 76 |Total validation time:0h:0m:45s | Validation Loss: 0.4620 | Validation Balanced Accuracy: 75.5271 % 
2024-04-13 07:32:50,332 - INFO - Epoch: 76 |Total testing time: 0h:0m:54s | Test Loss: 0.7287 | Test Balanced Accuracy: 79.5619 %
2024-04-13 07:36:17,407 - INFO - This file contains logs for: DD_GS_A_Adam_Cos_LR_0_03
2024-04-13 07:36:17,408 - INFO - Epoch: 77 |Total training time: 0h:1m:47s | Train Loss: 0.0582 | Train Balanced Accuracy: 97.8480 %
2024-04-13 07:36:17,408 - INFO - Epoch: 77 |Total validation time:0h:0m:45s | Validation Loss: 0.5671 | Validation Balanced Accuracy: 73.0000 % 
2024-04-13 07:36:17,408 - INFO - Epoch: 77 |Total testing time: 0h:0m:54s | Test Loss: 0.7571 | Test Balanced Accuracy: 76.8999 %
2024-04-13 07:39:40,252 - INFO - This file contains logs for: DD_GS_A_Adam_Cos_LR_0_03
2024-04-13 07:39:40,253 - INFO - Epoch: 78 |Total training time: 0h:1m:44s | Train Loss: 0.0617 | Train Balanced Accuracy: 97.7667 %
2024-04-13 07:39:40,253 - INFO - Epoch: 78 |Total validation time:0h:0m:44s | Validation Loss: 0.5201 | Validation Balanced Accuracy: 74.2984 % 
2024-04-13 07:39:40,253 - INFO - Epoch: 78 |Total testing time: 0h:0m:53s | Test Loss: 0.7100 | Test Balanced Accuracy: 78.8071 %
2024-04-13 07:43:04,149 - INFO - This file contains logs for: DD_GS_A_Adam_Cos_LR_0_03
2024-04-13 07:43:04,150 - INFO - Epoch: 79 |Total training time: 0h:1m:44s | Train Loss: 0.0570 | Train Balanced Accuracy: 97.9315 %
2024-04-13 07:43:04,150 - INFO - Epoch: 79 |Total validation time:0h:0m:45s | Validation Loss: 0.4814 | Validation Balanced Accuracy: 75.1562 % 
2024-04-13 07:43:04,150 - INFO - Epoch: 79 |Total testing time: 0h:0m:54s | Test Loss: 0.7387 | Test Balanced Accuracy: 79.2191 %
2024-04-13 07:46:26,897 - INFO - This file contains logs for: DD_GS_A_Adam_Cos_LR_0_03
2024-04-13 07:46:26,897 - INFO - Epoch: 80 |Total training time: 0h:1m:44s | Train Loss: 0.0899 | Train Balanced Accuracy: 96.2859 %
2024-04-13 07:46:26,898 - INFO - Epoch: 80 |Total validation time:0h:0m:44s | Validation Loss: 0.8734 | Validation Balanced Accuracy: 61.1818 % 
2024-04-13 07:46:26,898 - INFO - Epoch: 80 |Total testing time: 0h:0m:54s | Test Loss: 0.8135 | Test Balanced Accuracy: 75.4046 %
2024-04-13 07:49:49,274 - INFO - This file contains logs for: DD_GS_A_Adam_Cos_LR_0_03
2024-04-13 07:49:49,274 - INFO - Epoch: 81 |Total training time: 0h:1m:44s | Train Loss: 0.0917 | Train Balanced Accuracy: 96.3491 %
2024-04-13 07:49:49,274 - INFO - Epoch: 81 |Total validation time:0h:0m:43s | Validation Loss: 0.4227 | Validation Balanced Accuracy: 78.6828 % 
2024-04-13 07:49:49,275 - INFO - Epoch: 81 |Total testing time: 0h:0m:54s | Test Loss: 0.7832 | Test Balanced Accuracy: 82.0753 %
2024-04-13 07:53:13,724 - INFO - This file contains logs for: DD_GS_A_Adam_Cos_LR_0_03
2024-04-13 07:53:13,724 - INFO - Epoch: 82 |Total training time: 0h:1m:44s | Train Loss: 0.0808 | Train Balanced Accuracy: 96.8564 %
2024-04-13 07:53:13,725 - INFO - Epoch: 82 |Total validation time:0h:0m:44s | Validation Loss: 0.4477 | Validation Balanced Accuracy: 80.4516 % 
2024-04-13 07:53:13,725 - INFO - Epoch: 82 |Total testing time: 0h:0m:54s | Test Loss: 0.8271 | Test Balanced Accuracy: 82.1644 %
2024-04-13 07:56:36,238 - INFO - This file contains logs for: DD_GS_A_Adam_Cos_LR_0_03
2024-04-13 07:56:36,238 - INFO - Epoch: 83 |Total training time: 0h:1m:44s | Train Loss: 0.0908 | Train Balanced Accuracy: 96.5968 %
2024-04-13 07:56:36,238 - INFO - Epoch: 83 |Total validation time:0h:0m:43s | Validation Loss: 0.8268 | Validation Balanced Accuracy: 66.8909 % 
2024-04-13 07:56:36,238 - INFO - Epoch: 83 |Total testing time: 0h:0m:54s | Test Loss: 0.9472 | Test Balanced Accuracy: 74.8603 %
2024-04-13 07:59:58,644 - INFO - This file contains logs for: DD_GS_A_Adam_Cos_LR_0_03
2024-04-13 07:59:58,644 - INFO - Epoch: 84 |Total training time: 0h:1m:44s | Train Loss: 0.0731 | Train Balanced Accuracy: 97.1470 %
2024-04-13 07:59:58,644 - INFO - Epoch: 84 |Total validation time:0h:0m:42s | Validation Loss: 0.4662 | Validation Balanced Accuracy: 79.0200 % 
2024-04-13 07:59:58,644 - INFO - Epoch: 84 |Total testing time: 0h:0m:55s | Test Loss: 0.7994 | Test Balanced Accuracy: 81.5819 %
2024-04-13 08:03:25,213 - INFO - This file contains logs for: DD_GS_A_Adam_Cos_LR_0_03
2024-04-13 08:03:25,213 - INFO - Epoch: 85 |Total training time: 0h:1m:45s | Train Loss: 0.0665 | Train Balanced Accuracy: 97.4568 %
2024-04-13 08:03:25,213 - INFO - Epoch: 85 |Total validation time:0h:0m:44s | Validation Loss: 0.4943 | Validation Balanced Accuracy: 76.6229 % 
2024-04-13 08:03:25,213 - INFO - Epoch: 85 |Total testing time: 0h:0m:56s | Test Loss: 0.7757 | Test Balanced Accuracy: 79.9876 %
2024-04-13 08:06:49,996 - INFO - This file contains logs for: DD_GS_A_Adam_Cos_LR_0_03
2024-04-13 08:06:49,996 - INFO - Epoch: 86 |Total training time: 0h:1m:44s | Train Loss: 0.0548 | Train Balanced Accuracy: 98.1544 %
2024-04-13 08:06:49,996 - INFO - Epoch: 86 |Total validation time:0h:0m:44s | Validation Loss: 0.5831 | Validation Balanced Accuracy: 73.5249 % 
2024-04-13 08:06:49,996 - INFO - Epoch: 86 |Total testing time: 0h:0m:55s | Test Loss: 0.7805 | Test Balanced Accuracy: 78.8891 %
2024-04-13 08:10:11,656 - INFO - This file contains logs for: DD_GS_A_Adam_Cos_LR_0_03
2024-04-13 08:10:11,657 - INFO - Epoch: 87 |Total training time: 0h:1m:44s | Train Loss: 0.0503 | Train Balanced Accuracy: 98.2156 %
2024-04-13 08:10:11,657 - INFO - Epoch: 87 |Total validation time:0h:0m:43s | Validation Loss: 0.5978 | Validation Balanced Accuracy: 73.4000 % 
2024-04-13 08:10:11,657 - INFO - Epoch: 87 |Total testing time: 0h:0m:53s | Test Loss: 0.7899 | Test Balanced Accuracy: 78.5845 %
2024-04-13 08:13:35,165 - INFO - This file contains logs for: DD_GS_A_Adam_Cos_LR_0_03
2024-04-13 08:13:35,166 - INFO - Epoch: 88 |Total training time: 0h:1m:45s | Train Loss: 0.0496 | Train Balanced Accuracy: 98.2635 %
2024-04-13 08:13:35,166 - INFO - Epoch: 88 |Total validation time:0h:0m:44s | Validation Loss: 0.5869 | Validation Balanced Accuracy: 73.6280 % 
2024-04-13 08:13:35,166 - INFO - Epoch: 88 |Total testing time: 0h:0m:53s | Test Loss: 0.7848 | Test Balanced Accuracy: 78.5937 %
2024-04-13 08:16:57,152 - INFO - This file contains logs for: DD_GS_A_Adam_Cos_LR_0_03
2024-04-13 08:16:57,152 - INFO - Epoch: 89 |Total training time: 0h:1m:45s | Train Loss: 0.0488 | Train Balanced Accuracy: 98.2962 %
2024-04-13 08:16:57,152 - INFO - Epoch: 89 |Total validation time:0h:0m:43s | Validation Loss: 0.5798 | Validation Balanced Accuracy: 73.9247 % 
2024-04-13 08:16:57,152 - INFO - Epoch: 89 |Total testing time: 0h:0m:53s | Test Loss: 0.7847 | Test Balanced Accuracy: 78.6010 %
2024-04-13 08:20:19,518 - INFO - This file contains logs for: DD_GS_A_Adam_Cos_LR_0_03
2024-04-13 08:20:19,518 - INFO - Epoch: 90 |Total training time: 0h:1m:45s | Train Loss: 0.0486 | Train Balanced Accuracy: 98.3192 %
2024-04-13 08:20:19,518 - INFO - Epoch: 90 |Total validation time:0h:0m:43s | Validation Loss: 0.5798 | Validation Balanced Accuracy: 73.9247 % 
2024-04-13 08:20:19,518 - INFO - Epoch: 90 |Total testing time: 0h:0m:53s | Test Loss: 0.7847 | Test Balanced Accuracy: 78.6010 %
2024-04-13 08:23:42,044 - INFO - This file contains logs for: DD_GS_A_Adam_Cos_LR_0_03
2024-04-13 08:23:42,044 - INFO - Epoch: 91 |Total training time: 0h:1m:45s | Train Loss: 0.0487 | Train Balanced Accuracy: 98.3227 %
2024-04-13 08:23:42,044 - INFO - Epoch: 91 |Total validation time:0h:0m:43s | Validation Loss: 0.5869 | Validation Balanced Accuracy: 73.4771 % 
2024-04-13 08:23:42,044 - INFO - Epoch: 91 |Total testing time: 0h:0m:53s | Test Loss: 0.7839 | Test Balanced Accuracy: 78.5650 %
2024-04-13 08:27:06,780 - INFO - This file contains logs for: DD_GS_A_Adam_Cos_LR_0_03
2024-04-13 08:27:06,781 - INFO - Epoch: 92 |Total training time: 0h:1m:46s | Train Loss: 0.0489 | Train Balanced Accuracy: 98.3067 %
2024-04-13 08:27:06,781 - INFO - Epoch: 92 |Total validation time:0h:0m:44s | Validation Loss: 0.5662 | Validation Balanced Accuracy: 74.0955 % 
2024-04-13 08:27:06,781 - INFO - Epoch: 92 |Total testing time: 0h:0m:54s | Test Loss: 0.7745 | Test Balanced Accuracy: 78.8375 %
2024-04-13 08:30:29,701 - INFO - This file contains logs for: DD_GS_A_Adam_Cos_LR_0_03
2024-04-13 08:30:29,702 - INFO - Epoch: 93 |Total training time: 0h:1m:46s | Train Loss: 0.0509 | Train Balanced Accuracy: 98.1502 %
2024-04-13 08:30:29,702 - INFO - Epoch: 93 |Total validation time:0h:0m:43s | Validation Loss: 0.5561 | Validation Balanced Accuracy: 74.2652 % 
2024-04-13 08:30:29,702 - INFO - Epoch: 93 |Total testing time: 0h:0m:53s | Test Loss: 0.7810 | Test Balanced Accuracy: 78.8091 %
2024-04-13 08:34:15,736 - INFO - This file contains logs for: DD_GS_A_Adam_Cos_LR_0_03
2024-04-13 08:34:15,736 - INFO - Epoch: 94 |Total training time: 0h:1m:47s | Train Loss: 0.0523 | Train Balanced Accuracy: 98.1893 %
2024-04-13 08:34:15,736 - INFO - Epoch: 94 |Total validation time:0h:0m:42s | Validation Loss: 0.6491 | Validation Balanced Accuracy: 71.9271 % 
2024-04-13 08:34:15,736 - INFO - Epoch: 94 |Total testing time: 0h:1m:15s | Test Loss: 0.8177 | Test Balanced Accuracy: 77.6470 %
2024-04-13 08:37:37,337 - INFO - This file contains logs for: DD_GS_A_Adam_Cos_LR_0_03
2024-04-13 08:37:37,337 - INFO - Epoch: 95 |Total training time: 0h:1m:45s | Train Loss: 0.0542 | Train Balanced Accuracy: 98.0635 %
2024-04-13 08:37:37,337 - INFO - Epoch: 95 |Total validation time:0h:0m:42s | Validation Loss: 0.5804 | Validation Balanced Accuracy: 73.8195 % 
2024-04-13 08:37:37,337 - INFO - Epoch: 95 |Total testing time: 0h:0m:53s | Test Loss: 0.7900 | Test Balanced Accuracy: 78.1770 %
2024-04-13 08:41:02,615 - INFO - This file contains logs for: DD_GS_A_Adam_Cos_LR_0_03
2024-04-13 08:41:02,616 - INFO - Epoch: 96 |Total training time: 0h:1m:47s | Train Loss: 0.0555 | Train Balanced Accuracy: 97.9425 %
2024-04-13 08:41:02,616 - INFO - Epoch: 96 |Total validation time:0h:0m:43s | Validation Loss: 0.8040 | Validation Balanced Accuracy: 67.5071 % 
2024-04-13 08:41:02,616 - INFO - Epoch: 96 |Total testing time: 0h:0m:53s | Test Loss: 0.9151 | Test Balanced Accuracy: 74.8161 %
2024-04-13 08:44:31,166 - INFO - This file contains logs for: DD_GS_A_Adam_Cos_LR_0_03
2024-04-13 08:44:31,167 - INFO - Epoch: 97 |Total training time: 0h:1m:48s | Train Loss: 0.0591 | Train Balanced Accuracy: 97.8271 %
2024-04-13 08:44:31,167 - INFO - Epoch: 97 |Total validation time:0h:0m:45s | Validation Loss: 0.6652 | Validation Balanced Accuracy: 72.4787 % 
2024-04-13 08:44:31,167 - INFO - Epoch: 97 |Total testing time: 0h:0m:54s | Test Loss: 0.8320 | Test Balanced Accuracy: 76.8692 %
2024-04-13 08:47:59,166 - INFO - This file contains logs for: DD_GS_A_Adam_Cos_LR_0_03
2024-04-13 08:47:59,167 - INFO - Epoch: 98 |Total training time: 0h:1m:48s | Train Loss: 0.0554 | Train Balanced Accuracy: 97.8681 %
2024-04-13 08:47:59,167 - INFO - Epoch: 98 |Total validation time:0h:0m:44s | Validation Loss: 0.5225 | Validation Balanced Accuracy: 74.7556 % 
2024-04-13 08:47:59,167 - INFO - Epoch: 98 |Total testing time: 0h:0m:54s | Test Loss: 0.7172 | Test Balanced Accuracy: 80.1830 %
2024-04-13 08:51:27,190 - INFO - This file contains logs for: DD_GS_A_Adam_Cos_LR_0_03
2024-04-13 08:51:27,190 - INFO - Epoch: 99 |Total training time: 0h:1m:48s | Train Loss: 0.0550 | Train Balanced Accuracy: 97.9466 %
2024-04-13 08:51:27,190 - INFO - Epoch: 99 |Total validation time:0h:0m:44s | Validation Loss: 0.7504 | Validation Balanced Accuracy: 68.7908 % 
2024-04-13 08:51:27,190 - INFO - Epoch: 99 |Total testing time: 0h:0m:54s | Test Loss: 0.8577 | Test Balanced Accuracy: 76.0354 %
2024-04-13 08:51:28,140 - INFO - Saved checkpoint at epoch 99: /home/sur06423/hiwi/vit_exp/vision_tranformer_baseline/src/components/distraction_detection_d_a/grid_search_ddp/experiments_grid_search/DD_GS_A_Adam_Cos_LR_0_03/runs/checkpoints/checkpoint_DD_GS_A_Adam_Cos_LR_0_03_epoch_99.pth
2024-04-13 08:51:28,141 - INFO - Total training, validation and testing time: 5h:58m:31s.
