2024-03-27 03:44:20,389 - INFO - Epoch: 0 |Total training time: 0h:1m:51s | Train Loss: 0.6478 | Train Balanced Accuracy: 72.8426 %
2024-03-27 03:44:20,389 - INFO - Epoch: 0 |Total validation time:0h:0m:45s | Validation Loss: 0.2865 | Validation Balanced Accuracy: 68.7176 % 
2024-03-27 03:44:20,389 - INFO - Epoch: 0 |Total testing time: 0h:0m:57s | Test Loss: 0.3685 | Test Balanced Accuracy: 78.6510 %
2024-03-27 03:44:21,164 - INFO - Saved checkpoint at epoch 0: /home/sur06423/hiwi/vit_exp/vision_tranformer_baseline/src/components/distraction_detection_d_a/grid_search_ddp/experiments/DD_GS_A_Adam_LR_0_01/runs/checkpoints/checkpoint_DD_GS_A_Adam_LR_0_01_epoch_0.pth
2024-03-27 03:48:16,155 - INFO - Epoch: 1 |Total training time: 0h:2m:0s | Train Loss: 0.1951 | Train Balanced Accuracy: 91.8171 %
2024-03-27 03:48:16,155 - INFO - Epoch: 1 |Total validation time:0h:0m:55s | Validation Loss: 0.3276 | Validation Balanced Accuracy: 66.9802 % 
2024-03-27 03:48:16,156 - INFO - Epoch: 1 |Total testing time: 0h:0m:58s | Test Loss: 0.3626 | Test Balanced Accuracy: 79.5170 %
2024-03-27 03:48:17,616 - INFO - Saved checkpoint at epoch 1: /home/sur06423/hiwi/vit_exp/vision_tranformer_baseline/src/components/distraction_detection_d_a/grid_search_ddp/experiments/DD_GS_A_Adam_LR_0_01/runs/checkpoints/checkpoint_DD_GS_A_Adam_LR_0_01_epoch_1.pth
2024-03-27 03:52:19,331 - INFO - Epoch: 2 |Total training time: 0h:2m:0s | Train Loss: 0.1490 | Train Balanced Accuracy: 94.4372 %
2024-03-27 03:52:19,331 - INFO - Epoch: 2 |Total validation time:0h:1m:1s | Validation Loss: 0.2965 | Validation Balanced Accuracy: 77.2547 % 
2024-03-27 03:52:19,331 - INFO - Epoch: 2 |Total testing time: 0h:0m:59s | Test Loss: 0.3533 | Test Balanced Accuracy: 82.0701 %
2024-03-27 03:52:20,036 - INFO - Saved checkpoint at epoch 2: /home/sur06423/hiwi/vit_exp/vision_tranformer_baseline/src/components/distraction_detection_d_a/grid_search_ddp/experiments/DD_GS_A_Adam_LR_0_01/runs/checkpoints/checkpoint_DD_GS_A_Adam_LR_0_01_epoch_2.pth
2024-03-27 03:56:31,301 - INFO - Epoch: 3 |Total training time: 0h:2m:7s | Train Loss: 0.1294 | Train Balanced Accuracy: 95.2783 %
2024-03-27 03:56:31,302 - INFO - Epoch: 3 |Total validation time:0h:0m:57s | Validation Loss: 0.2847 | Validation Balanced Accuracy: 82.3750 % 
2024-03-27 03:56:31,302 - INFO - Epoch: 3 |Total testing time: 0h:1m:5s | Test Loss: 0.3575 | Test Balanced Accuracy: 82.6895 %
2024-03-27 03:56:32,066 - INFO - Saved checkpoint at epoch 3: /home/sur06423/hiwi/vit_exp/vision_tranformer_baseline/src/components/distraction_detection_d_a/grid_search_ddp/experiments/DD_GS_A_Adam_LR_0_01/runs/checkpoints/checkpoint_DD_GS_A_Adam_LR_0_01_epoch_3.pth
2024-03-27 04:00:41,149 - INFO - Epoch: 4 |Total training time: 0h:2m:10s | Train Loss: 0.1195 | Train Balanced Accuracy: 95.7502 %
2024-03-27 04:00:41,150 - INFO - Epoch: 4 |Total validation time:0h:0m:58s | Validation Loss: 0.2951 | Validation Balanced Accuracy: 82.3079 % 
2024-03-27 04:00:41,150 - INFO - Epoch: 4 |Total testing time: 0h:1m:0s | Test Loss: 0.3708 | Test Balanced Accuracy: 82.7291 %
2024-03-27 04:00:42,112 - INFO - Saved checkpoint at epoch 4: /home/sur06423/hiwi/vit_exp/vision_tranformer_baseline/src/components/distraction_detection_d_a/grid_search_ddp/experiments/DD_GS_A_Adam_LR_0_01/runs/checkpoints/checkpoint_DD_GS_A_Adam_LR_0_01_epoch_4.pth
2024-03-27 04:04:49,784 - INFO - Epoch: 5 |Total training time: 0h:2m:11s | Train Loss: 0.1117 | Train Balanced Accuracy: 96.0951 %
2024-03-27 04:04:49,785 - INFO - Epoch: 5 |Total validation time:0h:0m:58s | Validation Loss: 0.2887 | Validation Balanced Accuracy: 83.6576 % 
2024-03-27 04:04:49,785 - INFO - Epoch: 5 |Total testing time: 0h:0m:58s | Test Loss: 0.3742 | Test Balanced Accuracy: 83.5296 %
2024-03-27 04:04:50,560 - INFO - Saved checkpoint at epoch 5: /home/sur06423/hiwi/vit_exp/vision_tranformer_baseline/src/components/distraction_detection_d_a/grid_search_ddp/experiments/DD_GS_A_Adam_LR_0_01/runs/checkpoints/checkpoint_DD_GS_A_Adam_LR_0_01_epoch_5.pth
2024-03-27 04:08:50,911 - INFO - Epoch: 6 |Total training time: 0h:2m:4s | Train Loss: 0.1062 | Train Balanced Accuracy: 96.3679 %
2024-03-27 04:08:50,912 - INFO - Epoch: 6 |Total validation time:0h:0m:54s | Validation Loss: 0.3314 | Validation Balanced Accuracy: 78.9032 % 
2024-03-27 04:08:50,912 - INFO - Epoch: 6 |Total testing time: 0h:1m:1s | Test Loss: 0.4009 | Test Balanced Accuracy: 80.7740 %
2024-03-27 04:08:52,337 - INFO - Saved checkpoint at epoch 6: /home/sur06423/hiwi/vit_exp/vision_tranformer_baseline/src/components/distraction_detection_d_a/grid_search_ddp/experiments/DD_GS_A_Adam_LR_0_01/runs/checkpoints/checkpoint_DD_GS_A_Adam_LR_0_01_epoch_6.pth
2024-03-27 04:12:44,539 - INFO - Epoch: 7 |Total training time: 0h:2m:0s | Train Loss: 0.1018 | Train Balanced Accuracy: 96.5134 %
2024-03-27 04:12:44,540 - INFO - Epoch: 7 |Total validation time:0h:0m:51s | Validation Loss: 0.3689 | Validation Balanced Accuracy: 75.7915 % 
2024-03-27 04:12:44,540 - INFO - Epoch: 7 |Total testing time: 0h:1m:0s | Test Loss: 0.3974 | Test Balanced Accuracy: 81.7073 %
2024-03-27 04:12:45,312 - INFO - Saved checkpoint at epoch 7: /home/sur06423/hiwi/vit_exp/vision_tranformer_baseline/src/components/distraction_detection_d_a/grid_search_ddp/experiments/DD_GS_A_Adam_LR_0_01/runs/checkpoints/checkpoint_DD_GS_A_Adam_LR_0_01_epoch_7.pth
2024-03-27 04:16:41,173 - INFO - Epoch: 8 |Total training time: 0h:1m:59s | Train Loss: 0.0996 | Train Balanced Accuracy: 96.4659 %
2024-03-27 04:16:41,173 - INFO - Epoch: 8 |Total validation time:0h:0m:54s | Validation Loss: 0.2955 | Validation Balanced Accuracy: 84.3458 % 
2024-03-27 04:16:41,173 - INFO - Epoch: 8 |Total testing time: 0h:1m:2s | Test Loss: 0.3974 | Test Balanced Accuracy: 83.5319 %
2024-03-27 04:16:42,084 - INFO - Saved checkpoint at epoch 8: /home/sur06423/hiwi/vit_exp/vision_tranformer_baseline/src/components/distraction_detection_d_a/grid_search_ddp/experiments/DD_GS_A_Adam_LR_0_01/runs/checkpoints/checkpoint_DD_GS_A_Adam_LR_0_01_epoch_8.pth
2024-03-27 04:20:43,165 - INFO - Epoch: 9 |Total training time: 0h:2m:11s | Train Loss: 0.0940 | Train Balanced Accuracy: 96.8205 %
2024-03-27 04:20:43,165 - INFO - Epoch: 9 |Total validation time:0h:0m:50s | Validation Loss: 0.3238 | Validation Balanced Accuracy: 80.8148 % 
2024-03-27 04:20:43,165 - INFO - Epoch: 9 |Total testing time: 0h:0m:59s | Test Loss: 0.4117 | Test Balanced Accuracy: 82.4046 %
2024-03-27 04:20:44,082 - INFO - Saved checkpoint at epoch 9: /home/sur06423/hiwi/vit_exp/vision_tranformer_baseline/src/components/distraction_detection_d_a/grid_search_ddp/experiments/DD_GS_A_Adam_LR_0_01/runs/checkpoints/checkpoint_DD_GS_A_Adam_LR_0_01_epoch_9.pth
2024-03-27 04:24:49,391 - INFO - Epoch: 10 |Total training time: 0h:2m:18s | Train Loss: 0.0927 | Train Balanced Accuracy: 96.7508 %
2024-03-27 04:24:49,391 - INFO - Epoch: 10 |Total validation time:0h:0m:47s | Validation Loss: 0.3286 | Validation Balanced Accuracy: 80.4550 % 
2024-03-27 04:24:49,392 - INFO - Epoch: 10 |Total testing time: 0h:0m:59s | Test Loss: 0.4336 | Test Balanced Accuracy: 81.4893 %
2024-03-27 04:24:50,794 - INFO - Saved checkpoint at epoch 10: /home/sur06423/hiwi/vit_exp/vision_tranformer_baseline/src/components/distraction_detection_d_a/grid_search_ddp/experiments/DD_GS_A_Adam_LR_0_01/runs/checkpoints/checkpoint_DD_GS_A_Adam_LR_0_01_epoch_10.pth
2024-03-27 04:29:20,136 - INFO - Epoch: 11 |Total training time: 0h:2m:27s | Train Loss: 0.0891 | Train Balanced Accuracy: 96.9669 %
2024-03-27 04:29:20,137 - INFO - Epoch: 11 |Total validation time:0h:0m:53s | Validation Loss: 0.3513 | Validation Balanced Accuracy: 79.0043 % 
2024-03-27 04:29:20,137 - INFO - Epoch: 11 |Total testing time: 0h:1m:8s | Test Loss: 0.4539 | Test Balanced Accuracy: 80.1210 %
2024-03-27 04:29:20,907 - INFO - Saved checkpoint at epoch 11: /home/sur06423/hiwi/vit_exp/vision_tranformer_baseline/src/components/distraction_detection_d_a/grid_search_ddp/experiments/DD_GS_A_Adam_LR_0_01/runs/checkpoints/checkpoint_DD_GS_A_Adam_LR_0_01_epoch_11.pth
2024-03-27 04:33:55,810 - INFO - Epoch: 12 |Total training time: 0h:2m:33s | Train Loss: 0.0884 | Train Balanced Accuracy: 97.0268 %
2024-03-27 04:33:55,813 - INFO - Epoch: 12 |Total validation time:0h:0m:55s | Validation Loss: 0.3093 | Validation Balanced Accuracy: 82.5171 % 
2024-03-27 04:33:55,814 - INFO - Epoch: 12 |Total testing time: 0h:1m:6s | Test Loss: 0.4306 | Test Balanced Accuracy: 82.8884 %
2024-03-27 04:35:40,829 - INFO - Saved checkpoint at epoch 12: /home/sur06423/hiwi/vit_exp/vision_tranformer_baseline/src/components/distraction_detection_d_a/grid_search_ddp/experiments/DD_GS_A_Adam_LR_0_01/runs/checkpoints/checkpoint_DD_GS_A_Adam_LR_0_01_epoch_12.pth
2024-03-27 04:40:22,186 - INFO - Epoch: 13 |Total training time: 0h:2m:33s | Train Loss: 0.0855 | Train Balanced Accuracy: 97.1538 %
2024-03-27 04:40:22,186 - INFO - Epoch: 13 |Total validation time:0h:0m:56s | Validation Loss: 0.3270 | Validation Balanced Accuracy: 79.9621 % 
2024-03-27 04:40:22,186 - INFO - Epoch: 13 |Total testing time: 0h:1m:10s | Test Loss: 0.4537 | Test Balanced Accuracy: 81.5750 %
2024-03-27 04:40:22,959 - INFO - Saved checkpoint at epoch 13: /home/sur06423/hiwi/vit_exp/vision_tranformer_baseline/src/components/distraction_detection_d_a/grid_search_ddp/experiments/DD_GS_A_Adam_LR_0_01/runs/checkpoints/checkpoint_DD_GS_A_Adam_LR_0_01_epoch_13.pth
2024-03-27 04:45:06,535 - INFO - Epoch: 14 |Total training time: 0h:2m:36s | Train Loss: 0.0841 | Train Balanced Accuracy: 97.1318 %
2024-03-27 04:45:06,536 - INFO - Epoch: 14 |Total validation time:0h:0m:57s | Validation Loss: 0.3141 | Validation Balanced Accuracy: 83.9766 % 
2024-03-27 04:45:06,536 - INFO - Epoch: 14 |Total testing time: 0h:1m:9s | Test Loss: 0.4419 | Test Balanced Accuracy: 82.5716 %
2024-03-27 04:45:07,570 - INFO - Saved checkpoint at epoch 14: /home/sur06423/hiwi/vit_exp/vision_tranformer_baseline/src/components/distraction_detection_d_a/grid_search_ddp/experiments/DD_GS_A_Adam_LR_0_01/runs/checkpoints/checkpoint_DD_GS_A_Adam_LR_0_01_epoch_14.pth
2024-03-27 04:49:57,084 - INFO - Epoch: 15 |Total training time: 0h:2m:40s | Train Loss: 0.0831 | Train Balanced Accuracy: 97.1420 %
2024-03-27 04:49:57,084 - INFO - Epoch: 15 |Total validation time:0h:0m:56s | Validation Loss: 0.3300 | Validation Balanced Accuracy: 80.7012 % 
2024-03-27 04:49:57,084 - INFO - Epoch: 15 |Total testing time: 0h:1m:11s | Test Loss: 0.4564 | Test Balanced Accuracy: 81.5311 %
2024-03-27 04:49:58,390 - INFO - Saved checkpoint at epoch 15: /home/sur06423/hiwi/vit_exp/vision_tranformer_baseline/src/components/distraction_detection_d_a/grid_search_ddp/experiments/DD_GS_A_Adam_LR_0_01/runs/checkpoints/checkpoint_DD_GS_A_Adam_LR_0_01_epoch_15.pth
2024-03-27 04:54:48,194 - INFO - Epoch: 16 |Total training time: 0h:2m:37s | Train Loss: 0.0823 | Train Balanced Accuracy: 97.2193 %
2024-03-27 04:54:48,195 - INFO - Epoch: 16 |Total validation time:0h:1m:0s | Validation Loss: 0.3196 | Validation Balanced Accuracy: 84.2200 % 
2024-03-27 04:54:48,195 - INFO - Epoch: 16 |Total testing time: 0h:1m:11s | Test Loss: 0.4660 | Test Balanced Accuracy: 83.2855 %
2024-03-27 04:54:49,023 - INFO - Saved checkpoint at epoch 16: /home/sur06423/hiwi/vit_exp/vision_tranformer_baseline/src/components/distraction_detection_d_a/grid_search_ddp/experiments/DD_GS_A_Adam_LR_0_01/runs/checkpoints/checkpoint_DD_GS_A_Adam_LR_0_01_epoch_16.pth
2024-03-27 04:59:28,955 - INFO - Epoch: 17 |Total training time: 0h:2m:36s | Train Loss: 0.0863 | Train Balanced Accuracy: 96.8455 %
2024-03-27 04:59:28,956 - INFO - Epoch: 17 |Total validation time:0h:0m:55s | Validation Loss: 0.3868 | Validation Balanced Accuracy: 76.8876 % 
2024-03-27 04:59:28,956 - INFO - Epoch: 17 |Total testing time: 0h:1m:7s | Test Loss: 0.4638 | Test Balanced Accuracy: 80.9227 %
2024-03-27 04:59:29,721 - INFO - Saved checkpoint at epoch 17: /home/sur06423/hiwi/vit_exp/vision_tranformer_baseline/src/components/distraction_detection_d_a/grid_search_ddp/experiments/DD_GS_A_Adam_LR_0_01/runs/checkpoints/checkpoint_DD_GS_A_Adam_LR_0_01_epoch_17.pth
2024-03-27 05:04:11,045 - INFO - Epoch: 18 |Total training time: 0h:2m:37s | Train Loss: 0.0802 | Train Balanced Accuracy: 97.1936 %
2024-03-27 05:04:11,046 - INFO - Epoch: 18 |Total validation time:0h:0m:55s | Validation Loss: 0.3270 | Validation Balanced Accuracy: 81.9772 % 
2024-03-27 05:04:11,046 - INFO - Epoch: 18 |Total testing time: 0h:1m:8s | Test Loss: 0.4669 | Test Balanced Accuracy: 81.9813 %
2024-03-27 05:04:12,130 - INFO - Saved checkpoint at epoch 18: /home/sur06423/hiwi/vit_exp/vision_tranformer_baseline/src/components/distraction_detection_d_a/grid_search_ddp/experiments/DD_GS_A_Adam_LR_0_01/runs/checkpoints/checkpoint_DD_GS_A_Adam_LR_0_01_epoch_18.pth
2024-03-27 05:09:04,769 - INFO - Epoch: 19 |Total training time: 0h:2m:40s | Train Loss: 0.0795 | Train Balanced Accuracy: 97.2462 %
2024-03-27 05:09:04,770 - INFO - Epoch: 19 |Total validation time:0h:0m:58s | Validation Loss: 0.3274 | Validation Balanced Accuracy: 81.5653 % 
2024-03-27 05:09:04,770 - INFO - Epoch: 19 |Total testing time: 0h:1m:13s | Test Loss: 0.4760 | Test Balanced Accuracy: 81.8913 %
2024-03-27 05:09:06,399 - INFO - Saved checkpoint at epoch 19: /home/sur06423/hiwi/vit_exp/vision_tranformer_baseline/src/components/distraction_detection_d_a/grid_search_ddp/experiments/DD_GS_A_Adam_LR_0_01/runs/checkpoints/checkpoint_DD_GS_A_Adam_LR_0_01_epoch_19.pth
2024-03-27 05:13:58,608 - INFO - Epoch: 20 |Total training time: 0h:2m:39s | Train Loss: 0.0792 | Train Balanced Accuracy: 97.2777 %
2024-03-27 05:13:58,612 - INFO - Epoch: 20 |Total validation time:0h:0m:59s | Validation Loss: 0.3388 | Validation Balanced Accuracy: 80.7503 % 
2024-03-27 05:13:58,612 - INFO - Epoch: 20 |Total testing time: 0h:1m:12s | Test Loss: 0.4667 | Test Balanced Accuracy: 81.9142 %
2024-03-27 05:13:59,783 - INFO - Saved checkpoint at epoch 20: /home/sur06423/hiwi/vit_exp/vision_tranformer_baseline/src/components/distraction_detection_d_a/grid_search_ddp/experiments/DD_GS_A_Adam_LR_0_01/runs/checkpoints/checkpoint_DD_GS_A_Adam_LR_0_01_epoch_20.pth
2024-03-27 05:18:50,057 - INFO - Epoch: 21 |Total training time: 0h:2m:41s | Train Loss: 0.0769 | Train Balanced Accuracy: 97.3741 %
2024-03-27 05:18:50,057 - INFO - Epoch: 21 |Total validation time:0h:0m:58s | Validation Loss: 0.3545 | Validation Balanced Accuracy: 79.3585 % 
2024-03-27 05:18:50,058 - INFO - Epoch: 21 |Total testing time: 0h:1m:9s | Test Loss: 0.4652 | Test Balanced Accuracy: 82.2180 %
2024-03-27 05:18:50,919 - INFO - Saved checkpoint at epoch 21: /home/sur06423/hiwi/vit_exp/vision_tranformer_baseline/src/components/distraction_detection_d_a/grid_search_ddp/experiments/DD_GS_A_Adam_LR_0_01/runs/checkpoints/checkpoint_DD_GS_A_Adam_LR_0_01_epoch_21.pth
2024-03-27 05:23:38,329 - INFO - Epoch: 22 |Total training time: 0h:2m:39s | Train Loss: 0.0754 | Train Balanced Accuracy: 97.4450 %
2024-03-27 05:23:38,330 - INFO - Epoch: 22 |Total validation time:0h:0m:54s | Validation Loss: 0.3423 | Validation Balanced Accuracy: 80.6348 % 
2024-03-27 05:23:38,330 - INFO - Epoch: 22 |Total testing time: 0h:1m:12s | Test Loss: 0.4829 | Test Balanced Accuracy: 81.3304 %
2024-03-27 05:23:39,114 - INFO - Saved checkpoint at epoch 22: /home/sur06423/hiwi/vit_exp/vision_tranformer_baseline/src/components/distraction_detection_d_a/grid_search_ddp/experiments/DD_GS_A_Adam_LR_0_01/runs/checkpoints/checkpoint_DD_GS_A_Adam_LR_0_01_epoch_22.pth
2024-03-27 05:28:32,106 - INFO - Epoch: 23 |Total training time: 0h:2m:41s | Train Loss: 0.0746 | Train Balanced Accuracy: 97.4644 %
2024-03-27 05:28:32,107 - INFO - Epoch: 23 |Total validation time:0h:0m:57s | Validation Loss: 0.3318 | Validation Balanced Accuracy: 81.8298 % 
2024-03-27 05:28:32,107 - INFO - Epoch: 23 |Total testing time: 0h:1m:13s | Test Loss: 0.4829 | Test Balanced Accuracy: 82.3028 %
2024-03-27 05:28:33,404 - INFO - Saved checkpoint at epoch 23: /home/sur06423/hiwi/vit_exp/vision_tranformer_baseline/src/components/distraction_detection_d_a/grid_search_ddp/experiments/DD_GS_A_Adam_LR_0_01/runs/checkpoints/checkpoint_DD_GS_A_Adam_LR_0_01_epoch_23.pth
2024-03-27 05:33:23,152 - INFO - Epoch: 24 |Total training time: 0h:2m:35s | Train Loss: 0.0751 | Train Balanced Accuracy: 97.4236 %
2024-03-27 05:33:23,153 - INFO - Epoch: 24 |Total validation time:0h:1m:1s | Validation Loss: 0.3623 | Validation Balanced Accuracy: 78.6146 % 
2024-03-27 05:33:23,153 - INFO - Epoch: 24 |Total testing time: 0h:1m:12s | Test Loss: 0.5147 | Test Balanced Accuracy: 80.7184 %
2024-03-27 05:33:24,271 - INFO - Saved checkpoint at epoch 24: /home/sur06423/hiwi/vit_exp/vision_tranformer_baseline/src/components/distraction_detection_d_a/grid_search_ddp/experiments/DD_GS_A_Adam_LR_0_01/runs/checkpoints/checkpoint_DD_GS_A_Adam_LR_0_01_epoch_24.pth
2024-03-27 05:38:16,836 - INFO - Epoch: 25 |Total training time: 0h:2m:42s | Train Loss: 0.0728 | Train Balanced Accuracy: 97.4437 %
2024-03-27 05:38:16,837 - INFO - Epoch: 25 |Total validation time:0h:0m:58s | Validation Loss: 0.3343 | Validation Balanced Accuracy: 82.6925 % 
2024-03-27 05:38:16,837 - INFO - Epoch: 25 |Total testing time: 0h:1m:11s | Test Loss: 0.5151 | Test Balanced Accuracy: 81.9522 %
2024-03-27 05:38:18,145 - INFO - Saved checkpoint at epoch 25: /home/sur06423/hiwi/vit_exp/vision_tranformer_baseline/src/components/distraction_detection_d_a/grid_search_ddp/experiments/DD_GS_A_Adam_LR_0_01/runs/checkpoints/checkpoint_DD_GS_A_Adam_LR_0_01_epoch_25.pth
2024-03-27 05:43:11,833 - INFO - Epoch: 26 |Total training time: 0h:2m:42s | Train Loss: 0.0729 | Train Balanced Accuracy: 97.4693 %
2024-03-27 05:43:11,884 - INFO - Epoch: 26 |Total validation time:0h:0m:57s | Validation Loss: 0.3460 | Validation Balanced Accuracy: 80.3780 % 
2024-03-27 05:43:11,884 - INFO - Epoch: 26 |Total testing time: 0h:1m:13s | Test Loss: 0.4946 | Test Balanced Accuracy: 82.1780 %
2024-03-27 05:43:17,685 - INFO - Saved checkpoint at epoch 26: /home/sur06423/hiwi/vit_exp/vision_tranformer_baseline/src/components/distraction_detection_d_a/grid_search_ddp/experiments/DD_GS_A_Adam_LR_0_01/runs/checkpoints/checkpoint_DD_GS_A_Adam_LR_0_01_epoch_26.pth
2024-03-27 05:48:07,364 - INFO - Epoch: 27 |Total training time: 0h:2m:37s | Train Loss: 0.0728 | Train Balanced Accuracy: 97.5214 %
2024-03-27 05:48:07,365 - INFO - Epoch: 27 |Total validation time:0h:0m:59s | Validation Loss: 0.3950 | Validation Balanced Accuracy: 77.5352 % 
2024-03-27 05:48:07,365 - INFO - Epoch: 27 |Total testing time: 0h:1m:12s | Test Loss: 0.5245 | Test Balanced Accuracy: 79.9218 %
2024-03-27 05:48:08,979 - INFO - Saved checkpoint at epoch 27: /home/sur06423/hiwi/vit_exp/vision_tranformer_baseline/src/components/distraction_detection_d_a/grid_search_ddp/experiments/DD_GS_A_Adam_LR_0_01/runs/checkpoints/checkpoint_DD_GS_A_Adam_LR_0_01_epoch_27.pth
2024-03-27 05:52:57,243 - INFO - Epoch: 28 |Total training time: 0h:2m:38s | Train Loss: 0.0718 | Train Balanced Accuracy: 97.5464 %
2024-03-27 05:52:57,244 - INFO - Epoch: 28 |Total validation time:0h:0m:58s | Validation Loss: 0.3662 | Validation Balanced Accuracy: 78.7251 % 
2024-03-27 05:52:57,244 - INFO - Epoch: 28 |Total testing time: 0h:1m:12s | Test Loss: 0.5126 | Test Balanced Accuracy: 80.6132 %
2024-03-27 05:52:58,409 - INFO - Saved checkpoint at epoch 28: /home/sur06423/hiwi/vit_exp/vision_tranformer_baseline/src/components/distraction_detection_d_a/grid_search_ddp/experiments/DD_GS_A_Adam_LR_0_01/runs/checkpoints/checkpoint_DD_GS_A_Adam_LR_0_01_epoch_28.pth
2024-03-27 05:57:56,924 - INFO - Epoch: 29 |Total training time: 0h:2m:42s | Train Loss: 0.0739 | Train Balanced Accuracy: 97.4373 %
2024-03-27 05:57:56,924 - INFO - Epoch: 29 |Total validation time:0h:0m:57s | Validation Loss: 0.3498 | Validation Balanced Accuracy: 81.1089 % 
2024-03-27 05:57:56,924 - INFO - Epoch: 29 |Total testing time: 0h:1m:18s | Test Loss: 0.5304 | Test Balanced Accuracy: 81.7567 %
2024-03-27 05:57:57,664 - INFO - Saved checkpoint at epoch 29: /home/sur06423/hiwi/vit_exp/vision_tranformer_baseline/src/components/distraction_detection_d_a/grid_search_ddp/experiments/DD_GS_A_Adam_LR_0_01/runs/checkpoints/checkpoint_DD_GS_A_Adam_LR_0_01_epoch_29.pth
2024-03-27 06:02:49,070 - INFO - Epoch: 30 |Total training time: 0h:2m:42s | Train Loss: 0.0730 | Train Balanced Accuracy: 97.3407 %
2024-03-27 06:02:49,070 - INFO - Epoch: 30 |Total validation time:0h:0m:57s | Validation Loss: 0.3411 | Validation Balanced Accuracy: 84.1233 % 
2024-03-27 06:02:49,071 - INFO - Epoch: 30 |Total testing time: 0h:1m:11s | Test Loss: 0.5265 | Test Balanced Accuracy: 82.7418 %
2024-03-27 06:02:50,482 - INFO - Saved checkpoint at epoch 30: /home/sur06423/hiwi/vit_exp/vision_tranformer_baseline/src/components/distraction_detection_d_a/grid_search_ddp/experiments/DD_GS_A_Adam_LR_0_01/runs/checkpoints/checkpoint_DD_GS_A_Adam_LR_0_01_epoch_30.pth
2024-03-27 06:07:50,220 - INFO - Epoch: 31 |Total training time: 0h:2m:38s | Train Loss: 0.0750 | Train Balanced Accuracy: 97.3958 %
2024-03-27 06:07:50,222 - INFO - Epoch: 31 |Total validation time:0h:0m:58s | Validation Loss: 0.3534 | Validation Balanced Accuracy: 80.1847 % 
2024-03-27 06:07:50,222 - INFO - Epoch: 31 |Total testing time: 0h:1m:22s | Test Loss: 0.5229 | Test Balanced Accuracy: 81.7323 %
2024-03-27 06:07:51,542 - INFO - Saved checkpoint at epoch 31: /home/sur06423/hiwi/vit_exp/vision_tranformer_baseline/src/components/distraction_detection_d_a/grid_search_ddp/experiments/DD_GS_A_Adam_LR_0_01/runs/checkpoints/checkpoint_DD_GS_A_Adam_LR_0_01_epoch_31.pth
2024-03-27 06:12:40,395 - INFO - Epoch: 32 |Total training time: 0h:2m:38s | Train Loss: 0.0701 | Train Balanced Accuracy: 97.5603 %
2024-03-27 06:12:40,439 - INFO - Epoch: 32 |Total validation time:0h:0m:56s | Validation Loss: 0.3792 | Validation Balanced Accuracy: 78.4243 % 
2024-03-27 06:12:40,439 - INFO - Epoch: 32 |Total testing time: 0h:1m:14s | Test Loss: 0.5247 | Test Balanced Accuracy: 80.5344 %
2024-03-27 06:12:42,956 - INFO - Saved checkpoint at epoch 32: /home/sur06423/hiwi/vit_exp/vision_tranformer_baseline/src/components/distraction_detection_d_a/grid_search_ddp/experiments/DD_GS_A_Adam_LR_0_01/runs/checkpoints/checkpoint_DD_GS_A_Adam_LR_0_01_epoch_32.pth
2024-03-27 06:17:38,246 - INFO - Epoch: 33 |Total training time: 0h:2m:38s | Train Loss: 0.0699 | Train Balanced Accuracy: 97.6868 %
2024-03-27 06:17:38,247 - INFO - Epoch: 33 |Total validation time:0h:1m:1s | Validation Loss: 0.3986 | Validation Balanced Accuracy: 77.2917 % 
2024-03-27 06:17:38,248 - INFO - Epoch: 33 |Total testing time: 0h:1m:14s | Test Loss: 0.5396 | Test Balanced Accuracy: 79.8770 %
2024-03-27 06:17:40,598 - INFO - Saved checkpoint at epoch 33: /home/sur06423/hiwi/vit_exp/vision_tranformer_baseline/src/components/distraction_detection_d_a/grid_search_ddp/experiments/DD_GS_A_Adam_LR_0_01/runs/checkpoints/checkpoint_DD_GS_A_Adam_LR_0_01_epoch_33.pth
2024-03-27 06:22:29,615 - INFO - Epoch: 34 |Total training time: 0h:2m:37s | Train Loss: 0.0674 | Train Balanced Accuracy: 97.6993 %
2024-03-27 06:22:29,616 - INFO - Epoch: 34 |Total validation time:0h:0m:59s | Validation Loss: 0.3739 | Validation Balanced Accuracy: 78.6856 % 
2024-03-27 06:22:29,616 - INFO - Epoch: 34 |Total testing time: 0h:1m:12s | Test Loss: 0.5236 | Test Balanced Accuracy: 80.7332 %
2024-03-27 06:22:31,264 - INFO - Saved checkpoint at epoch 34: /home/sur06423/hiwi/vit_exp/vision_tranformer_baseline/src/components/distraction_detection_d_a/grid_search_ddp/experiments/DD_GS_A_Adam_LR_0_01/runs/checkpoints/checkpoint_DD_GS_A_Adam_LR_0_01_epoch_34.pth
2024-03-27 06:27:17,925 - INFO - Epoch: 35 |Total training time: 0h:2m:37s | Train Loss: 0.0668 | Train Balanced Accuracy: 97.8515 %
2024-03-27 06:27:17,926 - INFO - Epoch: 35 |Total validation time:0h:0m:56s | Validation Loss: 0.4145 | Validation Balanced Accuracy: 75.6048 % 
2024-03-27 06:27:17,926 - INFO - Epoch: 35 |Total testing time: 0h:1m:12s | Test Loss: 0.5317 | Test Balanced Accuracy: 80.3922 %
2024-03-27 06:27:18,961 - INFO - Saved checkpoint at epoch 35: /home/sur06423/hiwi/vit_exp/vision_tranformer_baseline/src/components/distraction_detection_d_a/grid_search_ddp/experiments/DD_GS_A_Adam_LR_0_01/runs/checkpoints/checkpoint_DD_GS_A_Adam_LR_0_01_epoch_35.pth
2024-03-27 06:32:07,088 - INFO - Epoch: 36 |Total training time: 0h:2m:38s | Train Loss: 0.0674 | Train Balanced Accuracy: 97.6689 %
2024-03-27 06:32:07,136 - INFO - Epoch: 36 |Total validation time:0h:0m:58s | Validation Loss: 0.3621 | Validation Balanced Accuracy: 80.3968 % 
2024-03-27 06:32:07,136 - INFO - Epoch: 36 |Total testing time: 0h:1m:10s | Test Loss: 0.5320 | Test Balanced Accuracy: 81.1338 %
2024-03-27 06:32:09,875 - INFO - Saved checkpoint at epoch 36: /home/sur06423/hiwi/vit_exp/vision_tranformer_baseline/src/components/distraction_detection_d_a/grid_search_ddp/experiments/DD_GS_A_Adam_LR_0_01/runs/checkpoints/checkpoint_DD_GS_A_Adam_LR_0_01_epoch_36.pth
2024-03-27 06:37:02,206 - INFO - Epoch: 37 |Total training time: 0h:2m:39s | Train Loss: 0.0664 | Train Balanced Accuracy: 97.8738 %
2024-03-27 06:37:02,225 - INFO - Epoch: 37 |Total validation time:0h:0m:58s | Validation Loss: 0.3756 | Validation Balanced Accuracy: 78.1997 % 
2024-03-27 06:37:02,225 - INFO - Epoch: 37 |Total testing time: 0h:1m:13s | Test Loss: 0.5178 | Test Balanced Accuracy: 80.9178 %
2024-03-27 06:37:03,555 - INFO - Saved checkpoint at epoch 37: /home/sur06423/hiwi/vit_exp/vision_tranformer_baseline/src/components/distraction_detection_d_a/grid_search_ddp/experiments/DD_GS_A_Adam_LR_0_01/runs/checkpoints/checkpoint_DD_GS_A_Adam_LR_0_01_epoch_37.pth
2024-03-27 06:41:56,226 - INFO - Epoch: 38 |Total training time: 0h:2m:40s | Train Loss: 0.0648 | Train Balanced Accuracy: 97.8634 %
2024-03-27 06:41:56,330 - INFO - Epoch: 38 |Total validation time:0h:0m:59s | Validation Loss: 0.3991 | Validation Balanced Accuracy: 77.0338 % 
2024-03-27 06:41:56,330 - INFO - Epoch: 38 |Total testing time: 0h:1m:12s | Test Loss: 0.5395 | Test Balanced Accuracy: 80.2727 %
2024-03-27 06:41:58,495 - INFO - Saved checkpoint at epoch 38: /home/sur06423/hiwi/vit_exp/vision_tranformer_baseline/src/components/distraction_detection_d_a/grid_search_ddp/experiments/DD_GS_A_Adam_LR_0_01/runs/checkpoints/checkpoint_DD_GS_A_Adam_LR_0_01_epoch_38.pth
2024-03-27 06:46:45,174 - INFO - Epoch: 39 |Total training time: 0h:2m:37s | Train Loss: 0.0658 | Train Balanced Accuracy: 97.8071 %
2024-03-27 06:46:45,197 - INFO - Epoch: 39 |Total validation time:0h:0m:56s | Validation Loss: 0.3660 | Validation Balanced Accuracy: 78.4694 % 
2024-03-27 06:46:45,198 - INFO - Epoch: 39 |Total testing time: 0h:1m:13s | Test Loss: 0.5296 | Test Balanced Accuracy: 81.1533 %
2024-03-27 06:46:46,382 - INFO - Saved checkpoint at epoch 39: /home/sur06423/hiwi/vit_exp/vision_tranformer_baseline/src/components/distraction_detection_d_a/grid_search_ddp/experiments/DD_GS_A_Adam_LR_0_01/runs/checkpoints/checkpoint_DD_GS_A_Adam_LR_0_01_epoch_39.pth
2024-03-27 06:51:37,871 - INFO - Epoch: 40 |Total training time: 0h:2m:39s | Train Loss: 0.0654 | Train Balanced Accuracy: 97.8431 %
2024-03-27 06:51:37,871 - INFO - Epoch: 40 |Total validation time:0h:0m:59s | Validation Loss: 0.3556 | Validation Balanced Accuracy: 80.5378 % 
2024-03-27 06:51:37,872 - INFO - Epoch: 40 |Total testing time: 0h:1m:12s | Test Loss: 0.5573 | Test Balanced Accuracy: 81.0013 %
2024-03-27 06:51:38,957 - INFO - Saved checkpoint at epoch 40: /home/sur06423/hiwi/vit_exp/vision_tranformer_baseline/src/components/distraction_detection_d_a/grid_search_ddp/experiments/DD_GS_A_Adam_LR_0_01/runs/checkpoints/checkpoint_DD_GS_A_Adam_LR_0_01_epoch_40.pth
2024-03-27 06:56:28,491 - INFO - Epoch: 41 |Total training time: 0h:2m:38s | Train Loss: 0.0653 | Train Balanced Accuracy: 97.8752 %
2024-03-27 06:56:28,491 - INFO - Epoch: 41 |Total validation time:0h:0m:59s | Validation Loss: 0.3890 | Validation Balanced Accuracy: 77.3692 % 
2024-03-27 06:56:28,491 - INFO - Epoch: 41 |Total testing time: 0h:1m:11s | Test Loss: 0.5390 | Test Balanced Accuracy: 80.4788 %
2024-03-27 06:56:29,789 - INFO - Saved checkpoint at epoch 41: /home/sur06423/hiwi/vit_exp/vision_tranformer_baseline/src/components/distraction_detection_d_a/grid_search_ddp/experiments/DD_GS_A_Adam_LR_0_01/runs/checkpoints/checkpoint_DD_GS_A_Adam_LR_0_01_epoch_41.pth
2024-03-27 07:01:20,128 - INFO - Epoch: 42 |Total training time: 0h:2m:42s | Train Loss: 0.0648 | Train Balanced Accuracy: 97.9036 %
2024-03-27 07:01:20,129 - INFO - Epoch: 42 |Total validation time:0h:0m:58s | Validation Loss: 0.3824 | Validation Balanced Accuracy: 78.0134 % 
2024-03-27 07:01:20,129 - INFO - Epoch: 42 |Total testing time: 0h:1m:9s | Test Loss: 0.5562 | Test Balanced Accuracy: 80.1819 %
2024-03-27 07:01:21,558 - INFO - Saved checkpoint at epoch 42: /home/sur06423/hiwi/vit_exp/vision_tranformer_baseline/src/components/distraction_detection_d_a/grid_search_ddp/experiments/DD_GS_A_Adam_LR_0_01/runs/checkpoints/checkpoint_DD_GS_A_Adam_LR_0_01_epoch_42.pth
2024-03-27 07:06:07,175 - INFO - Epoch: 43 |Total training time: 0h:2m:38s | Train Loss: 0.0655 | Train Balanced Accuracy: 97.8244 %
2024-03-27 07:06:07,176 - INFO - Epoch: 43 |Total validation time:0h:0m:57s | Validation Loss: 0.3868 | Validation Balanced Accuracy: 77.4367 % 
2024-03-27 07:06:07,176 - INFO - Epoch: 43 |Total testing time: 0h:1m:10s | Test Loss: 0.5541 | Test Balanced Accuracy: 80.2903 %
2024-03-27 07:06:09,024 - INFO - Saved checkpoint at epoch 43: /home/sur06423/hiwi/vit_exp/vision_tranformer_baseline/src/components/distraction_detection_d_a/grid_search_ddp/experiments/DD_GS_A_Adam_LR_0_01/runs/checkpoints/checkpoint_DD_GS_A_Adam_LR_0_01_epoch_43.pth
2024-03-27 07:10:58,344 - INFO - Epoch: 44 |Total training time: 0h:2m:40s | Train Loss: 0.0662 | Train Balanced Accuracy: 97.7265 %
2024-03-27 07:10:58,345 - INFO - Epoch: 44 |Total validation time:0h:0m:57s | Validation Loss: 0.4126 | Validation Balanced Accuracy: 75.6585 % 
2024-03-27 07:10:58,345 - INFO - Epoch: 44 |Total testing time: 0h:1m:11s | Test Loss: 0.5834 | Test Balanced Accuracy: 79.1108 %
2024-03-27 07:10:59,409 - INFO - Saved checkpoint at epoch 44: /home/sur06423/hiwi/vit_exp/vision_tranformer_baseline/src/components/distraction_detection_d_a/grid_search_ddp/experiments/DD_GS_A_Adam_LR_0_01/runs/checkpoints/checkpoint_DD_GS_A_Adam_LR_0_01_epoch_44.pth
2024-03-27 07:15:47,475 - INFO - Epoch: 45 |Total training time: 0h:2m:39s | Train Loss: 0.0646 | Train Balanced Accuracy: 97.7884 %
2024-03-27 07:15:47,476 - INFO - Epoch: 45 |Total validation time:0h:0m:58s | Validation Loss: 0.3833 | Validation Balanced Accuracy: 77.8499 % 
2024-03-27 07:15:47,476 - INFO - Epoch: 45 |Total testing time: 0h:1m:10s | Test Loss: 0.5544 | Test Balanced Accuracy: 80.2573 %
2024-03-27 07:15:49,607 - INFO - Saved checkpoint at epoch 45: /home/sur06423/hiwi/vit_exp/vision_tranformer_baseline/src/components/distraction_detection_d_a/grid_search_ddp/experiments/DD_GS_A_Adam_LR_0_01/runs/checkpoints/checkpoint_DD_GS_A_Adam_LR_0_01_epoch_45.pth
2024-03-27 07:20:30,094 - INFO - Epoch: 46 |Total training time: 0h:2m:36s | Train Loss: 0.0639 | Train Balanced Accuracy: 97.8320 %
2024-03-27 07:20:30,094 - INFO - Epoch: 46 |Total validation time:0h:0m:54s | Validation Loss: 0.3766 | Validation Balanced Accuracy: 77.9813 % 
2024-03-27 07:20:30,094 - INFO - Epoch: 46 |Total testing time: 0h:1m:9s | Test Loss: 0.5479 | Test Balanced Accuracy: 80.9762 %
2024-03-27 07:20:30,986 - INFO - Saved checkpoint at epoch 46: /home/sur06423/hiwi/vit_exp/vision_tranformer_baseline/src/components/distraction_detection_d_a/grid_search_ddp/experiments/DD_GS_A_Adam_LR_0_01/runs/checkpoints/checkpoint_DD_GS_A_Adam_LR_0_01_epoch_46.pth
2024-03-27 07:25:20,133 - INFO - Epoch: 47 |Total training time: 0h:2m:39s | Train Loss: 0.0634 | Train Balanced Accuracy: 97.8848 %
2024-03-27 07:25:20,219 - INFO - Epoch: 47 |Total validation time:0h:0m:58s | Validation Loss: 0.3980 | Validation Balanced Accuracy: 76.8051 % 
2024-03-27 07:25:20,220 - INFO - Epoch: 47 |Total testing time: 0h:1m:11s | Test Loss: 0.5556 | Test Balanced Accuracy: 80.1424 %
2024-03-27 07:25:22,296 - INFO - Saved checkpoint at epoch 47: /home/sur06423/hiwi/vit_exp/vision_tranformer_baseline/src/components/distraction_detection_d_a/grid_search_ddp/experiments/DD_GS_A_Adam_LR_0_01/runs/checkpoints/checkpoint_DD_GS_A_Adam_LR_0_01_epoch_47.pth
2024-03-27 07:30:14,038 - INFO - Epoch: 48 |Total training time: 0h:2m:38s | Train Loss: 0.0643 | Train Balanced Accuracy: 97.7946 %
2024-03-27 07:30:14,039 - INFO - Epoch: 48 |Total validation time:0h:0m:59s | Validation Loss: 0.3948 | Validation Balanced Accuracy: 77.1784 % 
2024-03-27 07:30:14,039 - INFO - Epoch: 48 |Total testing time: 0h:1m:14s | Test Loss: 0.5547 | Test Balanced Accuracy: 80.0426 %
2024-03-27 07:30:15,065 - INFO - Saved checkpoint at epoch 48: /home/sur06423/hiwi/vit_exp/vision_tranformer_baseline/src/components/distraction_detection_d_a/grid_search_ddp/experiments/DD_GS_A_Adam_LR_0_01/runs/checkpoints/checkpoint_DD_GS_A_Adam_LR_0_01_epoch_48.pth
2024-03-27 07:35:07,327 - INFO - Epoch: 49 |Total training time: 0h:2m:41s | Train Loss: 0.0622 | Train Balanced Accuracy: 97.9661 %
2024-03-27 07:35:07,330 - INFO - Epoch: 49 |Total validation time:0h:0m:59s | Validation Loss: 0.3794 | Validation Balanced Accuracy: 78.3174 % 
2024-03-27 07:35:07,330 - INFO - Epoch: 49 |Total testing time: 0h:1m:11s | Test Loss: 0.5586 | Test Balanced Accuracy: 80.4835 %
2024-03-27 07:35:08,761 - INFO - Saved checkpoint at epoch 49: /home/sur06423/hiwi/vit_exp/vision_tranformer_baseline/src/components/distraction_detection_d_a/grid_search_ddp/experiments/DD_GS_A_Adam_LR_0_01/runs/checkpoints/checkpoint_DD_GS_A_Adam_LR_0_01_epoch_49.pth
2024-03-27 07:39:53,824 - INFO - Epoch: 50 |Total training time: 0h:2m:40s | Train Loss: 0.0623 | Train Balanced Accuracy: 97.9398 %
2024-03-27 07:39:53,836 - INFO - Epoch: 50 |Total validation time:0h:0m:54s | Validation Loss: 0.4049 | Validation Balanced Accuracy: 76.1911 % 
2024-03-27 07:39:53,837 - INFO - Epoch: 50 |Total testing time: 0h:1m:9s | Test Loss: 0.5675 | Test Balanced Accuracy: 79.9745 %
2024-03-27 07:39:55,049 - INFO - Saved checkpoint at epoch 50: /home/sur06423/hiwi/vit_exp/vision_tranformer_baseline/src/components/distraction_detection_d_a/grid_search_ddp/experiments/DD_GS_A_Adam_LR_0_01/runs/checkpoints/checkpoint_DD_GS_A_Adam_LR_0_01_epoch_50.pth
2024-03-27 07:44:41,737 - INFO - Epoch: 51 |Total training time: 0h:2m:38s | Train Loss: 0.0622 | Train Balanced Accuracy: 97.9501 %
2024-03-27 07:44:41,738 - INFO - Epoch: 51 |Total validation time:0h:0m:56s | Validation Loss: 0.3859 | Validation Balanced Accuracy: 77.7389 % 
2024-03-27 07:44:41,738 - INFO - Epoch: 51 |Total testing time: 0h:1m:11s | Test Loss: 0.5598 | Test Balanced Accuracy: 80.6929 %
2024-03-27 07:44:42,694 - INFO - Saved checkpoint at epoch 51: /home/sur06423/hiwi/vit_exp/vision_tranformer_baseline/src/components/distraction_detection_d_a/grid_search_ddp/experiments/DD_GS_A_Adam_LR_0_01/runs/checkpoints/checkpoint_DD_GS_A_Adam_LR_0_01_epoch_51.pth
2024-03-27 07:49:39,186 - INFO - Epoch: 52 |Total training time: 0h:2m:44s | Train Loss: 0.0615 | Train Balanced Accuracy: 97.9647 %
2024-03-27 07:49:39,186 - INFO - Epoch: 52 |Total validation time:0h:0m:59s | Validation Loss: 0.3851 | Validation Balanced Accuracy: 77.9086 % 
2024-03-27 07:49:39,186 - INFO - Epoch: 52 |Total testing time: 0h:1m:12s | Test Loss: 0.5614 | Test Balanced Accuracy: 80.5115 %
2024-03-27 07:49:40,526 - INFO - Saved checkpoint at epoch 52: /home/sur06423/hiwi/vit_exp/vision_tranformer_baseline/src/components/distraction_detection_d_a/grid_search_ddp/experiments/DD_GS_A_Adam_LR_0_01/runs/checkpoints/checkpoint_DD_GS_A_Adam_LR_0_01_epoch_52.pth
2024-03-27 07:54:26,891 - INFO - Epoch: 53 |Total training time: 0h:2m:38s | Train Loss: 0.0615 | Train Balanced Accuracy: 97.9828 %
2024-03-27 07:54:26,892 - INFO - Epoch: 53 |Total validation time:0h:0m:57s | Validation Loss: 0.3912 | Validation Balanced Accuracy: 77.3434 % 
2024-03-27 07:54:26,892 - INFO - Epoch: 53 |Total testing time: 0h:1m:10s | Test Loss: 0.5560 | Test Balanced Accuracy: 80.6833 %
2024-03-27 07:54:27,971 - INFO - Saved checkpoint at epoch 53: /home/sur06423/hiwi/vit_exp/vision_tranformer_baseline/src/components/distraction_detection_d_a/grid_search_ddp/experiments/DD_GS_A_Adam_LR_0_01/runs/checkpoints/checkpoint_DD_GS_A_Adam_LR_0_01_epoch_53.pth
2024-03-27 07:59:15,847 - INFO - Epoch: 54 |Total training time: 0h:2m:37s | Train Loss: 0.0611 | Train Balanced Accuracy: 97.9765 %
2024-03-27 07:59:15,849 - INFO - Epoch: 54 |Total validation time:0h:0m:57s | Validation Loss: 0.3898 | Validation Balanced Accuracy: 77.4250 % 
2024-03-27 07:59:15,849 - INFO - Epoch: 54 |Total testing time: 0h:1m:13s | Test Loss: 0.5559 | Test Balanced Accuracy: 80.8192 %
2024-03-27 07:59:17,133 - INFO - Saved checkpoint at epoch 54: /home/sur06423/hiwi/vit_exp/vision_tranformer_baseline/src/components/distraction_detection_d_a/grid_search_ddp/experiments/DD_GS_A_Adam_LR_0_01/runs/checkpoints/checkpoint_DD_GS_A_Adam_LR_0_01_epoch_54.pth
2024-03-27 08:04:12,629 - INFO - Epoch: 55 |Total training time: 0h:2m:44s | Train Loss: 0.0629 | Train Balanced Accuracy: 97.8695 %
2024-03-27 08:04:12,630 - INFO - Epoch: 55 |Total validation time:0h:0m:57s | Validation Loss: 0.3756 | Validation Balanced Accuracy: 79.1952 % 
2024-03-27 08:04:12,630 - INFO - Epoch: 55 |Total testing time: 0h:1m:13s | Test Loss: 0.5664 | Test Balanced Accuracy: 81.2052 %
2024-03-27 08:04:13,559 - INFO - Saved checkpoint at epoch 55: /home/sur06423/hiwi/vit_exp/vision_tranformer_baseline/src/components/distraction_detection_d_a/grid_search_ddp/experiments/DD_GS_A_Adam_LR_0_01/runs/checkpoints/checkpoint_DD_GS_A_Adam_LR_0_01_epoch_55.pth
2024-03-27 08:09:09,251 - INFO - Epoch: 56 |Total training time: 0h:2m:44s | Train Loss: 0.0619 | Train Balanced Accuracy: 97.9772 %
2024-03-27 08:09:09,252 - INFO - Epoch: 56 |Total validation time:0h:0m:59s | Validation Loss: 0.4152 | Validation Balanced Accuracy: 75.7757 % 
2024-03-27 08:09:09,252 - INFO - Epoch: 56 |Total testing time: 0h:1m:11s | Test Loss: 0.5720 | Test Balanced Accuracy: 79.7850 %
2024-03-27 08:09:10,274 - INFO - Saved checkpoint at epoch 56: /home/sur06423/hiwi/vit_exp/vision_tranformer_baseline/src/components/distraction_detection_d_a/grid_search_ddp/experiments/DD_GS_A_Adam_LR_0_01/runs/checkpoints/checkpoint_DD_GS_A_Adam_LR_0_01_epoch_56.pth
2024-03-27 08:13:57,265 - INFO - Epoch: 57 |Total training time: 0h:2m:39s | Train Loss: 0.0606 | Train Balanced Accuracy: 98.0045 %
2024-03-27 08:13:57,266 - INFO - Epoch: 57 |Total validation time:0h:0m:56s | Validation Loss: 0.4309 | Validation Balanced Accuracy: 74.8234 % 
2024-03-27 08:13:57,266 - INFO - Epoch: 57 |Total testing time: 0h:1m:10s | Test Loss: 0.5858 | Test Balanced Accuracy: 79.4596 %
2024-03-27 08:13:58,094 - INFO - Saved checkpoint at epoch 57: /home/sur06423/hiwi/vit_exp/vision_tranformer_baseline/src/components/distraction_detection_d_a/grid_search_ddp/experiments/DD_GS_A_Adam_LR_0_01/runs/checkpoints/checkpoint_DD_GS_A_Adam_LR_0_01_epoch_57.pth
2024-03-27 08:18:45,605 - INFO - Epoch: 58 |Total training time: 0h:2m:38s | Train Loss: 0.0603 | Train Balanced Accuracy: 98.0573 %
2024-03-27 08:18:45,610 - INFO - Epoch: 58 |Total validation time:0h:0m:56s | Validation Loss: 0.3947 | Validation Balanced Accuracy: 77.1342 % 
2024-03-27 08:18:45,610 - INFO - Epoch: 58 |Total testing time: 0h:1m:12s | Test Loss: 0.5566 | Test Balanced Accuracy: 80.5819 %
2024-03-27 08:18:46,610 - INFO - Saved checkpoint at epoch 58: /home/sur06423/hiwi/vit_exp/vision_tranformer_baseline/src/components/distraction_detection_d_a/grid_search_ddp/experiments/DD_GS_A_Adam_LR_0_01/runs/checkpoints/checkpoint_DD_GS_A_Adam_LR_0_01_epoch_58.pth
2024-03-27 08:23:34,896 - INFO - Epoch: 59 |Total training time: 0h:2m:36s | Train Loss: 0.0609 | Train Balanced Accuracy: 97.9364 %
2024-03-27 08:23:34,897 - INFO - Epoch: 59 |Total validation time:0h:0m:59s | Validation Loss: 0.3945 | Validation Balanced Accuracy: 77.2925 % 
2024-03-27 08:23:34,897 - INFO - Epoch: 59 |Total testing time: 0h:1m:12s | Test Loss: 0.5731 | Test Balanced Accuracy: 80.2675 %
2024-03-27 08:23:35,990 - INFO - Saved checkpoint at epoch 59: /home/sur06423/hiwi/vit_exp/vision_tranformer_baseline/src/components/distraction_detection_d_a/grid_search_ddp/experiments/DD_GS_A_Adam_LR_0_01/runs/checkpoints/checkpoint_DD_GS_A_Adam_LR_0_01_epoch_59.pth
2024-03-27 08:28:27,442 - INFO - Epoch: 60 |Total training time: 0h:2m:41s | Train Loss: 0.0610 | Train Balanced Accuracy: 98.0050 %
2024-03-27 08:28:27,443 - INFO - Epoch: 60 |Total validation time:0h:0m:59s | Validation Loss: 0.3800 | Validation Balanced Accuracy: 78.2595 % 
2024-03-27 08:28:27,443 - INFO - Epoch: 60 |Total testing time: 0h:1m:10s | Test Loss: 0.5615 | Test Balanced Accuracy: 81.0387 %
2024-03-27 08:28:28,392 - INFO - Saved checkpoint at epoch 60: /home/sur06423/hiwi/vit_exp/vision_tranformer_baseline/src/components/distraction_detection_d_a/grid_search_ddp/experiments/DD_GS_A_Adam_LR_0_01/runs/checkpoints/checkpoint_DD_GS_A_Adam_LR_0_01_epoch_60.pth
2024-03-27 08:33:20,117 - INFO - Epoch: 61 |Total training time: 0h:2m:38s | Train Loss: 0.0598 | Train Balanced Accuracy: 98.0370 %
2024-03-27 08:33:20,131 - INFO - Epoch: 61 |Total validation time:0h:0m:58s | Validation Loss: 0.4427 | Validation Balanced Accuracy: 74.4445 % 
2024-03-27 08:33:20,131 - INFO - Epoch: 61 |Total testing time: 0h:1m:14s | Test Loss: 0.5788 | Test Balanced Accuracy: 79.4645 %
2024-03-27 08:33:21,120 - INFO - Saved checkpoint at epoch 61: /home/sur06423/hiwi/vit_exp/vision_tranformer_baseline/src/components/distraction_detection_d_a/grid_search_ddp/experiments/DD_GS_A_Adam_LR_0_01/runs/checkpoints/checkpoint_DD_GS_A_Adam_LR_0_01_epoch_61.pth
2024-03-27 08:38:11,456 - INFO - Epoch: 62 |Total training time: 0h:2m:41s | Train Loss: 0.0600 | Train Balanced Accuracy: 98.0495 %
2024-03-27 08:38:11,457 - INFO - Epoch: 62 |Total validation time:0h:0m:56s | Validation Loss: 0.4059 | Validation Balanced Accuracy: 76.5564 % 
2024-03-27 08:38:11,457 - INFO - Epoch: 62 |Total testing time: 0h:1m:12s | Test Loss: 0.5816 | Test Balanced Accuracy: 79.7915 %
2024-03-27 08:38:12,408 - INFO - Saved checkpoint at epoch 62: /home/sur06423/hiwi/vit_exp/vision_tranformer_baseline/src/components/distraction_detection_d_a/grid_search_ddp/experiments/DD_GS_A_Adam_LR_0_01/runs/checkpoints/checkpoint_DD_GS_A_Adam_LR_0_01_epoch_62.pth
2024-03-27 08:43:05,476 - INFO - Epoch: 63 |Total training time: 0h:2m:38s | Train Loss: 0.0597 | Train Balanced Accuracy: 98.1052 %
2024-03-27 08:43:05,522 - INFO - Epoch: 63 |Total validation time:0h:0m:59s | Validation Loss: 0.4009 | Validation Balanced Accuracy: 76.6449 % 
2024-03-27 08:43:05,522 - INFO - Epoch: 63 |Total testing time: 0h:1m:14s | Test Loss: 0.5686 | Test Balanced Accuracy: 80.2534 %
2024-03-27 08:43:06,445 - INFO - Saved checkpoint at epoch 63: /home/sur06423/hiwi/vit_exp/vision_tranformer_baseline/src/components/distraction_detection_d_a/grid_search_ddp/experiments/DD_GS_A_Adam_LR_0_01/runs/checkpoints/checkpoint_DD_GS_A_Adam_LR_0_01_epoch_63.pth
2024-03-27 08:47:56,322 - INFO - Epoch: 64 |Total training time: 0h:2m:41s | Train Loss: 0.0593 | Train Balanced Accuracy: 98.0878 %
2024-03-27 08:47:56,329 - INFO - Epoch: 64 |Total validation time:0h:0m:57s | Validation Loss: 0.3857 | Validation Balanced Accuracy: 77.5714 % 
2024-03-27 08:47:56,329 - INFO - Epoch: 64 |Total testing time: 0h:1m:11s | Test Loss: 0.5691 | Test Balanced Accuracy: 80.5482 %
2024-03-27 08:47:57,246 - INFO - Saved checkpoint at epoch 64: /home/sur06423/hiwi/vit_exp/vision_tranformer_baseline/src/components/distraction_detection_d_a/grid_search_ddp/experiments/DD_GS_A_Adam_LR_0_01/runs/checkpoints/checkpoint_DD_GS_A_Adam_LR_0_01_epoch_64.pth
2024-03-27 08:52:43,966 - INFO - Epoch: 65 |Total training time: 0h:2m:40s | Train Loss: 0.0603 | Train Balanced Accuracy: 98.0017 %
2024-03-27 08:52:43,967 - INFO - Epoch: 65 |Total validation time:0h:0m:55s | Validation Loss: 0.4261 | Validation Balanced Accuracy: 75.2956 % 
2024-03-27 08:52:43,967 - INFO - Epoch: 65 |Total testing time: 0h:1m:10s | Test Loss: 0.5737 | Test Balanced Accuracy: 79.8492 %
2024-03-27 08:52:44,963 - INFO - Saved checkpoint at epoch 65: /home/sur06423/hiwi/vit_exp/vision_tranformer_baseline/src/components/distraction_detection_d_a/grid_search_ddp/experiments/DD_GS_A_Adam_LR_0_01/runs/checkpoints/checkpoint_DD_GS_A_Adam_LR_0_01_epoch_65.pth
2024-03-27 08:57:31,089 - INFO - Epoch: 66 |Total training time: 0h:2m:36s | Train Loss: 0.0590 | Train Balanced Accuracy: 98.0420 %
2024-03-27 08:57:31,090 - INFO - Epoch: 66 |Total validation time:0h:0m:56s | Validation Loss: 0.4103 | Validation Balanced Accuracy: 76.0528 % 
2024-03-27 08:57:31,090 - INFO - Epoch: 66 |Total testing time: 0h:1m:12s | Test Loss: 0.5795 | Test Balanced Accuracy: 79.9462 %
2024-03-27 08:57:32,573 - INFO - Saved checkpoint at epoch 66: /home/sur06423/hiwi/vit_exp/vision_tranformer_baseline/src/components/distraction_detection_d_a/grid_search_ddp/experiments/DD_GS_A_Adam_LR_0_01/runs/checkpoints/checkpoint_DD_GS_A_Adam_LR_0_01_epoch_66.pth
2024-03-27 09:02:19,322 - INFO - Epoch: 67 |Total training time: 0h:2m:40s | Train Loss: 0.0587 | Train Balanced Accuracy: 98.0870 %
2024-03-27 09:02:19,323 - INFO - Epoch: 67 |Total validation time:0h:0m:55s | Validation Loss: 0.4218 | Validation Balanced Accuracy: 75.3304 % 
2024-03-27 09:02:19,323 - INFO - Epoch: 67 |Total testing time: 0h:1m:10s | Test Loss: 0.5817 | Test Balanced Accuracy: 79.6952 %
2024-03-27 09:02:20,280 - INFO - Saved checkpoint at epoch 67: /home/sur06423/hiwi/vit_exp/vision_tranformer_baseline/src/components/distraction_detection_d_a/grid_search_ddp/experiments/DD_GS_A_Adam_LR_0_01/runs/checkpoints/checkpoint_DD_GS_A_Adam_LR_0_01_epoch_67.pth
2024-03-27 09:07:04,159 - INFO - Epoch: 68 |Total training time: 0h:2m:35s | Train Loss: 0.0593 | Train Balanced Accuracy: 98.0594 %
2024-03-27 09:07:04,160 - INFO - Epoch: 68 |Total validation time:0h:0m:55s | Validation Loss: 0.4101 | Validation Balanced Accuracy: 76.1162 % 
2024-03-27 09:07:04,160 - INFO - Epoch: 68 |Total testing time: 0h:1m:12s | Test Loss: 0.5718 | Test Balanced Accuracy: 80.1486 %
2024-03-27 09:07:05,326 - INFO - Saved checkpoint at epoch 68: /home/sur06423/hiwi/vit_exp/vision_tranformer_baseline/src/components/distraction_detection_d_a/grid_search_ddp/experiments/DD_GS_A_Adam_LR_0_01/runs/checkpoints/checkpoint_DD_GS_A_Adam_LR_0_01_epoch_68.pth
2024-03-27 09:11:55,987 - INFO - Epoch: 69 |Total training time: 0h:2m:39s | Train Loss: 0.0590 | Train Balanced Accuracy: 98.0941 %
2024-03-27 09:11:55,988 - INFO - Epoch: 69 |Total validation time:0h:0m:58s | Validation Loss: 0.4139 | Validation Balanced Accuracy: 75.9122 % 
2024-03-27 09:11:55,988 - INFO - Epoch: 69 |Total testing time: 0h:1m:12s | Test Loss: 0.5758 | Test Balanced Accuracy: 79.9155 %
2024-03-27 09:11:57,055 - INFO - Saved checkpoint at epoch 69: /home/sur06423/hiwi/vit_exp/vision_tranformer_baseline/src/components/distraction_detection_d_a/grid_search_ddp/experiments/DD_GS_A_Adam_LR_0_01/runs/checkpoints/checkpoint_DD_GS_A_Adam_LR_0_01_epoch_69.pth
2024-03-27 09:16:46,359 - INFO - Epoch: 70 |Total training time: 0h:2m:36s | Train Loss: 0.0595 | Train Balanced Accuracy: 97.9786 %
2024-03-27 09:16:46,360 - INFO - Epoch: 70 |Total validation time:0h:1m:0s | Validation Loss: 0.4361 | Validation Balanced Accuracy: 74.7182 % 
2024-03-27 09:16:46,360 - INFO - Epoch: 70 |Total testing time: 0h:1m:12s | Test Loss: 0.5846 | Test Balanced Accuracy: 79.5035 %
2024-03-27 09:16:49,011 - INFO - Saved checkpoint at epoch 70: /home/sur06423/hiwi/vit_exp/vision_tranformer_baseline/src/components/distraction_detection_d_a/grid_search_ddp/experiments/DD_GS_A_Adam_LR_0_01/runs/checkpoints/checkpoint_DD_GS_A_Adam_LR_0_01_epoch_70.pth
2024-03-27 09:21:36,160 - INFO - Epoch: 71 |Total training time: 0h:2m:38s | Train Loss: 0.0587 | Train Balanced Accuracy: 98.0502 %
2024-03-27 09:21:36,161 - INFO - Epoch: 71 |Total validation time:0h:0m:58s | Validation Loss: 0.4148 | Validation Balanced Accuracy: 75.7905 % 
2024-03-27 09:21:36,161 - INFO - Epoch: 71 |Total testing time: 0h:1m:10s | Test Loss: 0.5777 | Test Balanced Accuracy: 79.8649 %
2024-03-27 09:21:37,179 - INFO - Saved checkpoint at epoch 71: /home/sur06423/hiwi/vit_exp/vision_tranformer_baseline/src/components/distraction_detection_d_a/grid_search_ddp/experiments/DD_GS_A_Adam_LR_0_01/runs/checkpoints/checkpoint_DD_GS_A_Adam_LR_0_01_epoch_71.pth
2024-03-27 09:26:25,980 - INFO - Epoch: 72 |Total training time: 0h:2m:39s | Train Loss: 0.0584 | Train Balanced Accuracy: 98.0941 %
2024-03-27 09:26:25,981 - INFO - Epoch: 72 |Total validation time:0h:0m:58s | Validation Loss: 0.4118 | Validation Balanced Accuracy: 76.0808 % 
2024-03-27 09:26:25,981 - INFO - Epoch: 72 |Total testing time: 0h:1m:11s | Test Loss: 0.5795 | Test Balanced Accuracy: 79.9363 %
2024-03-27 09:26:27,080 - INFO - Saved checkpoint at epoch 72: /home/sur06423/hiwi/vit_exp/vision_tranformer_baseline/src/components/distraction_detection_d_a/grid_search_ddp/experiments/DD_GS_A_Adam_LR_0_01/runs/checkpoints/checkpoint_DD_GS_A_Adam_LR_0_01_epoch_72.pth
2024-03-27 09:31:19,476 - INFO - Epoch: 73 |Total training time: 0h:2m:41s | Train Loss: 0.0586 | Train Balanced Accuracy: 98.1162 %
2024-03-27 09:31:19,477 - INFO - Epoch: 73 |Total validation time:0h:0m:57s | Validation Loss: 0.4173 | Validation Balanced Accuracy: 75.6127 % 
2024-03-27 09:31:19,477 - INFO - Epoch: 73 |Total testing time: 0h:1m:13s | Test Loss: 0.5752 | Test Balanced Accuracy: 80.0728 %
2024-03-27 09:31:20,494 - INFO - Saved checkpoint at epoch 73: /home/sur06423/hiwi/vit_exp/vision_tranformer_baseline/src/components/distraction_detection_d_a/grid_search_ddp/experiments/DD_GS_A_Adam_LR_0_01/runs/checkpoints/checkpoint_DD_GS_A_Adam_LR_0_01_epoch_73.pth
2024-03-27 09:36:09,377 - INFO - Epoch: 74 |Total training time: 0h:2m:38s | Train Loss: 0.0582 | Train Balanced Accuracy: 98.0955 %
2024-03-27 09:36:09,383 - INFO - Epoch: 74 |Total validation time:0h:0m:58s | Validation Loss: 0.3923 | Validation Balanced Accuracy: 77.0147 % 
2024-03-27 09:36:09,384 - INFO - Epoch: 74 |Total testing time: 0h:1m:11s | Test Loss: 0.5761 | Test Balanced Accuracy: 80.2919 %
2024-03-27 09:36:10,440 - INFO - Saved checkpoint at epoch 74: /home/sur06423/hiwi/vit_exp/vision_tranformer_baseline/src/components/distraction_detection_d_a/grid_search_ddp/experiments/DD_GS_A_Adam_LR_0_01/runs/checkpoints/checkpoint_DD_GS_A_Adam_LR_0_01_epoch_74.pth
2024-03-27 09:40:57,003 - INFO - Epoch: 75 |Total training time: 0h:2m:40s | Train Loss: 0.0586 | Train Balanced Accuracy: 98.0815 %
2024-03-27 09:40:57,004 - INFO - Epoch: 75 |Total validation time:0h:0m:56s | Validation Loss: 0.3945 | Validation Balanced Accuracy: 77.0970 % 
2024-03-27 09:40:57,004 - INFO - Epoch: 75 |Total testing time: 0h:1m:8s | Test Loss: 0.5724 | Test Balanced Accuracy: 80.3187 %
2024-03-27 09:40:58,136 - INFO - Saved checkpoint at epoch 75: /home/sur06423/hiwi/vit_exp/vision_tranformer_baseline/src/components/distraction_detection_d_a/grid_search_ddp/experiments/DD_GS_A_Adam_LR_0_01/runs/checkpoints/checkpoint_DD_GS_A_Adam_LR_0_01_epoch_75.pth
2024-03-27 09:45:46,315 - INFO - Epoch: 76 |Total training time: 0h:2m:36s | Train Loss: 0.0584 | Train Balanced Accuracy: 98.0594 %
2024-03-27 09:45:46,315 - INFO - Epoch: 76 |Total validation time:0h:0m:58s | Validation Loss: 0.3968 | Validation Balanced Accuracy: 76.8866 % 
2024-03-27 09:45:46,316 - INFO - Epoch: 76 |Total testing time: 0h:1m:12s | Test Loss: 0.5773 | Test Balanced Accuracy: 80.2080 %
2024-03-27 09:45:47,564 - INFO - Saved checkpoint at epoch 76: /home/sur06423/hiwi/vit_exp/vision_tranformer_baseline/src/components/distraction_detection_d_a/grid_search_ddp/experiments/DD_GS_A_Adam_LR_0_01/runs/checkpoints/checkpoint_DD_GS_A_Adam_LR_0_01_epoch_76.pth
2024-03-27 09:50:37,591 - INFO - Epoch: 77 |Total training time: 0h:2m:37s | Train Loss: 0.0586 | Train Balanced Accuracy: 98.0773 %
2024-03-27 09:50:37,591 - INFO - Epoch: 77 |Total validation time:0h:1m:0s | Validation Loss: 0.3989 | Validation Balanced Accuracy: 76.7523 % 
2024-03-27 09:50:37,592 - INFO - Epoch: 77 |Total testing time: 0h:1m:12s | Test Loss: 0.5726 | Test Balanced Accuracy: 80.3083 %
2024-03-27 09:50:39,024 - INFO - Saved checkpoint at epoch 77: /home/sur06423/hiwi/vit_exp/vision_tranformer_baseline/src/components/distraction_detection_d_a/grid_search_ddp/experiments/DD_GS_A_Adam_LR_0_01/runs/checkpoints/checkpoint_DD_GS_A_Adam_LR_0_01_epoch_77.pth
2024-03-27 09:55:22,080 - INFO - Epoch: 78 |Total training time: 0h:2m:36s | Train Loss: 0.0580 | Train Balanced Accuracy: 98.0502 %
2024-03-27 09:55:22,081 - INFO - Epoch: 78 |Total validation time:0h:0m:54s | Validation Loss: 0.4109 | Validation Balanced Accuracy: 76.0985 % 
2024-03-27 09:55:22,081 - INFO - Epoch: 78 |Total testing time: 0h:1m:11s | Test Loss: 0.5822 | Test Balanced Accuracy: 79.8384 %
2024-03-27 09:55:22,954 - INFO - Saved checkpoint at epoch 78: /home/sur06423/hiwi/vit_exp/vision_tranformer_baseline/src/components/distraction_detection_d_a/grid_search_ddp/experiments/DD_GS_A_Adam_LR_0_01/runs/checkpoints/checkpoint_DD_GS_A_Adam_LR_0_01_epoch_78.pth
2024-03-27 10:00:12,844 - INFO - Epoch: 79 |Total training time: 0h:2m:39s | Train Loss: 0.0577 | Train Balanced Accuracy: 98.1031 %
2024-03-27 10:00:12,864 - INFO - Epoch: 79 |Total validation time:0h:0m:59s | Validation Loss: 0.3982 | Validation Balanced Accuracy: 76.7928 % 
2024-03-27 10:00:12,864 - INFO - Epoch: 79 |Total testing time: 0h:1m:11s | Test Loss: 0.5746 | Test Balanced Accuracy: 80.2834 %
2024-03-27 10:00:13,820 - INFO - Saved checkpoint at epoch 79: /home/sur06423/hiwi/vit_exp/vision_tranformer_baseline/src/components/distraction_detection_d_a/grid_search_ddp/experiments/DD_GS_A_Adam_LR_0_01/runs/checkpoints/checkpoint_DD_GS_A_Adam_LR_0_01_epoch_79.pth
2024-03-27 10:05:05,378 - INFO - Epoch: 80 |Total training time: 0h:2m:41s | Train Loss: 0.0578 | Train Balanced Accuracy: 98.1016 %
2024-03-27 10:05:05,381 - INFO - Epoch: 80 |Total validation time:0h:0m:56s | Validation Loss: 0.4026 | Validation Balanced Accuracy: 76.5826 % 
2024-03-27 10:05:05,381 - INFO - Epoch: 80 |Total testing time: 0h:1m:13s | Test Loss: 0.5777 | Test Balanced Accuracy: 80.0682 %
2024-03-27 10:05:08,024 - INFO - Saved checkpoint at epoch 80: /home/sur06423/hiwi/vit_exp/vision_tranformer_baseline/src/components/distraction_detection_d_a/grid_search_ddp/experiments/DD_GS_A_Adam_LR_0_01/runs/checkpoints/checkpoint_DD_GS_A_Adam_LR_0_01_epoch_80.pth
2024-03-27 10:09:55,602 - INFO - Epoch: 81 |Total training time: 0h:2m:37s | Train Loss: 0.0578 | Train Balanced Accuracy: 98.0836 %
2024-03-27 10:09:55,684 - INFO - Epoch: 81 |Total validation time:0h:0m:58s | Validation Loss: 0.4117 | Validation Balanced Accuracy: 76.0923 % 
2024-03-27 10:09:55,684 - INFO - Epoch: 81 |Total testing time: 0h:1m:11s | Test Loss: 0.5795 | Test Balanced Accuracy: 79.9698 %
2024-03-27 10:09:57,940 - INFO - Saved checkpoint at epoch 81: /home/sur06423/hiwi/vit_exp/vision_tranformer_baseline/src/components/distraction_detection_d_a/grid_search_ddp/experiments/DD_GS_A_Adam_LR_0_01/runs/checkpoints/checkpoint_DD_GS_A_Adam_LR_0_01_epoch_81.pth
2024-03-27 10:14:41,286 - INFO - Epoch: 82 |Total training time: 0h:2m:35s | Train Loss: 0.0582 | Train Balanced Accuracy: 98.0703 %
2024-03-27 10:14:41,287 - INFO - Epoch: 82 |Total validation time:0h:0m:57s | Validation Loss: 0.4177 | Validation Balanced Accuracy: 75.7665 % 
2024-03-27 10:14:41,287 - INFO - Epoch: 82 |Total testing time: 0h:1m:10s | Test Loss: 0.5809 | Test Balanced Accuracy: 79.8739 %
2024-03-27 10:14:42,180 - INFO - Saved checkpoint at epoch 82: /home/sur06423/hiwi/vit_exp/vision_tranformer_baseline/src/components/distraction_detection_d_a/grid_search_ddp/experiments/DD_GS_A_Adam_LR_0_01/runs/checkpoints/checkpoint_DD_GS_A_Adam_LR_0_01_epoch_82.pth
2024-03-27 10:19:24,610 - INFO - Epoch: 83 |Total training time: 0h:2m:35s | Train Loss: 0.0576 | Train Balanced Accuracy: 98.0997 %
2024-03-27 10:19:24,611 - INFO - Epoch: 83 |Total validation time:0h:0m:57s | Validation Loss: 0.4099 | Validation Balanced Accuracy: 76.1111 % 
2024-03-27 10:19:24,611 - INFO - Epoch: 83 |Total testing time: 0h:1m:10s | Test Loss: 0.5770 | Test Balanced Accuracy: 80.0645 %
2024-03-27 10:19:25,652 - INFO - Saved checkpoint at epoch 83: /home/sur06423/hiwi/vit_exp/vision_tranformer_baseline/src/components/distraction_detection_d_a/grid_search_ddp/experiments/DD_GS_A_Adam_LR_0_01/runs/checkpoints/checkpoint_DD_GS_A_Adam_LR_0_01_epoch_83.pth
2024-03-27 10:24:10,147 - INFO - Epoch: 84 |Total training time: 0h:2m:36s | Train Loss: 0.0575 | Train Balanced Accuracy: 98.0976 %
2024-03-27 10:24:10,147 - INFO - Epoch: 84 |Total validation time:0h:0m:58s | Validation Loss: 0.4278 | Validation Balanced Accuracy: 75.0640 % 
2024-03-27 10:24:10,147 - INFO - Epoch: 84 |Total testing time: 0h:1m:9s | Test Loss: 0.5864 | Test Balanced Accuracy: 79.6692 %
2024-03-27 10:24:11,223 - INFO - Saved checkpoint at epoch 84: /home/sur06423/hiwi/vit_exp/vision_tranformer_baseline/src/components/distraction_detection_d_a/grid_search_ddp/experiments/DD_GS_A_Adam_LR_0_01/runs/checkpoints/checkpoint_DD_GS_A_Adam_LR_0_01_epoch_84.pth
2024-03-27 10:28:56,994 - INFO - Epoch: 85 |Total training time: 0h:2m:37s | Train Loss: 0.0575 | Train Balanced Accuracy: 98.1002 %
2024-03-27 10:28:56,994 - INFO - Epoch: 85 |Total validation time:0h:0m:56s | Validation Loss: 0.4156 | Validation Balanced Accuracy: 75.7790 % 
2024-03-27 10:28:56,994 - INFO - Epoch: 85 |Total testing time: 0h:1m:11s | Test Loss: 0.5831 | Test Balanced Accuracy: 79.8451 %
2024-03-27 10:28:57,993 - INFO - Saved checkpoint at epoch 85: /home/sur06423/hiwi/vit_exp/vision_tranformer_baseline/src/components/distraction_detection_d_a/grid_search_ddp/experiments/DD_GS_A_Adam_LR_0_01/runs/checkpoints/checkpoint_DD_GS_A_Adam_LR_0_01_epoch_85.pth
2024-03-27 10:33:43,160 - INFO - Epoch: 86 |Total training time: 0h:2m:36s | Train Loss: 0.0574 | Train Balanced Accuracy: 98.1002 %
2024-03-27 10:33:43,161 - INFO - Epoch: 86 |Total validation time:0h:0m:58s | Validation Loss: 0.4131 | Validation Balanced Accuracy: 75.9943 % 
2024-03-27 10:33:43,161 - INFO - Epoch: 86 |Total testing time: 0h:1m:9s | Test Loss: 0.5823 | Test Balanced Accuracy: 79.7747 %
2024-03-27 10:33:44,626 - INFO - Saved checkpoint at epoch 86: /home/sur06423/hiwi/vit_exp/vision_tranformer_baseline/src/components/distraction_detection_d_a/grid_search_ddp/experiments/DD_GS_A_Adam_LR_0_01/runs/checkpoints/checkpoint_DD_GS_A_Adam_LR_0_01_epoch_86.pth
2024-03-27 10:38:23,705 - INFO - Epoch: 87 |Total training time: 0h:2m:34s | Train Loss: 0.0573 | Train Balanced Accuracy: 98.1051 %
2024-03-27 10:38:23,706 - INFO - Epoch: 87 |Total validation time:0h:0m:56s | Validation Loss: 0.4151 | Validation Balanced Accuracy: 75.8945 % 
2024-03-27 10:38:23,706 - INFO - Epoch: 87 |Total testing time: 0h:1m:8s | Test Loss: 0.5829 | Test Balanced Accuracy: 79.8342 %
2024-03-27 10:38:25,122 - INFO - Saved checkpoint at epoch 87: /home/sur06423/hiwi/vit_exp/vision_tranformer_baseline/src/components/distraction_detection_d_a/grid_search_ddp/experiments/DD_GS_A_Adam_LR_0_01/runs/checkpoints/checkpoint_DD_GS_A_Adam_LR_0_01_epoch_87.pth
2024-03-27 10:43:03,862 - INFO - Epoch: 88 |Total training time: 0h:2m:33s | Train Loss: 0.0573 | Train Balanced Accuracy: 98.0710 %
2024-03-27 10:43:03,863 - INFO - Epoch: 88 |Total validation time:0h:0m:56s | Validation Loss: 0.4211 | Validation Balanced Accuracy: 75.5344 % 
2024-03-27 10:43:03,863 - INFO - Epoch: 88 |Total testing time: 0h:1m:9s | Test Loss: 0.5839 | Test Balanced Accuracy: 79.7721 %
2024-03-27 10:43:05,083 - INFO - Saved checkpoint at epoch 88: /home/sur06423/hiwi/vit_exp/vision_tranformer_baseline/src/components/distraction_detection_d_a/grid_search_ddp/experiments/DD_GS_A_Adam_LR_0_01/runs/checkpoints/checkpoint_DD_GS_A_Adam_LR_0_01_epoch_88.pth
2024-03-27 10:47:47,325 - INFO - Epoch: 89 |Total training time: 0h:2m:33s | Train Loss: 0.0573 | Train Balanced Accuracy: 98.1051 %
2024-03-27 10:47:47,326 - INFO - Epoch: 89 |Total validation time:0h:0m:58s | Validation Loss: 0.4150 | Validation Balanced Accuracy: 75.9185 % 
2024-03-27 10:47:47,326 - INFO - Epoch: 89 |Total testing time: 0h:1m:10s | Test Loss: 0.5831 | Test Balanced Accuracy: 79.8074 %
2024-03-27 10:47:48,090 - INFO - Saved checkpoint at epoch 89: /home/sur06423/hiwi/vit_exp/vision_tranformer_baseline/src/components/distraction_detection_d_a/grid_search_ddp/experiments/DD_GS_A_Adam_LR_0_01/runs/checkpoints/checkpoint_DD_GS_A_Adam_LR_0_01_epoch_89.pth
2024-03-27 10:52:29,486 - INFO - Epoch: 90 |Total training time: 0h:2m:35s | Train Loss: 0.0573 | Train Balanced Accuracy: 98.1108 %
2024-03-27 10:52:29,487 - INFO - Epoch: 90 |Total validation time:0h:0m:57s | Validation Loss: 0.4179 | Validation Balanced Accuracy: 75.7030 % 
2024-03-27 10:52:29,487 - INFO - Epoch: 90 |Total testing time: 0h:1m:8s | Test Loss: 0.5839 | Test Balanced Accuracy: 79.8121 %
2024-03-27 10:52:30,990 - INFO - Saved checkpoint at epoch 90: /home/sur06423/hiwi/vit_exp/vision_tranformer_baseline/src/components/distraction_detection_d_a/grid_search_ddp/experiments/DD_GS_A_Adam_LR_0_01/runs/checkpoints/checkpoint_DD_GS_A_Adam_LR_0_01_epoch_90.pth
2024-03-27 10:57:16,710 - INFO - Epoch: 91 |Total training time: 0h:2m:36s | Train Loss: 0.0572 | Train Balanced Accuracy: 98.1184 %
2024-03-27 10:57:16,721 - INFO - Epoch: 91 |Total validation time:0h:0m:58s | Validation Loss: 0.4164 | Validation Balanced Accuracy: 75.7093 % 
2024-03-27 10:57:16,721 - INFO - Epoch: 91 |Total testing time: 0h:1m:10s | Test Loss: 0.5818 | Test Balanced Accuracy: 79.8362 %
2024-03-27 10:57:17,643 - INFO - Saved checkpoint at epoch 91: /home/sur06423/hiwi/vit_exp/vision_tranformer_baseline/src/components/distraction_detection_d_a/grid_search_ddp/experiments/DD_GS_A_Adam_LR_0_01/runs/checkpoints/checkpoint_DD_GS_A_Adam_LR_0_01_epoch_91.pth
2024-03-27 11:02:05,930 - INFO - Epoch: 92 |Total training time: 0h:2m:39s | Train Loss: 0.0572 | Train Balanced Accuracy: 98.0844 %
2024-03-27 11:02:05,931 - INFO - Epoch: 92 |Total validation time:0h:0m:58s | Validation Loss: 0.4086 | Validation Balanced Accuracy: 76.0945 % 
2024-03-27 11:02:05,931 - INFO - Epoch: 92 |Total testing time: 0h:1m:10s | Test Loss: 0.5798 | Test Balanced Accuracy: 79.9324 %
2024-03-27 11:02:07,350 - INFO - Saved checkpoint at epoch 92: /home/sur06423/hiwi/vit_exp/vision_tranformer_baseline/src/components/distraction_detection_d_a/grid_search_ddp/experiments/DD_GS_A_Adam_LR_0_01/runs/checkpoints/checkpoint_DD_GS_A_Adam_LR_0_01_epoch_92.pth
2024-03-27 11:06:55,742 - INFO - Epoch: 93 |Total training time: 0h:2m:37s | Train Loss: 0.0572 | Train Balanced Accuracy: 98.1496 %
2024-03-27 11:06:55,743 - INFO - Epoch: 93 |Total validation time:0h:0m:58s | Validation Loss: 0.4140 | Validation Balanced Accuracy: 75.9362 % 
2024-03-27 11:06:55,743 - INFO - Epoch: 93 |Total testing time: 0h:1m:12s | Test Loss: 0.5813 | Test Balanced Accuracy: 79.9150 %
2024-03-27 11:06:56,900 - INFO - Saved checkpoint at epoch 93: /home/sur06423/hiwi/vit_exp/vision_tranformer_baseline/src/components/distraction_detection_d_a/grid_search_ddp/experiments/DD_GS_A_Adam_LR_0_01/runs/checkpoints/checkpoint_DD_GS_A_Adam_LR_0_01_epoch_93.pth
2024-03-27 11:11:48,927 - INFO - Epoch: 94 |Total training time: 0h:2m:41s | Train Loss: 0.0571 | Train Balanced Accuracy: 98.1205 %
2024-03-27 11:11:48,931 - INFO - Epoch: 94 |Total validation time:0h:0m:56s | Validation Loss: 0.4131 | Validation Balanced Accuracy: 76.0236 % 
2024-03-27 11:11:48,931 - INFO - Epoch: 94 |Total testing time: 0h:1m:13s | Test Loss: 0.5812 | Test Balanced Accuracy: 79.8882 %
2024-03-27 11:11:50,330 - INFO - Saved checkpoint at epoch 94: /home/sur06423/hiwi/vit_exp/vision_tranformer_baseline/src/components/distraction_detection_d_a/grid_search_ddp/experiments/DD_GS_A_Adam_LR_0_01/runs/checkpoints/checkpoint_DD_GS_A_Adam_LR_0_01_epoch_94.pth
2024-03-27 11:16:34,847 - INFO - Epoch: 95 |Total training time: 0h:2m:40s | Train Loss: 0.0571 | Train Balanced Accuracy: 98.1122 %
2024-03-27 11:16:34,848 - INFO - Epoch: 95 |Total validation time:0h:0m:55s | Validation Loss: 0.4140 | Validation Balanced Accuracy: 75.9362 % 
2024-03-27 11:16:34,848 - INFO - Epoch: 95 |Total testing time: 0h:1m:8s | Test Loss: 0.5816 | Test Balanced Accuracy: 79.8583 %
2024-03-27 11:16:36,267 - INFO - Saved checkpoint at epoch 95: /home/sur06423/hiwi/vit_exp/vision_tranformer_baseline/src/components/distraction_detection_d_a/grid_search_ddp/experiments/DD_GS_A_Adam_LR_0_01/runs/checkpoints/checkpoint_DD_GS_A_Adam_LR_0_01_epoch_95.pth
2024-03-27 11:21:26,253 - INFO - Epoch: 96 |Total training time: 0h:2m:39s | Train Loss: 0.0571 | Train Balanced Accuracy: 98.1294 %
2024-03-27 11:21:26,254 - INFO - Epoch: 96 |Total validation time:0h:0m:58s | Validation Loss: 0.4130 | Validation Balanced Accuracy: 76.0236 % 
2024-03-27 11:21:26,254 - INFO - Epoch: 96 |Total testing time: 0h:1m:12s | Test Loss: 0.5811 | Test Balanced Accuracy: 79.8882 %
2024-03-27 11:21:27,415 - INFO - Saved checkpoint at epoch 96: /home/sur06423/hiwi/vit_exp/vision_tranformer_baseline/src/components/distraction_detection_d_a/grid_search_ddp/experiments/DD_GS_A_Adam_LR_0_01/runs/checkpoints/checkpoint_DD_GS_A_Adam_LR_0_01_epoch_96.pth
2024-03-27 11:26:20,896 - INFO - Epoch: 97 |Total training time: 0h:2m:39s | Train Loss: 0.0571 | Train Balanced Accuracy: 98.1190 %
2024-03-27 11:26:20,897 - INFO - Epoch: 97 |Total validation time:0h:0m:59s | Validation Loss: 0.4140 | Validation Balanced Accuracy: 75.9476 % 
2024-03-27 11:26:20,898 - INFO - Epoch: 97 |Total testing time: 0h:1m:14s | Test Loss: 0.5816 | Test Balanced Accuracy: 79.8831 %
2024-03-27 11:26:21,889 - INFO - Saved checkpoint at epoch 97: /home/sur06423/hiwi/vit_exp/vision_tranformer_baseline/src/components/distraction_detection_d_a/grid_search_ddp/experiments/DD_GS_A_Adam_LR_0_01/runs/checkpoints/checkpoint_DD_GS_A_Adam_LR_0_01_epoch_97.pth
2024-03-27 11:31:16,471 - INFO - Epoch: 98 |Total training time: 0h:2m:44s | Train Loss: 0.0571 | Train Balanced Accuracy: 98.1093 %
2024-03-27 11:31:16,472 - INFO - Epoch: 98 |Total validation time:0h:0m:59s | Validation Loss: 0.4142 | Validation Balanced Accuracy: 75.9476 % 
2024-03-27 11:31:16,472 - INFO - Epoch: 98 |Total testing time: 0h:1m:10s | Test Loss: 0.5817 | Test Balanced Accuracy: 79.8513 %
2024-03-27 11:31:17,571 - INFO - Saved checkpoint at epoch 98: /home/sur06423/hiwi/vit_exp/vision_tranformer_baseline/src/components/distraction_detection_d_a/grid_search_ddp/experiments/DD_GS_A_Adam_LR_0_01/runs/checkpoints/checkpoint_DD_GS_A_Adam_LR_0_01_epoch_98.pth
2024-03-27 11:36:07,278 - INFO - Epoch: 99 |Total training time: 0h:2m:35s | Train Loss: 0.0571 | Train Balanced Accuracy: 98.1155 %
2024-03-27 11:36:07,302 - INFO - Epoch: 99 |Total validation time:0h:1m:3s | Validation Loss: 0.4141 | Validation Balanced Accuracy: 75.9652 % 
2024-03-27 11:36:07,302 - INFO - Epoch: 99 |Total testing time: 0h:1m:10s | Test Loss: 0.5816 | Test Balanced Accuracy: 79.8831 %
2024-03-27 11:36:08,276 - INFO - Saved checkpoint at epoch 99: /home/sur06423/hiwi/vit_exp/vision_tranformer_baseline/src/components/distraction_detection_d_a/grid_search_ddp/experiments/DD_GS_A_Adam_LR_0_01/runs/checkpoints/checkpoint_DD_GS_A_Adam_LR_0_01_epoch_99.pth
2024-03-27 11:36:08,277 - INFO - Total training, validation and testing time: 7h:55m:22s.
