2024-03-02 12:52:59,386 - INFO - Epoch: 0 |Total training time: 0h:1m:30s | Train Loss: 2.0052 | Train Balanced Accuracy: 21.4136 %
2024-03-02 12:52:59,387 - INFO - Epoch: 0 |Total validation time:0h:0m:41s | Validation Loss: 5.6087 | Validation Balanced Accuracy: 16.4589 % 
2024-03-02 12:52:59,387 - INFO - Epoch: 0 |Total testing time: 0h:2m:48s | Test Loss: 1.6874 | Test Balanced Accuracy: 24.5289 %
2024-03-02 12:55:53,096 - INFO - Epoch: 1 |Total training time: 0h:1m:24s | Train Loss: 0.8910 | Train Balanced Accuracy: 52.7044 %
2024-03-02 12:55:53,097 - INFO - Epoch: 1 |Total validation time:0h:0m:41s | Validation Loss: 5.9206 | Validation Balanced Accuracy: 15.7074 % 
2024-03-02 12:55:53,097 - INFO - Epoch: 1 |Total testing time: 0h:0m:48s | Test Loss: 1.5528 | Test Balanced Accuracy: 31.0019 %
2024-03-02 12:58:45,374 - INFO - Epoch: 2 |Total training time: 0h:1m:22s | Train Loss: 0.6832 | Train Balanced Accuracy: 64.2128 %
2024-03-02 12:58:45,374 - INFO - Epoch: 2 |Total validation time:0h:0m:41s | Validation Loss: 6.0255 | Validation Balanced Accuracy: 16.5336 % 
2024-03-02 12:58:45,374 - INFO - Epoch: 2 |Total testing time: 0h:0m:48s | Test Loss: 1.6360 | Test Balanced Accuracy: 30.9757 %
2024-03-02 13:01:45,316 - INFO - Epoch: 3 |Total training time: 0h:1m:24s | Train Loss: 0.5967 | Train Balanced Accuracy: 69.2969 %
2024-03-02 13:01:45,316 - INFO - Epoch: 3 |Total validation time:0h:0m:41s | Validation Loss: 6.4411 | Validation Balanced Accuracy: 14.9507 % 
2024-03-02 13:01:45,316 - INFO - Epoch: 3 |Total testing time: 0h:0m:53s | Test Loss: 1.6278 | Test Balanced Accuracy: 31.9844 %
2024-03-02 13:04:39,310 - INFO - Epoch: 4 |Total training time: 0h:1m:24s | Train Loss: 0.5306 | Train Balanced Accuracy: 73.2697 %
2024-03-02 13:04:39,311 - INFO - Epoch: 4 |Total validation time:0h:0m:41s | Validation Loss: 6.5851 | Validation Balanced Accuracy: 17.2363 % 
2024-03-02 13:04:39,311 - INFO - Epoch: 4 |Total testing time: 0h:0m:48s | Test Loss: 1.6783 | Test Balanced Accuracy: 33.3490 %
2024-03-02 13:04:40,977 - INFO - Saved checkpoint at epoch 4: /home/sur06423/hiwi/vit_exp/vision_tranformer_baseline/src/components/Grid_Search/experiments/Adam_01_c_LR_0_01/runs/checkpoints/checkpoint_Adam_01_c_LR_0_01_epoch_4.pth
2024-03-02 13:07:33,451 - INFO - Epoch: 5 |Total training time: 0h:1m:21s | Train Loss: 0.4863 | Train Balanced Accuracy: 76.4172 %
2024-03-02 13:07:33,452 - INFO - Epoch: 5 |Total validation time:0h:0m:41s | Validation Loss: 6.5060 | Validation Balanced Accuracy: 16.6152 % 
2024-03-02 13:07:33,456 - INFO - Epoch: 5 |Total testing time: 0h:0m:48s | Test Loss: 1.6679 | Test Balanced Accuracy: 33.1046 %
2024-03-02 13:10:25,572 - INFO - Epoch: 6 |Total training time: 0h:1m:22s | Train Loss: 0.4633 | Train Balanced Accuracy: 78.5048 %
2024-03-02 13:10:25,573 - INFO - Epoch: 6 |Total validation time:0h:0m:41s | Validation Loss: 6.7416 | Validation Balanced Accuracy: 16.9669 % 
2024-03-02 13:10:25,573 - INFO - Epoch: 6 |Total testing time: 0h:0m:48s | Test Loss: 1.7148 | Test Balanced Accuracy: 32.1164 %
2024-03-02 13:13:19,205 - INFO - Epoch: 7 |Total training time: 0h:1m:23s | Train Loss: 0.4374 | Train Balanced Accuracy: 79.8782 %
2024-03-02 13:13:19,205 - INFO - Epoch: 7 |Total validation time:0h:0m:41s | Validation Loss: 6.9060 | Validation Balanced Accuracy: 17.9530 % 
2024-03-02 13:13:19,206 - INFO - Epoch: 7 |Total testing time: 0h:0m:48s | Test Loss: 1.7306 | Test Balanced Accuracy: 34.1116 %
2024-03-02 13:16:10,956 - INFO - Epoch: 8 |Total training time: 0h:1m:22s | Train Loss: 0.4074 | Train Balanced Accuracy: 81.9418 %
2024-03-02 13:16:10,956 - INFO - Epoch: 8 |Total validation time:0h:0m:41s | Validation Loss: 6.9620 | Validation Balanced Accuracy: 17.1200 % 
2024-03-02 13:16:10,956 - INFO - Epoch: 8 |Total testing time: 0h:0m:48s | Test Loss: 1.7578 | Test Balanced Accuracy: 32.0165 %
2024-03-02 13:19:02,894 - INFO - Epoch: 9 |Total training time: 0h:1m:22s | Train Loss: 0.3830 | Train Balanced Accuracy: 83.1826 %
2024-03-02 13:19:02,894 - INFO - Epoch: 9 |Total validation time:0h:0m:41s | Validation Loss: 7.1917 | Validation Balanced Accuracy: 18.2359 % 
2024-03-02 13:19:02,895 - INFO - Epoch: 9 |Total testing time: 0h:0m:47s | Test Loss: 1.7791 | Test Balanced Accuracy: 32.7358 %
2024-03-02 13:19:05,854 - INFO - Saved checkpoint at epoch 9: /home/sur06423/hiwi/vit_exp/vision_tranformer_baseline/src/components/Grid_Search/experiments/Adam_01_c_LR_0_01/runs/checkpoints/checkpoint_Adam_01_c_LR_0_01_epoch_9.pth
2024-03-02 13:21:58,403 - INFO - Epoch: 10 |Total training time: 0h:1m:21s | Train Loss: 0.3708 | Train Balanced Accuracy: 83.7089 %
2024-03-02 13:21:58,404 - INFO - Epoch: 10 |Total validation time:0h:0m:41s | Validation Loss: 7.3660 | Validation Balanced Accuracy: 17.3746 % 
2024-03-02 13:21:58,404 - INFO - Epoch: 10 |Total testing time: 0h:0m:49s | Test Loss: 1.9019 | Test Balanced Accuracy: 30.8308 %
2024-03-02 13:24:51,461 - INFO - Epoch: 11 |Total training time: 0h:1m:22s | Train Loss: 0.3551 | Train Balanced Accuracy: 85.4383 %
2024-03-02 13:24:51,462 - INFO - Epoch: 11 |Total validation time:0h:0m:41s | Validation Loss: 7.5103 | Validation Balanced Accuracy: 17.9910 % 
2024-03-02 13:24:51,462 - INFO - Epoch: 11 |Total testing time: 0h:0m:48s | Test Loss: 1.9178 | Test Balanced Accuracy: 32.0589 %
2024-03-02 13:27:43,444 - INFO - Epoch: 12 |Total training time: 0h:1m:22s | Train Loss: 0.3463 | Train Balanced Accuracy: 85.8322 %
2024-03-02 13:27:43,446 - INFO - Epoch: 12 |Total validation time:0h:0m:41s | Validation Loss: 7.5754 | Validation Balanced Accuracy: 18.0220 % 
2024-03-02 13:27:43,446 - INFO - Epoch: 12 |Total testing time: 0h:0m:47s | Test Loss: 1.9201 | Test Balanced Accuracy: 32.1981 %
2024-03-02 13:30:36,777 - INFO - Epoch: 13 |Total training time: 0h:1m:23s | Train Loss: 0.3364 | Train Balanced Accuracy: 86.6765 %
2024-03-02 13:30:36,778 - INFO - Epoch: 13 |Total validation time:0h:0m:41s | Validation Loss: 7.7421 | Validation Balanced Accuracy: 16.9929 % 
2024-03-02 13:30:36,778 - INFO - Epoch: 13 |Total testing time: 0h:0m:48s | Test Loss: 1.8853 | Test Balanced Accuracy: 31.3224 %
2024-03-02 13:33:28,399 - INFO - Epoch: 14 |Total training time: 0h:1m:22s | Train Loss: 0.3326 | Train Balanced Accuracy: 86.5504 %
2024-03-02 13:33:28,399 - INFO - Epoch: 14 |Total validation time:0h:0m:41s | Validation Loss: 7.6014 | Validation Balanced Accuracy: 16.3817 % 
2024-03-02 13:33:28,399 - INFO - Epoch: 14 |Total testing time: 0h:0m:48s | Test Loss: 2.0001 | Test Balanced Accuracy: 31.7816 %
2024-03-02 13:33:29,872 - INFO - Saved checkpoint at epoch 14: /home/sur06423/hiwi/vit_exp/vision_tranformer_baseline/src/components/Grid_Search/experiments/Adam_01_c_LR_0_01/runs/checkpoints/checkpoint_Adam_01_c_LR_0_01_epoch_14.pth
2024-03-02 13:36:22,145 - INFO - Epoch: 15 |Total training time: 0h:1m:22s | Train Loss: 0.3158 | Train Balanced Accuracy: 88.1602 %
2024-03-02 13:36:22,146 - INFO - Epoch: 15 |Total validation time:0h:0m:41s | Validation Loss: 8.0456 | Validation Balanced Accuracy: 16.6716 % 
2024-03-02 13:36:22,146 - INFO - Epoch: 15 |Total testing time: 0h:0m:48s | Test Loss: 2.0352 | Test Balanced Accuracy: 34.3757 %
2024-03-02 13:39:15,830 - INFO - Epoch: 16 |Total training time: 0h:1m:23s | Train Loss: 0.3055 | Train Balanced Accuracy: 88.8447 %
2024-03-02 13:39:15,831 - INFO - Epoch: 16 |Total validation time:0h:0m:41s | Validation Loss: 7.9506 | Validation Balanced Accuracy: 15.4656 % 
2024-03-02 13:39:15,831 - INFO - Epoch: 16 |Total testing time: 0h:0m:49s | Test Loss: 1.9724 | Test Balanced Accuracy: 33.7582 %
2024-03-02 13:42:07,702 - INFO - Epoch: 17 |Total training time: 0h:1m:21s | Train Loss: 0.2947 | Train Balanced Accuracy: 89.3227 %
2024-03-02 13:42:07,702 - INFO - Epoch: 17 |Total validation time:0h:0m:41s | Validation Loss: 8.2596 | Validation Balanced Accuracy: 16.7856 % 
2024-03-02 13:42:07,703 - INFO - Epoch: 17 |Total testing time: 0h:0m:48s | Test Loss: 2.0388 | Test Balanced Accuracy: 32.9980 %
2024-03-02 13:44:59,051 - INFO - Epoch: 18 |Total training time: 0h:1m:21s | Train Loss: 0.2935 | Train Balanced Accuracy: 89.5744 %
2024-03-02 13:44:59,053 - INFO - Epoch: 18 |Total validation time:0h:0m:41s | Validation Loss: 8.1707 | Validation Balanced Accuracy: 15.2588 % 
2024-03-02 13:44:59,053 - INFO - Epoch: 18 |Total testing time: 0h:0m:48s | Test Loss: 2.0322 | Test Balanced Accuracy: 33.0455 %
2024-03-02 13:47:52,105 - INFO - Epoch: 19 |Total training time: 0h:1m:23s | Train Loss: 0.2795 | Train Balanced Accuracy: 90.1903 %
2024-03-02 13:47:52,106 - INFO - Epoch: 19 |Total validation time:0h:0m:41s | Validation Loss: 8.3428 | Validation Balanced Accuracy: 14.9009 % 
2024-03-02 13:47:52,112 - INFO - Epoch: 19 |Total testing time: 0h:0m:48s | Test Loss: 2.0535 | Test Balanced Accuracy: 33.9626 %
2024-03-02 13:47:54,279 - INFO - Saved checkpoint at epoch 19: /home/sur06423/hiwi/vit_exp/vision_tranformer_baseline/src/components/Grid_Search/experiments/Adam_01_c_LR_0_01/runs/checkpoints/checkpoint_Adam_01_c_LR_0_01_epoch_19.pth
2024-03-02 13:50:46,547 - INFO - Epoch: 20 |Total training time: 0h:1m:21s | Train Loss: 0.2749 | Train Balanced Accuracy: 90.1820 %
2024-03-02 13:50:46,548 - INFO - Epoch: 20 |Total validation time:0h:0m:41s | Validation Loss: 8.5556 | Validation Balanced Accuracy: 15.0291 % 
2024-03-02 13:50:46,548 - INFO - Epoch: 20 |Total testing time: 0h:0m:49s | Test Loss: 2.1216 | Test Balanced Accuracy: 34.1767 %
2024-03-02 13:53:39,382 - INFO - Epoch: 21 |Total training time: 0h:1m:22s | Train Loss: 0.2687 | Train Balanced Accuracy: 90.6592 %
2024-03-02 13:53:39,383 - INFO - Epoch: 21 |Total validation time:0h:0m:41s | Validation Loss: 8.5152 | Validation Balanced Accuracy: 17.5605 % 
2024-03-02 13:53:39,383 - INFO - Epoch: 21 |Total testing time: 0h:0m:48s | Test Loss: 2.0852 | Test Balanced Accuracy: 34.0594 %
2024-03-02 13:56:32,903 - INFO - Epoch: 22 |Total training time: 0h:1m:22s | Train Loss: 0.2636 | Train Balanced Accuracy: 90.8369 %
2024-03-02 13:56:32,904 - INFO - Epoch: 22 |Total validation time:0h:0m:41s | Validation Loss: 8.7113 | Validation Balanced Accuracy: 16.2317 % 
2024-03-02 13:56:32,904 - INFO - Epoch: 22 |Total testing time: 0h:0m:48s | Test Loss: 2.1141 | Test Balanced Accuracy: 33.3774 %
2024-03-02 13:59:25,354 - INFO - Epoch: 23 |Total training time: 0h:1m:22s | Train Loss: 0.2604 | Train Balanced Accuracy: 90.6000 %
2024-03-02 13:59:25,355 - INFO - Epoch: 23 |Total validation time:0h:0m:41s | Validation Loss: 8.7201 | Validation Balanced Accuracy: 14.9094 % 
2024-03-02 13:59:25,355 - INFO - Epoch: 23 |Total testing time: 0h:0m:48s | Test Loss: 2.1524 | Test Balanced Accuracy: 34.1197 %
2024-03-02 14:02:17,487 - INFO - Epoch: 24 |Total training time: 0h:1m:22s | Train Loss: 0.2542 | Train Balanced Accuracy: 91.1416 %
2024-03-02 14:02:17,488 - INFO - Epoch: 24 |Total validation time:0h:0m:41s | Validation Loss: 8.8495 | Validation Balanced Accuracy: 16.9923 % 
2024-03-02 14:02:17,488 - INFO - Epoch: 24 |Total testing time: 0h:0m:48s | Test Loss: 2.2782 | Test Balanced Accuracy: 30.9495 %
2024-03-02 14:02:28,293 - INFO - Saved checkpoint at epoch 24: /home/sur06423/hiwi/vit_exp/vision_tranformer_baseline/src/components/Grid_Search/experiments/Adam_01_c_LR_0_01/runs/checkpoints/checkpoint_Adam_01_c_LR_0_01_epoch_24.pth
2024-03-02 14:05:20,916 - INFO - Epoch: 25 |Total training time: 0h:1m:22s | Train Loss: 0.2514 | Train Balanced Accuracy: 91.8020 %
2024-03-02 14:05:20,916 - INFO - Epoch: 25 |Total validation time:0h:0m:41s | Validation Loss: 8.7376 | Validation Balanced Accuracy: 17.0545 % 
2024-03-02 14:05:20,917 - INFO - Epoch: 25 |Total testing time: 0h:0m:48s | Test Loss: 2.2766 | Test Balanced Accuracy: 31.8324 %
2024-03-02 14:08:12,605 - INFO - Epoch: 26 |Total training time: 0h:1m:21s | Train Loss: 0.2450 | Train Balanced Accuracy: 92.0581 %
2024-03-02 14:08:12,605 - INFO - Epoch: 26 |Total validation time:0h:0m:41s | Validation Loss: 8.8117 | Validation Balanced Accuracy: 17.0015 % 
2024-03-02 14:08:12,605 - INFO - Epoch: 26 |Total testing time: 0h:0m:48s | Test Loss: 2.2395 | Test Balanced Accuracy: 32.1729 %
2024-03-02 14:11:04,582 - INFO - Epoch: 27 |Total training time: 0h:1m:22s | Train Loss: 0.2397 | Train Balanced Accuracy: 92.7647 %
2024-03-02 14:11:04,583 - INFO - Epoch: 27 |Total validation time:0h:0m:41s | Validation Loss: 8.8140 | Validation Balanced Accuracy: 16.0588 % 
2024-03-02 14:11:04,583 - INFO - Epoch: 27 |Total testing time: 0h:0m:47s | Test Loss: 2.4455 | Test Balanced Accuracy: 31.6468 %
2024-03-02 14:13:56,113 - INFO - Epoch: 28 |Total training time: 0h:1m:21s | Train Loss: 0.2343 | Train Balanced Accuracy: 92.6035 %
2024-03-02 14:13:56,114 - INFO - Epoch: 28 |Total validation time:0h:0m:41s | Validation Loss: 9.3227 | Validation Balanced Accuracy: 17.1912 % 
2024-03-02 14:13:56,114 - INFO - Epoch: 28 |Total testing time: 0h:0m:48s | Test Loss: 2.3603 | Test Balanced Accuracy: 31.7998 %
2024-03-02 14:16:48,501 - INFO - Epoch: 29 |Total training time: 0h:1m:22s | Train Loss: 0.2264 | Train Balanced Accuracy: 93.0087 %
2024-03-02 14:16:48,501 - INFO - Epoch: 29 |Total validation time:0h:0m:41s | Validation Loss: 9.2946 | Validation Balanced Accuracy: 16.5193 % 
2024-03-02 14:16:48,501 - INFO - Epoch: 29 |Total testing time: 0h:0m:48s | Test Loss: 2.3617 | Test Balanced Accuracy: 32.9484 %
2024-03-02 14:16:51,670 - INFO - Saved checkpoint at epoch 29: /home/sur06423/hiwi/vit_exp/vision_tranformer_baseline/src/components/Grid_Search/experiments/Adam_01_c_LR_0_01/runs/checkpoints/checkpoint_Adam_01_c_LR_0_01_epoch_29.pth
2024-03-02 14:19:47,864 - INFO - Epoch: 30 |Total training time: 0h:1m:25s | Train Loss: 0.2294 | Train Balanced Accuracy: 92.9449 %
2024-03-02 14:19:47,865 - INFO - Epoch: 30 |Total validation time:0h:0m:41s | Validation Loss: 9.3449 | Validation Balanced Accuracy: 17.7507 % 
2024-03-02 14:19:47,865 - INFO - Epoch: 30 |Total testing time: 0h:0m:48s | Test Loss: 2.3564 | Test Balanced Accuracy: 32.9780 %
2024-03-02 14:22:41,094 - INFO - Epoch: 31 |Total training time: 0h:1m:23s | Train Loss: 0.2234 | Train Balanced Accuracy: 93.4489 %
2024-03-02 14:22:41,095 - INFO - Epoch: 31 |Total validation time:0h:0m:41s | Validation Loss: 9.1904 | Validation Balanced Accuracy: 15.5439 % 
2024-03-02 14:22:41,095 - INFO - Epoch: 31 |Total testing time: 0h:0m:48s | Test Loss: 2.3045 | Test Balanced Accuracy: 32.5383 %
2024-03-02 14:25:33,986 - INFO - Epoch: 32 |Total training time: 0h:1m:23s | Train Loss: 0.2191 | Train Balanced Accuracy: 92.9213 %
2024-03-02 14:25:33,986 - INFO - Epoch: 32 |Total validation time:0h:0m:41s | Validation Loss: 9.1800 | Validation Balanced Accuracy: 16.2393 % 
2024-03-02 14:25:33,986 - INFO - Epoch: 32 |Total testing time: 0h:0m:48s | Test Loss: 2.3752 | Test Balanced Accuracy: 33.6095 %
2024-03-02 14:28:26,598 - INFO - Epoch: 33 |Total training time: 0h:1m:22s | Train Loss: 0.2153 | Train Balanced Accuracy: 93.8109 %
2024-03-02 14:28:26,598 - INFO - Epoch: 33 |Total validation time:0h:0m:41s | Validation Loss: 9.6039 | Validation Balanced Accuracy: 17.2846 % 
2024-03-02 14:28:26,598 - INFO - Epoch: 33 |Total testing time: 0h:0m:48s | Test Loss: 2.3956 | Test Balanced Accuracy: 32.5539 %
2024-03-02 14:31:19,843 - INFO - Epoch: 34 |Total training time: 0h:1m:22s | Train Loss: 0.2158 | Train Balanced Accuracy: 93.3297 %
2024-03-02 14:31:19,844 - INFO - Epoch: 34 |Total validation time:0h:0m:41s | Validation Loss: 9.4508 | Validation Balanced Accuracy: 15.1422 % 
2024-03-02 14:31:19,845 - INFO - Epoch: 34 |Total testing time: 0h:0m:48s | Test Loss: 2.4931 | Test Balanced Accuracy: 32.0410 %
2024-03-02 14:31:24,947 - INFO - Saved checkpoint at epoch 34: /home/sur06423/hiwi/vit_exp/vision_tranformer_baseline/src/components/Grid_Search/experiments/Adam_01_c_LR_0_01/runs/checkpoints/checkpoint_Adam_01_c_LR_0_01_epoch_34.pth
2024-03-02 14:34:16,792 - INFO - Epoch: 35 |Total training time: 0h:1m:22s | Train Loss: 0.2156 | Train Balanced Accuracy: 93.5676 %
2024-03-02 14:34:16,793 - INFO - Epoch: 35 |Total validation time:0h:0m:41s | Validation Loss: 9.9992 | Validation Balanced Accuracy: 15.7460 % 
2024-03-02 14:34:16,793 - INFO - Epoch: 35 |Total testing time: 0h:0m:48s | Test Loss: 2.3594 | Test Balanced Accuracy: 32.4382 %
2024-03-02 14:37:08,690 - INFO - Epoch: 36 |Total training time: 0h:1m:22s | Train Loss: 0.2138 | Train Balanced Accuracy: 93.9602 %
2024-03-02 14:37:08,691 - INFO - Epoch: 36 |Total validation time:0h:0m:41s | Validation Loss: 9.4795 | Validation Balanced Accuracy: 17.3262 % 
2024-03-02 14:37:08,691 - INFO - Epoch: 36 |Total testing time: 0h:0m:47s | Test Loss: 2.4656 | Test Balanced Accuracy: 33.4930 %
2024-03-02 14:40:01,163 - INFO - Epoch: 37 |Total training time: 0h:1m:22s | Train Loss: 0.2066 | Train Balanced Accuracy: 93.8864 %
2024-03-02 14:40:01,165 - INFO - Epoch: 37 |Total validation time:0h:0m:41s | Validation Loss: 9.9932 | Validation Balanced Accuracy: 16.2310 % 
2024-03-02 14:40:01,165 - INFO - Epoch: 37 |Total testing time: 0h:0m:48s | Test Loss: 2.4622 | Test Balanced Accuracy: 34.1965 %
2024-03-02 14:42:54,242 - INFO - Epoch: 38 |Total training time: 0h:1m:22s | Train Loss: 0.2049 | Train Balanced Accuracy: 94.0182 %
2024-03-02 14:42:54,242 - INFO - Epoch: 38 |Total validation time:0h:0m:41s | Validation Loss: 9.8259 | Validation Balanced Accuracy: 16.1428 % 
2024-03-02 14:42:54,242 - INFO - Epoch: 38 |Total testing time: 0h:0m:48s | Test Loss: 2.5688 | Test Balanced Accuracy: 31.4787 %
2024-03-02 14:45:46,368 - INFO - Epoch: 39 |Total training time: 0h:1m:22s | Train Loss: 0.2042 | Train Balanced Accuracy: 94.0672 %
2024-03-02 14:45:46,369 - INFO - Epoch: 39 |Total validation time:0h:0m:41s | Validation Loss: 9.9129 | Validation Balanced Accuracy: 15.3738 % 
2024-03-02 14:45:46,369 - INFO - Epoch: 39 |Total testing time: 0h:0m:48s | Test Loss: 2.5541 | Test Balanced Accuracy: 32.2840 %
2024-03-02 14:45:47,865 - INFO - Saved checkpoint at epoch 39: /home/sur06423/hiwi/vit_exp/vision_tranformer_baseline/src/components/Grid_Search/experiments/Adam_01_c_LR_0_01/runs/checkpoints/checkpoint_Adam_01_c_LR_0_01_epoch_39.pth
2024-03-02 14:48:40,281 - INFO - Epoch: 40 |Total training time: 0h:1m:22s | Train Loss: 0.2038 | Train Balanced Accuracy: 94.1809 %
2024-03-02 14:48:40,282 - INFO - Epoch: 40 |Total validation time:0h:0m:41s | Validation Loss: 9.9229 | Validation Balanced Accuracy: 16.8778 % 
2024-03-02 14:48:40,282 - INFO - Epoch: 40 |Total testing time: 0h:0m:48s | Test Loss: 2.6021 | Test Balanced Accuracy: 31.6021 %
2024-03-02 14:51:33,566 - INFO - Epoch: 41 |Total training time: 0h:1m:23s | Train Loss: 0.1950 | Train Balanced Accuracy: 94.5343 %
2024-03-02 14:51:33,566 - INFO - Epoch: 41 |Total validation time:0h:0m:41s | Validation Loss: 9.8459 | Validation Balanced Accuracy: 15.3601 % 
2024-03-02 14:51:33,566 - INFO - Epoch: 41 |Total testing time: 0h:0m:48s | Test Loss: 2.5639 | Test Balanced Accuracy: 33.8249 %
2024-03-02 14:54:26,691 - INFO - Epoch: 42 |Total training time: 0h:1m:22s | Train Loss: 0.1941 | Train Balanced Accuracy: 94.3162 %
2024-03-02 14:54:26,692 - INFO - Epoch: 42 |Total validation time:0h:0m:41s | Validation Loss: 10.1667 | Validation Balanced Accuracy: 16.2900 % 
2024-03-02 14:54:26,692 - INFO - Epoch: 42 |Total testing time: 0h:0m:48s | Test Loss: 2.6566 | Test Balanced Accuracy: 32.0267 %
2024-03-02 14:57:20,679 - INFO - Epoch: 43 |Total training time: 0h:1m:22s | Train Loss: 0.1926 | Train Balanced Accuracy: 94.7023 %
2024-03-02 14:57:20,679 - INFO - Epoch: 43 |Total validation time:0h:0m:42s | Validation Loss: 10.2789 | Validation Balanced Accuracy: 17.5605 % 
2024-03-02 14:57:20,679 - INFO - Epoch: 43 |Total testing time: 0h:0m:48s | Test Loss: 2.6777 | Test Balanced Accuracy: 30.8186 %
2024-03-02 15:00:13,770 - INFO - Epoch: 44 |Total training time: 0h:1m:22s | Train Loss: 0.1860 | Train Balanced Accuracy: 95.0364 %
2024-03-02 15:00:13,770 - INFO - Epoch: 44 |Total validation time:0h:0m:41s | Validation Loss: 10.3157 | Validation Balanced Accuracy: 15.6166 % 
2024-03-02 15:00:13,770 - INFO - Epoch: 44 |Total testing time: 0h:0m:48s | Test Loss: 2.6683 | Test Balanced Accuracy: 32.9917 %
2024-03-02 15:00:14,874 - INFO - Saved checkpoint at epoch 44: /home/sur06423/hiwi/vit_exp/vision_tranformer_baseline/src/components/Grid_Search/experiments/Adam_01_c_LR_0_01/runs/checkpoints/checkpoint_Adam_01_c_LR_0_01_epoch_44.pth
2024-03-02 15:03:06,524 - INFO - Epoch: 45 |Total training time: 0h:1m:21s | Train Loss: 0.1883 | Train Balanced Accuracy: 95.0000 %
2024-03-02 15:03:06,525 - INFO - Epoch: 45 |Total validation time:0h:0m:41s | Validation Loss: 10.5223 | Validation Balanced Accuracy: 14.9439 % 
2024-03-02 15:03:06,525 - INFO - Epoch: 45 |Total testing time: 0h:0m:48s | Test Loss: 2.7774 | Test Balanced Accuracy: 31.8353 %
2024-03-02 15:05:59,324 - INFO - Epoch: 46 |Total training time: 0h:1m:22s | Train Loss: 0.1838 | Train Balanced Accuracy: 95.2577 %
2024-03-02 15:05:59,325 - INFO - Epoch: 46 |Total validation time:0h:0m:41s | Validation Loss: 10.3209 | Validation Balanced Accuracy: 14.7356 % 
2024-03-02 15:05:59,325 - INFO - Epoch: 46 |Total testing time: 0h:0m:48s | Test Loss: 2.7613 | Test Balanced Accuracy: 32.7080 %
2024-03-02 15:08:53,205 - INFO - Epoch: 47 |Total training time: 0h:1m:23s | Train Loss: 0.1852 | Train Balanced Accuracy: 95.0216 %
2024-03-02 15:08:53,206 - INFO - Epoch: 47 |Total validation time:0h:0m:42s | Validation Loss: 10.5176 | Validation Balanced Accuracy: 15.4248 % 
2024-03-02 15:08:53,206 - INFO - Epoch: 47 |Total testing time: 0h:0m:48s | Test Loss: 2.7567 | Test Balanced Accuracy: 31.2417 %
2024-03-02 15:11:45,409 - INFO - Epoch: 48 |Total training time: 0h:1m:22s | Train Loss: 0.1810 | Train Balanced Accuracy: 95.1202 %
2024-03-02 15:11:45,409 - INFO - Epoch: 48 |Total validation time:0h:0m:41s | Validation Loss: 10.4566 | Validation Balanced Accuracy: 16.3408 % 
2024-03-02 15:11:45,409 - INFO - Epoch: 48 |Total testing time: 0h:0m:48s | Test Loss: 2.7675 | Test Balanced Accuracy: 33.3913 %
2024-03-02 15:14:37,788 - INFO - Epoch: 49 |Total training time: 0h:1m:22s | Train Loss: 0.1798 | Train Balanced Accuracy: 95.4436 %
2024-03-02 15:14:37,788 - INFO - Epoch: 49 |Total validation time:0h:0m:41s | Validation Loss: 10.5918 | Validation Balanced Accuracy: 15.0039 % 
2024-03-02 15:14:37,788 - INFO - Epoch: 49 |Total testing time: 0h:0m:48s | Test Loss: 2.7484 | Test Balanced Accuracy: 31.5140 %
2024-03-02 15:14:48,685 - INFO - Saved checkpoint at epoch 49: /home/sur06423/hiwi/vit_exp/vision_tranformer_baseline/src/components/Grid_Search/experiments/Adam_01_c_LR_0_01/runs/checkpoints/checkpoint_Adam_01_c_LR_0_01_epoch_49.pth
2024-03-02 15:17:41,787 - INFO - Epoch: 50 |Total training time: 0h:1m:22s | Train Loss: 0.1738 | Train Balanced Accuracy: 95.4093 %
2024-03-02 15:17:41,788 - INFO - Epoch: 50 |Total validation time:0h:0m:41s | Validation Loss: 10.6759 | Validation Balanced Accuracy: 15.2139 % 
2024-03-02 15:17:41,788 - INFO - Epoch: 50 |Total testing time: 0h:0m:48s | Test Loss: 2.7467 | Test Balanced Accuracy: 31.7443 %
2024-03-02 15:20:35,568 - INFO - Epoch: 51 |Total training time: 0h:1m:23s | Train Loss: 0.1778 | Train Balanced Accuracy: 95.4993 %
2024-03-02 15:20:35,569 - INFO - Epoch: 51 |Total validation time:0h:0m:41s | Validation Loss: 10.7587 | Validation Balanced Accuracy: 14.2267 % 
2024-03-02 15:20:35,569 - INFO - Epoch: 51 |Total testing time: 0h:0m:49s | Test Loss: 2.8115 | Test Balanced Accuracy: 32.7556 %
2024-03-02 15:23:27,957 - INFO - Epoch: 52 |Total training time: 0h:1m:22s | Train Loss: 0.1797 | Train Balanced Accuracy: 95.2546 %
2024-03-02 15:23:27,958 - INFO - Epoch: 52 |Total validation time:0h:0m:41s | Validation Loss: 11.0529 | Validation Balanced Accuracy: 15.9293 % 
2024-03-02 15:23:27,958 - INFO - Epoch: 52 |Total testing time: 0h:0m:48s | Test Loss: 2.8412 | Test Balanced Accuracy: 33.4657 %
2024-03-02 15:26:21,995 - INFO - Epoch: 53 |Total training time: 0h:1m:23s | Train Loss: 0.1735 | Train Balanced Accuracy: 95.2696 %
2024-03-02 15:26:21,996 - INFO - Epoch: 53 |Total validation time:0h:0m:41s | Validation Loss: 11.2891 | Validation Balanced Accuracy: 13.7987 % 
2024-03-02 15:26:21,996 - INFO - Epoch: 53 |Total testing time: 0h:0m:48s | Test Loss: 2.9162 | Test Balanced Accuracy: 31.2139 %
2024-03-02 15:29:15,983 - INFO - Epoch: 54 |Total training time: 0h:1m:22s | Train Loss: 0.1720 | Train Balanced Accuracy: 95.5187 %
2024-03-02 15:29:15,985 - INFO - Epoch: 54 |Total validation time:0h:0m:41s | Validation Loss: 11.0841 | Validation Balanced Accuracy: 15.5781 % 
2024-03-02 15:29:15,990 - INFO - Epoch: 54 |Total testing time: 0h:0m:49s | Test Loss: 2.9012 | Test Balanced Accuracy: 32.2989 %
2024-03-02 15:29:18,309 - INFO - Saved checkpoint at epoch 54: /home/sur06423/hiwi/vit_exp/vision_tranformer_baseline/src/components/Grid_Search/experiments/Adam_01_c_LR_0_01/runs/checkpoints/checkpoint_Adam_01_c_LR_0_01_epoch_54.pth
2024-03-02 15:32:10,404 - INFO - Epoch: 55 |Total training time: 0h:1m:22s | Train Loss: 0.1680 | Train Balanced Accuracy: 95.4999 %
2024-03-02 15:32:10,405 - INFO - Epoch: 55 |Total validation time:0h:0m:41s | Validation Loss: 11.0439 | Validation Balanced Accuracy: 14.3005 % 
2024-03-02 15:32:10,405 - INFO - Epoch: 55 |Total testing time: 0h:0m:48s | Test Loss: 2.8844 | Test Balanced Accuracy: 32.3845 %
2024-03-02 15:35:04,328 - INFO - Epoch: 56 |Total training time: 0h:1m:23s | Train Loss: 0.1656 | Train Balanced Accuracy: 95.8368 %
2024-03-02 15:35:04,329 - INFO - Epoch: 56 |Total validation time:0h:0m:41s | Validation Loss: 11.1754 | Validation Balanced Accuracy: 15.0407 % 
2024-03-02 15:35:04,329 - INFO - Epoch: 56 |Total testing time: 0h:0m:49s | Test Loss: 2.9142 | Test Balanced Accuracy: 31.8771 %
2024-03-02 15:37:57,067 - INFO - Epoch: 57 |Total training time: 0h:1m:22s | Train Loss: 0.1665 | Train Balanced Accuracy: 95.7072 %
2024-03-02 15:37:57,068 - INFO - Epoch: 57 |Total validation time:0h:0m:41s | Validation Loss: 11.0671 | Validation Balanced Accuracy: 13.9583 % 
2024-03-02 15:37:57,068 - INFO - Epoch: 57 |Total testing time: 0h:0m:48s | Test Loss: 3.0094 | Test Balanced Accuracy: 33.6636 %
2024-03-02 15:40:49,512 - INFO - Epoch: 58 |Total training time: 0h:1m:22s | Train Loss: 0.1673 | Train Balanced Accuracy: 95.4806 %
2024-03-02 15:40:49,513 - INFO - Epoch: 58 |Total validation time:0h:0m:41s | Validation Loss: 11.2214 | Validation Balanced Accuracy: 13.6314 % 
2024-03-02 15:40:49,513 - INFO - Epoch: 58 |Total testing time: 0h:0m:48s | Test Loss: 3.0644 | Test Balanced Accuracy: 33.5538 %
2024-03-02 15:43:42,164 - INFO - Epoch: 59 |Total training time: 0h:1m:22s | Train Loss: 0.1636 | Train Balanced Accuracy: 96.0512 %
2024-03-02 15:43:42,164 - INFO - Epoch: 59 |Total validation time:0h:0m:41s | Validation Loss: 11.2645 | Validation Balanced Accuracy: 15.2108 % 
2024-03-02 15:43:42,165 - INFO - Epoch: 59 |Total testing time: 0h:0m:48s | Test Loss: 2.9679 | Test Balanced Accuracy: 33.2366 %
2024-03-02 15:43:54,067 - INFO - Saved checkpoint at epoch 59: /home/sur06423/hiwi/vit_exp/vision_tranformer_baseline/src/components/Grid_Search/experiments/Adam_01_c_LR_0_01/runs/checkpoints/checkpoint_Adam_01_c_LR_0_01_epoch_59.pth
2024-03-02 15:46:46,270 - INFO - Epoch: 60 |Total training time: 0h:1m:21s | Train Loss: 0.1593 | Train Balanced Accuracy: 96.3074 %
2024-03-02 15:46:46,270 - INFO - Epoch: 60 |Total validation time:0h:0m:41s | Validation Loss: 11.2217 | Validation Balanced Accuracy: 14.8133 % 
2024-03-02 15:46:46,271 - INFO - Epoch: 60 |Total testing time: 0h:0m:48s | Test Loss: 2.9808 | Test Balanced Accuracy: 31.8010 %
2024-03-02 15:49:38,942 - INFO - Epoch: 61 |Total training time: 0h:1m:22s | Train Loss: 0.1600 | Train Balanced Accuracy: 96.2329 %
2024-03-02 15:49:38,943 - INFO - Epoch: 61 |Total validation time:0h:0m:41s | Validation Loss: 11.6441 | Validation Balanced Accuracy: 15.4278 % 
2024-03-02 15:49:38,943 - INFO - Epoch: 61 |Total testing time: 0h:0m:48s | Test Loss: 3.0024 | Test Balanced Accuracy: 31.6698 %
2024-03-02 15:52:30,955 - INFO - Epoch: 62 |Total training time: 0h:1m:22s | Train Loss: 0.1558 | Train Balanced Accuracy: 96.3741 %
2024-03-02 15:52:30,956 - INFO - Epoch: 62 |Total validation time:0h:0m:41s | Validation Loss: 11.3980 | Validation Balanced Accuracy: 15.0602 % 
2024-03-02 15:52:30,956 - INFO - Epoch: 62 |Total testing time: 0h:0m:48s | Test Loss: 3.0546 | Test Balanced Accuracy: 31.6729 %
2024-03-02 15:55:24,247 - INFO - Epoch: 63 |Total training time: 0h:1m:23s | Train Loss: 0.1615 | Train Balanced Accuracy: 95.9997 %
2024-03-02 15:55:24,247 - INFO - Epoch: 63 |Total validation time:0h:0m:41s | Validation Loss: 11.7708 | Validation Balanced Accuracy: 13.8257 % 
2024-03-02 15:55:24,247 - INFO - Epoch: 63 |Total testing time: 0h:0m:48s | Test Loss: 3.1310 | Test Balanced Accuracy: 32.4628 %
2024-03-02 15:58:17,031 - INFO - Epoch: 64 |Total training time: 0h:1m:22s | Train Loss: 0.1632 | Train Balanced Accuracy: 96.1364 %
2024-03-02 15:58:17,032 - INFO - Epoch: 64 |Total validation time:0h:0m:41s | Validation Loss: 11.9908 | Validation Balanced Accuracy: 14.8543 % 
2024-03-02 15:58:17,032 - INFO - Epoch: 64 |Total testing time: 0h:0m:48s | Test Loss: 3.0155 | Test Balanced Accuracy: 33.1721 %
2024-03-02 15:58:18,878 - INFO - Saved checkpoint at epoch 64: /home/sur06423/hiwi/vit_exp/vision_tranformer_baseline/src/components/Grid_Search/experiments/Adam_01_c_LR_0_01/runs/checkpoints/checkpoint_Adam_01_c_LR_0_01_epoch_64.pth
2024-03-02 16:01:10,044 - INFO - Epoch: 65 |Total training time: 0h:1m:21s | Train Loss: 0.1574 | Train Balanced Accuracy: 96.0464 %
2024-03-02 16:01:10,045 - INFO - Epoch: 65 |Total validation time:0h:0m:41s | Validation Loss: 11.4526 | Validation Balanced Accuracy: 15.5379 % 
2024-03-02 16:01:10,045 - INFO - Epoch: 65 |Total testing time: 0h:0m:48s | Test Loss: 3.0731 | Test Balanced Accuracy: 32.1676 %
2024-03-02 16:04:03,439 - INFO - Epoch: 66 |Total training time: 0h:1m:22s | Train Loss: 0.1540 | Train Balanced Accuracy: 96.1486 %
2024-03-02 16:04:03,440 - INFO - Epoch: 66 |Total validation time:0h:0m:41s | Validation Loss: 11.7590 | Validation Balanced Accuracy: 14.8218 % 
2024-03-02 16:04:03,440 - INFO - Epoch: 66 |Total testing time: 0h:0m:48s | Test Loss: 3.1341 | Test Balanced Accuracy: 32.1392 %
2024-03-02 16:06:56,203 - INFO - Epoch: 67 |Total training time: 0h:1m:22s | Train Loss: 0.1512 | Train Balanced Accuracy: 96.3861 %
2024-03-02 16:06:56,203 - INFO - Epoch: 67 |Total validation time:0h:0m:41s | Validation Loss: 11.8395 | Validation Balanced Accuracy: 14.1205 % 
2024-03-02 16:06:56,203 - INFO - Epoch: 67 |Total testing time: 0h:0m:48s | Test Loss: 3.2095 | Test Balanced Accuracy: 31.8685 %
2024-03-02 16:09:48,754 - INFO - Epoch: 68 |Total training time: 0h:1m:22s | Train Loss: 0.1550 | Train Balanced Accuracy: 96.2471 %
2024-03-02 16:09:48,754 - INFO - Epoch: 68 |Total validation time:0h:0m:41s | Validation Loss: 11.6888 | Validation Balanced Accuracy: 15.4281 % 
2024-03-02 16:09:48,754 - INFO - Epoch: 68 |Total testing time: 0h:0m:48s | Test Loss: 3.1655 | Test Balanced Accuracy: 32.4083 %
2024-03-02 16:12:41,340 - INFO - Epoch: 69 |Total training time: 0h:1m:22s | Train Loss: 0.1559 | Train Balanced Accuracy: 96.0293 %
2024-03-02 16:12:41,341 - INFO - Epoch: 69 |Total validation time:0h:0m:41s | Validation Loss: 12.1217 | Validation Balanced Accuracy: 14.1084 % 
2024-03-02 16:12:41,341 - INFO - Epoch: 69 |Total testing time: 0h:0m:48s | Test Loss: 3.2793 | Test Balanced Accuracy: 31.1757 %
2024-03-02 16:12:43,710 - INFO - Saved checkpoint at epoch 69: /home/sur06423/hiwi/vit_exp/vision_tranformer_baseline/src/components/Grid_Search/experiments/Adam_01_c_LR_0_01/runs/checkpoints/checkpoint_Adam_01_c_LR_0_01_epoch_69.pth
2024-03-02 16:15:37,042 - INFO - Epoch: 70 |Total training time: 0h:1m:22s | Train Loss: 0.1505 | Train Balanced Accuracy: 96.2529 %
2024-03-02 16:15:37,043 - INFO - Epoch: 70 |Total validation time:0h:0m:41s | Validation Loss: 12.1117 | Validation Balanced Accuracy: 15.7427 % 
2024-03-02 16:15:37,043 - INFO - Epoch: 70 |Total testing time: 0h:0m:49s | Test Loss: 3.2529 | Test Balanced Accuracy: 30.3098 %
2024-03-02 16:18:29,497 - INFO - Epoch: 71 |Total training time: 0h:1m:22s | Train Loss: 0.1497 | Train Balanced Accuracy: 95.9186 %
2024-03-02 16:18:29,497 - INFO - Epoch: 71 |Total validation time:0h:0m:41s | Validation Loss: 11.8754 | Validation Balanced Accuracy: 13.9327 % 
2024-03-02 16:18:29,497 - INFO - Epoch: 71 |Total testing time: 0h:0m:48s | Test Loss: 3.0798 | Test Balanced Accuracy: 33.7551 %
2024-03-02 16:21:23,855 - INFO - Epoch: 72 |Total training time: 0h:1m:23s | Train Loss: 0.1468 | Train Balanced Accuracy: 96.3374 %
2024-03-02 16:21:23,856 - INFO - Epoch: 72 |Total validation time:0h:0m:41s | Validation Loss: 12.0239 | Validation Balanced Accuracy: 14.3246 % 
2024-03-02 16:21:23,856 - INFO - Epoch: 72 |Total testing time: 0h:0m:48s | Test Loss: 3.2112 | Test Balanced Accuracy: 31.7068 %
2024-03-02 16:24:17,437 - INFO - Epoch: 73 |Total training time: 0h:1m:23s | Train Loss: 0.1453 | Train Balanced Accuracy: 96.5945 %
2024-03-02 16:24:17,437 - INFO - Epoch: 73 |Total validation time:0h:0m:41s | Validation Loss: 12.1932 | Validation Balanced Accuracy: 15.1191 % 
2024-03-02 16:24:17,437 - INFO - Epoch: 73 |Total testing time: 0h:0m:48s | Test Loss: 3.1156 | Test Balanced Accuracy: 32.9819 %
2024-03-02 16:27:09,780 - INFO - Epoch: 74 |Total training time: 0h:1m:22s | Train Loss: 0.1431 | Train Balanced Accuracy: 96.7607 %
2024-03-02 16:27:09,780 - INFO - Epoch: 74 |Total validation time:0h:0m:41s | Validation Loss: 12.3247 | Validation Balanced Accuracy: 14.9667 % 
2024-03-02 16:27:09,780 - INFO - Epoch: 74 |Total testing time: 0h:0m:48s | Test Loss: 3.2977 | Test Balanced Accuracy: 31.9916 %
2024-03-02 16:27:20,183 - INFO - Saved checkpoint at epoch 74: /home/sur06423/hiwi/vit_exp/vision_tranformer_baseline/src/components/Grid_Search/experiments/Adam_01_c_LR_0_01/runs/checkpoints/checkpoint_Adam_01_c_LR_0_01_epoch_74.pth
2024-03-02 16:30:11,859 - INFO - Epoch: 75 |Total training time: 0h:1m:21s | Train Loss: 0.1434 | Train Balanced Accuracy: 96.5582 %
2024-03-02 16:30:11,860 - INFO - Epoch: 75 |Total validation time:0h:0m:41s | Validation Loss: 12.4138 | Validation Balanced Accuracy: 14.6793 % 
2024-03-02 16:30:11,860 - INFO - Epoch: 75 |Total testing time: 0h:0m:49s | Test Loss: 3.3371 | Test Balanced Accuracy: 32.3564 %
2024-03-02 16:33:03,962 - INFO - Epoch: 76 |Total training time: 0h:1m:22s | Train Loss: 0.1413 | Train Balanced Accuracy: 96.8099 %
2024-03-02 16:33:03,962 - INFO - Epoch: 76 |Total validation time:0h:0m:41s | Validation Loss: 12.2530 | Validation Balanced Accuracy: 16.0679 % 
2024-03-02 16:33:03,962 - INFO - Epoch: 76 |Total testing time: 0h:0m:48s | Test Loss: 3.2783 | Test Balanced Accuracy: 31.6042 %
2024-03-02 16:35:55,416 - INFO - Epoch: 77 |Total training time: 0h:1m:21s | Train Loss: 0.1394 | Train Balanced Accuracy: 96.8724 %
2024-03-02 16:35:55,417 - INFO - Epoch: 77 |Total validation time:0h:0m:41s | Validation Loss: 12.3285 | Validation Balanced Accuracy: 14.4894 % 
2024-03-02 16:35:55,417 - INFO - Epoch: 77 |Total testing time: 0h:0m:47s | Test Loss: 3.3709 | Test Balanced Accuracy: 31.5434 %
2024-03-02 16:38:47,693 - INFO - Epoch: 78 |Total training time: 0h:1m:22s | Train Loss: 0.1411 | Train Balanced Accuracy: 96.8973 %
2024-03-02 16:38:47,693 - INFO - Epoch: 78 |Total validation time:0h:0m:41s | Validation Loss: 12.3190 | Validation Balanced Accuracy: 14.9275 % 
2024-03-02 16:38:47,693 - INFO - Epoch: 78 |Total testing time: 0h:0m:48s | Test Loss: 3.5493 | Test Balanced Accuracy: 31.9873 %
2024-03-02 16:41:40,342 - INFO - Epoch: 79 |Total training time: 0h:1m:22s | Train Loss: 0.1397 | Train Balanced Accuracy: 96.8819 %
2024-03-02 16:41:40,343 - INFO - Epoch: 79 |Total validation time:0h:0m:41s | Validation Loss: 12.3059 | Validation Balanced Accuracy: 14.6605 % 
2024-03-02 16:41:40,343 - INFO - Epoch: 79 |Total testing time: 0h:0m:48s | Test Loss: 3.3999 | Test Balanced Accuracy: 32.9119 %
2024-03-02 16:41:41,881 - INFO - Saved checkpoint at epoch 79: /home/sur06423/hiwi/vit_exp/vision_tranformer_baseline/src/components/Grid_Search/experiments/Adam_01_c_LR_0_01/runs/checkpoints/checkpoint_Adam_01_c_LR_0_01_epoch_79.pth
2024-03-02 16:41:41,882 - INFO - Total training, validation and testing time: 3h:53m:43s.
