2024-03-27 03:31:39,462 - INFO - Epoch: 0 |Total training time: 0h:1m:39s | Train Loss: 0.3840 | Train Balanced Accuracy: 76.0447 %
2024-03-27 03:31:39,462 - INFO - Epoch: 0 |Total validation time:0h:0m:43s | Validation Loss: 0.2573 | Validation Balanced Accuracy: 87.0524 % 
2024-03-27 03:31:39,462 - INFO - Epoch: 0 |Total testing time: 0h:0m:57s | Test Loss: 0.3360 | Test Balanced Accuracy: 86.2336 %
2024-03-27 03:31:48,046 - INFO - Saved checkpoint at epoch 0: /home/sur06423/hiwi/vit_exp/vision_tranformer_baseline/src/components/distraction_detection_d_a/grid_search_ddp/experiments/DD_GS_A_SGD_LR_0_03/runs/checkpoints/checkpoint_DD_GS_A_SGD_LR_0_03_epoch_0.pth
2024-03-27 03:35:03,924 - INFO - Epoch: 1 |Total training time: 0h:1m:38s | Train Loss: 0.2122 | Train Balanced Accuracy: 91.7886 %
2024-03-27 03:35:03,924 - INFO - Epoch: 1 |Total validation time:0h:0m:43s | Validation Loss: 0.2713 | Validation Balanced Accuracy: 70.6812 % 
2024-03-27 03:35:03,925 - INFO - Epoch: 1 |Total testing time: 0h:0m:54s | Test Loss: 0.3517 | Test Balanced Accuracy: 79.7303 %
2024-03-27 03:35:05,444 - INFO - Saved checkpoint at epoch 1: /home/sur06423/hiwi/vit_exp/vision_tranformer_baseline/src/components/distraction_detection_d_a/grid_search_ddp/experiments/DD_GS_A_SGD_LR_0_03/runs/checkpoints/checkpoint_DD_GS_A_SGD_LR_0_03_epoch_1.pth
2024-03-27 03:38:20,926 - INFO - Epoch: 2 |Total training time: 0h:1m:37s | Train Loss: 0.1761 | Train Balanced Accuracy: 93.6013 %
2024-03-27 03:38:20,927 - INFO - Epoch: 2 |Total validation time:0h:0m:44s | Validation Loss: 0.2533 | Validation Balanced Accuracy: 77.7617 % 
2024-03-27 03:38:20,927 - INFO - Epoch: 2 |Total testing time: 0h:0m:54s | Test Loss: 0.3224 | Test Balanced Accuracy: 83.8788 %
2024-03-27 03:38:24,425 - INFO - Saved checkpoint at epoch 2: /home/sur06423/hiwi/vit_exp/vision_tranformer_baseline/src/components/distraction_detection_d_a/grid_search_ddp/experiments/DD_GS_A_SGD_LR_0_03/runs/checkpoints/checkpoint_DD_GS_A_SGD_LR_0_03_epoch_2.pth
2024-03-27 03:41:40,366 - INFO - Epoch: 3 |Total training time: 0h:1m:38s | Train Loss: 0.1571 | Train Balanced Accuracy: 94.5744 %
2024-03-27 03:41:40,367 - INFO - Epoch: 3 |Total validation time:0h:0m:43s | Validation Loss: 0.2429 | Validation Balanced Accuracy: 82.0275 % 
2024-03-27 03:41:40,367 - INFO - Epoch: 3 |Total testing time: 0h:0m:53s | Test Loss: 0.3206 | Test Balanced Accuracy: 84.6445 %
2024-03-27 03:41:46,528 - INFO - Saved checkpoint at epoch 3: /home/sur06423/hiwi/vit_exp/vision_tranformer_baseline/src/components/distraction_detection_d_a/grid_search_ddp/experiments/DD_GS_A_SGD_LR_0_03/runs/checkpoints/checkpoint_DD_GS_A_SGD_LR_0_03_epoch_3.pth
2024-03-27 03:45:02,108 - INFO - Epoch: 4 |Total training time: 0h:1m:37s | Train Loss: 0.1477 | Train Balanced Accuracy: 95.0067 %
2024-03-27 03:45:02,108 - INFO - Epoch: 4 |Total validation time:0h:0m:43s | Validation Loss: 0.2647 | Validation Balanced Accuracy: 76.9417 % 
2024-03-27 03:45:02,108 - INFO - Epoch: 4 |Total testing time: 0h:0m:53s | Test Loss: 0.3306 | Test Balanced Accuracy: 83.0405 %
2024-03-27 03:45:03,705 - INFO - Saved checkpoint at epoch 4: /home/sur06423/hiwi/vit_exp/vision_tranformer_baseline/src/components/distraction_detection_d_a/grid_search_ddp/experiments/DD_GS_A_SGD_LR_0_03/runs/checkpoints/checkpoint_DD_GS_A_SGD_LR_0_03_epoch_4.pth
2024-03-27 03:48:23,976 - INFO - Epoch: 5 |Total training time: 0h:1m:37s | Train Loss: 0.1400 | Train Balanced Accuracy: 95.2029 %
2024-03-27 03:48:23,977 - INFO - Epoch: 5 |Total validation time:0h:0m:44s | Validation Loss: 0.2422 | Validation Balanced Accuracy: 82.7779 % 
2024-03-27 03:48:23,977 - INFO - Epoch: 5 |Total testing time: 0h:0m:58s | Test Loss: 0.3188 | Test Balanced Accuracy: 84.8358 %
2024-03-27 03:48:26,933 - INFO - Saved checkpoint at epoch 5: /home/sur06423/hiwi/vit_exp/vision_tranformer_baseline/src/components/distraction_detection_d_a/grid_search_ddp/experiments/DD_GS_A_SGD_LR_0_03/runs/checkpoints/checkpoint_DD_GS_A_SGD_LR_0_03_epoch_5.pth
2024-03-27 03:51:42,328 - INFO - Epoch: 6 |Total training time: 0h:1m:37s | Train Loss: 0.1337 | Train Balanced Accuracy: 95.3166 %
2024-03-27 03:51:42,329 - INFO - Epoch: 6 |Total validation time:0h:0m:44s | Validation Loss: 0.2658 | Validation Balanced Accuracy: 78.4379 % 
2024-03-27 03:51:42,329 - INFO - Epoch: 6 |Total testing time: 0h:0m:53s | Test Loss: 0.3275 | Test Balanced Accuracy: 83.8920 %
2024-03-27 03:51:45,090 - INFO - Saved checkpoint at epoch 6: /home/sur06423/hiwi/vit_exp/vision_tranformer_baseline/src/components/distraction_detection_d_a/grid_search_ddp/experiments/DD_GS_A_SGD_LR_0_03/runs/checkpoints/checkpoint_DD_GS_A_SGD_LR_0_03_epoch_6.pth
2024-03-27 03:55:00,694 - INFO - Epoch: 7 |Total training time: 0h:1m:37s | Train Loss: 0.1300 | Train Balanced Accuracy: 95.6775 %
2024-03-27 03:55:00,695 - INFO - Epoch: 7 |Total validation time:0h:0m:43s | Validation Loss: 0.2694 | Validation Balanced Accuracy: 78.4036 % 
2024-03-27 03:55:00,695 - INFO - Epoch: 7 |Total testing time: 0h:0m:53s | Test Loss: 0.3294 | Test Balanced Accuracy: 83.8632 %
2024-03-27 03:55:05,030 - INFO - Saved checkpoint at epoch 7: /home/sur06423/hiwi/vit_exp/vision_tranformer_baseline/src/components/distraction_detection_d_a/grid_search_ddp/experiments/DD_GS_A_SGD_LR_0_03/runs/checkpoints/checkpoint_DD_GS_A_SGD_LR_0_03_epoch_7.pth
2024-03-27 03:58:20,847 - INFO - Epoch: 8 |Total training time: 0h:1m:37s | Train Loss: 0.1250 | Train Balanced Accuracy: 95.8058 %
2024-03-27 03:58:20,848 - INFO - Epoch: 8 |Total validation time:0h:0m:44s | Validation Loss: 0.2461 | Validation Balanced Accuracy: 82.8434 % 
2024-03-27 03:58:20,848 - INFO - Epoch: 8 |Total testing time: 0h:0m:53s | Test Loss: 0.3212 | Test Balanced Accuracy: 84.8672 %
2024-03-27 03:58:26,799 - INFO - Saved checkpoint at epoch 8: /home/sur06423/hiwi/vit_exp/vision_tranformer_baseline/src/components/distraction_detection_d_a/grid_search_ddp/experiments/DD_GS_A_SGD_LR_0_03/runs/checkpoints/checkpoint_DD_GS_A_SGD_LR_0_03_epoch_8.pth
2024-03-27 04:01:43,121 - INFO - Epoch: 9 |Total training time: 0h:1m:38s | Train Loss: 0.1226 | Train Balanced Accuracy: 95.9777 %
2024-03-27 04:01:43,122 - INFO - Epoch: 9 |Total validation time:0h:0m:44s | Validation Loss: 0.2923 | Validation Balanced Accuracy: 76.2690 % 
2024-03-27 04:01:43,122 - INFO - Epoch: 9 |Total testing time: 0h:0m:53s | Test Loss: 0.3555 | Test Balanced Accuracy: 81.0216 %
2024-03-27 04:01:44,202 - INFO - Saved checkpoint at epoch 9: /home/sur06423/hiwi/vit_exp/vision_tranformer_baseline/src/components/distraction_detection_d_a/grid_search_ddp/experiments/DD_GS_A_SGD_LR_0_03/runs/checkpoints/checkpoint_DD_GS_A_SGD_LR_0_03_epoch_9.pth
2024-03-27 04:04:58,783 - INFO - Epoch: 10 |Total training time: 0h:1m:37s | Train Loss: 0.1195 | Train Balanced Accuracy: 95.9281 %
2024-03-27 04:04:58,783 - INFO - Epoch: 10 |Total validation time:0h:0m:43s | Validation Loss: 0.2733 | Validation Balanced Accuracy: 79.4184 % 
2024-03-27 04:04:58,783 - INFO - Epoch: 10 |Total testing time: 0h:0m:53s | Test Loss: 0.3304 | Test Balanced Accuracy: 84.1595 %
2024-03-27 04:05:01,301 - INFO - Saved checkpoint at epoch 10: /home/sur06423/hiwi/vit_exp/vision_tranformer_baseline/src/components/distraction_detection_d_a/grid_search_ddp/experiments/DD_GS_A_SGD_LR_0_03/runs/checkpoints/checkpoint_DD_GS_A_SGD_LR_0_03_epoch_10.pth
2024-03-27 04:08:16,870 - INFO - Epoch: 11 |Total training time: 0h:1m:37s | Train Loss: 0.1163 | Train Balanced Accuracy: 96.1623 %
2024-03-27 04:08:16,870 - INFO - Epoch: 11 |Total validation time:0h:0m:44s | Validation Loss: 0.2728 | Validation Balanced Accuracy: 79.7400 % 
2024-03-27 04:08:16,871 - INFO - Epoch: 11 |Total testing time: 0h:0m:53s | Test Loss: 0.3339 | Test Balanced Accuracy: 83.9195 %
2024-03-27 04:08:21,462 - INFO - Saved checkpoint at epoch 11: /home/sur06423/hiwi/vit_exp/vision_tranformer_baseline/src/components/distraction_detection_d_a/grid_search_ddp/experiments/DD_GS_A_SGD_LR_0_03/runs/checkpoints/checkpoint_DD_GS_A_SGD_LR_0_03_epoch_11.pth
2024-03-27 04:11:40,993 - INFO - Epoch: 12 |Total training time: 0h:1m:37s | Train Loss: 0.1146 | Train Balanced Accuracy: 96.1875 %
2024-03-27 04:11:40,994 - INFO - Epoch: 12 |Total validation time:0h:0m:48s | Validation Loss: 0.2581 | Validation Balanced Accuracy: 81.6239 % 
2024-03-27 04:11:40,994 - INFO - Epoch: 12 |Total testing time: 0h:0m:53s | Test Loss: 0.3309 | Test Balanced Accuracy: 84.4370 %
2024-03-27 04:11:50,022 - INFO - Saved checkpoint at epoch 12: /home/sur06423/hiwi/vit_exp/vision_tranformer_baseline/src/components/distraction_detection_d_a/grid_search_ddp/experiments/DD_GS_A_SGD_LR_0_03/runs/checkpoints/checkpoint_DD_GS_A_SGD_LR_0_03_epoch_12.pth
2024-03-27 04:15:10,205 - INFO - Epoch: 13 |Total training time: 0h:1m:37s | Train Loss: 0.1127 | Train Balanced Accuracy: 96.3096 %
2024-03-27 04:15:10,205 - INFO - Epoch: 13 |Total validation time:0h:0m:48s | Validation Loss: 0.2660 | Validation Balanced Accuracy: 80.5716 % 
2024-03-27 04:15:10,205 - INFO - Epoch: 13 |Total testing time: 0h:0m:53s | Test Loss: 0.3297 | Test Balanced Accuracy: 84.4140 %
2024-03-27 04:15:13,337 - INFO - Saved checkpoint at epoch 13: /home/sur06423/hiwi/vit_exp/vision_tranformer_baseline/src/components/distraction_detection_d_a/grid_search_ddp/experiments/DD_GS_A_SGD_LR_0_03/runs/checkpoints/checkpoint_DD_GS_A_SGD_LR_0_03_epoch_13.pth
2024-03-27 04:18:28,118 - INFO - Epoch: 14 |Total training time: 0h:1m:37s | Train Loss: 0.1102 | Train Balanced Accuracy: 96.3223 %
2024-03-27 04:18:28,118 - INFO - Epoch: 14 |Total validation time:0h:0m:44s | Validation Loss: 0.2673 | Validation Balanced Accuracy: 80.6911 % 
2024-03-27 04:18:28,118 - INFO - Epoch: 14 |Total testing time: 0h:0m:53s | Test Loss: 0.3294 | Test Balanced Accuracy: 84.5085 %
2024-03-27 04:18:36,353 - INFO - Saved checkpoint at epoch 14: /home/sur06423/hiwi/vit_exp/vision_tranformer_baseline/src/components/distraction_detection_d_a/grid_search_ddp/experiments/DD_GS_A_SGD_LR_0_03/runs/checkpoints/checkpoint_DD_GS_A_SGD_LR_0_03_epoch_14.pth
2024-03-27 04:21:52,696 - INFO - Epoch: 15 |Total training time: 0h:1m:38s | Train Loss: 0.1085 | Train Balanced Accuracy: 96.4020 %
2024-03-27 04:21:52,696 - INFO - Epoch: 15 |Total validation time:0h:0m:44s | Validation Loss: 0.2696 | Validation Balanced Accuracy: 80.4499 % 
2024-03-27 04:21:52,696 - INFO - Epoch: 15 |Total testing time: 0h:0m:54s | Test Loss: 0.3371 | Test Balanced Accuracy: 84.0971 %
2024-03-27 04:22:01,924 - INFO - Saved checkpoint at epoch 15: /home/sur06423/hiwi/vit_exp/vision_tranformer_baseline/src/components/distraction_detection_d_a/grid_search_ddp/experiments/DD_GS_A_SGD_LR_0_03/runs/checkpoints/checkpoint_DD_GS_A_SGD_LR_0_03_epoch_15.pth
2024-03-27 04:25:18,043 - INFO - Epoch: 16 |Total training time: 0h:1m:38s | Train Loss: 0.1073 | Train Balanced Accuracy: 96.5217 %
2024-03-27 04:25:18,044 - INFO - Epoch: 16 |Total validation time:0h:0m:44s | Validation Loss: 0.2690 | Validation Balanced Accuracy: 80.5738 % 
2024-03-27 04:25:18,044 - INFO - Epoch: 16 |Total testing time: 0h:0m:53s | Test Loss: 0.3365 | Test Balanced Accuracy: 84.3352 %
2024-03-27 04:25:19,247 - INFO - Saved checkpoint at epoch 16: /home/sur06423/hiwi/vit_exp/vision_tranformer_baseline/src/components/distraction_detection_d_a/grid_search_ddp/experiments/DD_GS_A_SGD_LR_0_03/runs/checkpoints/checkpoint_DD_GS_A_SGD_LR_0_03_epoch_16.pth
2024-03-27 04:28:35,496 - INFO - Epoch: 17 |Total training time: 0h:1m:38s | Train Loss: 0.1057 | Train Balanced Accuracy: 96.5801 %
2024-03-27 04:28:35,496 - INFO - Epoch: 17 |Total validation time:0h:0m:44s | Validation Loss: 0.2839 | Validation Balanced Accuracy: 79.2135 % 
2024-03-27 04:28:35,496 - INFO - Epoch: 17 |Total testing time: 0h:0m:53s | Test Loss: 0.3439 | Test Balanced Accuracy: 83.5294 %
2024-03-27 04:28:43,946 - INFO - Saved checkpoint at epoch 17: /home/sur06423/hiwi/vit_exp/vision_tranformer_baseline/src/components/distraction_detection_d_a/grid_search_ddp/experiments/DD_GS_A_SGD_LR_0_03/runs/checkpoints/checkpoint_DD_GS_A_SGD_LR_0_03_epoch_17.pth
2024-03-27 04:31:58,945 - INFO - Epoch: 18 |Total training time: 0h:1m:37s | Train Loss: 0.1047 | Train Balanced Accuracy: 96.4849 %
2024-03-27 04:31:58,946 - INFO - Epoch: 18 |Total validation time:0h:0m:43s | Validation Loss: 0.2723 | Validation Balanced Accuracy: 80.3500 % 
2024-03-27 04:31:58,946 - INFO - Epoch: 18 |Total testing time: 0h:0m:53s | Test Loss: 0.3392 | Test Balanced Accuracy: 84.2645 %
2024-03-27 04:32:03,391 - INFO - Saved checkpoint at epoch 18: /home/sur06423/hiwi/vit_exp/vision_tranformer_baseline/src/components/distraction_detection_d_a/grid_search_ddp/experiments/DD_GS_A_SGD_LR_0_03/runs/checkpoints/checkpoint_DD_GS_A_SGD_LR_0_03_epoch_18.pth
2024-03-27 04:35:17,956 - INFO - Epoch: 19 |Total training time: 0h:1m:38s | Train Loss: 0.1035 | Train Balanced Accuracy: 96.6153 %
2024-03-27 04:35:17,957 - INFO - Epoch: 19 |Total validation time:0h:0m:43s | Validation Loss: 0.2670 | Validation Balanced Accuracy: 80.8007 % 
2024-03-27 04:35:17,957 - INFO - Epoch: 19 |Total testing time: 0h:0m:52s | Test Loss: 0.3414 | Test Balanced Accuracy: 84.1623 %
2024-03-27 04:35:19,644 - INFO - Saved checkpoint at epoch 19: /home/sur06423/hiwi/vit_exp/vision_tranformer_baseline/src/components/distraction_detection_d_a/grid_search_ddp/experiments/DD_GS_A_SGD_LR_0_03/runs/checkpoints/checkpoint_DD_GS_A_SGD_LR_0_03_epoch_19.pth
2024-03-27 04:38:39,044 - INFO - Epoch: 20 |Total training time: 0h:1m:36s | Train Loss: 0.1041 | Train Balanced Accuracy: 96.5314 %
2024-03-27 04:38:39,045 - INFO - Epoch: 20 |Total validation time:0h:0m:44s | Validation Loss: 0.2685 | Validation Balanced Accuracy: 81.1671 % 
2024-03-27 04:38:39,045 - INFO - Epoch: 20 |Total testing time: 0h:0m:58s | Test Loss: 0.3404 | Test Balanced Accuracy: 84.3845 %
2024-03-27 04:38:46,123 - INFO - Saved checkpoint at epoch 20: /home/sur06423/hiwi/vit_exp/vision_tranformer_baseline/src/components/distraction_detection_d_a/grid_search_ddp/experiments/DD_GS_A_SGD_LR_0_03/runs/checkpoints/checkpoint_DD_GS_A_SGD_LR_0_03_epoch_20.pth
2024-03-27 04:42:18,466 - INFO - Epoch: 21 |Total training time: 0h:1m:36s | Train Loss: 0.1018 | Train Balanced Accuracy: 96.6945 %
2024-03-27 04:42:18,467 - INFO - Epoch: 21 |Total validation time:0h:0m:46s | Validation Loss: 0.2660 | Validation Balanced Accuracy: 81.2203 % 
2024-03-27 04:42:18,467 - INFO - Epoch: 21 |Total testing time: 0h:1m:9s | Test Loss: 0.3386 | Test Balanced Accuracy: 84.6539 %
2024-03-27 04:42:25,081 - INFO - Saved checkpoint at epoch 21: /home/sur06423/hiwi/vit_exp/vision_tranformer_baseline/src/components/distraction_detection_d_a/grid_search_ddp/experiments/DD_GS_A_SGD_LR_0_03/runs/checkpoints/checkpoint_DD_GS_A_SGD_LR_0_03_epoch_21.pth
2024-03-27 04:45:44,933 - INFO - Epoch: 22 |Total training time: 0h:1m:37s | Train Loss: 0.0998 | Train Balanced Accuracy: 96.7654 %
2024-03-27 04:45:44,933 - INFO - Epoch: 22 |Total validation time:0h:0m:48s | Validation Loss: 0.2902 | Validation Balanced Accuracy: 79.1032 % 
2024-03-27 04:45:44,934 - INFO - Epoch: 22 |Total testing time: 0h:0m:53s | Test Loss: 0.3548 | Test Balanced Accuracy: 83.3681 %
2024-03-27 04:45:48,784 - INFO - Saved checkpoint at epoch 22: /home/sur06423/hiwi/vit_exp/vision_tranformer_baseline/src/components/distraction_detection_d_a/grid_search_ddp/experiments/DD_GS_A_SGD_LR_0_03/runs/checkpoints/checkpoint_DD_GS_A_SGD_LR_0_03_epoch_22.pth
2024-03-27 04:49:09,387 - INFO - Epoch: 23 |Total training time: 0h:1m:38s | Train Loss: 0.0986 | Train Balanced Accuracy: 96.7710 %
2024-03-27 04:49:09,387 - INFO - Epoch: 23 |Total validation time:0h:0m:48s | Validation Loss: 0.2711 | Validation Balanced Accuracy: 80.6218 % 
2024-03-27 04:49:09,387 - INFO - Epoch: 23 |Total testing time: 0h:0m:53s | Test Loss: 0.3461 | Test Balanced Accuracy: 84.1385 %
2024-03-27 04:49:12,229 - INFO - Saved checkpoint at epoch 23: /home/sur06423/hiwi/vit_exp/vision_tranformer_baseline/src/components/distraction_detection_d_a/grid_search_ddp/experiments/DD_GS_A_SGD_LR_0_03/runs/checkpoints/checkpoint_DD_GS_A_SGD_LR_0_03_epoch_23.pth
2024-03-27 04:52:34,371 - INFO - Epoch: 24 |Total training time: 0h:1m:38s | Train Loss: 0.0980 | Train Balanced Accuracy: 96.8337 %
2024-03-27 04:52:34,372 - INFO - Epoch: 24 |Total validation time:0h:0m:48s | Validation Loss: 0.2738 | Validation Balanced Accuracy: 80.6942 % 
2024-03-27 04:52:34,372 - INFO - Epoch: 24 |Total testing time: 0h:0m:54s | Test Loss: 0.3481 | Test Balanced Accuracy: 84.0779 %
2024-03-27 04:52:39,932 - INFO - Saved checkpoint at epoch 24: /home/sur06423/hiwi/vit_exp/vision_tranformer_baseline/src/components/distraction_detection_d_a/grid_search_ddp/experiments/DD_GS_A_SGD_LR_0_03/runs/checkpoints/checkpoint_DD_GS_A_SGD_LR_0_03_epoch_24.pth
2024-03-27 04:55:56,437 - INFO - Epoch: 25 |Total training time: 0h:1m:38s | Train Loss: 0.0972 | Train Balanced Accuracy: 96.7795 %
2024-03-27 04:55:56,438 - INFO - Epoch: 25 |Total validation time:0h:0m:44s | Validation Loss: 0.2674 | Validation Balanced Accuracy: 81.4043 % 
2024-03-27 04:55:56,438 - INFO - Epoch: 25 |Total testing time: 0h:0m:54s | Test Loss: 0.3466 | Test Balanced Accuracy: 84.3058 %
2024-03-27 04:56:01,160 - INFO - Saved checkpoint at epoch 25: /home/sur06423/hiwi/vit_exp/vision_tranformer_baseline/src/components/distraction_detection_d_a/grid_search_ddp/experiments/DD_GS_A_SGD_LR_0_03/runs/checkpoints/checkpoint_DD_GS_A_SGD_LR_0_03_epoch_25.pth
2024-03-27 04:59:16,593 - INFO - Epoch: 26 |Total training time: 0h:1m:38s | Train Loss: 0.0966 | Train Balanced Accuracy: 96.8356 %
2024-03-27 04:59:16,593 - INFO - Epoch: 26 |Total validation time:0h:0m:44s | Validation Loss: 0.2697 | Validation Balanced Accuracy: 81.2797 % 
2024-03-27 04:59:16,593 - INFO - Epoch: 26 |Total testing time: 0h:0m:53s | Test Loss: 0.3462 | Test Balanced Accuracy: 84.2091 %
2024-03-27 04:59:25,714 - INFO - Saved checkpoint at epoch 26: /home/sur06423/hiwi/vit_exp/vision_tranformer_baseline/src/components/distraction_detection_d_a/grid_search_ddp/experiments/DD_GS_A_SGD_LR_0_03/runs/checkpoints/checkpoint_DD_GS_A_SGD_LR_0_03_epoch_26.pth
2024-03-27 05:02:42,557 - INFO - Epoch: 27 |Total training time: 0h:1m:38s | Train Loss: 0.0959 | Train Balanced Accuracy: 96.9627 %
2024-03-27 05:02:42,558 - INFO - Epoch: 27 |Total validation time:0h:0m:44s | Validation Loss: 0.2755 | Validation Balanced Accuracy: 80.6052 % 
2024-03-27 05:02:42,558 - INFO - Epoch: 27 |Total testing time: 0h:0m:53s | Test Loss: 0.3523 | Test Balanced Accuracy: 84.0639 %
2024-03-27 05:02:47,031 - INFO - Saved checkpoint at epoch 27: /home/sur06423/hiwi/vit_exp/vision_tranformer_baseline/src/components/distraction_detection_d_a/grid_search_ddp/experiments/DD_GS_A_SGD_LR_0_03/runs/checkpoints/checkpoint_DD_GS_A_SGD_LR_0_03_epoch_27.pth
2024-03-27 05:06:02,172 - INFO - Epoch: 28 |Total training time: 0h:1m:37s | Train Loss: 0.0966 | Train Balanced Accuracy: 96.8370 %
2024-03-27 05:06:02,173 - INFO - Epoch: 28 |Total validation time:0h:0m:43s | Validation Loss: 0.2670 | Validation Balanced Accuracy: 81.6981 % 
2024-03-27 05:06:02,173 - INFO - Epoch: 28 |Total testing time: 0h:0m:53s | Test Loss: 0.3495 | Test Balanced Accuracy: 84.2673 %
2024-03-27 05:06:05,634 - INFO - Saved checkpoint at epoch 28: /home/sur06423/hiwi/vit_exp/vision_tranformer_baseline/src/components/distraction_detection_d_a/grid_search_ddp/experiments/DD_GS_A_SGD_LR_0_03/runs/checkpoints/checkpoint_DD_GS_A_SGD_LR_0_03_epoch_28.pth
2024-03-27 05:09:21,479 - INFO - Epoch: 29 |Total training time: 0h:1m:37s | Train Loss: 0.0949 | Train Balanced Accuracy: 96.8759 %
2024-03-27 05:09:21,480 - INFO - Epoch: 29 |Total validation time:0h:0m:44s | Validation Loss: 0.3012 | Validation Balanced Accuracy: 78.9117 % 
2024-03-27 05:09:21,480 - INFO - Epoch: 29 |Total testing time: 0h:0m:54s | Test Loss: 0.3746 | Test Balanced Accuracy: 82.5174 %
2024-03-27 05:09:30,413 - INFO - Saved checkpoint at epoch 29: /home/sur06423/hiwi/vit_exp/vision_tranformer_baseline/src/components/distraction_detection_d_a/grid_search_ddp/experiments/DD_GS_A_SGD_LR_0_03/runs/checkpoints/checkpoint_DD_GS_A_SGD_LR_0_03_epoch_29.pth
2024-03-27 05:12:45,833 - INFO - Epoch: 30 |Total training time: 0h:1m:37s | Train Loss: 0.0945 | Train Balanced Accuracy: 96.9426 %
2024-03-27 05:12:45,834 - INFO - Epoch: 30 |Total validation time:0h:0m:43s | Validation Loss: 0.2895 | Validation Balanced Accuracy: 79.5352 % 
2024-03-27 05:12:45,834 - INFO - Epoch: 30 |Total testing time: 0h:0m:53s | Test Loss: 0.3648 | Test Balanced Accuracy: 83.1854 %
2024-03-27 05:12:48,017 - INFO - Saved checkpoint at epoch 30: /home/sur06423/hiwi/vit_exp/vision_tranformer_baseline/src/components/distraction_detection_d_a/grid_search_ddp/experiments/DD_GS_A_SGD_LR_0_03/runs/checkpoints/checkpoint_DD_GS_A_SGD_LR_0_03_epoch_30.pth
2024-03-27 05:16:03,037 - INFO - Epoch: 31 |Total training time: 0h:1m:37s | Train Loss: 0.0934 | Train Balanced Accuracy: 97.0331 %
2024-03-27 05:16:03,038 - INFO - Epoch: 31 |Total validation time:0h:0m:44s | Validation Loss: 0.2757 | Validation Balanced Accuracy: 80.6749 % 
2024-03-27 05:16:03,038 - INFO - Epoch: 31 |Total testing time: 0h:0m:53s | Test Loss: 0.3573 | Test Balanced Accuracy: 83.8658 %
2024-03-27 05:16:04,364 - INFO - Saved checkpoint at epoch 31: /home/sur06423/hiwi/vit_exp/vision_tranformer_baseline/src/components/distraction_detection_d_a/grid_search_ddp/experiments/DD_GS_A_SGD_LR_0_03/runs/checkpoints/checkpoint_DD_GS_A_SGD_LR_0_03_epoch_31.pth
2024-03-27 05:19:19,164 - INFO - Epoch: 32 |Total training time: 0h:1m:37s | Train Loss: 0.0928 | Train Balanced Accuracy: 96.9752 %
2024-03-27 05:19:19,164 - INFO - Epoch: 32 |Total validation time:0h:0m:43s | Validation Loss: 0.2940 | Validation Balanced Accuracy: 79.3986 % 
2024-03-27 05:19:19,164 - INFO - Epoch: 32 |Total testing time: 0h:0m:53s | Test Loss: 0.3713 | Test Balanced Accuracy: 82.9524 %
2024-03-27 05:19:28,155 - INFO - Saved checkpoint at epoch 32: /home/sur06423/hiwi/vit_exp/vision_tranformer_baseline/src/components/distraction_detection_d_a/grid_search_ddp/experiments/DD_GS_A_SGD_LR_0_03/runs/checkpoints/checkpoint_DD_GS_A_SGD_LR_0_03_epoch_32.pth
2024-03-27 05:22:44,863 - INFO - Epoch: 33 |Total training time: 0h:1m:38s | Train Loss: 0.0923 | Train Balanced Accuracy: 96.9516 %
2024-03-27 05:22:44,864 - INFO - Epoch: 33 |Total validation time:0h:0m:44s | Validation Loss: 0.2776 | Validation Balanced Accuracy: 80.4200 % 
2024-03-27 05:22:44,864 - INFO - Epoch: 33 |Total testing time: 0h:0m:54s | Test Loss: 0.3576 | Test Balanced Accuracy: 83.9315 %
2024-03-27 05:22:53,310 - INFO - Saved checkpoint at epoch 33: /home/sur06423/hiwi/vit_exp/vision_tranformer_baseline/src/components/distraction_detection_d_a/grid_search_ddp/experiments/DD_GS_A_SGD_LR_0_03/runs/checkpoints/checkpoint_DD_GS_A_SGD_LR_0_03_epoch_33.pth
2024-03-27 05:26:08,718 - INFO - Epoch: 34 |Total training time: 0h:1m:37s | Train Loss: 0.0918 | Train Balanced Accuracy: 96.9954 %
2024-03-27 05:26:08,718 - INFO - Epoch: 34 |Total validation time:0h:0m:44s | Validation Loss: 0.2716 | Validation Balanced Accuracy: 81.2871 % 
2024-03-27 05:26:08,718 - INFO - Epoch: 34 |Total testing time: 0h:0m:53s | Test Loss: 0.3595 | Test Balanced Accuracy: 84.0350 %
2024-03-27 05:26:12,066 - INFO - Saved checkpoint at epoch 34: /home/sur06423/hiwi/vit_exp/vision_tranformer_baseline/src/components/distraction_detection_d_a/grid_search_ddp/experiments/DD_GS_A_SGD_LR_0_03/runs/checkpoints/checkpoint_DD_GS_A_SGD_LR_0_03_epoch_34.pth
2024-03-27 05:29:39,051 - INFO - Epoch: 35 |Total training time: 0h:1m:44s | Train Loss: 0.0920 | Train Balanced Accuracy: 96.9996 %
2024-03-27 05:29:39,051 - INFO - Epoch: 35 |Total validation time:0h:0m:44s | Validation Loss: 0.3021 | Validation Balanced Accuracy: 78.9128 % 
2024-03-27 05:29:39,051 - INFO - Epoch: 35 |Total testing time: 0h:0m:58s | Test Loss: 0.3773 | Test Balanced Accuracy: 82.6452 %
2024-03-27 05:29:40,266 - INFO - Saved checkpoint at epoch 35: /home/sur06423/hiwi/vit_exp/vision_tranformer_baseline/src/components/distraction_detection_d_a/grid_search_ddp/experiments/DD_GS_A_SGD_LR_0_03/runs/checkpoints/checkpoint_DD_GS_A_SGD_LR_0_03_epoch_35.pth
2024-03-27 05:32:56,805 - INFO - Epoch: 36 |Total training time: 0h:1m:38s | Train Loss: 0.0906 | Train Balanced Accuracy: 97.0533 %
2024-03-27 05:32:56,806 - INFO - Epoch: 36 |Total validation time:0h:0m:44s | Validation Loss: 0.2887 | Validation Balanced Accuracy: 79.5947 % 
2024-03-27 05:32:56,806 - INFO - Epoch: 36 |Total testing time: 0h:0m:53s | Test Loss: 0.3694 | Test Balanced Accuracy: 83.3104 %
2024-03-27 05:33:00,616 - INFO - Saved checkpoint at epoch 36: /home/sur06423/hiwi/vit_exp/vision_tranformer_baseline/src/components/distraction_detection_d_a/grid_search_ddp/experiments/DD_GS_A_SGD_LR_0_03/runs/checkpoints/checkpoint_DD_GS_A_SGD_LR_0_03_epoch_36.pth
2024-03-27 05:36:18,087 - INFO - Epoch: 37 |Total training time: 0h:1m:39s | Train Loss: 0.0905 | Train Balanced Accuracy: 97.0352 %
2024-03-27 05:36:18,088 - INFO - Epoch: 37 |Total validation time:0h:0m:44s | Validation Loss: 0.2988 | Validation Balanced Accuracy: 79.1626 % 
2024-03-27 05:36:18,088 - INFO - Epoch: 37 |Total testing time: 0h:0m:53s | Test Loss: 0.3826 | Test Balanced Accuracy: 82.4641 %
2024-03-27 05:36:20,027 - INFO - Saved checkpoint at epoch 37: /home/sur06423/hiwi/vit_exp/vision_tranformer_baseline/src/components/distraction_detection_d_a/grid_search_ddp/experiments/DD_GS_A_SGD_LR_0_03/runs/checkpoints/checkpoint_DD_GS_A_SGD_LR_0_03_epoch_37.pth
2024-03-27 05:39:40,311 - INFO - Epoch: 38 |Total training time: 0h:1m:39s | Train Loss: 0.0897 | Train Balanced Accuracy: 97.1325 %
2024-03-27 05:39:40,312 - INFO - Epoch: 38 |Total validation time:0h:0m:46s | Validation Loss: 0.2972 | Validation Balanced Accuracy: 79.1866 % 
2024-03-27 05:39:40,312 - INFO - Epoch: 38 |Total testing time: 0h:0m:54s | Test Loss: 0.3764 | Test Balanced Accuracy: 82.8319 %
2024-03-27 05:39:49,457 - INFO - Saved checkpoint at epoch 38: /home/sur06423/hiwi/vit_exp/vision_tranformer_baseline/src/components/distraction_detection_d_a/grid_search_ddp/experiments/DD_GS_A_SGD_LR_0_03/runs/checkpoints/checkpoint_DD_GS_A_SGD_LR_0_03_epoch_38.pth
2024-03-27 05:43:08,990 - INFO - Epoch: 39 |Total training time: 0h:1m:37s | Train Loss: 0.0898 | Train Balanced Accuracy: 97.0706 %
2024-03-27 05:43:08,990 - INFO - Epoch: 39 |Total validation time:0h:0m:43s | Validation Loss: 0.2889 | Validation Balanced Accuracy: 79.6518 % 
2024-03-27 05:43:08,990 - INFO - Epoch: 39 |Total testing time: 0h:0m:58s | Test Loss: 0.3768 | Test Balanced Accuracy: 83.0455 %
2024-03-27 05:43:18,164 - INFO - Saved checkpoint at epoch 39: /home/sur06423/hiwi/vit_exp/vision_tranformer_baseline/src/components/distraction_detection_d_a/grid_search_ddp/experiments/DD_GS_A_SGD_LR_0_03/runs/checkpoints/checkpoint_DD_GS_A_SGD_LR_0_03_epoch_39.pth
2024-03-27 05:46:40,125 - INFO - Epoch: 40 |Total training time: 0h:1m:39s | Train Loss: 0.0895 | Train Balanced Accuracy: 97.1295 %
2024-03-27 05:46:40,126 - INFO - Epoch: 40 |Total validation time:0h:0m:43s | Validation Loss: 0.2817 | Validation Balanced Accuracy: 80.1359 % 
2024-03-27 05:46:40,126 - INFO - Epoch: 40 |Total testing time: 0h:0m:58s | Test Loss: 0.3705 | Test Balanced Accuracy: 83.4365 %
2024-03-27 05:46:47,135 - INFO - Saved checkpoint at epoch 40: /home/sur06423/hiwi/vit_exp/vision_tranformer_baseline/src/components/distraction_detection_d_a/grid_search_ddp/experiments/DD_GS_A_SGD_LR_0_03/runs/checkpoints/checkpoint_DD_GS_A_SGD_LR_0_03_epoch_40.pth
2024-03-27 05:50:03,211 - INFO - Epoch: 41 |Total training time: 0h:1m:37s | Train Loss: 0.0883 | Train Balanced Accuracy: 97.1158 %
2024-03-27 05:50:03,212 - INFO - Epoch: 41 |Total validation time:0h:0m:44s | Validation Loss: 0.2903 | Validation Balanced Accuracy: 79.6644 % 
2024-03-27 05:50:03,212 - INFO - Epoch: 41 |Total testing time: 0h:0m:54s | Test Loss: 0.3768 | Test Balanced Accuracy: 83.1224 %
2024-03-27 05:50:05,063 - INFO - Saved checkpoint at epoch 41: /home/sur06423/hiwi/vit_exp/vision_tranformer_baseline/src/components/distraction_detection_d_a/grid_search_ddp/experiments/DD_GS_A_SGD_LR_0_03/runs/checkpoints/checkpoint_DD_GS_A_SGD_LR_0_03_epoch_41.pth
2024-03-27 05:53:20,022 - INFO - Epoch: 42 |Total training time: 0h:1m:37s | Train Loss: 0.0883 | Train Balanced Accuracy: 97.1747 %
2024-03-27 05:53:20,023 - INFO - Epoch: 42 |Total validation time:0h:0m:44s | Validation Loss: 0.2794 | Validation Balanced Accuracy: 80.4743 % 
2024-03-27 05:53:20,023 - INFO - Epoch: 42 |Total testing time: 0h:0m:53s | Test Loss: 0.3688 | Test Balanced Accuracy: 83.7107 %
2024-03-27 05:53:22,811 - INFO - Saved checkpoint at epoch 42: /home/sur06423/hiwi/vit_exp/vision_tranformer_baseline/src/components/distraction_detection_d_a/grid_search_ddp/experiments/DD_GS_A_SGD_LR_0_03/runs/checkpoints/checkpoint_DD_GS_A_SGD_LR_0_03_epoch_42.pth
2024-03-27 05:56:39,464 - INFO - Epoch: 43 |Total training time: 0h:1m:37s | Train Loss: 0.0885 | Train Balanced Accuracy: 97.1128 %
2024-03-27 05:56:39,465 - INFO - Epoch: 43 |Total validation time:0h:0m:44s | Validation Loss: 0.2967 | Validation Balanced Accuracy: 79.3615 % 
2024-03-27 05:56:39,465 - INFO - Epoch: 43 |Total testing time: 0h:0m:54s | Test Loss: 0.3851 | Test Balanced Accuracy: 82.5751 %
2024-03-27 05:56:48,252 - INFO - Saved checkpoint at epoch 43: /home/sur06423/hiwi/vit_exp/vision_tranformer_baseline/src/components/distraction_detection_d_a/grid_search_ddp/experiments/DD_GS_A_SGD_LR_0_03/runs/checkpoints/checkpoint_DD_GS_A_SGD_LR_0_03_epoch_43.pth
2024-03-27 06:00:03,875 - INFO - Epoch: 44 |Total training time: 0h:1m:37s | Train Loss: 0.0881 | Train Balanced Accuracy: 97.1116 %
2024-03-27 06:00:03,876 - INFO - Epoch: 44 |Total validation time:0h:0m:43s | Validation Loss: 0.3023 | Validation Balanced Accuracy: 79.0628 % 
2024-03-27 06:00:03,876 - INFO - Epoch: 44 |Total testing time: 0h:0m:53s | Test Loss: 0.3895 | Test Balanced Accuracy: 82.3099 %
2024-03-27 06:00:13,268 - INFO - Saved checkpoint at epoch 44: /home/sur06423/hiwi/vit_exp/vision_tranformer_baseline/src/components/distraction_detection_d_a/grid_search_ddp/experiments/DD_GS_A_SGD_LR_0_03/runs/checkpoints/checkpoint_DD_GS_A_SGD_LR_0_03_epoch_44.pth
2024-03-27 06:03:28,052 - INFO - Epoch: 45 |Total training time: 0h:1m:37s | Train Loss: 0.0873 | Train Balanced Accuracy: 97.1700 %
2024-03-27 06:03:28,052 - INFO - Epoch: 45 |Total validation time:0h:0m:44s | Validation Loss: 0.2960 | Validation Balanced Accuracy: 79.4312 % 
2024-03-27 06:03:28,052 - INFO - Epoch: 45 |Total testing time: 0h:0m:53s | Test Loss: 0.3858 | Test Balanced Accuracy: 82.6229 %
2024-03-27 06:03:29,350 - INFO - Saved checkpoint at epoch 45: /home/sur06423/hiwi/vit_exp/vision_tranformer_baseline/src/components/distraction_detection_d_a/grid_search_ddp/experiments/DD_GS_A_SGD_LR_0_03/runs/checkpoints/checkpoint_DD_GS_A_SGD_LR_0_03_epoch_45.pth
2024-03-27 06:06:42,952 - INFO - Epoch: 46 |Total training time: 0h:1m:35s | Train Loss: 0.0880 | Train Balanced Accuracy: 97.1719 %
2024-03-27 06:06:42,952 - INFO - Epoch: 46 |Total validation time:0h:0m:45s | Validation Loss: 0.2829 | Validation Balanced Accuracy: 80.0319 % 
2024-03-27 06:06:42,952 - INFO - Epoch: 46 |Total testing time: 0h:0m:52s | Test Loss: 0.3765 | Test Balanced Accuracy: 83.2057 %
2024-03-27 06:06:45,390 - INFO - Saved checkpoint at epoch 46: /home/sur06423/hiwi/vit_exp/vision_tranformer_baseline/src/components/distraction_detection_d_a/grid_search_ddp/experiments/DD_GS_A_SGD_LR_0_03/runs/checkpoints/checkpoint_DD_GS_A_SGD_LR_0_03_epoch_46.pth
2024-03-27 06:09:43,241 - INFO - Epoch: 47 |Total training time: 0h:1m:31s | Train Loss: 0.0870 | Train Balanced Accuracy: 97.2379 %
2024-03-27 06:09:43,241 - INFO - Epoch: 47 |Total validation time:0h:0m:39s | Validation Loss: 0.2866 | Validation Balanced Accuracy: 79.8164 % 
2024-03-27 06:09:43,241 - INFO - Epoch: 47 |Total testing time: 0h:0m:47s | Test Loss: 0.3796 | Test Balanced Accuracy: 83.1495 %
2024-03-27 06:09:44,835 - INFO - Saved checkpoint at epoch 47: /home/sur06423/hiwi/vit_exp/vision_tranformer_baseline/src/components/distraction_detection_d_a/grid_search_ddp/experiments/DD_GS_A_SGD_LR_0_03/runs/checkpoints/checkpoint_DD_GS_A_SGD_LR_0_03_epoch_47.pth
2024-03-27 06:12:35,967 - INFO - Epoch: 48 |Total training time: 0h:1m:29s | Train Loss: 0.0863 | Train Balanced Accuracy: 97.1665 %
2024-03-27 06:12:35,968 - INFO - Epoch: 48 |Total validation time:0h:0m:37s | Validation Loss: 0.2884 | Validation Balanced Accuracy: 79.7695 % 
2024-03-27 06:12:35,968 - INFO - Epoch: 48 |Total testing time: 0h:0m:44s | Test Loss: 0.3789 | Test Balanced Accuracy: 83.1674 %
2024-03-27 06:12:42,948 - INFO - Saved checkpoint at epoch 48: /home/sur06423/hiwi/vit_exp/vision_tranformer_baseline/src/components/distraction_detection_d_a/grid_search_ddp/experiments/DD_GS_A_SGD_LR_0_03/runs/checkpoints/checkpoint_DD_GS_A_SGD_LR_0_03_epoch_48.pth
2024-03-27 06:15:28,381 - INFO - Epoch: 49 |Total training time: 0h:1m:26s | Train Loss: 0.0860 | Train Balanced Accuracy: 97.1941 %
2024-03-27 06:15:28,382 - INFO - Epoch: 49 |Total validation time:0h:0m:35s | Validation Loss: 0.2945 | Validation Balanced Accuracy: 79.4552 % 
2024-03-27 06:15:28,382 - INFO - Epoch: 49 |Total testing time: 0h:0m:43s | Test Loss: 0.3857 | Test Balanced Accuracy: 82.7506 %
2024-03-27 06:15:31,115 - INFO - Saved checkpoint at epoch 49: /home/sur06423/hiwi/vit_exp/vision_tranformer_baseline/src/components/distraction_detection_d_a/grid_search_ddp/experiments/DD_GS_A_SGD_LR_0_03/runs/checkpoints/checkpoint_DD_GS_A_SGD_LR_0_03_epoch_49.pth
2024-03-27 06:18:15,046 - INFO - Epoch: 50 |Total training time: 0h:1m:25s | Train Loss: 0.0855 | Train Balanced Accuracy: 97.2791 %
2024-03-27 06:18:15,046 - INFO - Epoch: 50 |Total validation time:0h:0m:34s | Validation Loss: 0.2858 | Validation Balanced Accuracy: 79.8467 % 
2024-03-27 06:18:15,046 - INFO - Epoch: 50 |Total testing time: 0h:0m:43s | Test Loss: 0.3793 | Test Balanced Accuracy: 83.1440 %
2024-03-27 06:18:18,115 - INFO - Saved checkpoint at epoch 50: /home/sur06423/hiwi/vit_exp/vision_tranformer_baseline/src/components/distraction_detection_d_a/grid_search_ddp/experiments/DD_GS_A_SGD_LR_0_03/runs/checkpoints/checkpoint_DD_GS_A_SGD_LR_0_03_epoch_50.pth
2024-03-27 06:20:59,946 - INFO - Epoch: 51 |Total training time: 0h:1m:24s | Train Loss: 0.0855 | Train Balanced Accuracy: 97.1837 %
2024-03-27 06:20:59,946 - INFO - Epoch: 51 |Total validation time:0h:0m:34s | Validation Loss: 0.2825 | Validation Balanced Accuracy: 80.2828 % 
2024-03-27 06:20:59,946 - INFO - Epoch: 51 |Total testing time: 0h:0m:42s | Test Loss: 0.3774 | Test Balanced Accuracy: 83.4061 %
2024-03-27 06:21:02,798 - INFO - Saved checkpoint at epoch 51: /home/sur06423/hiwi/vit_exp/vision_tranformer_baseline/src/components/distraction_detection_d_a/grid_search_ddp/experiments/DD_GS_A_SGD_LR_0_03/runs/checkpoints/checkpoint_DD_GS_A_SGD_LR_0_03_epoch_51.pth
2024-03-27 06:23:45,122 - INFO - Epoch: 52 |Total training time: 0h:1m:24s | Train Loss: 0.0860 | Train Balanced Accuracy: 97.1886 %
2024-03-27 06:23:45,122 - INFO - Epoch: 52 |Total validation time:0h:0m:35s | Validation Loss: 0.2924 | Validation Balanced Accuracy: 79.5832 % 
2024-03-27 06:23:45,122 - INFO - Epoch: 52 |Total testing time: 0h:0m:43s | Test Loss: 0.3834 | Test Balanced Accuracy: 82.9930 %
2024-03-27 06:23:47,765 - INFO - Saved checkpoint at epoch 52: /home/sur06423/hiwi/vit_exp/vision_tranformer_baseline/src/components/distraction_detection_d_a/grid_search_ddp/experiments/DD_GS_A_SGD_LR_0_03/runs/checkpoints/checkpoint_DD_GS_A_SGD_LR_0_03_epoch_52.pth
2024-03-27 06:26:31,082 - INFO - Epoch: 53 |Total training time: 0h:1m:25s | Train Loss: 0.0850 | Train Balanced Accuracy: 97.2497 %
2024-03-27 06:26:31,083 - INFO - Epoch: 53 |Total validation time:0h:0m:34s | Validation Loss: 0.2920 | Validation Balanced Accuracy: 79.6644 % 
2024-03-27 06:26:31,083 - INFO - Epoch: 53 |Total testing time: 0h:0m:43s | Test Loss: 0.3856 | Test Balanced Accuracy: 82.9083 %
2024-03-27 06:26:36,812 - INFO - Saved checkpoint at epoch 53: /home/sur06423/hiwi/vit_exp/vision_tranformer_baseline/src/components/distraction_detection_d_a/grid_search_ddp/experiments/DD_GS_A_SGD_LR_0_03/runs/checkpoints/checkpoint_DD_GS_A_SGD_LR_0_03_epoch_53.pth
2024-03-27 06:29:21,441 - INFO - Epoch: 54 |Total training time: 0h:1m:26s | Train Loss: 0.0851 | Train Balanced Accuracy: 97.2157 %
2024-03-27 06:29:21,442 - INFO - Epoch: 54 |Total validation time:0h:0m:34s | Validation Loss: 0.2981 | Validation Balanced Accuracy: 79.2499 % 
2024-03-27 06:29:21,442 - INFO - Epoch: 54 |Total testing time: 0h:0m:43s | Test Loss: 0.3908 | Test Balanced Accuracy: 82.5315 %
2024-03-27 06:29:22,590 - INFO - Saved checkpoint at epoch 54: /home/sur06423/hiwi/vit_exp/vision_tranformer_baseline/src/components/distraction_detection_d_a/grid_search_ddp/experiments/DD_GS_A_SGD_LR_0_03/runs/checkpoints/checkpoint_DD_GS_A_SGD_LR_0_03_epoch_54.pth
2024-03-27 06:32:06,185 - INFO - Epoch: 55 |Total training time: 0h:1m:25s | Train Loss: 0.0853 | Train Balanced Accuracy: 97.1615 %
2024-03-27 06:32:06,186 - INFO - Epoch: 55 |Total validation time:0h:0m:34s | Validation Loss: 0.2905 | Validation Balanced Accuracy: 79.7009 % 
2024-03-27 06:32:06,186 - INFO - Epoch: 55 |Total testing time: 0h:0m:43s | Test Loss: 0.3849 | Test Balanced Accuracy: 82.9514 %
2024-03-27 06:32:13,259 - INFO - Saved checkpoint at epoch 55: /home/sur06423/hiwi/vit_exp/vision_tranformer_baseline/src/components/distraction_detection_d_a/grid_search_ddp/experiments/DD_GS_A_SGD_LR_0_03/runs/checkpoints/checkpoint_DD_GS_A_SGD_LR_0_03_epoch_55.pth
2024-03-27 06:34:56,464 - INFO - Epoch: 56 |Total training time: 0h:1m:24s | Train Loss: 0.0847 | Train Balanced Accuracy: 97.2046 %
2024-03-27 06:34:56,465 - INFO - Epoch: 56 |Total validation time:0h:0m:34s | Validation Loss: 0.2887 | Validation Balanced Accuracy: 79.7946 % 
2024-03-27 06:34:56,465 - INFO - Epoch: 56 |Total testing time: 0h:0m:43s | Test Loss: 0.3839 | Test Balanced Accuracy: 83.1160 %
2024-03-27 06:34:59,811 - INFO - Saved checkpoint at epoch 56: /home/sur06423/hiwi/vit_exp/vision_tranformer_baseline/src/components/distraction_detection_d_a/grid_search_ddp/experiments/DD_GS_A_SGD_LR_0_03/runs/checkpoints/checkpoint_DD_GS_A_SGD_LR_0_03_epoch_56.pth
2024-03-27 06:37:42,906 - INFO - Epoch: 57 |Total training time: 0h:1m:25s | Train Loss: 0.0844 | Train Balanced Accuracy: 97.2520 %
2024-03-27 06:37:42,907 - INFO - Epoch: 57 |Total validation time:0h:0m:34s | Validation Loss: 0.3026 | Validation Balanced Accuracy: 79.1814 % 
2024-03-27 06:37:42,907 - INFO - Epoch: 57 |Total testing time: 0h:0m:43s | Test Loss: 0.3975 | Test Balanced Accuracy: 82.2453 %
2024-03-27 06:37:44,197 - INFO - Saved checkpoint at epoch 57: /home/sur06423/hiwi/vit_exp/vision_tranformer_baseline/src/components/distraction_detection_d_a/grid_search_ddp/experiments/DD_GS_A_SGD_LR_0_03/runs/checkpoints/checkpoint_DD_GS_A_SGD_LR_0_03_epoch_57.pth
2024-03-27 06:40:26,572 - INFO - Epoch: 58 |Total training time: 0h:1m:24s | Train Loss: 0.0844 | Train Balanced Accuracy: 97.2700 %
2024-03-27 06:40:26,572 - INFO - Epoch: 58 |Total validation time:0h:0m:34s | Validation Loss: 0.2989 | Validation Balanced Accuracy: 79.3157 % 
2024-03-27 06:40:26,572 - INFO - Epoch: 58 |Total testing time: 0h:0m:43s | Test Loss: 0.3937 | Test Balanced Accuracy: 82.4309 %
2024-03-27 06:40:34,294 - INFO - Saved checkpoint at epoch 58: /home/sur06423/hiwi/vit_exp/vision_tranformer_baseline/src/components/distraction_detection_d_a/grid_search_ddp/experiments/DD_GS_A_SGD_LR_0_03/runs/checkpoints/checkpoint_DD_GS_A_SGD_LR_0_03_epoch_58.pth
2024-03-27 06:43:19,498 - INFO - Epoch: 59 |Total training time: 0h:1m:26s | Train Loss: 0.0842 | Train Balanced Accuracy: 97.2770 %
2024-03-27 06:43:19,499 - INFO - Epoch: 59 |Total validation time:0h:0m:36s | Validation Loss: 0.2918 | Validation Balanced Accuracy: 79.6769 % 
2024-03-27 06:43:19,499 - INFO - Epoch: 59 |Total testing time: 0h:0m:42s | Test Loss: 0.3876 | Test Balanced Accuracy: 82.8139 %
2024-03-27 06:43:28,306 - INFO - Saved checkpoint at epoch 59: /home/sur06423/hiwi/vit_exp/vision_tranformer_baseline/src/components/distraction_detection_d_a/grid_search_ddp/experiments/DD_GS_A_SGD_LR_0_03/runs/checkpoints/checkpoint_DD_GS_A_SGD_LR_0_03_epoch_59.pth
2024-03-27 06:46:12,290 - INFO - Epoch: 60 |Total training time: 0h:1m:26s | Train Loss: 0.0838 | Train Balanced Accuracy: 97.2372 %
2024-03-27 06:46:12,291 - INFO - Epoch: 60 |Total validation time:0h:0m:35s | Validation Loss: 0.2924 | Validation Balanced Accuracy: 79.6249 % 
2024-03-27 06:46:12,291 - INFO - Epoch: 60 |Total testing time: 0h:0m:42s | Test Loss: 0.3901 | Test Balanced Accuracy: 82.7381 %
2024-03-27 06:46:18,741 - INFO - Saved checkpoint at epoch 60: /home/sur06423/hiwi/vit_exp/vision_tranformer_baseline/src/components/distraction_detection_d_a/grid_search_ddp/experiments/DD_GS_A_SGD_LR_0_03/runs/checkpoints/checkpoint_DD_GS_A_SGD_LR_0_03_epoch_60.pth
2024-03-27 06:49:01,436 - INFO - Epoch: 61 |Total training time: 0h:1m:24s | Train Loss: 0.0842 | Train Balanced Accuracy: 97.3331 %
2024-03-27 06:49:01,437 - INFO - Epoch: 61 |Total validation time:0h:0m:35s | Validation Loss: 0.3144 | Validation Balanced Accuracy: 78.6579 % 
2024-03-27 06:49:01,437 - INFO - Epoch: 61 |Total testing time: 0h:0m:42s | Test Loss: 0.4081 | Test Balanced Accuracy: 81.2738 %
2024-03-27 06:49:03,962 - INFO - Saved checkpoint at epoch 61: /home/sur06423/hiwi/vit_exp/vision_tranformer_baseline/src/components/distraction_detection_d_a/grid_search_ddp/experiments/DD_GS_A_SGD_LR_0_03/runs/checkpoints/checkpoint_DD_GS_A_SGD_LR_0_03_epoch_61.pth
2024-03-27 06:51:47,615 - INFO - Epoch: 62 |Total training time: 0h:1m:25s | Train Loss: 0.0841 | Train Balanced Accuracy: 97.2170 %
2024-03-27 06:51:47,616 - INFO - Epoch: 62 |Total validation time:0h:0m:34s | Validation Loss: 0.2922 | Validation Balanced Accuracy: 79.6769 % 
2024-03-27 06:51:47,616 - INFO - Epoch: 62 |Total testing time: 0h:0m:42s | Test Loss: 0.3906 | Test Balanced Accuracy: 82.6973 %
2024-03-27 06:51:48,966 - INFO - Saved checkpoint at epoch 62: /home/sur06423/hiwi/vit_exp/vision_tranformer_baseline/src/components/distraction_detection_d_a/grid_search_ddp/experiments/DD_GS_A_SGD_LR_0_03/runs/checkpoints/checkpoint_DD_GS_A_SGD_LR_0_03_epoch_62.pth
2024-03-27 06:54:32,394 - INFO - Epoch: 63 |Total training time: 0h:1m:25s | Train Loss: 0.0833 | Train Balanced Accuracy: 97.3117 %
2024-03-27 06:54:32,394 - INFO - Epoch: 63 |Total validation time:0h:0m:35s | Validation Loss: 0.2969 | Validation Balanced Accuracy: 79.2877 % 
2024-03-27 06:54:32,394 - INFO - Epoch: 63 |Total testing time: 0h:0m:42s | Test Loss: 0.3950 | Test Balanced Accuracy: 82.4530 %
2024-03-27 06:54:33,726 - INFO - Saved checkpoint at epoch 63: /home/sur06423/hiwi/vit_exp/vision_tranformer_baseline/src/components/distraction_detection_d_a/grid_search_ddp/experiments/DD_GS_A_SGD_LR_0_03/runs/checkpoints/checkpoint_DD_GS_A_SGD_LR_0_03_epoch_63.pth
2024-03-27 06:57:18,929 - INFO - Epoch: 64 |Total training time: 0h:1m:27s | Train Loss: 0.0833 | Train Balanced Accuracy: 97.2749 %
2024-03-27 06:57:18,930 - INFO - Epoch: 64 |Total validation time:0h:0m:35s | Validation Loss: 0.2992 | Validation Balanced Accuracy: 79.3157 % 
2024-03-27 06:57:18,930 - INFO - Epoch: 64 |Total testing time: 0h:0m:42s | Test Loss: 0.3963 | Test Balanced Accuracy: 82.3404 %
2024-03-27 06:57:20,205 - INFO - Saved checkpoint at epoch 64: /home/sur06423/hiwi/vit_exp/vision_tranformer_baseline/src/components/distraction_detection_d_a/grid_search_ddp/experiments/DD_GS_A_SGD_LR_0_03/runs/checkpoints/checkpoint_DD_GS_A_SGD_LR_0_03_epoch_64.pth
2024-03-27 07:00:04,715 - INFO - Epoch: 65 |Total training time: 0h:1m:26s | Train Loss: 0.0832 | Train Balanced Accuracy: 97.2791 %
2024-03-27 07:00:04,716 - INFO - Epoch: 65 |Total validation time:0h:0m:35s | Validation Loss: 0.2960 | Validation Balanced Accuracy: 79.4308 % 
2024-03-27 07:00:04,716 - INFO - Epoch: 65 |Total testing time: 0h:0m:43s | Test Loss: 0.3932 | Test Balanced Accuracy: 82.5917 %
2024-03-27 07:00:11,566 - INFO - Saved checkpoint at epoch 65: /home/sur06423/hiwi/vit_exp/vision_tranformer_baseline/src/components/distraction_detection_d_a/grid_search_ddp/experiments/DD_GS_A_SGD_LR_0_03/runs/checkpoints/checkpoint_DD_GS_A_SGD_LR_0_03_epoch_65.pth
2024-03-27 07:02:54,832 - INFO - Epoch: 66 |Total training time: 0h:1m:25s | Train Loss: 0.0830 | Train Balanced Accuracy: 97.3166 %
2024-03-27 07:02:54,833 - INFO - Epoch: 66 |Total validation time:0h:0m:35s | Validation Loss: 0.2927 | Validation Balanced Accuracy: 79.7581 % 
2024-03-27 07:02:54,833 - INFO - Epoch: 66 |Total testing time: 0h:0m:42s | Test Loss: 0.3915 | Test Balanced Accuracy: 82.7202 %
2024-03-27 07:02:57,919 - INFO - Saved checkpoint at epoch 66: /home/sur06423/hiwi/vit_exp/vision_tranformer_baseline/src/components/distraction_detection_d_a/grid_search_ddp/experiments/DD_GS_A_SGD_LR_0_03/runs/checkpoints/checkpoint_DD_GS_A_SGD_LR_0_03_epoch_66.pth
2024-03-27 07:05:41,695 - INFO - Epoch: 67 |Total training time: 0h:1m:26s | Train Loss: 0.0828 | Train Balanced Accuracy: 97.3102 %
2024-03-27 07:05:41,696 - INFO - Epoch: 67 |Total validation time:0h:0m:34s | Validation Loss: 0.3003 | Validation Balanced Accuracy: 79.3157 % 
2024-03-27 07:05:41,696 - INFO - Epoch: 67 |Total testing time: 0h:0m:42s | Test Loss: 0.4004 | Test Balanced Accuracy: 82.1850 %
2024-03-27 07:05:44,564 - INFO - Saved checkpoint at epoch 67: /home/sur06423/hiwi/vit_exp/vision_tranformer_baseline/src/components/distraction_detection_d_a/grid_search_ddp/experiments/DD_GS_A_SGD_LR_0_03/runs/checkpoints/checkpoint_DD_GS_A_SGD_LR_0_03_epoch_67.pth
2024-03-27 07:08:27,621 - INFO - Epoch: 68 |Total training time: 0h:1m:25s | Train Loss: 0.0831 | Train Balanced Accuracy: 97.3242 %
2024-03-27 07:08:27,622 - INFO - Epoch: 68 |Total validation time:0h:0m:34s | Validation Loss: 0.2915 | Validation Balanced Accuracy: 79.6552 % 
2024-03-27 07:08:27,622 - INFO - Epoch: 68 |Total testing time: 0h:0m:42s | Test Loss: 0.3915 | Test Balanced Accuracy: 82.7812 %
2024-03-27 07:08:31,008 - INFO - Saved checkpoint at epoch 68: /home/sur06423/hiwi/vit_exp/vision_tranformer_baseline/src/components/distraction_detection_d_a/grid_search_ddp/experiments/DD_GS_A_SGD_LR_0_03/runs/checkpoints/checkpoint_DD_GS_A_SGD_LR_0_03_epoch_68.pth
2024-03-27 07:11:14,973 - INFO - Epoch: 69 |Total training time: 0h:1m:26s | Train Loss: 0.0828 | Train Balanced Accuracy: 97.3430 %
2024-03-27 07:11:14,974 - INFO - Epoch: 69 |Total validation time:0h:0m:34s | Validation Loss: 0.2948 | Validation Balanced Accuracy: 79.4855 % 
2024-03-27 07:11:14,974 - INFO - Epoch: 69 |Total testing time: 0h:0m:42s | Test Loss: 0.3960 | Test Balanced Accuracy: 82.4782 %
2024-03-27 07:11:21,120 - INFO - Saved checkpoint at epoch 69: /home/sur06423/hiwi/vit_exp/vision_tranformer_baseline/src/components/distraction_detection_d_a/grid_search_ddp/experiments/DD_GS_A_SGD_LR_0_03/runs/checkpoints/checkpoint_DD_GS_A_SGD_LR_0_03_epoch_69.pth
2024-03-27 07:14:04,215 - INFO - Epoch: 70 |Total training time: 0h:1m:24s | Train Loss: 0.0825 | Train Balanced Accuracy: 97.3303 %
2024-03-27 07:14:04,215 - INFO - Epoch: 70 |Total validation time:0h:0m:34s | Validation Loss: 0.2998 | Validation Balanced Accuracy: 79.3043 % 
2024-03-27 07:14:04,216 - INFO - Epoch: 70 |Total testing time: 0h:0m:43s | Test Loss: 0.3983 | Test Balanced Accuracy: 82.2390 %
2024-03-27 07:14:08,300 - INFO - Saved checkpoint at epoch 70: /home/sur06423/hiwi/vit_exp/vision_tranformer_baseline/src/components/distraction_detection_d_a/grid_search_ddp/experiments/DD_GS_A_SGD_LR_0_03/runs/checkpoints/checkpoint_DD_GS_A_SGD_LR_0_03_epoch_70.pth
2024-03-27 07:16:52,672 - INFO - Epoch: 71 |Total training time: 0h:1m:26s | Train Loss: 0.0825 | Train Balanced Accuracy: 97.3060 %
2024-03-27 07:16:52,673 - INFO - Epoch: 71 |Total validation time:0h:0m:35s | Validation Loss: 0.2998 | Validation Balanced Accuracy: 79.2929 % 
2024-03-27 07:16:52,673 - INFO - Epoch: 71 |Total testing time: 0h:0m:43s | Test Loss: 0.3981 | Test Balanced Accuracy: 82.2658 %
2024-03-27 07:16:54,455 - INFO - Saved checkpoint at epoch 71: /home/sur06423/hiwi/vit_exp/vision_tranformer_baseline/src/components/distraction_detection_d_a/grid_search_ddp/experiments/DD_GS_A_SGD_LR_0_03/runs/checkpoints/checkpoint_DD_GS_A_SGD_LR_0_03_epoch_71.pth
2024-03-27 07:19:37,818 - INFO - Epoch: 72 |Total training time: 0h:1m:25s | Train Loss: 0.0824 | Train Balanced Accuracy: 97.3048 %
2024-03-27 07:19:37,819 - INFO - Epoch: 72 |Total validation time:0h:0m:34s | Validation Loss: 0.2905 | Validation Balanced Accuracy: 79.8238 % 
2024-03-27 07:19:37,819 - INFO - Epoch: 72 |Total testing time: 0h:0m:42s | Test Loss: 0.3919 | Test Balanced Accuracy: 82.7784 %
2024-03-27 07:19:40,138 - INFO - Saved checkpoint at epoch 72: /home/sur06423/hiwi/vit_exp/vision_tranformer_baseline/src/components/distraction_detection_d_a/grid_search_ddp/experiments/DD_GS_A_SGD_LR_0_03/runs/checkpoints/checkpoint_DD_GS_A_SGD_LR_0_03_epoch_72.pth
2024-03-27 07:22:23,999 - INFO - Epoch: 73 |Total training time: 0h:1m:25s | Train Loss: 0.0824 | Train Balanced Accuracy: 97.3310 %
2024-03-27 07:22:24,000 - INFO - Epoch: 73 |Total validation time:0h:0m:35s | Validation Loss: 0.2931 | Validation Balanced Accuracy: 79.6637 % 
2024-03-27 07:22:24,000 - INFO - Epoch: 73 |Total testing time: 0h:0m:42s | Test Loss: 0.3941 | Test Balanced Accuracy: 82.6666 %
2024-03-27 07:22:30,270 - INFO - Saved checkpoint at epoch 73: /home/sur06423/hiwi/vit_exp/vision_tranformer_baseline/src/components/distraction_detection_d_a/grid_search_ddp/experiments/DD_GS_A_SGD_LR_0_03/runs/checkpoints/checkpoint_DD_GS_A_SGD_LR_0_03_epoch_73.pth
2024-03-27 07:25:13,038 - INFO - Epoch: 74 |Total training time: 0h:1m:25s | Train Loss: 0.0823 | Train Balanced Accuracy: 97.3368 %
2024-03-27 07:25:13,038 - INFO - Epoch: 74 |Total validation time:0h:0m:34s | Validation Loss: 0.2931 | Validation Balanced Accuracy: 79.6666 % 
2024-03-27 07:25:13,039 - INFO - Epoch: 74 |Total testing time: 0h:0m:42s | Test Loss: 0.3943 | Test Balanced Accuracy: 82.6666 %
2024-03-27 07:25:23,038 - INFO - Saved checkpoint at epoch 74: /home/sur06423/hiwi/vit_exp/vision_tranformer_baseline/src/components/distraction_detection_d_a/grid_search_ddp/experiments/DD_GS_A_SGD_LR_0_03/runs/checkpoints/checkpoint_DD_GS_A_SGD_LR_0_03_epoch_74.pth
2024-03-27 07:28:06,618 - INFO - Epoch: 75 |Total training time: 0h:1m:26s | Train Loss: 0.0822 | Train Balanced Accuracy: 97.3519 %
2024-03-27 07:28:06,619 - INFO - Epoch: 75 |Total validation time:0h:0m:35s | Validation Loss: 0.3015 | Validation Balanced Accuracy: 79.2460 % 
2024-03-27 07:28:06,619 - INFO - Epoch: 75 |Total testing time: 0h:0m:42s | Test Loss: 0.4010 | Test Balanced Accuracy: 82.1671 %
2024-03-27 07:28:16,036 - INFO - Saved checkpoint at epoch 75: /home/sur06423/hiwi/vit_exp/vision_tranformer_baseline/src/components/distraction_detection_d_a/grid_search_ddp/experiments/DD_GS_A_SGD_LR_0_03/runs/checkpoints/checkpoint_DD_GS_A_SGD_LR_0_03_epoch_75.pth
2024-03-27 07:30:59,582 - INFO - Epoch: 76 |Total training time: 0h:1m:25s | Train Loss: 0.0822 | Train Balanced Accuracy: 97.3062 %
2024-03-27 07:30:59,582 - INFO - Epoch: 76 |Total validation time:0h:0m:35s | Validation Loss: 0.2924 | Validation Balanced Accuracy: 79.6958 % 
2024-03-27 07:30:59,582 - INFO - Epoch: 76 |Total testing time: 0h:0m:42s | Test Loss: 0.3933 | Test Balanced Accuracy: 82.7105 %
2024-03-27 07:31:07,295 - INFO - Saved checkpoint at epoch 76: /home/sur06423/hiwi/vit_exp/vision_tranformer_baseline/src/components/distraction_detection_d_a/grid_search_ddp/experiments/DD_GS_A_SGD_LR_0_03/runs/checkpoints/checkpoint_DD_GS_A_SGD_LR_0_03_epoch_76.pth
2024-03-27 07:33:49,289 - INFO - Epoch: 77 |Total training time: 0h:1m:24s | Train Loss: 0.0822 | Train Balanced Accuracy: 97.3317 %
2024-03-27 07:33:49,289 - INFO - Epoch: 77 |Total validation time:0h:0m:35s | Validation Loss: 0.2910 | Validation Balanced Accuracy: 79.7135 % 
2024-03-27 07:33:49,290 - INFO - Epoch: 77 |Total testing time: 0h:0m:42s | Test Loss: 0.3926 | Test Balanced Accuracy: 82.7287 %
2024-03-27 07:33:52,357 - INFO - Saved checkpoint at epoch 77: /home/sur06423/hiwi/vit_exp/vision_tranformer_baseline/src/components/distraction_detection_d_a/grid_search_ddp/experiments/DD_GS_A_SGD_LR_0_03/runs/checkpoints/checkpoint_DD_GS_A_SGD_LR_0_03_epoch_77.pth
2024-03-27 07:36:34,469 - INFO - Epoch: 78 |Total training time: 0h:1m:25s | Train Loss: 0.0821 | Train Balanced Accuracy: 97.3178 %
2024-03-27 07:36:34,470 - INFO - Epoch: 78 |Total validation time:0h:0m:34s | Validation Loss: 0.2961 | Validation Balanced Accuracy: 79.4449 % 
2024-03-27 07:36:34,470 - INFO - Epoch: 78 |Total testing time: 0h:0m:42s | Test Loss: 0.3969 | Test Balanced Accuracy: 82.4872 %
2024-03-27 07:36:37,645 - INFO - Saved checkpoint at epoch 78: /home/sur06423/hiwi/vit_exp/vision_tranformer_baseline/src/components/distraction_detection_d_a/grid_search_ddp/experiments/DD_GS_A_SGD_LR_0_03/runs/checkpoints/checkpoint_DD_GS_A_SGD_LR_0_03_epoch_78.pth
2024-03-27 07:39:20,327 - INFO - Epoch: 79 |Total training time: 0h:1m:25s | Train Loss: 0.0820 | Train Balanced Accuracy: 97.3256 %
2024-03-27 07:39:20,328 - INFO - Epoch: 79 |Total validation time:0h:0m:34s | Validation Loss: 0.2936 | Validation Balanced Accuracy: 79.6346 % 
2024-03-27 07:39:20,328 - INFO - Epoch: 79 |Total testing time: 0h:0m:42s | Test Loss: 0.3957 | Test Balanced Accuracy: 82.6526 %
2024-03-27 07:39:25,013 - INFO - Saved checkpoint at epoch 79: /home/sur06423/hiwi/vit_exp/vision_tranformer_baseline/src/components/distraction_detection_d_a/grid_search_ddp/experiments/DD_GS_A_SGD_LR_0_03/runs/checkpoints/checkpoint_DD_GS_A_SGD_LR_0_03_epoch_79.pth
2024-03-27 07:42:07,379 - INFO - Epoch: 80 |Total training time: 0h:1m:25s | Train Loss: 0.0820 | Train Balanced Accuracy: 97.3456 %
2024-03-27 07:42:07,380 - INFO - Epoch: 80 |Total validation time:0h:0m:34s | Validation Loss: 0.2929 | Validation Balanced Accuracy: 79.6958 % 
2024-03-27 07:42:07,380 - INFO - Epoch: 80 |Total testing time: 0h:0m:42s | Test Loss: 0.3949 | Test Balanced Accuracy: 82.6736 %
2024-03-27 07:42:08,936 - INFO - Saved checkpoint at epoch 80: /home/sur06423/hiwi/vit_exp/vision_tranformer_baseline/src/components/distraction_detection_d_a/grid_search_ddp/experiments/DD_GS_A_SGD_LR_0_03/runs/checkpoints/checkpoint_DD_GS_A_SGD_LR_0_03_epoch_80.pth
2024-03-27 07:44:53,189 - INFO - Epoch: 81 |Total training time: 0h:1m:25s | Train Loss: 0.0821 | Train Balanced Accuracy: 97.3693 %
2024-03-27 07:44:53,189 - INFO - Epoch: 81 |Total validation time:0h:0m:35s | Validation Loss: 0.2961 | Validation Balanced Accuracy: 79.4855 % 
2024-03-27 07:44:53,189 - INFO - Epoch: 81 |Total testing time: 0h:0m:43s | Test Loss: 0.3974 | Test Balanced Accuracy: 82.4872 %
2024-03-27 07:45:02,554 - INFO - Saved checkpoint at epoch 81: /home/sur06423/hiwi/vit_exp/vision_tranformer_baseline/src/components/distraction_detection_d_a/grid_search_ddp/experiments/DD_GS_A_SGD_LR_0_03/runs/checkpoints/checkpoint_DD_GS_A_SGD_LR_0_03_epoch_81.pth
2024-03-27 07:47:46,238 - INFO - Epoch: 82 |Total training time: 0h:1m:26s | Train Loss: 0.0819 | Train Balanced Accuracy: 97.3303 %
2024-03-27 07:47:46,239 - INFO - Epoch: 82 |Total validation time:0h:0m:35s | Validation Loss: 0.2938 | Validation Balanced Accuracy: 79.6312 % 
2024-03-27 07:47:46,239 - INFO - Epoch: 82 |Total testing time: 0h:0m:42s | Test Loss: 0.3958 | Test Balanced Accuracy: 82.6347 %
2024-03-27 07:47:47,632 - INFO - Saved checkpoint at epoch 82: /home/sur06423/hiwi/vit_exp/vision_tranformer_baseline/src/components/distraction_detection_d_a/grid_search_ddp/experiments/DD_GS_A_SGD_LR_0_03/runs/checkpoints/checkpoint_DD_GS_A_SGD_LR_0_03_epoch_82.pth
2024-03-27 07:50:30,547 - INFO - Epoch: 83 |Total training time: 0h:1m:24s | Train Loss: 0.0819 | Train Balanced Accuracy: 97.3652 %
2024-03-27 07:50:30,548 - INFO - Epoch: 83 |Total validation time:0h:0m:35s | Validation Loss: 0.2997 | Validation Balanced Accuracy: 79.2991 % 
2024-03-27 07:50:30,548 - INFO - Epoch: 83 |Total testing time: 0h:0m:43s | Test Loss: 0.4007 | Test Balanced Accuracy: 82.1733 %
2024-03-27 07:50:32,604 - INFO - Saved checkpoint at epoch 83: /home/sur06423/hiwi/vit_exp/vision_tranformer_baseline/src/components/distraction_detection_d_a/grid_search_ddp/experiments/DD_GS_A_SGD_LR_0_03/runs/checkpoints/checkpoint_DD_GS_A_SGD_LR_0_03_epoch_83.pth
2024-03-27 07:53:15,249 - INFO - Epoch: 84 |Total training time: 0h:1m:25s | Train Loss: 0.0819 | Train Balanced Accuracy: 97.3430 %
2024-03-27 07:53:15,250 - INFO - Epoch: 84 |Total validation time:0h:0m:35s | Validation Loss: 0.2969 | Validation Balanced Accuracy: 79.4043 % 
2024-03-27 07:53:15,250 - INFO - Epoch: 84 |Total testing time: 0h:0m:42s | Test Loss: 0.3986 | Test Balanced Accuracy: 82.3935 %
2024-03-27 07:53:16,551 - INFO - Saved checkpoint at epoch 84: /home/sur06423/hiwi/vit_exp/vision_tranformer_baseline/src/components/distraction_detection_d_a/grid_search_ddp/experiments/DD_GS_A_SGD_LR_0_03/runs/checkpoints/checkpoint_DD_GS_A_SGD_LR_0_03_epoch_84.pth
2024-03-27 07:55:59,505 - INFO - Epoch: 85 |Total training time: 0h:1m:25s | Train Loss: 0.0818 | Train Balanced Accuracy: 97.3185 %
2024-03-27 07:55:59,505 - INFO - Epoch: 85 |Total validation time:0h:0m:35s | Validation Loss: 0.2977 | Validation Balanced Accuracy: 79.3751 % 
2024-03-27 07:55:59,505 - INFO - Epoch: 85 |Total testing time: 0h:0m:42s | Test Loss: 0.3993 | Test Balanced Accuracy: 82.2840 %
2024-03-27 07:56:01,993 - INFO - Saved checkpoint at epoch 85: /home/sur06423/hiwi/vit_exp/vision_tranformer_baseline/src/components/distraction_detection_d_a/grid_search_ddp/experiments/DD_GS_A_SGD_LR_0_03/runs/checkpoints/checkpoint_DD_GS_A_SGD_LR_0_03_epoch_85.pth
2024-03-27 07:58:45,213 - INFO - Epoch: 86 |Total training time: 0h:1m:26s | Train Loss: 0.0818 | Train Balanced Accuracy: 97.3366 %
2024-03-27 07:58:45,214 - INFO - Epoch: 86 |Total validation time:0h:0m:34s | Validation Loss: 0.2957 | Validation Balanced Accuracy: 79.5702 % 
2024-03-27 07:58:45,214 - INFO - Epoch: 86 |Total testing time: 0h:0m:42s | Test Loss: 0.3976 | Test Balanced Accuracy: 82.4693 %
2024-03-27 07:58:46,583 - INFO - Saved checkpoint at epoch 86: /home/sur06423/hiwi/vit_exp/vision_tranformer_baseline/src/components/distraction_detection_d_a/grid_search_ddp/experiments/DD_GS_A_SGD_LR_0_03/runs/checkpoints/checkpoint_DD_GS_A_SGD_LR_0_03_epoch_86.pth
2024-03-27 08:01:29,923 - INFO - Epoch: 87 |Total training time: 0h:1m:25s | Train Loss: 0.0818 | Train Balanced Accuracy: 97.3220 %
2024-03-27 08:01:29,924 - INFO - Epoch: 87 |Total validation time:0h:0m:35s | Validation Loss: 0.2951 | Validation Balanced Accuracy: 79.5729 % 
2024-03-27 08:01:29,924 - INFO - Epoch: 87 |Total testing time: 0h:0m:42s | Test Loss: 0.3971 | Test Balanced Accuracy: 82.4903 %
2024-03-27 08:01:32,067 - INFO - Saved checkpoint at epoch 87: /home/sur06423/hiwi/vit_exp/vision_tranformer_baseline/src/components/distraction_detection_d_a/grid_search_ddp/experiments/DD_GS_A_SGD_LR_0_03/runs/checkpoints/checkpoint_DD_GS_A_SGD_LR_0_03_epoch_87.pth
2024-03-27 08:04:15,000 - INFO - Epoch: 88 |Total training time: 0h:1m:25s | Train Loss: 0.0818 | Train Balanced Accuracy: 97.3456 %
2024-03-27 08:04:15,001 - INFO - Epoch: 88 |Total validation time:0h:0m:34s | Validation Loss: 0.2989 | Validation Balanced Accuracy: 79.3168 % 
2024-03-27 08:04:15,001 - INFO - Epoch: 88 |Total testing time: 0h:0m:42s | Test Loss: 0.4003 | Test Balanced Accuracy: 82.2491 %
2024-03-27 08:04:20,076 - INFO - Saved checkpoint at epoch 88: /home/sur06423/hiwi/vit_exp/vision_tranformer_baseline/src/components/distraction_detection_d_a/grid_search_ddp/experiments/DD_GS_A_SGD_LR_0_03/runs/checkpoints/checkpoint_DD_GS_A_SGD_LR_0_03_epoch_88.pth
2024-03-27 08:07:03,937 - INFO - Epoch: 89 |Total training time: 0h:1m:26s | Train Loss: 0.0818 | Train Balanced Accuracy: 97.3331 %
2024-03-27 08:07:03,938 - INFO - Epoch: 89 |Total validation time:0h:0m:34s | Validation Loss: 0.2965 | Validation Balanced Accuracy: 79.4449 % 
2024-03-27 08:07:03,938 - INFO - Epoch: 89 |Total testing time: 0h:0m:42s | Test Loss: 0.3985 | Test Balanced Accuracy: 82.4165 %
2024-03-27 08:07:05,178 - INFO - Saved checkpoint at epoch 89: /home/sur06423/hiwi/vit_exp/vision_tranformer_baseline/src/components/distraction_detection_d_a/grid_search_ddp/experiments/DD_GS_A_SGD_LR_0_03/runs/checkpoints/checkpoint_DD_GS_A_SGD_LR_0_03_epoch_89.pth
2024-03-27 08:09:50,252 - INFO - Epoch: 90 |Total training time: 0h:1m:26s | Train Loss: 0.0817 | Train Balanced Accuracy: 97.3333 %
2024-03-27 08:09:50,253 - INFO - Epoch: 90 |Total validation time:0h:0m:35s | Validation Loss: 0.2964 | Validation Balanced Accuracy: 79.4449 % 
2024-03-27 08:09:50,253 - INFO - Epoch: 90 |Total testing time: 0h:0m:42s | Test Loss: 0.3984 | Test Balanced Accuracy: 82.4324 %
2024-03-27 08:09:52,452 - INFO - Saved checkpoint at epoch 90: /home/sur06423/hiwi/vit_exp/vision_tranformer_baseline/src/components/distraction_detection_d_a/grid_search_ddp/experiments/DD_GS_A_SGD_LR_0_03/runs/checkpoints/checkpoint_DD_GS_A_SGD_LR_0_03_epoch_90.pth
2024-03-27 08:12:36,207 - INFO - Epoch: 91 |Total training time: 0h:1m:25s | Train Loss: 0.0817 | Train Balanced Accuracy: 97.3368 %
2024-03-27 08:12:36,208 - INFO - Epoch: 91 |Total validation time:0h:0m:35s | Validation Loss: 0.2958 | Validation Balanced Accuracy: 79.5437 % 
2024-03-27 08:12:36,208 - INFO - Epoch: 91 |Total testing time: 0h:0m:42s | Test Loss: 0.3977 | Test Balanced Accuracy: 82.4534 %
2024-03-27 08:12:45,673 - INFO - Saved checkpoint at epoch 91: /home/sur06423/hiwi/vit_exp/vision_tranformer_baseline/src/components/distraction_detection_d_a/grid_search_ddp/experiments/DD_GS_A_SGD_LR_0_03/runs/checkpoints/checkpoint_DD_GS_A_SGD_LR_0_03_epoch_91.pth
2024-03-27 08:15:28,275 - INFO - Epoch: 92 |Total training time: 0h:1m:24s | Train Loss: 0.0817 | Train Balanced Accuracy: 97.3305 %
2024-03-27 08:15:28,276 - INFO - Epoch: 92 |Total validation time:0h:0m:34s | Validation Loss: 0.2973 | Validation Balanced Accuracy: 79.4157 % 
2024-03-27 08:15:28,276 - INFO - Epoch: 92 |Total testing time: 0h:0m:42s | Test Loss: 0.3991 | Test Balanced Accuracy: 82.3477 %
2024-03-27 08:15:31,988 - INFO - Saved checkpoint at epoch 92: /home/sur06423/hiwi/vit_exp/vision_tranformer_baseline/src/components/distraction_detection_d_a/grid_search_ddp/experiments/DD_GS_A_SGD_LR_0_03/runs/checkpoints/checkpoint_DD_GS_A_SGD_LR_0_03_epoch_92.pth
2024-03-27 08:18:15,641 - INFO - Epoch: 93 |Total training time: 0h:1m:26s | Train Loss: 0.0817 | Train Balanced Accuracy: 97.3408 %
2024-03-27 08:18:15,642 - INFO - Epoch: 93 |Total validation time:0h:0m:34s | Validation Loss: 0.2950 | Validation Balanced Accuracy: 79.5500 % 
2024-03-27 08:18:15,642 - INFO - Epoch: 93 |Total testing time: 0h:0m:42s | Test Loss: 0.3971 | Test Balanced Accuracy: 82.4903 %
2024-03-27 08:18:21,231 - INFO - Saved checkpoint at epoch 93: /home/sur06423/hiwi/vit_exp/vision_tranformer_baseline/src/components/distraction_detection_d_a/grid_search_ddp/experiments/DD_GS_A_SGD_LR_0_03/runs/checkpoints/checkpoint_DD_GS_A_SGD_LR_0_03_epoch_93.pth
2024-03-27 08:21:03,811 - INFO - Epoch: 94 |Total training time: 0h:1m:25s | Train Loss: 0.0817 | Train Balanced Accuracy: 97.3458 %
2024-03-27 08:21:03,812 - INFO - Epoch: 94 |Total validation time:0h:0m:34s | Validation Loss: 0.2953 | Validation Balanced Accuracy: 79.5437 % 
2024-03-27 08:21:03,812 - INFO - Epoch: 94 |Total testing time: 0h:0m:42s | Test Loss: 0.3974 | Test Balanced Accuracy: 82.4584 %
2024-03-27 08:21:05,621 - INFO - Saved checkpoint at epoch 94: /home/sur06423/hiwi/vit_exp/vision_tranformer_baseline/src/components/distraction_detection_d_a/grid_search_ddp/experiments/DD_GS_A_SGD_LR_0_03/runs/checkpoints/checkpoint_DD_GS_A_SGD_LR_0_03_epoch_94.pth
2024-03-27 08:23:48,546 - INFO - Epoch: 95 |Total training time: 0h:1m:25s | Train Loss: 0.0817 | Train Balanced Accuracy: 97.3242 %
2024-03-27 08:23:48,546 - INFO - Epoch: 95 |Total validation time:0h:0m:34s | Validation Loss: 0.2963 | Validation Balanced Accuracy: 79.4449 % 
2024-03-27 08:23:48,546 - INFO - Epoch: 95 |Total testing time: 0h:0m:42s | Test Loss: 0.3983 | Test Balanced Accuracy: 82.4324 %
2024-03-27 08:23:50,033 - INFO - Saved checkpoint at epoch 95: /home/sur06423/hiwi/vit_exp/vision_tranformer_baseline/src/components/distraction_detection_d_a/grid_search_ddp/experiments/DD_GS_A_SGD_LR_0_03/runs/checkpoints/checkpoint_DD_GS_A_SGD_LR_0_03_epoch_95.pth
2024-03-27 08:26:32,553 - INFO - Epoch: 96 |Total training time: 0h:1m:25s | Train Loss: 0.0817 | Train Balanced Accuracy: 97.3359 %
2024-03-27 08:26:32,554 - INFO - Epoch: 96 |Total validation time:0h:0m:34s | Validation Loss: 0.2960 | Validation Balanced Accuracy: 79.5146 % 
2024-03-27 08:26:32,554 - INFO - Epoch: 96 |Total testing time: 0h:0m:42s | Test Loss: 0.3980 | Test Balanced Accuracy: 82.4553 %
2024-03-27 08:26:36,064 - INFO - Saved checkpoint at epoch 96: /home/sur06423/hiwi/vit_exp/vision_tranformer_baseline/src/components/distraction_detection_d_a/grid_search_ddp/experiments/DD_GS_A_SGD_LR_0_03/runs/checkpoints/checkpoint_DD_GS_A_SGD_LR_0_03_epoch_96.pth
2024-03-27 08:29:19,110 - INFO - Epoch: 97 |Total training time: 0h:1m:25s | Train Loss: 0.0817 | Train Balanced Accuracy: 97.3296 %
2024-03-27 08:29:19,111 - INFO - Epoch: 97 |Total validation time:0h:0m:35s | Validation Loss: 0.2962 | Validation Balanced Accuracy: 79.4855 % 
2024-03-27 08:29:19,111 - INFO - Epoch: 97 |Total testing time: 0h:0m:42s | Test Loss: 0.3982 | Test Balanced Accuracy: 82.4324 %
2024-03-27 08:29:25,342 - INFO - Saved checkpoint at epoch 97: /home/sur06423/hiwi/vit_exp/vision_tranformer_baseline/src/components/distraction_detection_d_a/grid_search_ddp/experiments/DD_GS_A_SGD_LR_0_03/runs/checkpoints/checkpoint_DD_GS_A_SGD_LR_0_03_epoch_97.pth
2024-03-27 08:32:08,516 - INFO - Epoch: 98 |Total training time: 0h:1m:25s | Train Loss: 0.0817 | Train Balanced Accuracy: 97.3234 %
2024-03-27 08:32:08,516 - INFO - Epoch: 98 |Total validation time:0h:0m:35s | Validation Loss: 0.2962 | Validation Balanced Accuracy: 79.4855 % 
2024-03-27 08:32:08,516 - INFO - Epoch: 98 |Total testing time: 0h:0m:42s | Test Loss: 0.3982 | Test Balanced Accuracy: 82.4324 %
2024-03-27 08:32:09,922 - INFO - Saved checkpoint at epoch 98: /home/sur06423/hiwi/vit_exp/vision_tranformer_baseline/src/components/distraction_detection_d_a/grid_search_ddp/experiments/DD_GS_A_SGD_LR_0_03/runs/checkpoints/checkpoint_DD_GS_A_SGD_LR_0_03_epoch_98.pth
2024-03-27 08:34:51,569 - INFO - Epoch: 99 |Total training time: 0h:1m:24s | Train Loss: 0.0817 | Train Balanced Accuracy: 97.3234 %
2024-03-27 08:34:51,570 - INFO - Epoch: 99 |Total validation time:0h:0m:34s | Validation Loss: 0.2962 | Validation Balanced Accuracy: 79.5005 % 
2024-03-27 08:34:51,570 - INFO - Epoch: 99 |Total testing time: 0h:0m:42s | Test Loss: 0.3982 | Test Balanced Accuracy: 82.4324 %
2024-03-27 08:34:56,006 - INFO - Saved checkpoint at epoch 99: /home/sur06423/hiwi/vit_exp/vision_tranformer_baseline/src/components/distraction_detection_d_a/grid_search_ddp/experiments/DD_GS_A_SGD_LR_0_03/runs/checkpoints/checkpoint_DD_GS_A_SGD_LR_0_03_epoch_99.pth
2024-03-27 08:34:56,007 - INFO - Total training, validation and testing time: 5h:6m:37s.
