2024-04-06 05:37:11,163 - INFO - Epoch: 0 |Total training time: 0h:4m:8s | Train Loss: 0.5366 | Train Balanced Accuracy: 56.4890 %
2024-04-06 05:37:11,165 - INFO - Epoch: 0 |Total validation time:0h:1m:18s | Validation Loss: 0.4084 | Validation Balanced Accuracy: 68.9723 % 
2024-04-06 05:37:11,165 - INFO - Epoch: 0 |Total testing time: 0h:1m:19s | Test Loss: 0.5117 | Test Balanced Accuracy: 69.0705 %
2024-04-06 05:39:47,309 - INFO - Epoch: 1 |Total training time: 0h:1m:27s | Train Loss: 0.4058 | Train Balanced Accuracy: 75.4076 %
2024-04-06 05:39:47,314 - INFO - Epoch: 1 |Total validation time:0h:0m:27s | Validation Loss: 0.3516 | Validation Balanced Accuracy: 83.5610 % 
2024-04-06 05:39:47,314 - INFO - Epoch: 1 |Total testing time: 0h:0m:41s | Test Loss: 0.4415 | Test Balanced Accuracy: 81.7682 %
2024-04-06 05:42:02,993 - INFO - Epoch: 2 |Total training time: 0h:1m:12s | Train Loss: 0.3478 | Train Balanced Accuracy: 81.8740 %
2024-04-06 05:42:02,997 - INFO - Epoch: 2 |Total validation time:0h:0m:30s | Validation Loss: 0.3256 | Validation Balanced Accuracy: 85.6301 % 
2024-04-06 05:42:02,997 - INFO - Epoch: 2 |Total testing time: 0h:0m:32s | Test Loss: 0.4081 | Test Balanced Accuracy: 85.2382 %
2024-04-06 05:45:06,570 - INFO - Epoch: 3 |Total training time: 0h:1m:30s | Train Loss: 0.3150 | Train Balanced Accuracy: 85.1600 %
2024-04-06 05:45:06,572 - INFO - Epoch: 3 |Total validation time:0h:0m:48s | Validation Loss: 0.3067 | Validation Balanced Accuracy: 86.1676 % 
2024-04-06 05:45:06,572 - INFO - Epoch: 3 |Total testing time: 0h:0m:44s | Test Loss: 0.3879 | Test Balanced Accuracy: 85.8250 %
2024-04-06 05:47:27,188 - INFO - Epoch: 4 |Total training time: 0h:1m:8s | Train Loss: 0.2920 | Train Balanced Accuracy: 87.7682 %
2024-04-06 05:47:27,191 - INFO - Epoch: 4 |Total validation time:0h:0m:32s | Validation Loss: 0.2908 | Validation Balanced Accuracy: 85.6476 % 
2024-04-06 05:47:27,191 - INFO - Epoch: 4 |Total testing time: 0h:0m:39s | Test Loss: 0.3738 | Test Balanced Accuracy: 85.7468 %
2024-04-06 05:50:18,299 - INFO - Epoch: 5 |Total training time: 0h:1m:20s | Train Loss: 0.2748 | Train Balanced Accuracy: 89.2258 %
2024-04-06 05:50:18,306 - INFO - Epoch: 5 |Total validation time:0h:0m:46s | Validation Loss: 0.2804 | Validation Balanced Accuracy: 85.0762 % 
2024-04-06 05:50:18,306 - INFO - Epoch: 5 |Total testing time: 0h:0m:44s | Test Loss: 0.3633 | Test Balanced Accuracy: 85.7920 %
2024-04-06 05:52:47,305 - INFO - Epoch: 6 |Total training time: 0h:1m:14s | Train Loss: 0.2610 | Train Balanced Accuracy: 90.2012 %
2024-04-06 05:52:47,312 - INFO - Epoch: 6 |Total validation time:0h:0m:33s | Validation Loss: 0.2727 | Validation Balanced Accuracy: 84.4818 % 
2024-04-06 05:52:47,313 - INFO - Epoch: 6 |Total testing time: 0h:0m:40s | Test Loss: 0.3561 | Test Balanced Accuracy: 85.9616 %
2024-04-06 05:55:14,758 - INFO - Epoch: 7 |Total training time: 0h:1m:21s | Train Loss: 0.2495 | Train Balanced Accuracy: 90.8795 %
2024-04-06 05:55:14,770 - INFO - Epoch: 7 |Total validation time:0h:0m:32s | Validation Loss: 0.2665 | Validation Balanced Accuracy: 83.4587 % 
2024-04-06 05:55:14,770 - INFO - Epoch: 7 |Total testing time: 0h:0m:32s | Test Loss: 0.3507 | Test Balanced Accuracy: 85.6362 %
2024-04-06 05:57:44,571 - INFO - Epoch: 8 |Total training time: 0h:1m:21s | Train Loss: 0.2401 | Train Balanced Accuracy: 91.1150 %
2024-04-06 05:57:44,572 - INFO - Epoch: 8 |Total validation time:0h:0m:34s | Validation Loss: 0.2621 | Validation Balanced Accuracy: 85.9492 % 
2024-04-06 05:57:44,572 - INFO - Epoch: 8 |Total testing time: 0h:0m:33s | Test Loss: 0.3445 | Test Balanced Accuracy: 86.5743 %
2024-04-06 06:00:11,507 - INFO - Epoch: 9 |Total training time: 0h:1m:9s | Train Loss: 0.2325 | Train Balanced Accuracy: 91.8169 %
2024-04-06 06:00:11,509 - INFO - Epoch: 9 |Total validation time:0h:0m:39s | Validation Loss: 0.2584 | Validation Balanced Accuracy: 83.1917 % 
2024-04-06 06:00:11,509 - INFO - Epoch: 9 |Total testing time: 0h:0m:38s | Test Loss: 0.3416 | Test Balanced Accuracy: 85.6870 %
2024-04-06 06:02:37,424 - INFO - Epoch: 10 |Total training time: 0h:1m:20s | Train Loss: 0.2246 | Train Balanced Accuracy: 92.2221 %
2024-04-06 06:02:37,425 - INFO - Epoch: 10 |Total validation time:0h:0m:29s | Validation Loss: 0.2589 | Validation Balanced Accuracy: 79.7584 % 
2024-04-06 06:02:37,425 - INFO - Epoch: 10 |Total testing time: 0h:0m:35s | Test Loss: 0.3426 | Test Balanced Accuracy: 84.2857 %
2024-04-06 06:05:05,893 - INFO - Epoch: 11 |Total training time: 0h:1m:19s | Train Loss: 0.2192 | Train Balanced Accuracy: 92.2784 %
2024-04-06 06:05:05,898 - INFO - Epoch: 11 |Total validation time:0h:0m:30s | Validation Loss: 0.2529 | Validation Balanced Accuracy: 83.2889 % 
2024-04-06 06:05:05,898 - INFO - Epoch: 11 |Total testing time: 0h:0m:38s | Test Loss: 0.3355 | Test Balanced Accuracy: 85.7407 %
2024-04-06 06:07:49,734 - INFO - Epoch: 12 |Total training time: 0h:1m:13s | Train Loss: 0.2131 | Train Balanced Accuracy: 92.5944 %
2024-04-06 06:07:49,735 - INFO - Epoch: 12 |Total validation time:0h:0m:43s | Validation Loss: 0.2505 | Validation Balanced Accuracy: 83.4284 % 
2024-04-06 06:07:49,735 - INFO - Epoch: 12 |Total testing time: 0h:0m:46s | Test Loss: 0.3328 | Test Balanced Accuracy: 85.8883 %
2024-04-06 06:10:14,356 - INFO - Epoch: 13 |Total training time: 0h:1m:6s | Train Loss: 0.2081 | Train Balanced Accuracy: 92.9309 %
2024-04-06 06:10:14,363 - INFO - Epoch: 13 |Total validation time:0h:0m:38s | Validation Loss: 0.2483 | Validation Balanced Accuracy: 83.5564 % 
2024-04-06 06:10:14,363 - INFO - Epoch: 13 |Total testing time: 0h:0m:40s | Test Loss: 0.3304 | Test Balanced Accuracy: 85.9819 %
2024-04-06 06:12:33,827 - INFO - Epoch: 14 |Total training time: 0h:1m:4s | Train Loss: 0.2037 | Train Balanced Accuracy: 92.9739 %
2024-04-06 06:12:33,829 - INFO - Epoch: 14 |Total validation time:0h:0m:39s | Validation Loss: 0.2500 | Validation Balanced Accuracy: 81.1382 % 
2024-04-06 06:12:33,829 - INFO - Epoch: 14 |Total testing time: 0h:0m:35s | Test Loss: 0.3319 | Test Balanced Accuracy: 84.9324 %
2024-04-06 06:15:08,158 - INFO - Epoch: 15 |Total training time: 0h:1m:24s | Train Loss: 0.1995 | Train Balanced Accuracy: 93.2013 %
2024-04-06 06:15:08,162 - INFO - Epoch: 15 |Total validation time:0h:0m:29s | Validation Loss: 0.2460 | Validation Balanced Accuracy: 82.4824 % 
2024-04-06 06:15:08,162 - INFO - Epoch: 15 |Total testing time: 0h:0m:39s | Test Loss: 0.3276 | Test Balanced Accuracy: 85.5663 %
2024-04-06 06:17:48,661 - INFO - Epoch: 16 |Total training time: 0h:1m:10s | Train Loss: 0.1958 | Train Balanced Accuracy: 93.2407 %
2024-04-06 06:17:48,665 - INFO - Epoch: 16 |Total validation time:0h:0m:48s | Validation Loss: 0.2456 | Validation Balanced Accuracy: 82.2389 % 
2024-04-06 06:17:48,665 - INFO - Epoch: 16 |Total testing time: 0h:0m:41s | Test Loss: 0.3269 | Test Balanced Accuracy: 85.3592 %
2024-04-06 06:20:13,828 - INFO - Epoch: 17 |Total training time: 0h:1m:12s | Train Loss: 0.1923 | Train Balanced Accuracy: 93.4248 %
2024-04-06 06:20:13,834 - INFO - Epoch: 17 |Total validation time:0h:0m:33s | Validation Loss: 0.2446 | Validation Balanced Accuracy: 82.2909 % 
2024-04-06 06:20:13,834 - INFO - Epoch: 17 |Total testing time: 0h:0m:39s | Test Loss: 0.3258 | Test Balanced Accuracy: 85.3720 %
2024-04-06 06:22:41,935 - INFO - Epoch: 18 |Total training time: 0h:1m:6s | Train Loss: 0.1892 | Train Balanced Accuracy: 93.6506 %
2024-04-06 06:22:41,937 - INFO - Epoch: 18 |Total validation time:0h:0m:42s | Validation Loss: 0.2444 | Validation Balanced Accuracy: 81.9721 % 
2024-04-06 06:22:41,937 - INFO - Epoch: 18 |Total testing time: 0h:0m:39s | Test Loss: 0.3247 | Test Balanced Accuracy: 85.2147 %
2024-04-06 06:25:08,769 - INFO - Epoch: 19 |Total training time: 0h:1m:11s | Train Loss: 0.1863 | Train Balanced Accuracy: 93.6127 %
2024-04-06 06:25:08,773 - INFO - Epoch: 19 |Total validation time:0h:0m:34s | Validation Loss: 0.2466 | Validation Balanced Accuracy: 80.5133 % 
2024-04-06 06:25:08,773 - INFO - Epoch: 19 |Total testing time: 0h:0m:40s | Test Loss: 0.3268 | Test Balanced Accuracy: 84.5828 %
2024-04-06 06:27:23,946 - INFO - Epoch: 20 |Total training time: 0h:1m:11s | Train Loss: 0.1837 | Train Balanced Accuracy: 93.8424 %
2024-04-06 06:27:23,951 - INFO - Epoch: 20 |Total validation time:0h:0m:30s | Validation Loss: 0.2437 | Validation Balanced Accuracy: 81.7674 % 
2024-04-06 06:27:23,951 - INFO - Epoch: 20 |Total testing time: 0h:0m:33s | Test Loss: 0.3230 | Test Balanced Accuracy: 85.0504 %
2024-04-06 06:29:43,610 - INFO - Epoch: 21 |Total training time: 0h:1m:7s | Train Loss: 0.1809 | Train Balanced Accuracy: 93.8281 %
2024-04-06 06:29:43,616 - INFO - Epoch: 21 |Total validation time:0h:0m:35s | Validation Loss: 0.2430 | Validation Balanced Accuracy: 81.7788 % 
2024-04-06 06:29:43,616 - INFO - Epoch: 21 |Total testing time: 0h:0m:36s | Test Loss: 0.3225 | Test Balanced Accuracy: 85.1261 %
2024-04-06 06:32:09,228 - INFO - Epoch: 22 |Total training time: 0h:1m:16s | Train Loss: 0.1785 | Train Balanced Accuracy: 93.9497 %
2024-04-06 06:32:09,235 - INFO - Epoch: 22 |Total validation time:0h:0m:30s | Validation Loss: 0.2472 | Validation Balanced Accuracy: 79.4341 % 
2024-04-06 06:32:09,235 - INFO - Epoch: 22 |Total testing time: 0h:0m:38s | Test Loss: 0.3250 | Test Balanced Accuracy: 84.4760 %
2024-04-06 06:34:42,616 - INFO - Epoch: 23 |Total training time: 0h:1m:23s | Train Loss: 0.1763 | Train Balanced Accuracy: 94.0643 %
2024-04-06 06:34:42,622 - INFO - Epoch: 23 |Total validation time:0h:0m:32s | Validation Loss: 0.2416 | Validation Balanced Accuracy: 82.1681 % 
2024-04-06 06:34:42,622 - INFO - Epoch: 23 |Total testing time: 0h:0m:37s | Test Loss: 0.3204 | Test Balanced Accuracy: 85.3425 %
2024-04-06 06:37:25,429 - INFO - Epoch: 24 |Total training time: 0h:1m:18s | Train Loss: 0.1743 | Train Balanced Accuracy: 94.1482 %
2024-04-06 06:37:25,435 - INFO - Epoch: 24 |Total validation time:0h:0m:43s | Validation Loss: 0.2404 | Validation Balanced Accuracy: 82.6167 % 
2024-04-06 06:37:25,435 - INFO - Epoch: 24 |Total testing time: 0h:0m:40s | Test Loss: 0.3190 | Test Balanced Accuracy: 85.5658 %
2024-04-06 06:40:01,871 - INFO - Epoch: 25 |Total training time: 0h:1m:17s | Train Loss: 0.1722 | Train Balanced Accuracy: 94.2454 %
2024-04-06 06:40:01,874 - INFO - Epoch: 25 |Total validation time:0h:0m:40s | Validation Loss: 0.2465 | Validation Balanced Accuracy: 79.7855 % 
2024-04-06 06:40:01,874 - INFO - Epoch: 25 |Total testing time: 0h:0m:38s | Test Loss: 0.3233 | Test Balanced Accuracy: 84.4942 %
2024-04-06 06:42:39,570 - INFO - Epoch: 26 |Total training time: 0h:1m:23s | Train Loss: 0.1704 | Train Balanced Accuracy: 94.2589 %
2024-04-06 06:42:39,580 - INFO - Epoch: 26 |Total validation time:0h:0m:37s | Validation Loss: 0.2444 | Validation Balanced Accuracy: 80.7911 % 
2024-04-06 06:42:39,580 - INFO - Epoch: 26 |Total testing time: 0h:0m:36s | Test Loss: 0.3210 | Test Balanced Accuracy: 84.7983 %
2024-04-06 06:45:06,511 - INFO - Epoch: 27 |Total training time: 0h:1m:20s | Train Loss: 0.1686 | Train Balanced Accuracy: 94.3604 %
2024-04-06 06:45:06,513 - INFO - Epoch: 27 |Total validation time:0h:0m:32s | Validation Loss: 0.2384 | Validation Balanced Accuracy: 83.0798 % 
2024-04-06 06:45:06,513 - INFO - Epoch: 27 |Total testing time: 0h:0m:33s | Test Loss: 0.3174 | Test Balanced Accuracy: 85.5902 %
2024-04-06 06:47:32,603 - INFO - Epoch: 28 |Total training time: 0h:1m:5s | Train Loss: 0.1668 | Train Balanced Accuracy: 94.4827 %
2024-04-06 06:47:32,759 - INFO - Epoch: 28 |Total validation time:0h:0m:42s | Validation Loss: 0.2469 | Validation Balanced Accuracy: 79.6131 % 
2024-04-06 06:47:32,759 - INFO - Epoch: 28 |Total testing time: 0h:0m:37s | Test Loss: 0.3223 | Test Balanced Accuracy: 84.2662 %
2024-04-06 06:49:54,618 - INFO - Epoch: 29 |Total training time: 0h:1m:9s | Train Loss: 0.1651 | Train Balanced Accuracy: 94.4889 %
2024-04-06 06:49:54,622 - INFO - Epoch: 29 |Total validation time:0h:0m:34s | Validation Loss: 0.2430 | Validation Balanced Accuracy: 81.2376 % 
2024-04-06 06:49:54,622 - INFO - Epoch: 29 |Total testing time: 0h:0m:38s | Test Loss: 0.3187 | Test Balanced Accuracy: 84.9249 %
2024-04-06 06:52:10,776 - INFO - Epoch: 30 |Total training time: 0h:1m:8s | Train Loss: 0.1636 | Train Balanced Accuracy: 94.5258 %
2024-04-06 06:52:10,776 - INFO - Epoch: 30 |Total validation time:0h:0m:28s | Validation Loss: 0.2442 | Validation Balanced Accuracy: 80.5996 % 
2024-04-06 06:52:10,776 - INFO - Epoch: 30 |Total testing time: 0h:0m:39s | Test Loss: 0.3199 | Test Balanced Accuracy: 84.7664 %
2024-04-06 06:54:46,333 - INFO - Epoch: 31 |Total training time: 0h:1m:19s | Train Loss: 0.1621 | Train Balanced Accuracy: 94.7103 %
2024-04-06 06:54:46,336 - INFO - Epoch: 31 |Total validation time:0h:0m:36s | Validation Loss: 0.2416 | Validation Balanced Accuracy: 81.6154 % 
2024-04-06 06:54:46,336 - INFO - Epoch: 31 |Total testing time: 0h:0m:39s | Test Loss: 0.3178 | Test Balanced Accuracy: 84.9404 %
2024-04-06 06:57:22,517 - INFO - Epoch: 32 |Total training time: 0h:1m:24s | Train Loss: 0.1607 | Train Balanced Accuracy: 94.6981 %
2024-04-06 06:57:22,522 - INFO - Epoch: 32 |Total validation time:0h:0m:33s | Validation Loss: 0.2430 | Validation Balanced Accuracy: 81.2172 % 
2024-04-06 06:57:22,522 - INFO - Epoch: 32 |Total testing time: 0h:0m:38s | Test Loss: 0.3183 | Test Balanced Accuracy: 84.8565 %
2024-04-06 06:59:47,295 - INFO - Epoch: 33 |Total training time: 0h:1m:20s | Train Loss: 0.1593 | Train Balanced Accuracy: 94.7183 %
2024-04-06 06:59:47,296 - INFO - Epoch: 33 |Total validation time:0h:0m:31s | Validation Loss: 0.2470 | Validation Balanced Accuracy: 79.7868 % 
2024-04-06 06:59:47,296 - INFO - Epoch: 33 |Total testing time: 0h:0m:32s | Test Loss: 0.3203 | Test Balanced Accuracy: 84.4984 %
2024-04-06 07:02:22,372 - INFO - Epoch: 34 |Total training time: 0h:1m:8s | Train Loss: 0.1581 | Train Balanced Accuracy: 94.7169 %
2024-04-06 07:02:22,373 - INFO - Epoch: 34 |Total validation time:0h:0m:49s | Validation Loss: 0.2440 | Validation Balanced Accuracy: 80.8432 % 
2024-04-06 07:02:22,373 - INFO - Epoch: 34 |Total testing time: 0h:0m:36s | Test Loss: 0.3192 | Test Balanced Accuracy: 84.7796 %
2024-04-06 07:04:51,344 - INFO - Epoch: 35 |Total training time: 0h:1m:8s | Train Loss: 0.1568 | Train Balanced Accuracy: 94.7864 %
2024-04-06 07:04:51,346 - INFO - Epoch: 35 |Total validation time:0h:0m:45s | Validation Loss: 0.2444 | Validation Balanced Accuracy: 80.8837 % 
2024-04-06 07:04:51,346 - INFO - Epoch: 35 |Total testing time: 0h:0m:35s | Test Loss: 0.3183 | Test Balanced Accuracy: 84.8573 %
2024-04-06 07:07:21,429 - INFO - Epoch: 36 |Total training time: 0h:1m:22s | Train Loss: 0.1556 | Train Balanced Accuracy: 94.8326 %
2024-04-06 07:07:21,436 - INFO - Epoch: 36 |Total validation time:0h:0m:32s | Validation Loss: 0.2379 | Validation Balanced Accuracy: 83.0266 % 
2024-04-06 07:07:21,436 - INFO - Epoch: 36 |Total testing time: 0h:0m:35s | Test Loss: 0.3148 | Test Balanced Accuracy: 85.3725 %
2024-04-06 07:10:11,664 - INFO - Epoch: 37 |Total training time: 0h:1m:22s | Train Loss: 0.1545 | Train Balanced Accuracy: 94.8784 %
2024-04-06 07:10:11,666 - INFO - Epoch: 37 |Total validation time:0h:0m:47s | Validation Loss: 0.2453 | Validation Balanced Accuracy: 80.7266 % 
2024-04-06 07:10:11,666 - INFO - Epoch: 37 |Total testing time: 0h:0m:40s | Test Loss: 0.3191 | Test Balanced Accuracy: 84.7318 %
2024-04-06 07:12:39,190 - INFO - Epoch: 38 |Total training time: 0h:1m:9s | Train Loss: 0.1534 | Train Balanced Accuracy: 94.9570 %
2024-04-06 07:12:39,191 - INFO - Epoch: 38 |Total validation time:0h:0m:40s | Validation Loss: 0.2495 | Validation Balanced Accuracy: 79.6297 % 
2024-04-06 07:12:39,191 - INFO - Epoch: 38 |Total testing time: 0h:0m:37s | Test Loss: 0.3209 | Test Balanced Accuracy: 84.2844 %
2024-04-06 07:15:36,675 - INFO - Epoch: 39 |Total training time: 0h:1m:15s | Train Loss: 0.1526 | Train Balanced Accuracy: 94.8597 %
2024-04-06 07:15:36,675 - INFO - Epoch: 39 |Total validation time:0h:0m:51s | Validation Loss: 0.2515 | Validation Balanced Accuracy: 79.2924 % 
2024-04-06 07:15:36,675 - INFO - Epoch: 39 |Total testing time: 0h:0m:50s | Test Loss: 0.3232 | Test Balanced Accuracy: 83.9476 %
2024-04-06 07:17:36,263 - INFO - Epoch: 40 |Total training time: 0h:1m:2s | Train Loss: 0.1513 | Train Balanced Accuracy: 94.9330 %
2024-04-06 07:17:36,264 - INFO - Epoch: 40 |Total validation time:0h:0m:25s | Validation Loss: 0.2454 | Validation Balanced Accuracy: 80.9409 % 
2024-04-06 07:17:36,264 - INFO - Epoch: 40 |Total testing time: 0h:0m:31s | Test Loss: 0.3185 | Test Balanced Accuracy: 84.7279 %
2024-04-06 07:19:36,134 - INFO - Epoch: 41 |Total training time: 0h:1m:1s | Train Loss: 0.1502 | Train Balanced Accuracy: 94.9820 %
2024-04-06 07:19:36,134 - INFO - Epoch: 41 |Total validation time:0h:0m:25s | Validation Loss: 0.2438 | Validation Balanced Accuracy: 81.3707 % 
2024-04-06 07:19:36,134 - INFO - Epoch: 41 |Total testing time: 0h:0m:32s | Test Loss: 0.3171 | Test Balanced Accuracy: 84.9314 %
2024-04-06 07:21:36,192 - INFO - Epoch: 42 |Total training time: 0h:1m:2s | Train Loss: 0.1493 | Train Balanced Accuracy: 95.0004 %
2024-04-06 07:21:36,193 - INFO - Epoch: 42 |Total validation time:0h:0m:25s | Validation Loss: 0.2486 | Validation Balanced Accuracy: 80.1458 % 
2024-04-06 07:21:36,193 - INFO - Epoch: 42 |Total testing time: 0h:0m:31s | Test Loss: 0.3194 | Test Balanced Accuracy: 84.4579 %
2024-04-06 07:23:35,976 - INFO - Epoch: 43 |Total training time: 0h:1m:2s | Train Loss: 0.1486 | Train Balanced Accuracy: 95.0393 %
2024-04-06 07:23:35,977 - INFO - Epoch: 43 |Total validation time:0h:0m:25s | Validation Loss: 0.2418 | Validation Balanced Accuracy: 82.0452 % 
2024-04-06 07:23:35,977 - INFO - Epoch: 43 |Total testing time: 0h:0m:31s | Test Loss: 0.3165 | Test Balanced Accuracy: 85.0483 %
2024-04-06 07:25:36,064 - INFO - Epoch: 44 |Total training time: 0h:1m:2s | Train Loss: 0.1476 | Train Balanced Accuracy: 95.0751 %
2024-04-06 07:25:36,065 - INFO - Epoch: 44 |Total validation time:0h:0m:25s | Validation Loss: 0.2477 | Validation Balanced Accuracy: 80.6246 % 
2024-04-06 07:25:36,065 - INFO - Epoch: 44 |Total testing time: 0h:0m:31s | Test Loss: 0.3193 | Test Balanced Accuracy: 84.4999 %
2024-04-06 07:27:35,252 - INFO - Epoch: 45 |Total training time: 0h:1m:1s | Train Loss: 0.1468 | Train Balanced Accuracy: 94.9917 %
2024-04-06 07:27:35,252 - INFO - Epoch: 45 |Total validation time:0h:0m:25s | Validation Loss: 0.2476 | Validation Balanced Accuracy: 80.6797 % 
2024-04-06 07:27:35,252 - INFO - Epoch: 45 |Total testing time: 0h:0m:32s | Test Loss: 0.3193 | Test Balanced Accuracy: 84.5387 %
2024-04-06 07:29:34,795 - INFO - Epoch: 46 |Total training time: 0h:1m:1s | Train Loss: 0.1458 | Train Balanced Accuracy: 95.1554 %
2024-04-06 07:29:34,796 - INFO - Epoch: 46 |Total validation time:0h:0m:25s | Validation Loss: 0.2454 | Validation Balanced Accuracy: 81.3416 % 
2024-04-06 07:29:34,796 - INFO - Epoch: 46 |Total testing time: 0h:0m:31s | Test Loss: 0.3177 | Test Balanced Accuracy: 84.7500 %
2024-04-06 07:31:34,734 - INFO - Epoch: 47 |Total training time: 0h:1m:1s | Train Loss: 0.1449 | Train Balanced Accuracy: 95.1373 %
2024-04-06 07:31:34,735 - INFO - Epoch: 47 |Total validation time:0h:0m:25s | Validation Loss: 0.2475 | Validation Balanced Accuracy: 80.7723 % 
2024-04-06 07:31:34,739 - INFO - Epoch: 47 |Total testing time: 0h:0m:32s | Test Loss: 0.3189 | Test Balanced Accuracy: 84.5488 %
2024-04-06 07:33:35,071 - INFO - Epoch: 48 |Total training time: 0h:1m:2s | Train Loss: 0.1441 | Train Balanced Accuracy: 95.1515 %
2024-04-06 07:33:35,072 - INFO - Epoch: 48 |Total validation time:0h:0m:25s | Validation Loss: 0.2468 | Validation Balanced Accuracy: 81.0512 % 
2024-04-06 07:33:35,072 - INFO - Epoch: 48 |Total testing time: 0h:0m:31s | Test Loss: 0.3180 | Test Balanced Accuracy: 84.6544 %
2024-04-06 07:35:34,792 - INFO - Epoch: 49 |Total training time: 0h:1m:2s | Train Loss: 0.1433 | Train Balanced Accuracy: 95.1970 %
2024-04-06 07:35:34,812 - INFO - Epoch: 49 |Total validation time:0h:0m:26s | Validation Loss: 0.2485 | Validation Balanced Accuracy: 80.6391 % 
2024-04-06 07:35:34,812 - INFO - Epoch: 49 |Total testing time: 0h:0m:31s | Test Loss: 0.3186 | Test Balanced Accuracy: 84.5010 %
2024-04-06 07:35:36,027 - INFO - Saved checkpoint at epoch 49: /home/sur06423/hiwi/vit_exp/vision_tranformer_baseline/src/components/distraction_detection_d_a/grid_search_ddp/experiments/SGD_Constant_Lr_0_003/runs/checkpoints/checkpoint_SGD_Constant_Lr_0_003_epoch_49.pth
2024-04-06 07:37:36,050 - INFO - Epoch: 50 |Total training time: 0h:1m:2s | Train Loss: 0.1425 | Train Balanced Accuracy: 95.2404 %
2024-04-06 07:37:36,051 - INFO - Epoch: 50 |Total validation time:0h:0m:25s | Validation Loss: 0.2442 | Validation Balanced Accuracy: 81.8069 % 
2024-04-06 07:37:36,051 - INFO - Epoch: 50 |Total testing time: 0h:0m:31s | Test Loss: 0.3161 | Test Balanced Accuracy: 85.0611 %
2024-04-06 07:39:36,026 - INFO - Epoch: 51 |Total training time: 0h:1m:2s | Train Loss: 0.1420 | Train Balanced Accuracy: 95.1950 %
2024-04-06 07:39:36,026 - INFO - Epoch: 51 |Total validation time:0h:0m:25s | Validation Loss: 0.2559 | Validation Balanced Accuracy: 79.0478 % 
2024-04-06 07:39:36,026 - INFO - Epoch: 51 |Total testing time: 0h:0m:32s | Test Loss: 0.3236 | Test Balanced Accuracy: 83.8978 %
2024-04-06 07:41:36,269 - INFO - Epoch: 52 |Total training time: 0h:1m:2s | Train Loss: 0.1411 | Train Balanced Accuracy: 95.2930 %
2024-04-06 07:41:36,270 - INFO - Epoch: 52 |Total validation time:0h:0m:25s | Validation Loss: 0.2486 | Validation Balanced Accuracy: 80.8598 % 
2024-04-06 07:41:36,270 - INFO - Epoch: 52 |Total testing time: 0h:0m:31s | Test Loss: 0.3174 | Test Balanced Accuracy: 84.7073 %
2024-04-06 07:43:36,295 - INFO - Epoch: 53 |Total training time: 0h:1m:2s | Train Loss: 0.1403 | Train Balanced Accuracy: 95.3152 %
2024-04-06 07:43:36,296 - INFO - Epoch: 53 |Total validation time:0h:0m:25s | Validation Loss: 0.2447 | Validation Balanced Accuracy: 81.9463 % 
2024-04-06 07:43:36,296 - INFO - Epoch: 53 |Total testing time: 0h:0m:32s | Test Loss: 0.3158 | Test Balanced Accuracy: 85.0572 %
2024-04-06 07:45:36,307 - INFO - Epoch: 54 |Total training time: 0h:1m:2s | Train Loss: 0.1398 | Train Balanced Accuracy: 95.2519 %
2024-04-06 07:45:36,308 - INFO - Epoch: 54 |Total validation time:0h:0m:26s | Validation Loss: 0.2474 | Validation Balanced Accuracy: 81.2692 % 
2024-04-06 07:45:36,308 - INFO - Epoch: 54 |Total testing time: 0h:0m:31s | Test Loss: 0.3170 | Test Balanced Accuracy: 84.7325 %
2024-04-06 07:47:36,265 - INFO - Epoch: 55 |Total training time: 0h:1m:1s | Train Loss: 0.1392 | Train Balanced Accuracy: 95.3075 %
2024-04-06 07:47:36,266 - INFO - Epoch: 55 |Total validation time:0h:0m:25s | Validation Loss: 0.2514 | Validation Balanced Accuracy: 80.5745 % 
2024-04-06 07:47:36,266 - INFO - Epoch: 55 |Total testing time: 0h:0m:32s | Test Loss: 0.3195 | Test Balanced Accuracy: 84.5496 %
2024-04-06 07:49:35,974 - INFO - Epoch: 56 |Total training time: 0h:1m:1s | Train Loss: 0.1385 | Train Balanced Accuracy: 95.2957 %
2024-04-06 07:49:35,974 - INFO - Epoch: 56 |Total validation time:0h:0m:25s | Validation Loss: 0.2445 | Validation Balanced Accuracy: 82.0921 % 
2024-04-06 07:49:35,975 - INFO - Epoch: 56 |Total testing time: 0h:0m:31s | Test Loss: 0.3156 | Test Balanced Accuracy: 85.1310 %
2024-04-06 07:51:35,265 - INFO - Epoch: 57 |Total training time: 0h:1m:1s | Train Loss: 0.1380 | Train Balanced Accuracy: 95.4503 %
2024-04-06 07:51:35,267 - INFO - Epoch: 57 |Total validation time:0h:0m:25s | Validation Loss: 0.2521 | Validation Balanced Accuracy: 80.5745 % 
2024-04-06 07:51:35,267 - INFO - Epoch: 57 |Total testing time: 0h:0m:32s | Test Loss: 0.3200 | Test Balanced Accuracy: 84.4770 %
2024-04-06 07:53:34,889 - INFO - Epoch: 58 |Total training time: 0h:1m:2s | Train Loss: 0.1373 | Train Balanced Accuracy: 95.3627 %
2024-04-06 07:53:34,890 - INFO - Epoch: 58 |Total validation time:0h:0m:26s | Validation Loss: 0.2539 | Validation Balanced Accuracy: 79.9887 % 
2024-04-06 07:53:34,896 - INFO - Epoch: 58 |Total testing time: 0h:0m:31s | Test Loss: 0.3205 | Test Balanced Accuracy: 84.4191 %
2024-04-06 07:55:34,718 - INFO - Epoch: 59 |Total training time: 0h:1m:2s | Train Loss: 0.1367 | Train Balanced Accuracy: 95.3690 %
2024-04-06 07:55:34,720 - INFO - Epoch: 59 |Total validation time:0h:0m:25s | Validation Loss: 0.2473 | Validation Balanced Accuracy: 81.5456 % 
2024-04-06 07:55:34,725 - INFO - Epoch: 59 |Total testing time: 0h:0m:32s | Test Loss: 0.3164 | Test Balanced Accuracy: 84.8770 %
2024-04-06 07:57:34,437 - INFO - Epoch: 60 |Total training time: 0h:1m:1s | Train Loss: 0.1361 | Train Balanced Accuracy: 95.5112 %
2024-04-06 07:57:34,438 - INFO - Epoch: 60 |Total validation time:0h:0m:25s | Validation Loss: 0.2446 | Validation Balanced Accuracy: 82.1212 % 
2024-04-06 07:57:34,438 - INFO - Epoch: 60 |Total testing time: 0h:0m:31s | Test Loss: 0.3158 | Test Balanced Accuracy: 85.0952 %
2024-04-06 07:59:34,136 - INFO - Epoch: 61 |Total training time: 0h:1m:1s | Train Loss: 0.1356 | Train Balanced Accuracy: 95.4375 %
2024-04-06 07:59:34,136 - INFO - Epoch: 61 |Total validation time:0h:0m:25s | Validation Loss: 0.2488 | Validation Balanced Accuracy: 81.3136 % 
2024-04-06 07:59:34,136 - INFO - Epoch: 61 |Total testing time: 0h:0m:32s | Test Loss: 0.3173 | Test Balanced Accuracy: 84.7713 %
2024-04-06 08:01:34,307 - INFO - Epoch: 62 |Total training time: 0h:1m:2s | Train Loss: 0.1351 | Train Balanced Accuracy: 95.4243 %
2024-04-06 08:01:34,308 - INFO - Epoch: 62 |Total validation time:0h:0m:25s | Validation Loss: 0.2562 | Validation Balanced Accuracy: 79.6691 % 
2024-04-06 08:01:34,308 - INFO - Epoch: 62 |Total testing time: 0h:0m:32s | Test Loss: 0.3221 | Test Balanced Accuracy: 84.3084 %
2024-04-06 08:03:34,307 - INFO - Epoch: 63 |Total training time: 0h:1m:2s | Train Loss: 0.1343 | Train Balanced Accuracy: 95.5337 %
2024-04-06 08:03:34,308 - INFO - Epoch: 63 |Total validation time:0h:0m:25s | Validation Loss: 0.2543 | Validation Balanced Accuracy: 80.2041 % 
2024-04-06 08:03:34,308 - INFO - Epoch: 63 |Total testing time: 0h:0m:31s | Test Loss: 0.3212 | Test Balanced Accuracy: 84.4739 %
2024-04-06 08:05:34,309 - INFO - Epoch: 64 |Total training time: 0h:1m:2s | Train Loss: 0.1337 | Train Balanced Accuracy: 95.5948 %
2024-04-06 08:05:34,310 - INFO - Epoch: 64 |Total validation time:0h:0m:25s | Validation Loss: 0.2540 | Validation Balanced Accuracy: 80.3550 % 
2024-04-06 08:05:34,310 - INFO - Epoch: 64 |Total testing time: 0h:0m:31s | Test Loss: 0.3208 | Test Balanced Accuracy: 84.5337 %
2024-04-06 08:07:34,583 - INFO - Epoch: 65 |Total training time: 0h:1m:2s | Train Loss: 0.1332 | Train Balanced Accuracy: 95.5406 %
2024-04-06 08:07:34,583 - INFO - Epoch: 65 |Total validation time:0h:0m:25s | Validation Loss: 0.2550 | Validation Balanced Accuracy: 80.1265 % 
2024-04-06 08:07:34,583 - INFO - Epoch: 65 |Total testing time: 0h:0m:31s | Test Loss: 0.3209 | Test Balanced Accuracy: 84.4878 %
2024-04-06 08:09:34,044 - INFO - Epoch: 66 |Total training time: 0h:1m:1s | Train Loss: 0.1327 | Train Balanced Accuracy: 95.5337 %
2024-04-06 08:09:34,045 - INFO - Epoch: 66 |Total validation time:0h:0m:25s | Validation Loss: 0.2481 | Validation Balanced Accuracy: 81.7028 % 
2024-04-06 08:09:34,045 - INFO - Epoch: 66 |Total testing time: 0h:0m:32s | Test Loss: 0.3173 | Test Balanced Accuracy: 84.9208 %
2024-04-06 08:11:33,332 - INFO - Epoch: 67 |Total training time: 0h:1m:2s | Train Loss: 0.1321 | Train Balanced Accuracy: 95.5945 %
2024-04-06 08:11:33,333 - INFO - Epoch: 67 |Total validation time:0h:0m:25s | Validation Loss: 0.2549 | Validation Balanced Accuracy: 80.4996 % 
2024-04-06 08:11:33,333 - INFO - Epoch: 67 |Total testing time: 0h:0m:31s | Test Loss: 0.3223 | Test Balanced Accuracy: 84.3993 %
2024-04-06 08:13:32,984 - INFO - Epoch: 68 |Total training time: 0h:1m:1s | Train Loss: 0.1318 | Train Balanced Accuracy: 95.5795 %
2024-04-06 08:13:32,985 - INFO - Epoch: 68 |Total validation time:0h:0m:25s | Validation Loss: 0.2546 | Validation Balanced Accuracy: 80.5059 % 
2024-04-06 08:13:32,985 - INFO - Epoch: 68 |Total testing time: 0h:0m:32s | Test Loss: 0.3213 | Test Balanced Accuracy: 84.5298 %
2024-04-06 08:15:32,688 - INFO - Epoch: 69 |Total training time: 0h:1m:2s | Train Loss: 0.1312 | Train Balanced Accuracy: 95.6455 %
2024-04-06 08:15:32,689 - INFO - Epoch: 69 |Total validation time:0h:0m:25s | Validation Loss: 0.2531 | Validation Balanced Accuracy: 80.8660 % 
2024-04-06 08:15:32,689 - INFO - Epoch: 69 |Total testing time: 0h:0m:31s | Test Loss: 0.3208 | Test Balanced Accuracy: 84.5857 %
2024-04-06 08:17:31,616 - INFO - Epoch: 70 |Total training time: 0h:1m:1s | Train Loss: 0.1306 | Train Balanced Accuracy: 95.6675 %
2024-04-06 08:17:31,616 - INFO - Epoch: 70 |Total validation time:0h:0m:25s | Validation Loss: 0.2576 | Validation Balanced Accuracy: 79.7514 % 
2024-04-06 08:17:31,616 - INFO - Epoch: 70 |Total testing time: 0h:0m:32s | Test Loss: 0.3229 | Test Balanced Accuracy: 84.2808 %
2024-04-06 08:19:30,983 - INFO - Epoch: 71 |Total training time: 0h:1m:1s | Train Loss: 0.1303 | Train Balanced Accuracy: 95.6925 %
2024-04-06 08:19:30,983 - INFO - Epoch: 71 |Total validation time:0h:0m:25s | Validation Loss: 0.2591 | Validation Balanced Accuracy: 79.6411 % 
2024-04-06 08:19:30,983 - INFO - Epoch: 71 |Total testing time: 0h:0m:31s | Test Loss: 0.3235 | Test Balanced Accuracy: 84.2179 %
2024-04-06 08:21:36,104 - INFO - Epoch: 72 |Total training time: 0h:1m:1s | Train Loss: 0.1299 | Train Balanced Accuracy: 95.6365 %
2024-04-06 08:21:36,105 - INFO - Epoch: 72 |Total validation time:0h:0m:26s | Validation Loss: 0.2512 | Validation Balanced Accuracy: 81.4530 % 
2024-04-06 08:21:36,105 - INFO - Epoch: 72 |Total testing time: 0h:0m:37s | Test Loss: 0.3196 | Test Balanced Accuracy: 84.7247 %
2024-04-06 08:23:39,718 - INFO - Epoch: 73 |Total training time: 0h:1m:1s | Train Loss: 0.1293 | Train Balanced Accuracy: 95.7259 %
2024-04-06 08:23:39,719 - INFO - Epoch: 73 |Total validation time:0h:0m:26s | Validation Loss: 0.2494 | Validation Balanced Accuracy: 81.6238 % 
2024-04-06 08:23:39,726 - INFO - Epoch: 73 |Total testing time: 0h:0m:35s | Test Loss: 0.3183 | Test Balanced Accuracy: 84.9399 %
2024-04-06 08:25:56,837 - INFO - Epoch: 74 |Total training time: 0h:1m:5s | Train Loss: 0.1289 | Train Balanced Accuracy: 95.6997 %
2024-04-06 08:25:56,838 - INFO - Epoch: 74 |Total validation time:0h:0m:34s | Validation Loss: 0.2510 | Validation Balanced Accuracy: 81.5519 % 
2024-04-06 08:25:56,838 - INFO - Epoch: 74 |Total testing time: 0h:0m:36s | Test Loss: 0.3195 | Test Balanced Accuracy: 84.7138 %
2024-04-06 08:28:00,690 - INFO - Epoch: 75 |Total training time: 0h:1m:5s | Train Loss: 0.1284 | Train Balanced Accuracy: 95.7641 %
2024-04-06 08:28:00,691 - INFO - Epoch: 75 |Total validation time:0h:0m:26s | Validation Loss: 0.2575 | Validation Balanced Accuracy: 80.2561 % 
2024-04-06 08:28:00,691 - INFO - Epoch: 75 |Total testing time: 0h:0m:32s | Test Loss: 0.3226 | Test Balanced Accuracy: 84.3565 %
2024-04-06 08:30:00,884 - INFO - Epoch: 76 |Total training time: 0h:1m:2s | Train Loss: 0.1280 | Train Balanced Accuracy: 95.7178 %
2024-04-06 08:30:00,885 - INFO - Epoch: 76 |Total validation time:0h:0m:25s | Validation Loss: 0.2499 | Validation Balanced Accuracy: 81.5582 % 
2024-04-06 08:30:00,885 - INFO - Epoch: 76 |Total testing time: 0h:0m:31s | Test Loss: 0.3184 | Test Balanced Accuracy: 84.8882 %
2024-04-06 08:32:00,672 - INFO - Epoch: 77 |Total training time: 0h:1m:1s | Train Loss: 0.1276 | Train Balanced Accuracy: 95.7446 %
2024-04-06 08:32:00,673 - INFO - Epoch: 77 |Total validation time:0h:0m:25s | Validation Loss: 0.2506 | Validation Balanced Accuracy: 81.5696 % 
2024-04-06 08:32:00,673 - INFO - Epoch: 77 |Total testing time: 0h:0m:32s | Test Loss: 0.3190 | Test Balanced Accuracy: 84.8124 %
2024-04-06 08:34:01,105 - INFO - Epoch: 78 |Total training time: 0h:1m:2s | Train Loss: 0.1272 | Train Balanced Accuracy: 95.8197 %
2024-04-06 08:34:01,105 - INFO - Epoch: 78 |Total validation time:0h:0m:26s | Validation Loss: 0.2567 | Validation Balanced Accuracy: 80.5008 % 
2024-04-06 08:34:01,105 - INFO - Epoch: 78 |Total testing time: 0h:0m:31s | Test Loss: 0.3221 | Test Balanced Accuracy: 84.4404 %
2024-04-06 08:35:59,875 - INFO - Epoch: 79 |Total training time: 0h:1m:1s | Train Loss: 0.1268 | Train Balanced Accuracy: 95.7581 %
2024-04-06 08:35:59,876 - INFO - Epoch: 79 |Total validation time:0h:0m:25s | Validation Loss: 0.2517 | Validation Balanced Accuracy: 81.5312 % 
2024-04-06 08:35:59,876 - INFO - Epoch: 79 |Total testing time: 0h:0m:32s | Test Loss: 0.3201 | Test Balanced Accuracy: 84.7825 %
2024-04-06 08:37:59,963 - INFO - Epoch: 80 |Total training time: 0h:1m:2s | Train Loss: 0.1264 | Train Balanced Accuracy: 95.8287 %
2024-04-06 08:37:59,964 - INFO - Epoch: 80 |Total validation time:0h:0m:25s | Validation Loss: 0.2495 | Validation Balanced Accuracy: 81.5936 % 
2024-04-06 08:37:59,964 - INFO - Epoch: 80 |Total testing time: 0h:0m:32s | Test Loss: 0.3189 | Test Balanced Accuracy: 84.8337 %
2024-04-06 08:40:00,576 - INFO - Epoch: 81 |Total training time: 0h:1m:2s | Train Loss: 0.1262 | Train Balanced Accuracy: 95.8933 %
2024-04-06 08:40:00,577 - INFO - Epoch: 81 |Total validation time:0h:0m:26s | Validation Loss: 0.2476 | Validation Balanced Accuracy: 81.8902 % 
2024-04-06 08:40:00,577 - INFO - Epoch: 81 |Total testing time: 0h:0m:32s | Test Loss: 0.3178 | Test Balanced Accuracy: 84.9078 %
2024-04-06 08:42:00,657 - INFO - Epoch: 82 |Total training time: 0h:1m:1s | Train Loss: 0.1260 | Train Balanced Accuracy: 95.7995 %
2024-04-06 08:42:00,658 - INFO - Epoch: 82 |Total validation time:0h:0m:25s | Validation Loss: 0.2552 | Validation Balanced Accuracy: 81.0346 % 
2024-04-06 08:42:00,658 - INFO - Epoch: 82 |Total testing time: 0h:0m:32s | Test Loss: 0.3217 | Test Balanced Accuracy: 84.5522 %
2024-04-06 08:44:01,112 - INFO - Epoch: 83 |Total training time: 0h:1m:2s | Train Loss: 0.1252 | Train Balanced Accuracy: 95.8040 %
2024-04-06 08:44:01,113 - INFO - Epoch: 83 |Total validation time:0h:0m:26s | Validation Loss: 0.2588 | Validation Balanced Accuracy: 80.3842 % 
2024-04-06 08:44:01,113 - INFO - Epoch: 83 |Total testing time: 0h:0m:31s | Test Loss: 0.3235 | Test Balanced Accuracy: 84.3060 %
2024-04-06 08:46:00,931 - INFO - Epoch: 84 |Total training time: 0h:1m:1s | Train Loss: 0.1248 | Train Balanced Accuracy: 95.9256 %
2024-04-06 08:46:00,932 - INFO - Epoch: 84 |Total validation time:0h:0m:25s | Validation Loss: 0.2617 | Validation Balanced Accuracy: 80.0407 % 
2024-04-06 08:46:00,932 - INFO - Epoch: 84 |Total testing time: 0h:0m:32s | Test Loss: 0.3256 | Test Balanced Accuracy: 84.2649 %
2024-04-06 08:48:01,115 - INFO - Epoch: 85 |Total training time: 0h:1m:2s | Train Loss: 0.1246 | Train Balanced Accuracy: 95.8704 %
2024-04-06 08:48:01,116 - INFO - Epoch: 85 |Total validation time:0h:0m:25s | Validation Loss: 0.2616 | Validation Balanced Accuracy: 80.0584 % 
2024-04-06 08:48:01,116 - INFO - Epoch: 85 |Total testing time: 0h:0m:32s | Test Loss: 0.3262 | Test Balanced Accuracy: 84.2400 %
2024-04-06 08:50:05,075 - INFO - Epoch: 86 |Total training time: 0h:1m:1s | Train Loss: 0.1242 | Train Balanced Accuracy: 95.8642 %
2024-04-06 08:50:05,080 - INFO - Epoch: 86 |Total validation time:0h:0m:30s | Validation Loss: 0.2559 | Validation Balanced Accuracy: 80.9219 % 
2024-04-06 08:50:05,080 - INFO - Epoch: 86 |Total testing time: 0h:0m:31s | Test Loss: 0.3225 | Test Balanced Accuracy: 84.5273 %
2024-04-06 08:52:05,378 - INFO - Epoch: 87 |Total training time: 0h:1m:2s | Train Loss: 0.1238 | Train Balanced Accuracy: 95.9357 %
2024-04-06 08:52:05,379 - INFO - Epoch: 87 |Total validation time:0h:0m:25s | Validation Loss: 0.2616 | Validation Balanced Accuracy: 79.9835 % 
2024-04-06 08:52:05,379 - INFO - Epoch: 87 |Total testing time: 0h:0m:32s | Test Loss: 0.3257 | Test Balanced Accuracy: 84.2609 %
2024-04-06 08:54:05,979 - INFO - Epoch: 88 |Total training time: 0h:1m:2s | Train Loss: 0.1237 | Train Balanced Accuracy: 95.9128 %
2024-04-06 08:54:05,979 - INFO - Epoch: 88 |Total validation time:0h:0m:26s | Validation Loss: 0.2606 | Validation Balanced Accuracy: 80.2218 % 
2024-04-06 08:54:05,979 - INFO - Epoch: 88 |Total testing time: 0h:0m:31s | Test Loss: 0.3246 | Test Balanced Accuracy: 84.2671 %
2024-04-06 08:56:06,349 - INFO - Epoch: 89 |Total training time: 0h:1m:2s | Train Loss: 0.1232 | Train Balanced Accuracy: 95.9316 %
2024-04-06 08:56:06,349 - INFO - Epoch: 89 |Total validation time:0h:0m:25s | Validation Loss: 0.2565 | Validation Balanced Accuracy: 80.9369 % 
2024-04-06 08:56:06,349 - INFO - Epoch: 89 |Total testing time: 0h:0m:31s | Test Loss: 0.3229 | Test Balanced Accuracy: 84.5592 %
2024-04-06 08:58:07,058 - INFO - Epoch: 90 |Total training time: 0h:1m:2s | Train Loss: 0.1227 | Train Balanced Accuracy: 95.9436 %
2024-04-06 08:58:07,058 - INFO - Epoch: 90 |Total validation time:0h:0m:26s | Validation Loss: 0.2559 | Validation Balanced Accuracy: 81.0180 % 
2024-04-06 08:58:07,058 - INFO - Epoch: 90 |Total testing time: 0h:0m:31s | Test Loss: 0.3224 | Test Balanced Accuracy: 84.5673 %
2024-04-06 09:00:07,060 - INFO - Epoch: 91 |Total training time: 0h:1m:2s | Train Loss: 0.1224 | Train Balanced Accuracy: 95.9909 %
2024-04-06 09:00:07,060 - INFO - Epoch: 91 |Total validation time:0h:0m:25s | Validation Loss: 0.2592 | Validation Balanced Accuracy: 80.5299 % 
2024-04-06 09:00:07,060 - INFO - Epoch: 91 |Total testing time: 0h:0m:31s | Test Loss: 0.3237 | Test Balanced Accuracy: 84.3421 %
2024-04-06 09:02:06,406 - INFO - Epoch: 92 |Total training time: 0h:1m:1s | Train Loss: 0.1220 | Train Balanced Accuracy: 96.0124 %
2024-04-06 09:02:06,406 - INFO - Epoch: 92 |Total validation time:0h:0m:25s | Validation Loss: 0.2501 | Validation Balanced Accuracy: 81.8268 % 
2024-04-06 09:02:06,406 - INFO - Epoch: 92 |Total testing time: 0h:0m:31s | Test Loss: 0.3198 | Test Balanced Accuracy: 84.8142 %
2024-04-06 09:04:06,270 - INFO - Epoch: 93 |Total training time: 0h:1m:2s | Train Loss: 0.1219 | Train Balanced Accuracy: 96.0038 %
2024-04-06 09:04:06,271 - INFO - Epoch: 93 |Total validation time:0h:0m:25s | Validation Loss: 0.2602 | Validation Balanced Accuracy: 80.3790 % 
2024-04-06 09:04:06,271 - INFO - Epoch: 93 |Total testing time: 0h:0m:32s | Test Loss: 0.3244 | Test Balanced Accuracy: 84.3510 %
2024-04-06 09:06:06,196 - INFO - Epoch: 94 |Total training time: 0h:1m:2s | Train Loss: 0.1214 | Train Balanced Accuracy: 95.9707 %
2024-04-06 09:06:06,197 - INFO - Epoch: 94 |Total validation time:0h:0m:26s | Validation Loss: 0.2658 | Validation Balanced Accuracy: 79.6983 % 
2024-04-06 09:06:06,197 - INFO - Epoch: 94 |Total testing time: 0h:0m:31s | Test Loss: 0.3282 | Test Balanced Accuracy: 84.1254 %
2024-04-06 09:08:06,511 - INFO - Epoch: 95 |Total training time: 0h:1m:2s | Train Loss: 0.1211 | Train Balanced Accuracy: 95.9916 %
2024-04-06 09:08:06,512 - INFO - Epoch: 95 |Total validation time:0h:0m:25s | Validation Loss: 0.2576 | Validation Balanced Accuracy: 80.9254 % 
2024-04-06 09:08:06,512 - INFO - Epoch: 95 |Total testing time: 0h:0m:31s | Test Loss: 0.3233 | Test Balanced Accuracy: 84.5553 %
2024-04-06 09:10:06,796 - INFO - Epoch: 96 |Total training time: 0h:1m:2s | Train Loss: 0.1208 | Train Balanced Accuracy: 96.0386 %
2024-04-06 09:10:06,797 - INFO - Epoch: 96 |Total validation time:0h:0m:26s | Validation Loss: 0.2581 | Validation Balanced Accuracy: 80.8671 % 
2024-04-06 09:10:06,797 - INFO - Epoch: 96 |Total testing time: 0h:0m:31s | Test Loss: 0.3232 | Test Balanced Accuracy: 84.5763 %
2024-04-06 09:12:06,239 - INFO - Epoch: 97 |Total training time: 0h:1m:2s | Train Loss: 0.1204 | Train Balanced Accuracy: 96.0302 %
2024-04-06 09:12:06,240 - INFO - Epoch: 97 |Total validation time:0h:0m:25s | Validation Loss: 0.2558 | Validation Balanced Accuracy: 81.2221 % 
2024-04-06 09:12:06,240 - INFO - Epoch: 97 |Total testing time: 0h:0m:31s | Test Loss: 0.3222 | Test Balanced Accuracy: 84.6562 %
2024-04-06 09:14:06,010 - INFO - Epoch: 98 |Total training time: 0h:1m:1s | Train Loss: 0.1203 | Train Balanced Accuracy: 96.0441 %
2024-04-06 09:14:06,011 - INFO - Epoch: 98 |Total validation time:0h:0m:25s | Validation Loss: 0.2548 | Validation Balanced Accuracy: 81.3615 % 
2024-04-06 09:14:06,011 - INFO - Epoch: 98 |Total testing time: 0h:0m:32s | Test Loss: 0.3219 | Test Balanced Accuracy: 84.6943 %
2024-04-06 09:16:05,928 - INFO - Epoch: 99 |Total training time: 0h:1m:2s | Train Loss: 0.1199 | Train Balanced Accuracy: 96.0309 %
2024-04-06 09:16:05,929 - INFO - Epoch: 99 |Total validation time:0h:0m:26s | Validation Loss: 0.2554 | Validation Balanced Accuracy: 81.3867 % 
2024-04-06 09:16:05,930 - INFO - Epoch: 99 |Total testing time: 0h:0m:31s | Test Loss: 0.3219 | Test Balanced Accuracy: 84.7320 %
2024-04-06 09:16:06,620 - INFO - Saved checkpoint at epoch 99: /home/sur06423/hiwi/vit_exp/vision_tranformer_baseline/src/components/distraction_detection_d_a/grid_search_ddp/experiments/SGD_Constant_Lr_0_003/runs/checkpoints/checkpoint_SGD_Constant_Lr_0_003_epoch_99.pth
2024-04-06 09:16:06,621 - INFO - Total training, validation and testing time: 3h:45m:42s.
