2024-04-13 20:02:03,112 - INFO - This file contains logs for: GS_SGD_Lam_LI_end_LR_0_06
2024-04-13 20:02:03,113 - INFO - Epoch: 0 |Total training time: 0h:1m:31s | Train Loss: 0.4182 | Train Balanced Accuracy: 73.9940 %
2024-04-13 20:02:03,113 - INFO - Epoch: 0 |Total validation time:0h:0m:44s | Validation Loss: 0.2539 | Validation Balanced Accuracy: 87.4535 % 
2024-04-13 20:02:03,113 - INFO - Epoch: 0 |Total testing time: 0h:0m:50s | Test Loss: 0.3323 | Test Balanced Accuracy: 86.5005 %
2024-04-13 20:05:15,862 - INFO - This file contains logs for: GS_SGD_Lam_LI_end_LR_0_06
2024-04-13 20:05:15,864 - INFO - Epoch: 1 |Total training time: 0h:1m:36s | Train Loss: 0.2802 | Train Balanced Accuracy: 86.2876 %
2024-04-13 20:05:15,865 - INFO - Epoch: 1 |Total validation time:0h:0m:42s | Validation Loss: 0.3436 | Validation Balanced Accuracy: 60.4815 % 
2024-04-13 20:05:15,866 - INFO - Epoch: 1 |Total testing time: 0h:0m:53s | Test Loss: 0.4088 | Test Balanced Accuracy: 73.2660 %
2024-04-13 20:08:19,847 - INFO - This file contains logs for: GS_SGD_Lam_LI_end_LR_0_06
2024-04-13 20:08:19,850 - INFO - Epoch: 2 |Total training time: 0h:1m:31s | Train Loss: 0.2195 | Train Balanced Accuracy: 89.6220 %
2024-04-13 20:08:19,855 - INFO - Epoch: 2 |Total validation time:0h:0m:40s | Validation Loss: 0.2320 | Validation Balanced Accuracy: 87.8324 % 
2024-04-13 20:08:19,857 - INFO - Epoch: 2 |Total testing time: 0h:0m:51s | Test Loss: 0.3595 | Test Balanced Accuracy: 85.7830 %
2024-04-13 20:11:35,411 - INFO - This file contains logs for: GS_SGD_Lam_LI_end_LR_0_06
2024-04-13 20:11:35,412 - INFO - Epoch: 3 |Total training time: 0h:1m:39s | Train Loss: 0.1583 | Train Balanced Accuracy: 93.5029 %
2024-04-13 20:11:35,412 - INFO - Epoch: 3 |Total validation time:0h:0m:43s | Validation Loss: 0.2738 | Validation Balanced Accuracy: 77.8709 % 
2024-04-13 20:11:35,412 - INFO - Epoch: 3 |Total testing time: 0h:0m:52s | Test Loss: 0.3345 | Test Balanced Accuracy: 83.4385 %
2024-04-13 20:14:43,123 - INFO - This file contains logs for: GS_SGD_Lam_LI_end_LR_0_06
2024-04-13 20:14:43,124 - INFO - Epoch: 4 |Total training time: 0h:1m:31s | Train Loss: 0.1312 | Train Balanced Accuracy: 95.3736 %
2024-04-13 20:14:43,124 - INFO - Epoch: 4 |Total validation time:0h:0m:43s | Validation Loss: 0.2862 | Validation Balanced Accuracy: 76.7691 % 
2024-04-13 20:14:43,124 - INFO - Epoch: 4 |Total testing time: 0h:0m:51s | Test Loss: 0.3418 | Test Balanced Accuracy: 83.2899 %
2024-04-13 20:17:53,323 - INFO - This file contains logs for: GS_SGD_Lam_LI_end_LR_0_06
2024-04-13 20:17:53,323 - INFO - Epoch: 5 |Total training time: 0h:1m:31s | Train Loss: 0.1231 | Train Balanced Accuracy: 95.7713 %
2024-04-13 20:17:53,323 - INFO - Epoch: 5 |Total validation time:0h:0m:45s | Validation Loss: 0.2513 | Validation Balanced Accuracy: 83.1809 % 
2024-04-13 20:17:53,323 - INFO - Epoch: 5 |Total testing time: 0h:0m:53s | Test Loss: 0.3330 | Test Balanced Accuracy: 84.8673 %
2024-04-13 20:21:01,229 - INFO - This file contains logs for: GS_SGD_Lam_LI_end_LR_0_06
2024-04-13 20:21:01,230 - INFO - Epoch: 6 |Total training time: 0h:1m:30s | Train Loss: 0.1165 | Train Balanced Accuracy: 95.8968 %
2024-04-13 20:21:01,230 - INFO - Epoch: 6 |Total validation time:0h:0m:43s | Validation Loss: 0.3142 | Validation Balanced Accuracy: 76.1350 % 
2024-04-13 20:21:01,230 - INFO - Epoch: 6 |Total testing time: 0h:0m:53s | Test Loss: 0.3705 | Test Balanced Accuracy: 80.3542 %
2024-04-13 20:24:06,836 - INFO - This file contains logs for: GS_SGD_Lam_LI_end_LR_0_06
2024-04-13 20:24:06,837 - INFO - Epoch: 7 |Total training time: 0h:1m:29s | Train Loss: 0.1127 | Train Balanced Accuracy: 96.0576 %
2024-04-13 20:24:06,837 - INFO - Epoch: 7 |Total validation time:0h:0m:44s | Validation Loss: 0.2900 | Validation Balanced Accuracy: 78.8763 % 
2024-04-13 20:24:06,837 - INFO - Epoch: 7 |Total testing time: 0h:0m:52s | Test Loss: 0.3375 | Test Balanced Accuracy: 84.0930 %
2024-04-13 20:27:11,551 - INFO - This file contains logs for: GS_SGD_Lam_LI_end_LR_0_06
2024-04-13 20:27:11,552 - INFO - Epoch: 8 |Total training time: 0h:1m:30s | Train Loss: 0.1075 | Train Balanced Accuracy: 96.2998 %
2024-04-13 20:27:11,552 - INFO - Epoch: 8 |Total validation time:0h:0m:45s | Validation Loss: 0.2494 | Validation Balanced Accuracy: 85.5842 % 
2024-04-13 20:27:11,552 - INFO - Epoch: 8 |Total testing time: 0h:0m:48s | Test Loss: 0.3515 | Test Balanced Accuracy: 85.1327 %
2024-04-13 20:30:18,221 - INFO - This file contains logs for: GS_SGD_Lam_LI_end_LR_0_06
2024-04-13 20:30:18,221 - INFO - Epoch: 9 |Total training time: 0h:1m:33s | Train Loss: 0.1045 | Train Balanced Accuracy: 96.4203 %
2024-04-13 20:30:18,221 - INFO - Epoch: 9 |Total validation time:0h:0m:41s | Validation Loss: 0.2827 | Validation Balanced Accuracy: 79.8104 % 
2024-04-13 20:30:18,221 - INFO - Epoch: 9 |Total testing time: 0h:0m:51s | Test Loss: 0.3578 | Test Balanced Accuracy: 83.4946 %
2024-04-13 20:33:23,229 - INFO - This file contains logs for: GS_SGD_Lam_LI_end_LR_0_06
2024-04-13 20:33:23,229 - INFO - Epoch: 10 |Total training time: 0h:1m:27s | Train Loss: 0.1012 | Train Balanced Accuracy: 96.5569 %
2024-04-13 20:33:23,229 - INFO - Epoch: 10 |Total validation time:0h:0m:45s | Validation Loss: 0.2975 | Validation Balanced Accuracy: 79.2344 % 
2024-04-13 20:33:23,229 - INFO - Epoch: 10 |Total testing time: 0h:0m:51s | Test Loss: 0.3633 | Test Balanced Accuracy: 82.8106 %
2024-04-13 20:36:34,517 - INFO - This file contains logs for: GS_SGD_Lam_LI_end_LR_0_06
2024-04-13 20:36:34,518 - INFO - Epoch: 11 |Total training time: 0h:1m:31s | Train Loss: 0.0990 | Train Balanced Accuracy: 96.6647 %
2024-04-13 20:36:34,518 - INFO - Epoch: 11 |Total validation time:0h:0m:45s | Validation Loss: 0.3126 | Validation Balanced Accuracy: 78.3579 % 
2024-04-13 20:36:34,518 - INFO - Epoch: 11 |Total testing time: 0h:0m:54s | Test Loss: 0.3758 | Test Balanced Accuracy: 81.6963 %
2024-04-13 20:39:42,398 - INFO - This file contains logs for: GS_SGD_Lam_LI_end_LR_0_06
2024-04-13 20:39:42,399 - INFO - Epoch: 12 |Total training time: 0h:1m:34s | Train Loss: 0.0970 | Train Balanced Accuracy: 96.7962 %
2024-04-13 20:39:42,399 - INFO - Epoch: 12 |Total validation time:0h:0m:41s | Validation Loss: 0.2819 | Validation Balanced Accuracy: 80.5469 % 
2024-04-13 20:39:42,399 - INFO - Epoch: 12 |Total testing time: 0h:0m:51s | Test Loss: 0.3680 | Test Balanced Accuracy: 83.3473 %
2024-04-13 20:42:47,629 - INFO - This file contains logs for: GS_SGD_Lam_LI_end_LR_0_06
2024-04-13 20:42:47,629 - INFO - Epoch: 13 |Total training time: 0h:1m:27s | Train Loss: 0.0946 | Train Balanced Accuracy: 96.8668 %
2024-04-13 20:42:47,629 - INFO - Epoch: 13 |Total validation time:0h:0m:46s | Validation Loss: 0.3048 | Validation Balanced Accuracy: 78.9803 % 
2024-04-13 20:42:47,629 - INFO - Epoch: 13 |Total testing time: 0h:0m:51s | Test Loss: 0.3787 | Test Balanced Accuracy: 82.4792 %
2024-04-13 20:45:54,321 - INFO - This file contains logs for: GS_SGD_Lam_LI_end_LR_0_06
2024-04-13 20:45:54,321 - INFO - Epoch: 14 |Total training time: 0h:1m:28s | Train Loss: 0.0933 | Train Balanced Accuracy: 96.8462 %
2024-04-13 20:45:54,322 - INFO - Epoch: 14 |Total validation time:0h:0m:46s | Validation Loss: 0.2741 | Validation Balanced Accuracy: 81.0778 % 
2024-04-13 20:45:54,322 - INFO - Epoch: 14 |Total testing time: 0h:0m:51s | Test Loss: 0.3560 | Test Balanced Accuracy: 84.3189 %
2024-04-13 20:49:01,835 - INFO - This file contains logs for: GS_SGD_Lam_LI_end_LR_0_06
2024-04-13 20:49:01,836 - INFO - Epoch: 15 |Total training time: 0h:1m:31s | Train Loss: 0.0922 | Train Balanced Accuracy: 96.9308 %
2024-04-13 20:49:01,836 - INFO - Epoch: 15 |Total validation time:0h:0m:45s | Validation Loss: 0.3020 | Validation Balanced Accuracy: 79.1866 % 
2024-04-13 20:49:01,836 - INFO - Epoch: 15 |Total testing time: 0h:0m:50s | Test Loss: 0.3831 | Test Balanced Accuracy: 82.6882 %
2024-04-13 20:52:08,496 - INFO - This file contains logs for: GS_SGD_Lam_LI_end_LR_0_06
2024-04-13 20:52:08,497 - INFO - Epoch: 16 |Total training time: 0h:1m:29s | Train Loss: 0.0923 | Train Balanced Accuracy: 96.8823 %
2024-04-13 20:52:08,497 - INFO - Epoch: 16 |Total validation time:0h:0m:45s | Validation Loss: 0.2671 | Validation Balanced Accuracy: 84.3705 % 
2024-04-13 20:52:08,497 - INFO - Epoch: 16 |Total testing time: 0h:0m:51s | Test Loss: 0.3780 | Test Balanced Accuracy: 84.6740 %
2024-04-13 20:55:21,244 - INFO - This file contains logs for: GS_SGD_Lam_LI_end_LR_0_06
2024-04-13 20:55:21,245 - INFO - Epoch: 17 |Total training time: 0h:1m:30s | Train Loss: 0.0981 | Train Balanced Accuracy: 96.3758 %
2024-04-13 20:55:21,245 - INFO - Epoch: 17 |Total validation time:0h:0m:46s | Validation Loss: 0.3367 | Validation Balanced Accuracy: 77.5097 % 
2024-04-13 20:55:21,245 - INFO - Epoch: 17 |Total testing time: 0h:0m:55s | Test Loss: 0.4054 | Test Balanced Accuracy: 80.7112 %
2024-04-13 20:58:28,585 - INFO - This file contains logs for: GS_SGD_Lam_LI_end_LR_0_06
2024-04-13 20:58:28,586 - INFO - Epoch: 18 |Total training time: 0h:1m:30s | Train Loss: 0.0895 | Train Balanced Accuracy: 96.9588 %
2024-04-13 20:58:28,586 - INFO - Epoch: 18 |Total validation time:0h:0m:43s | Validation Loss: 0.2876 | Validation Balanced Accuracy: 79.9829 % 
2024-04-13 20:58:28,586 - INFO - Epoch: 18 |Total testing time: 0h:0m:52s | Test Loss: 0.3815 | Test Balanced Accuracy: 83.3301 %
2024-04-13 21:01:34,202 - INFO - This file contains logs for: GS_SGD_Lam_LI_end_LR_0_06
2024-04-13 21:01:34,202 - INFO - Epoch: 19 |Total training time: 0h:1m:29s | Train Loss: 0.0888 | Train Balanced Accuracy: 96.9356 %
2024-04-13 21:01:34,202 - INFO - Epoch: 19 |Total validation time:0h:0m:43s | Validation Loss: 0.2824 | Validation Balanced Accuracy: 80.8000 % 
2024-04-13 21:01:34,203 - INFO - Epoch: 19 |Total testing time: 0h:0m:52s | Test Loss: 0.3888 | Test Balanced Accuracy: 83.1918 %
2024-04-13 21:04:40,321 - INFO - This file contains logs for: GS_SGD_Lam_LI_end_LR_0_06
2024-04-13 21:04:40,322 - INFO - Epoch: 20 |Total training time: 0h:1m:31s | Train Loss: 0.0881 | Train Balanced Accuracy: 96.9671 %
2024-04-13 21:04:40,322 - INFO - Epoch: 20 |Total validation time:0h:0m:42s | Validation Loss: 0.2976 | Validation Balanced Accuracy: 79.7758 % 
2024-04-13 21:04:40,322 - INFO - Epoch: 20 |Total testing time: 0h:0m:51s | Test Loss: 0.3952 | Test Balanced Accuracy: 82.6565 %
2024-04-13 21:07:54,420 - INFO - This file contains logs for: GS_SGD_Lam_LI_end_LR_0_06
2024-04-13 21:07:54,421 - INFO - Epoch: 21 |Total training time: 0h:1m:36s | Train Loss: 0.0855 | Train Balanced Accuracy: 97.1663 %
2024-04-13 21:07:54,421 - INFO - Epoch: 21 |Total validation time:0h:0m:44s | Validation Loss: 0.3035 | Validation Balanced Accuracy: 79.2106 % 
2024-04-13 21:07:54,421 - INFO - Epoch: 21 |Total testing time: 0h:0m:52s | Test Loss: 0.3956 | Test Balanced Accuracy: 82.6951 %
2024-04-13 21:11:02,742 - INFO - This file contains logs for: GS_SGD_Lam_LI_end_LR_0_06
2024-04-13 21:11:02,742 - INFO - Epoch: 22 |Total training time: 0h:1m:34s | Train Loss: 0.0845 | Train Balanced Accuracy: 97.1031 %
2024-04-13 21:11:02,742 - INFO - Epoch: 22 |Total validation time:0h:0m:42s | Validation Loss: 0.2918 | Validation Balanced Accuracy: 79.8529 % 
2024-04-13 21:11:02,742 - INFO - Epoch: 22 |Total testing time: 0h:0m:51s | Test Loss: 0.3958 | Test Balanced Accuracy: 82.7124 %
2024-04-13 21:14:15,157 - INFO - This file contains logs for: GS_SGD_Lam_LI_end_LR_0_06
2024-04-13 21:14:15,157 - INFO - Epoch: 23 |Total training time: 0h:1m:37s | Train Loss: 0.0836 | Train Balanced Accuracy: 97.1635 %
2024-04-13 21:14:15,158 - INFO - Epoch: 23 |Total validation time:0h:0m:42s | Validation Loss: 0.2797 | Validation Balanced Accuracy: 81.3841 % 
2024-04-13 21:14:15,158 - INFO - Epoch: 23 |Total testing time: 0h:0m:51s | Test Loss: 0.3966 | Test Balanced Accuracy: 83.3546 %
2024-04-13 21:17:30,667 - INFO - This file contains logs for: GS_SGD_Lam_LI_end_LR_0_06
2024-04-13 21:17:30,667 - INFO - Epoch: 24 |Total training time: 0h:1m:40s | Train Loss: 0.0835 | Train Balanced Accuracy: 97.1484 %
2024-04-13 21:17:30,667 - INFO - Epoch: 24 |Total validation time:0h:0m:42s | Validation Loss: 0.3019 | Validation Balanced Accuracy: 79.4672 % 
2024-04-13 21:17:30,667 - INFO - Epoch: 24 |Total testing time: 0h:0m:52s | Test Loss: 0.4166 | Test Balanced Accuracy: 82.1239 %
2024-04-13 21:17:31,798 - INFO - Saved checkpoint at epoch 24: /home/sur06423/hiwi/vit_exp/vision_tranformer_baseline/src/components/distraction_detection_d_a/grid_search_ddp/experiments_grid_search/GS_SGD_Lam_LI_end_LR_0_06/runs/checkpoints/checkpoint_GS_SGD_Lam_LI_end_LR_0_06_epoch_24.pth
2024-04-13 21:20:27,465 - INFO - This file contains logs for: GS_SGD_Lam_LI_end_LR_0_06
2024-04-13 21:20:27,465 - INFO - Epoch: 25 |Total training time: 0h:1m:29s | Train Loss: 0.0817 | Train Balanced Accuracy: 97.2534 %
2024-04-13 21:20:27,465 - INFO - Epoch: 25 |Total validation time:0h:0m:41s | Validation Loss: 0.2829 | Validation Balanced Accuracy: 80.9915 % 
2024-04-13 21:20:27,465 - INFO - Epoch: 25 |Total testing time: 0h:0m:44s | Test Loss: 0.3971 | Test Balanced Accuracy: 83.3395 %
2024-04-13 21:23:32,570 - INFO - This file contains logs for: GS_SGD_Lam_LI_end_LR_0_06
2024-04-13 21:23:32,571 - INFO - Epoch: 26 |Total training time: 0h:1m:37s | Train Loss: 0.0813 | Train Balanced Accuracy: 97.3213 %
2024-04-13 21:23:32,571 - INFO - Epoch: 26 |Total validation time:0h:0m:43s | Validation Loss: 0.2965 | Validation Balanced Accuracy: 79.7958 % 
2024-04-13 21:23:32,571 - INFO - Epoch: 26 |Total testing time: 0h:0m:44s | Test Loss: 0.4007 | Test Balanced Accuracy: 82.9590 %
2024-04-13 21:26:37,022 - INFO - This file contains logs for: GS_SGD_Lam_LI_end_LR_0_06
2024-04-13 21:26:37,023 - INFO - Epoch: 27 |Total training time: 0h:1m:37s | Train Loss: 0.0805 | Train Balanced Accuracy: 97.3408 %
2024-04-13 21:26:37,023 - INFO - Epoch: 27 |Total validation time:0h:0m:42s | Validation Loss: 0.3401 | Validation Balanced Accuracy: 77.9022 % 
2024-04-13 21:26:37,023 - INFO - Epoch: 27 |Total testing time: 0h:0m:44s | Test Loss: 0.4472 | Test Balanced Accuracy: 80.1780 %
2024-04-13 21:29:53,134 - INFO - This file contains logs for: GS_SGD_Lam_LI_end_LR_0_06
2024-04-13 21:29:53,135 - INFO - Epoch: 28 |Total training time: 0h:1m:36s | Train Loss: 0.0810 | Train Balanced Accuracy: 97.2115 %
2024-04-13 21:29:53,135 - INFO - Epoch: 28 |Total validation time:0h:0m:44s | Validation Loss: 0.2974 | Validation Balanced Accuracy: 79.8780 % 
2024-04-13 21:29:53,135 - INFO - Epoch: 28 |Total testing time: 0h:0m:54s | Test Loss: 0.4114 | Test Balanced Accuracy: 82.6024 %
2024-04-13 21:33:08,652 - INFO - This file contains logs for: GS_SGD_Lam_LI_end_LR_0_06
2024-04-13 21:33:08,652 - INFO - Epoch: 29 |Total training time: 0h:1m:37s | Train Loss: 0.0833 | Train Balanced Accuracy: 97.1719 %
2024-04-13 21:33:08,652 - INFO - Epoch: 29 |Total validation time:0h:0m:43s | Validation Loss: 0.2851 | Validation Balanced Accuracy: 81.5395 % 
2024-04-13 21:33:08,652 - INFO - Epoch: 29 |Total testing time: 0h:0m:53s | Test Loss: 0.4158 | Test Balanced Accuracy: 83.2751 %
2024-04-13 21:36:08,053 - INFO - This file contains logs for: GS_SGD_Lam_LI_end_LR_0_06
2024-04-13 21:36:08,054 - INFO - Epoch: 30 |Total training time: 0h:1m:38s | Train Loss: 0.0808 | Train Balanced Accuracy: 97.1351 %
2024-04-13 21:36:08,054 - INFO - Epoch: 30 |Total validation time:0h:0m:36s | Validation Loss: 0.2817 | Validation Balanced Accuracy: 82.6785 % 
2024-04-13 21:36:08,054 - INFO - Epoch: 30 |Total testing time: 0h:0m:45s | Test Loss: 0.4092 | Test Balanced Accuracy: 83.7240 %
2024-04-13 21:39:11,491 - INFO - This file contains logs for: GS_SGD_Lam_LI_end_LR_0_06
2024-04-13 21:39:11,492 - INFO - Epoch: 31 |Total training time: 0h:1m:35s | Train Loss: 0.0839 | Train Balanced Accuracy: 97.0269 %
2024-04-13 21:39:11,492 - INFO - Epoch: 31 |Total validation time:0h:0m:41s | Validation Loss: 0.3238 | Validation Balanced Accuracy: 78.5623 % 
2024-04-13 21:39:11,492 - INFO - Epoch: 31 |Total testing time: 0h:0m:46s | Test Loss: 0.4417 | Test Balanced Accuracy: 81.0682 %
2024-04-13 21:42:23,084 - INFO - This file contains logs for: GS_SGD_Lam_LI_end_LR_0_06
2024-04-13 21:42:23,085 - INFO - Epoch: 32 |Total training time: 0h:1m:34s | Train Loss: 0.0777 | Train Balanced Accuracy: 97.2511 %
2024-04-13 21:42:23,085 - INFO - Epoch: 32 |Total validation time:0h:0m:42s | Validation Loss: 0.3320 | Validation Balanced Accuracy: 78.4712 % 
2024-04-13 21:42:23,085 - INFO - Epoch: 32 |Total testing time: 0h:0m:54s | Test Loss: 0.4538 | Test Balanced Accuracy: 80.3713 %
2024-04-13 21:45:38,384 - INFO - This file contains logs for: GS_SGD_Lam_LI_end_LR_0_06
2024-04-13 21:45:38,384 - INFO - Epoch: 33 |Total training time: 0h:1m:37s | Train Loss: 0.0775 | Train Balanced Accuracy: 97.4047 %
2024-04-13 21:45:38,384 - INFO - Epoch: 33 |Total validation time:0h:0m:43s | Validation Loss: 0.3338 | Validation Balanced Accuracy: 78.2114 % 
2024-04-13 21:45:38,384 - INFO - Epoch: 33 |Total testing time: 0h:0m:54s | Test Loss: 0.4583 | Test Balanced Accuracy: 80.1449 %
2024-04-13 21:48:45,544 - INFO - This file contains logs for: GS_SGD_Lam_LI_end_LR_0_06
2024-04-13 21:48:45,545 - INFO - Epoch: 34 |Total training time: 0h:1m:38s | Train Loss: 0.0767 | Train Balanced Accuracy: 97.4269 %
2024-04-13 21:48:45,545 - INFO - Epoch: 34 |Total validation time:0h:0m:42s | Validation Loss: 0.3004 | Validation Balanced Accuracy: 80.1330 % 
2024-04-13 21:48:45,545 - INFO - Epoch: 34 |Total testing time: 0h:0m:46s | Test Loss: 0.4291 | Test Balanced Accuracy: 82.2744 %
2024-04-13 21:51:36,674 - INFO - This file contains logs for: GS_SGD_Lam_LI_end_LR_0_06
2024-04-13 21:51:36,674 - INFO - Epoch: 35 |Total training time: 0h:1m:30s | Train Loss: 0.0758 | Train Balanced Accuracy: 97.4213 %
2024-04-13 21:51:36,674 - INFO - Epoch: 35 |Total validation time:0h:0m:36s | Validation Loss: 0.3383 | Validation Balanced Accuracy: 77.6403 % 
2024-04-13 21:51:36,674 - INFO - Epoch: 35 |Total testing time: 0h:0m:43s | Test Loss: 0.4533 | Test Balanced Accuracy: 80.7866 %
2024-04-13 21:54:28,072 - INFO - This file contains logs for: GS_SGD_Lam_LI_end_LR_0_06
2024-04-13 21:54:28,073 - INFO - Epoch: 36 |Total training time: 0h:1m:31s | Train Loss: 0.0750 | Train Balanced Accuracy: 97.5174 %
2024-04-13 21:54:28,073 - INFO - Epoch: 36 |Total validation time:0h:0m:35s | Validation Loss: 0.3255 | Validation Balanced Accuracy: 78.6852 % 
2024-04-13 21:54:28,073 - INFO - Epoch: 36 |Total testing time: 0h:0m:44s | Test Loss: 0.4477 | Test Balanced Accuracy: 80.9384 %
2024-04-13 21:57:20,237 - INFO - This file contains logs for: GS_SGD_Lam_LI_end_LR_0_06
2024-04-13 21:57:20,238 - INFO - Epoch: 37 |Total training time: 0h:1m:31s | Train Loss: 0.0749 | Train Balanced Accuracy: 97.4465 %
2024-04-13 21:57:20,238 - INFO - Epoch: 37 |Total validation time:0h:0m:36s | Validation Loss: 0.3295 | Validation Balanced Accuracy: 78.3668 % 
2024-04-13 21:57:20,238 - INFO - Epoch: 37 |Total testing time: 0h:0m:44s | Test Loss: 0.4620 | Test Balanced Accuracy: 80.4338 %
2024-04-13 22:00:11,492 - INFO - This file contains logs for: GS_SGD_Lam_LI_end_LR_0_06
2024-04-13 22:00:11,493 - INFO - Epoch: 38 |Total training time: 0h:1m:30s | Train Loss: 0.0736 | Train Balanced Accuracy: 97.5535 %
2024-04-13 22:00:11,493 - INFO - Epoch: 38 |Total validation time:0h:0m:36s | Validation Loss: 0.3471 | Validation Balanced Accuracy: 77.1500 % 
2024-04-13 22:00:11,493 - INFO - Epoch: 38 |Total testing time: 0h:0m:45s | Test Loss: 0.4651 | Test Balanced Accuracy: 80.3120 %
2024-04-13 22:03:01,984 - INFO - This file contains logs for: GS_SGD_Lam_LI_end_LR_0_06
2024-04-13 22:03:01,984 - INFO - Epoch: 39 |Total training time: 0h:1m:30s | Train Loss: 0.0746 | Train Balanced Accuracy: 97.4917 %
2024-04-13 22:03:01,984 - INFO - Epoch: 39 |Total validation time:0h:0m:35s | Validation Loss: 0.3050 | Validation Balanced Accuracy: 79.7751 % 
2024-04-13 22:03:01,984 - INFO - Epoch: 39 |Total testing time: 0h:0m:44s | Test Loss: 0.4425 | Test Balanced Accuracy: 81.7865 %
2024-04-13 22:05:53,006 - INFO - This file contains logs for: GS_SGD_Lam_LI_end_LR_0_06
2024-04-13 22:05:53,007 - INFO - Epoch: 40 |Total training time: 0h:1m:30s | Train Loss: 0.0732 | Train Balanced Accuracy: 97.5770 %
2024-04-13 22:05:53,007 - INFO - Epoch: 40 |Total validation time:0h:0m:35s | Validation Loss: 0.2994 | Validation Balanced Accuracy: 80.2791 % 
2024-04-13 22:05:53,007 - INFO - Epoch: 40 |Total testing time: 0h:0m:44s | Test Loss: 0.4456 | Test Balanced Accuracy: 82.0096 %
2024-04-13 22:08:43,499 - INFO - This file contains logs for: GS_SGD_Lam_LI_end_LR_0_06
2024-04-13 22:08:43,499 - INFO - Epoch: 41 |Total training time: 0h:1m:30s | Train Loss: 0.0730 | Train Balanced Accuracy: 97.5778 %
2024-04-13 22:08:43,499 - INFO - Epoch: 41 |Total validation time:0h:0m:36s | Validation Loss: 0.3278 | Validation Balanced Accuracy: 78.5823 % 
2024-04-13 22:08:43,499 - INFO - Epoch: 41 |Total testing time: 0h:0m:44s | Test Loss: 0.4594 | Test Balanced Accuracy: 80.8389 %
2024-04-13 22:11:34,575 - INFO - This file contains logs for: GS_SGD_Lam_LI_end_LR_0_06
2024-04-13 22:11:34,576 - INFO - Epoch: 42 |Total training time: 0h:1m:31s | Train Loss: 0.0724 | Train Balanced Accuracy: 97.6347 %
2024-04-13 22:11:34,576 - INFO - Epoch: 42 |Total validation time:0h:0m:35s | Validation Loss: 0.3425 | Validation Balanced Accuracy: 77.7661 % 
2024-04-13 22:11:34,576 - INFO - Epoch: 42 |Total testing time: 0h:0m:43s | Test Loss: 0.4848 | Test Balanced Accuracy: 79.6374 %
2024-04-13 22:14:25,480 - INFO - This file contains logs for: GS_SGD_Lam_LI_end_LR_0_06
2024-04-13 22:14:25,481 - INFO - Epoch: 43 |Total training time: 0h:1m:29s | Train Loss: 0.0724 | Train Balanced Accuracy: 97.6013 %
2024-04-13 22:14:25,481 - INFO - Epoch: 43 |Total validation time:0h:0m:37s | Validation Loss: 0.3046 | Validation Balanced Accuracy: 79.7626 % 
2024-04-13 22:14:25,481 - INFO - Epoch: 43 |Total testing time: 0h:0m:44s | Test Loss: 0.4491 | Test Balanced Accuracy: 81.6329 %
2024-04-13 22:17:15,300 - INFO - This file contains logs for: GS_SGD_Lam_LI_end_LR_0_06
2024-04-13 22:17:15,301 - INFO - Epoch: 44 |Total training time: 0h:1m:30s | Train Loss: 0.0730 | Train Balanced Accuracy: 97.5410 %
2024-04-13 22:17:15,301 - INFO - Epoch: 44 |Total validation time:0h:0m:35s | Validation Loss: 0.3525 | Validation Balanced Accuracy: 76.9593 % 
2024-04-13 22:17:15,301 - INFO - Epoch: 44 |Total testing time: 0h:0m:44s | Test Loss: 0.4997 | Test Balanced Accuracy: 79.1729 %
2024-04-13 22:20:05,648 - INFO - This file contains logs for: GS_SGD_Lam_LI_end_LR_0_06
2024-04-13 22:20:05,649 - INFO - Epoch: 45 |Total training time: 0h:1m:31s | Train Loss: 0.0718 | Train Balanced Accuracy: 97.6181 %
2024-04-13 22:20:05,650 - INFO - Epoch: 45 |Total validation time:0h:0m:34s | Validation Loss: 0.3253 | Validation Balanced Accuracy: 78.6394 % 
2024-04-13 22:20:05,652 - INFO - Epoch: 45 |Total testing time: 0h:0m:44s | Test Loss: 0.4697 | Test Balanced Accuracy: 80.6251 %
2024-04-13 22:22:55,870 - INFO - This file contains logs for: GS_SGD_Lam_LI_end_LR_0_06
2024-04-13 22:22:55,870 - INFO - Epoch: 46 |Total training time: 0h:1m:31s | Train Loss: 0.0718 | Train Balanced Accuracy: 97.5548 %
2024-04-13 22:22:55,870 - INFO - Epoch: 46 |Total validation time:0h:0m:34s | Validation Loss: 0.3524 | Validation Balanced Accuracy: 76.8607 % 
2024-04-13 22:22:55,870 - INFO - Epoch: 46 |Total testing time: 0h:0m:44s | Test Loss: 0.5000 | Test Balanced Accuracy: 79.4071 %
2024-04-13 22:25:47,012 - INFO - This file contains logs for: GS_SGD_Lam_LI_end_LR_0_06
2024-04-13 22:25:47,013 - INFO - Epoch: 47 |Total training time: 0h:1m:31s | Train Loss: 0.0720 | Train Balanced Accuracy: 97.6611 %
2024-04-13 22:25:47,013 - INFO - Epoch: 47 |Total validation time:0h:0m:35s | Validation Loss: 0.3873 | Validation Balanced Accuracy: 74.0611 % 
2024-04-13 22:25:47,013 - INFO - Epoch: 47 |Total testing time: 0h:0m:44s | Test Loss: 0.5257 | Test Balanced Accuracy: 78.2178 %
2024-04-13 22:28:39,312 - INFO - This file contains logs for: GS_SGD_Lam_LI_end_LR_0_06
2024-04-13 22:28:39,329 - INFO - Epoch: 48 |Total training time: 0h:1m:31s | Train Loss: 0.0720 | Train Balanced Accuracy: 97.5632 %
2024-04-13 22:28:39,329 - INFO - Epoch: 48 |Total validation time:0h:0m:35s | Validation Loss: 0.3153 | Validation Balanced Accuracy: 79.3464 % 
2024-04-13 22:28:39,329 - INFO - Epoch: 48 |Total testing time: 0h:0m:44s | Test Loss: 0.4584 | Test Balanced Accuracy: 81.3762 %
2024-04-13 22:31:29,157 - INFO - This file contains logs for: GS_SGD_Lam_LI_end_LR_0_06
2024-04-13 22:31:29,157 - INFO - Epoch: 49 |Total training time: 0h:1m:31s | Train Loss: 0.0699 | Train Balanced Accuracy: 97.6534 %
2024-04-13 22:31:29,157 - INFO - Epoch: 49 |Total validation time:0h:0m:34s | Validation Loss: 0.3305 | Validation Balanced Accuracy: 78.5063 % 
2024-04-13 22:31:29,157 - INFO - Epoch: 49 |Total testing time: 0h:0m:43s | Test Loss: 0.4761 | Test Balanced Accuracy: 80.6620 %
2024-04-13 22:31:35,993 - INFO - Saved checkpoint at epoch 49: /home/sur06423/hiwi/vit_exp/vision_tranformer_baseline/src/components/distraction_detection_d_a/grid_search_ddp/experiments_grid_search/GS_SGD_Lam_LI_end_LR_0_06/runs/checkpoints/checkpoint_GS_SGD_Lam_LI_end_LR_0_06_epoch_49.pth
2024-04-13 22:34:26,952 - INFO - This file contains logs for: GS_SGD_Lam_LI_end_LR_0_06
2024-04-13 22:34:26,952 - INFO - Epoch: 50 |Total training time: 0h:1m:30s | Train Loss: 0.0696 | Train Balanced Accuracy: 97.6904 %
2024-04-13 22:34:26,952 - INFO - Epoch: 50 |Total validation time:0h:0m:35s | Validation Loss: 0.3456 | Validation Balanced Accuracy: 77.2751 % 
2024-04-13 22:34:26,952 - INFO - Epoch: 50 |Total testing time: 0h:0m:44s | Test Loss: 0.4918 | Test Balanced Accuracy: 79.9388 %
2024-04-13 22:37:19,813 - INFO - This file contains logs for: GS_SGD_Lam_LI_end_LR_0_06
2024-04-13 22:37:19,813 - INFO - Epoch: 51 |Total training time: 0h:1m:31s | Train Loss: 0.0696 | Train Balanced Accuracy: 97.7097 %
2024-04-13 22:37:19,814 - INFO - Epoch: 51 |Total validation time:0h:0m:36s | Validation Loss: 0.3014 | Validation Balanced Accuracy: 80.5260 % 
2024-04-13 22:37:19,814 - INFO - Epoch: 51 |Total testing time: 0h:0m:45s | Test Loss: 0.4563 | Test Balanced Accuracy: 82.1014 %
2024-04-13 22:40:11,949 - INFO - This file contains logs for: GS_SGD_Lam_LI_end_LR_0_06
2024-04-13 22:40:11,950 - INFO - Epoch: 52 |Total training time: 0h:1m:31s | Train Loss: 0.0695 | Train Balanced Accuracy: 97.7334 %
2024-04-13 22:40:11,950 - INFO - Epoch: 52 |Total validation time:0h:0m:36s | Validation Loss: 0.3168 | Validation Balanced Accuracy: 79.4767 % 
2024-04-13 22:40:11,950 - INFO - Epoch: 52 |Total testing time: 0h:0m:44s | Test Loss: 0.4714 | Test Balanced Accuracy: 81.2161 %
2024-04-13 22:43:05,619 - INFO - This file contains logs for: GS_SGD_Lam_LI_end_LR_0_06
2024-04-13 22:43:05,620 - INFO - Epoch: 53 |Total training time: 0h:1m:31s | Train Loss: 0.0698 | Train Balanced Accuracy: 97.6555 %
2024-04-13 22:43:05,620 - INFO - Epoch: 53 |Total validation time:0h:0m:37s | Validation Loss: 0.3325 | Validation Balanced Accuracy: 78.2816 % 
2024-04-13 22:43:05,622 - INFO - Epoch: 53 |Total testing time: 0h:0m:44s | Test Loss: 0.4776 | Test Balanced Accuracy: 80.7062 %
2024-04-13 22:45:59,349 - INFO - This file contains logs for: GS_SGD_Lam_LI_end_LR_0_06
2024-04-13 22:45:59,349 - INFO - Epoch: 54 |Total training time: 0h:1m:32s | Train Loss: 0.0719 | Train Balanced Accuracy: 97.5019 %
2024-04-13 22:45:59,349 - INFO - Epoch: 54 |Total validation time:0h:0m:36s | Validation Loss: 0.3308 | Validation Balanced Accuracy: 78.0333 % 
2024-04-13 22:45:59,349 - INFO - Epoch: 54 |Total testing time: 0h:0m:44s | Test Loss: 0.4767 | Test Balanced Accuracy: 81.0143 %
2024-04-13 22:48:50,880 - INFO - This file contains logs for: GS_SGD_Lam_LI_end_LR_0_06
2024-04-13 22:48:50,881 - INFO - Epoch: 55 |Total training time: 0h:1m:31s | Train Loss: 0.0712 | Train Balanced Accuracy: 97.6048 %
2024-04-13 22:48:50,881 - INFO - Epoch: 55 |Total validation time:0h:0m:35s | Validation Loss: 0.3167 | Validation Balanced Accuracy: 79.4932 % 
2024-04-13 22:48:50,881 - INFO - Epoch: 55 |Total testing time: 0h:0m:45s | Test Loss: 0.4674 | Test Balanced Accuracy: 81.6899 %
2024-04-13 22:51:43,329 - INFO - This file contains logs for: GS_SGD_Lam_LI_end_LR_0_06
2024-04-13 22:51:43,330 - INFO - Epoch: 56 |Total training time: 0h:1m:31s | Train Loss: 0.0680 | Train Balanced Accuracy: 97.7208 %
2024-04-13 22:51:43,330 - INFO - Epoch: 56 |Total validation time:0h:0m:35s | Validation Loss: 0.3513 | Validation Balanced Accuracy: 76.9670 % 
2024-04-13 22:51:43,330 - INFO - Epoch: 56 |Total testing time: 0h:0m:44s | Test Loss: 0.5042 | Test Balanced Accuracy: 79.5095 %
2024-04-13 22:54:36,008 - INFO - This file contains logs for: GS_SGD_Lam_LI_end_LR_0_06
2024-04-13 22:54:36,009 - INFO - Epoch: 57 |Total training time: 0h:1m:31s | Train Loss: 0.0691 | Train Balanced Accuracy: 97.5938 %
2024-04-13 22:54:36,009 - INFO - Epoch: 57 |Total validation time:0h:0m:36s | Validation Loss: 0.3508 | Validation Balanced Accuracy: 77.0190 % 
2024-04-13 22:54:36,009 - INFO - Epoch: 57 |Total testing time: 0h:0m:45s | Test Loss: 0.5030 | Test Balanced Accuracy: 79.6294 %
2024-04-13 22:57:32,878 - INFO - This file contains logs for: GS_SGD_Lam_LI_end_LR_0_06
2024-04-13 22:57:32,879 - INFO - Epoch: 58 |Total training time: 0h:1m:31s | Train Loss: 0.0682 | Train Balanced Accuracy: 97.6911 %
2024-04-13 22:57:32,879 - INFO - Epoch: 58 |Total validation time:0h:0m:41s | Validation Loss: 0.3513 | Validation Balanced Accuracy: 76.9961 % 
2024-04-13 22:57:32,880 - INFO - Epoch: 58 |Total testing time: 0h:0m:44s | Test Loss: 0.4980 | Test Balanced Accuracy: 79.8071 %
2024-04-13 23:00:28,650 - INFO - This file contains logs for: GS_SGD_Lam_LI_end_LR_0_06
2024-04-13 23:00:28,651 - INFO - Epoch: 59 |Total training time: 0h:1m:34s | Train Loss: 0.0674 | Train Balanced Accuracy: 97.7661 %
2024-04-13 23:00:28,651 - INFO - Epoch: 59 |Total validation time:0h:0m:36s | Validation Loss: 0.3449 | Validation Balanced Accuracy: 77.5156 % 
2024-04-13 23:00:28,651 - INFO - Epoch: 59 |Total testing time: 0h:0m:45s | Test Loss: 0.5066 | Test Balanced Accuracy: 79.9305 %
2024-04-13 23:03:20,372 - INFO - This file contains logs for: GS_SGD_Lam_LI_end_LR_0_06
2024-04-13 23:03:20,373 - INFO - Epoch: 60 |Total training time: 0h:1m:32s | Train Loss: 0.0688 | Train Balanced Accuracy: 97.7507 %
2024-04-13 23:03:20,373 - INFO - Epoch: 60 |Total validation time:0h:0m:34s | Validation Loss: 0.3777 | Validation Balanced Accuracy: 75.2300 % 
2024-04-13 23:03:20,373 - INFO - Epoch: 60 |Total testing time: 0h:0m:44s | Test Loss: 0.5309 | Test Balanced Accuracy: 78.8442 %
2024-04-13 23:06:12,383 - INFO - This file contains logs for: GS_SGD_Lam_LI_end_LR_0_06
2024-04-13 23:06:12,384 - INFO - Epoch: 61 |Total training time: 0h:1m:31s | Train Loss: 0.0687 | Train Balanced Accuracy: 97.6854 %
2024-04-13 23:06:12,384 - INFO - Epoch: 61 |Total validation time:0h:0m:36s | Validation Loss: 0.3301 | Validation Balanced Accuracy: 78.0986 % 
2024-04-13 23:06:12,384 - INFO - Epoch: 61 |Total testing time: 0h:0m:44s | Test Loss: 0.4882 | Test Balanced Accuracy: 80.6898 %
2024-04-13 23:09:05,348 - INFO - This file contains logs for: GS_SGD_Lam_LI_end_LR_0_06
2024-04-13 23:09:05,348 - INFO - Epoch: 62 |Total training time: 0h:1m:32s | Train Loss: 0.0673 | Train Balanced Accuracy: 97.7417 %
2024-04-13 23:09:05,349 - INFO - Epoch: 62 |Total validation time:0h:0m:36s | Validation Loss: 0.3296 | Validation Balanced Accuracy: 78.3764 % 
2024-04-13 23:09:05,349 - INFO - Epoch: 62 |Total testing time: 0h:0m:44s | Test Loss: 0.5032 | Test Balanced Accuracy: 80.3864 %
2024-04-13 23:11:58,766 - INFO - This file contains logs for: GS_SGD_Lam_LI_end_LR_0_06
2024-04-13 23:11:58,767 - INFO - Epoch: 63 |Total training time: 0h:1m:32s | Train Loss: 0.0706 | Train Balanced Accuracy: 97.6647 %
2024-04-13 23:11:58,767 - INFO - Epoch: 63 |Total validation time:0h:0m:35s | Validation Loss: 0.3762 | Validation Balanced Accuracy: 75.3694 % 
2024-04-13 23:11:58,768 - INFO - Epoch: 63 |Total testing time: 0h:0m:45s | Test Loss: 0.5320 | Test Balanced Accuracy: 78.9488 %
2024-04-13 23:14:53,094 - INFO - This file contains logs for: GS_SGD_Lam_LI_end_LR_0_06
2024-04-13 23:14:53,095 - INFO - Epoch: 64 |Total training time: 0h:1m:31s | Train Loss: 0.0685 | Train Balanced Accuracy: 97.7613 %
2024-04-13 23:14:53,095 - INFO - Epoch: 64 |Total validation time:0h:0m:37s | Validation Loss: 0.3486 | Validation Balanced Accuracy: 77.0201 % 
2024-04-13 23:14:53,095 - INFO - Epoch: 64 |Total testing time: 0h:0m:44s | Test Loss: 0.5066 | Test Balanced Accuracy: 80.0548 %
2024-04-13 23:17:45,551 - INFO - This file contains logs for: GS_SGD_Lam_LI_end_LR_0_06
2024-04-13 23:17:45,552 - INFO - Epoch: 65 |Total training time: 0h:1m:31s | Train Loss: 0.0684 | Train Balanced Accuracy: 97.6584 %
2024-04-13 23:17:45,552 - INFO - Epoch: 65 |Total validation time:0h:0m:35s | Validation Loss: 0.3103 | Validation Balanced Accuracy: 80.1627 % 
2024-04-13 23:17:45,552 - INFO - Epoch: 65 |Total testing time: 0h:0m:45s | Test Loss: 0.4792 | Test Balanced Accuracy: 81.6624 %
2024-04-13 23:20:38,277 - INFO - This file contains logs for: GS_SGD_Lam_LI_end_LR_0_06
2024-04-13 23:20:38,277 - INFO - Epoch: 66 |Total training time: 0h:1m:32s | Train Loss: 0.0681 | Train Balanced Accuracy: 97.6619 %
2024-04-13 23:20:38,278 - INFO - Epoch: 66 |Total validation time:0h:0m:36s | Validation Loss: 0.3315 | Validation Balanced Accuracy: 78.1174 % 
2024-04-13 23:20:38,278 - INFO - Epoch: 66 |Total testing time: 0h:0m:44s | Test Loss: 0.5038 | Test Balanced Accuracy: 80.3305 %
2024-04-13 23:23:31,003 - INFO - This file contains logs for: GS_SGD_Lam_LI_end_LR_0_06
2024-04-13 23:23:31,004 - INFO - Epoch: 67 |Total training time: 0h:1m:31s | Train Loss: 0.0654 | Train Balanced Accuracy: 97.8160 %
2024-04-13 23:23:31,005 - INFO - Epoch: 67 |Total validation time:0h:0m:36s | Validation Loss: 0.3551 | Validation Balanced Accuracy: 76.6892 % 
2024-04-13 23:23:31,005 - INFO - Epoch: 67 |Total testing time: 0h:0m:44s | Test Loss: 0.5145 | Test Balanced Accuracy: 79.6329 %
2024-04-13 23:26:24,263 - INFO - This file contains logs for: GS_SGD_Lam_LI_end_LR_0_06
2024-04-13 23:26:24,264 - INFO - Epoch: 68 |Total training time: 0h:1m:32s | Train Loss: 0.0654 | Train Balanced Accuracy: 97.8217 %
2024-04-13 23:26:24,264 - INFO - Epoch: 68 |Total validation time:0h:0m:35s | Validation Loss: 0.3442 | Validation Balanced Accuracy: 77.3544 % 
2024-04-13 23:26:24,265 - INFO - Epoch: 68 |Total testing time: 0h:0m:45s | Test Loss: 0.5094 | Test Balanced Accuracy: 80.1515 %
2024-04-13 23:29:15,932 - INFO - This file contains logs for: GS_SGD_Lam_LI_end_LR_0_06
2024-04-13 23:29:15,932 - INFO - Epoch: 69 |Total training time: 0h:1m:31s | Train Loss: 0.0656 | Train Balanced Accuracy: 97.8530 %
2024-04-13 23:29:15,932 - INFO - Epoch: 69 |Total validation time:0h:0m:36s | Validation Loss: 0.3725 | Validation Balanced Accuracy: 75.7192 % 
2024-04-13 23:29:15,933 - INFO - Epoch: 69 |Total testing time: 0h:0m:43s | Test Loss: 0.5322 | Test Balanced Accuracy: 79.1417 %
2024-04-13 23:32:09,912 - INFO - This file contains logs for: GS_SGD_Lam_LI_end_LR_0_06
2024-04-13 23:32:09,912 - INFO - Epoch: 70 |Total training time: 0h:1m:33s | Train Loss: 0.0652 | Train Balanced Accuracy: 97.8251 %
2024-04-13 23:32:09,913 - INFO - Epoch: 70 |Total validation time:0h:0m:35s | Validation Loss: 0.3244 | Validation Balanced Accuracy: 78.4558 % 
2024-04-13 23:32:09,913 - INFO - Epoch: 70 |Total testing time: 0h:0m:44s | Test Loss: 0.4897 | Test Balanced Accuracy: 80.9035 %
2024-04-13 23:35:01,521 - INFO - This file contains logs for: GS_SGD_Lam_LI_end_LR_0_06
2024-04-13 23:35:01,522 - INFO - Epoch: 71 |Total training time: 0h:1m:31s | Train Loss: 0.0652 | Train Balanced Accuracy: 97.8244 %
2024-04-13 23:35:01,522 - INFO - Epoch: 71 |Total validation time:0h:0m:35s | Validation Loss: 0.3558 | Validation Balanced Accuracy: 76.6206 % 
2024-04-13 23:35:01,522 - INFO - Epoch: 71 |Total testing time: 0h:0m:44s | Test Loss: 0.5236 | Test Balanced Accuracy: 79.5412 %
2024-04-13 23:37:53,655 - INFO - This file contains logs for: GS_SGD_Lam_LI_end_LR_0_06
2024-04-13 23:37:53,655 - INFO - Epoch: 72 |Total training time: 0h:1m:31s | Train Loss: 0.0648 | Train Balanced Accuracy: 97.8544 %
2024-04-13 23:37:53,656 - INFO - Epoch: 72 |Total validation time:0h:0m:36s | Validation Loss: 0.3587 | Validation Balanced Accuracy: 76.6309 % 
2024-04-13 23:37:53,656 - INFO - Epoch: 72 |Total testing time: 0h:0m:44s | Test Loss: 0.5245 | Test Balanced Accuracy: 79.5753 %
2024-04-13 23:40:46,017 - INFO - This file contains logs for: GS_SGD_Lam_LI_end_LR_0_06
2024-04-13 23:40:46,017 - INFO - Epoch: 73 |Total training time: 0h:1m:31s | Train Loss: 0.0643 | Train Balanced Accuracy: 97.8945 %
2024-04-13 23:40:46,017 - INFO - Epoch: 73 |Total validation time:0h:0m:36s | Validation Loss: 0.3326 | Validation Balanced Accuracy: 77.8857 % 
2024-04-13 23:40:46,017 - INFO - Epoch: 73 |Total testing time: 0h:0m:44s | Test Loss: 0.5032 | Test Balanced Accuracy: 80.7973 %
2024-04-13 23:43:38,657 - INFO - This file contains logs for: GS_SGD_Lam_LI_end_LR_0_06
2024-04-13 23:43:38,657 - INFO - Epoch: 74 |Total training time: 0h:1m:31s | Train Loss: 0.0644 | Train Balanced Accuracy: 97.8926 %
2024-04-13 23:43:38,657 - INFO - Epoch: 74 |Total validation time:0h:0m:36s | Validation Loss: 0.3345 | Validation Balanced Accuracy: 77.8603 % 
2024-04-13 23:43:38,658 - INFO - Epoch: 74 |Total testing time: 0h:0m:44s | Test Loss: 0.5081 | Test Balanced Accuracy: 80.3498 %
2024-04-13 23:43:41,019 - INFO - Saved checkpoint at epoch 74: /home/sur06423/hiwi/vit_exp/vision_tranformer_baseline/src/components/distraction_detection_d_a/grid_search_ddp/experiments_grid_search/GS_SGD_Lam_LI_end_LR_0_06/runs/checkpoints/checkpoint_GS_SGD_Lam_LI_end_LR_0_06_epoch_74.pth
2024-04-13 23:46:32,978 - INFO - This file contains logs for: GS_SGD_Lam_LI_end_LR_0_06
2024-04-13 23:46:32,979 - INFO - Epoch: 75 |Total training time: 0h:1m:31s | Train Loss: 0.0639 | Train Balanced Accuracy: 97.8751 %
2024-04-13 23:46:32,979 - INFO - Epoch: 75 |Total validation time:0h:0m:36s | Validation Loss: 0.3453 | Validation Balanced Accuracy: 77.3847 % 
2024-04-13 23:46:32,979 - INFO - Epoch: 75 |Total testing time: 0h:0m:44s | Test Loss: 0.5221 | Test Balanced Accuracy: 79.6086 %
2024-04-13 23:49:26,029 - INFO - This file contains logs for: GS_SGD_Lam_LI_end_LR_0_06
2024-04-13 23:49:26,030 - INFO - Epoch: 76 |Total training time: 0h:1m:32s | Train Loss: 0.0645 | Train Balanced Accuracy: 97.8426 %
2024-04-13 23:49:26,030 - INFO - Epoch: 76 |Total validation time:0h:0m:36s | Validation Loss: 0.3234 | Validation Balanced Accuracy: 78.7140 % 
2024-04-13 23:49:26,030 - INFO - Epoch: 76 |Total testing time: 0h:0m:44s | Test Loss: 0.5034 | Test Balanced Accuracy: 80.7745 %
2024-04-13 23:52:16,922 - INFO - This file contains logs for: GS_SGD_Lam_LI_end_LR_0_06
2024-04-13 23:52:16,922 - INFO - Epoch: 77 |Total training time: 0h:1m:30s | Train Loss: 0.0648 | Train Balanced Accuracy: 97.8675 %
2024-04-13 23:52:16,922 - INFO - Epoch: 77 |Total validation time:0h:0m:35s | Validation Loss: 0.3656 | Validation Balanced Accuracy: 75.8129 % 
2024-04-13 23:52:16,922 - INFO - Epoch: 77 |Total testing time: 0h:0m:44s | Test Loss: 0.5258 | Test Balanced Accuracy: 79.6244 %
2024-04-13 23:55:13,550 - INFO - This file contains logs for: GS_SGD_Lam_LI_end_LR_0_06
2024-04-13 23:55:13,551 - INFO - Epoch: 78 |Total training time: 0h:1m:31s | Train Loss: 0.0647 | Train Balanced Accuracy: 97.8188 %
2024-04-13 23:55:13,551 - INFO - Epoch: 78 |Total validation time:0h:0m:35s | Validation Loss: 0.3238 | Validation Balanced Accuracy: 78.7901 % 
2024-04-13 23:55:13,551 - INFO - Epoch: 78 |Total testing time: 0h:0m:49s | Test Loss: 0.5099 | Test Balanced Accuracy: 80.8284 %
2024-04-13 23:58:10,980 - INFO - This file contains logs for: GS_SGD_Lam_LI_end_LR_0_06
2024-04-13 23:58:10,981 - INFO - Epoch: 79 |Total training time: 0h:1m:31s | Train Loss: 0.0639 | Train Balanced Accuracy: 97.9134 %
2024-04-13 23:58:10,981 - INFO - Epoch: 79 |Total validation time:0h:0m:36s | Validation Loss: 0.3362 | Validation Balanced Accuracy: 77.8784 % 
2024-04-13 23:58:10,981 - INFO - Epoch: 79 |Total testing time: 0h:0m:49s | Test Loss: 0.5006 | Test Balanced Accuracy: 80.7332 %
2024-04-14 00:01:18,452 - INFO - This file contains logs for: GS_SGD_Lam_LI_end_LR_0_06
2024-04-14 00:01:18,453 - INFO - Epoch: 80 |Total training time: 0h:1m:35s | Train Loss: 0.0639 | Train Balanced Accuracy: 97.8577 %
2024-04-14 00:01:18,453 - INFO - Epoch: 80 |Total validation time:0h:0m:40s | Validation Loss: 0.3178 | Validation Balanced Accuracy: 79.3136 % 
2024-04-14 00:01:18,453 - INFO - Epoch: 80 |Total testing time: 0h:0m:51s | Test Loss: 0.5069 | Test Balanced Accuracy: 80.8959 %
2024-04-14 00:04:28,182 - INFO - This file contains logs for: GS_SGD_Lam_LI_end_LR_0_06
2024-04-14 00:04:28,182 - INFO - Epoch: 81 |Total training time: 0h:1m:36s | Train Loss: 0.0634 | Train Balanced Accuracy: 97.9522 %
2024-04-14 00:04:28,182 - INFO - Epoch: 81 |Total validation time:0h:0m:41s | Validation Loss: 0.3634 | Validation Balanced Accuracy: 76.1262 % 
2024-04-14 00:04:28,183 - INFO - Epoch: 81 |Total testing time: 0h:0m:51s | Test Loss: 0.5319 | Test Balanced Accuracy: 79.5392 %
2024-04-14 00:07:32,025 - INFO - This file contains logs for: GS_SGD_Lam_LI_end_LR_0_06
2024-04-14 00:07:32,025 - INFO - Epoch: 82 |Total training time: 0h:1m:36s | Train Loss: 0.0630 | Train Balanced Accuracy: 97.9703 %
2024-04-14 00:07:32,026 - INFO - Epoch: 82 |Total validation time:0h:0m:40s | Validation Loss: 0.3361 | Validation Balanced Accuracy: 77.6898 % 
2024-04-14 00:07:32,026 - INFO - Epoch: 82 |Total testing time: 0h:0m:47s | Test Loss: 0.5097 | Test Balanced Accuracy: 80.7738 %
2024-04-14 00:10:35,709 - INFO - This file contains logs for: GS_SGD_Lam_LI_end_LR_0_06
2024-04-14 00:10:35,709 - INFO - Epoch: 83 |Total training time: 0h:1m:35s | Train Loss: 0.0630 | Train Balanced Accuracy: 97.9440 %
2024-04-14 00:10:35,709 - INFO - Epoch: 83 |Total validation time:0h:0m:40s | Validation Loss: 0.3408 | Validation Balanced Accuracy: 77.4869 % 
2024-04-14 00:10:35,709 - INFO - Epoch: 83 |Total testing time: 0h:0m:48s | Test Loss: 0.5094 | Test Balanced Accuracy: 80.7083 %
2024-04-14 00:13:37,159 - INFO - This file contains logs for: GS_SGD_Lam_LI_end_LR_0_06
2024-04-14 00:13:37,159 - INFO - Epoch: 84 |Total training time: 0h:1m:33s | Train Loss: 0.0637 | Train Balanced Accuracy: 97.9385 %
2024-04-14 00:13:37,160 - INFO - Epoch: 84 |Total validation time:0h:0m:38s | Validation Loss: 0.3342 | Validation Balanced Accuracy: 77.9481 % 
2024-04-14 00:13:37,160 - INFO - Epoch: 84 |Total testing time: 0h:0m:49s | Test Loss: 0.5102 | Test Balanced Accuracy: 80.7186 %
2024-04-14 00:16:42,038 - INFO - This file contains logs for: GS_SGD_Lam_LI_end_LR_0_06
2024-04-14 00:16:42,039 - INFO - Epoch: 85 |Total training time: 0h:1m:35s | Train Loss: 0.0647 | Train Balanced Accuracy: 97.8626 %
2024-04-14 00:16:42,039 - INFO - Epoch: 85 |Total validation time:0h:0m:40s | Validation Loss: 0.3684 | Validation Balanced Accuracy: 76.0158 % 
2024-04-14 00:16:42,039 - INFO - Epoch: 85 |Total testing time: 0h:0m:48s | Test Loss: 0.5413 | Test Balanced Accuracy: 79.3318 %
2024-04-14 00:19:46,054 - INFO - This file contains logs for: GS_SGD_Lam_LI_end_LR_0_06
2024-04-14 00:19:46,055 - INFO - Epoch: 86 |Total training time: 0h:1m:34s | Train Loss: 0.0635 | Train Balanced Accuracy: 97.9168 %
2024-04-14 00:19:46,055 - INFO - Epoch: 86 |Total validation time:0h:0m:39s | Validation Loss: 0.3623 | Validation Balanced Accuracy: 76.2210 % 
2024-04-14 00:19:46,055 - INFO - Epoch: 86 |Total testing time: 0h:0m:49s | Test Loss: 0.5359 | Test Balanced Accuracy: 79.6324 %
2024-04-14 00:22:55,475 - INFO - This file contains logs for: GS_SGD_Lam_LI_end_LR_0_06
2024-04-14 00:22:55,476 - INFO - Epoch: 87 |Total training time: 0h:1m:35s | Train Loss: 0.0629 | Train Balanced Accuracy: 97.9425 %
2024-04-14 00:22:55,476 - INFO - Epoch: 87 |Total validation time:0h:0m:40s | Validation Loss: 0.3743 | Validation Balanced Accuracy: 75.5225 % 
2024-04-14 00:22:55,476 - INFO - Epoch: 87 |Total testing time: 0h:0m:52s | Test Loss: 0.5442 | Test Balanced Accuracy: 79.3998 %
2024-04-14 00:25:55,720 - INFO - This file contains logs for: GS_SGD_Lam_LI_end_LR_0_06
2024-04-14 00:25:55,721 - INFO - Epoch: 88 |Total training time: 0h:1m:35s | Train Loss: 0.0628 | Train Balanced Accuracy: 97.9272 %
2024-04-14 00:25:55,721 - INFO - Epoch: 88 |Total validation time:0h:0m:39s | Validation Loss: 0.3595 | Validation Balanced Accuracy: 76.2764 % 
2024-04-14 00:25:55,721 - INFO - Epoch: 88 |Total testing time: 0h:0m:45s | Test Loss: 0.5360 | Test Balanced Accuracy: 79.7019 %
2024-04-14 00:28:48,216 - INFO - This file contains logs for: GS_SGD_Lam_LI_end_LR_0_06
2024-04-14 00:28:48,217 - INFO - Epoch: 89 |Total training time: 0h:1m:32s | Train Loss: 0.0623 | Train Balanced Accuracy: 97.9842 %
2024-04-14 00:28:48,217 - INFO - Epoch: 89 |Total validation time:0h:0m:35s | Validation Loss: 0.3516 | Validation Balanced Accuracy: 76.8279 % 
2024-04-14 00:28:48,217 - INFO - Epoch: 89 |Total testing time: 0h:0m:45s | Test Loss: 0.5222 | Test Balanced Accuracy: 80.4224 %
2024-04-14 00:31:42,370 - INFO - This file contains logs for: GS_SGD_Lam_LI_end_LR_0_06
2024-04-14 00:31:42,370 - INFO - Epoch: 90 |Total training time: 0h:1m:32s | Train Loss: 0.0622 | Train Balanced Accuracy: 97.9392 %
2024-04-14 00:31:42,370 - INFO - Epoch: 90 |Total validation time:0h:0m:37s | Validation Loss: 0.3421 | Validation Balanced Accuracy: 77.5098 % 
2024-04-14 00:31:42,371 - INFO - Epoch: 90 |Total testing time: 0h:0m:44s | Test Loss: 0.5243 | Test Balanced Accuracy: 80.4667 %
2024-04-14 00:34:34,813 - INFO - This file contains logs for: GS_SGD_Lam_LI_end_LR_0_06
2024-04-14 00:34:34,813 - INFO - Epoch: 91 |Total training time: 0h:1m:32s | Train Loss: 0.0625 | Train Balanced Accuracy: 97.9482 %
2024-04-14 00:34:34,814 - INFO - Epoch: 91 |Total validation time:0h:0m:35s | Validation Loss: 0.4041 | Validation Balanced Accuracy: 73.9604 % 
2024-04-14 00:34:34,814 - INFO - Epoch: 91 |Total testing time: 0h:0m:44s | Test Loss: 0.5808 | Test Balanced Accuracy: 78.2893 %
2024-04-14 00:37:27,083 - INFO - This file contains logs for: GS_SGD_Lam_LI_end_LR_0_06
2024-04-14 00:37:27,084 - INFO - Epoch: 92 |Total training time: 0h:1m:31s | Train Loss: 0.0636 | Train Balanced Accuracy: 97.8044 %
2024-04-14 00:37:27,084 - INFO - Epoch: 92 |Total validation time:0h:0m:36s | Validation Loss: 0.3345 | Validation Balanced Accuracy: 78.0064 % 
2024-04-14 00:37:27,084 - INFO - Epoch: 92 |Total testing time: 0h:0m:44s | Test Loss: 0.5191 | Test Balanced Accuracy: 80.6311 %
2024-04-14 00:40:19,450 - INFO - This file contains logs for: GS_SGD_Lam_LI_end_LR_0_06
2024-04-14 00:40:19,450 - INFO - Epoch: 93 |Total training time: 0h:1m:31s | Train Loss: 0.0637 | Train Balanced Accuracy: 97.8084 %
2024-04-14 00:40:19,450 - INFO - Epoch: 93 |Total validation time:0h:0m:35s | Validation Loss: 0.3625 | Validation Balanced Accuracy: 76.1764 % 
2024-04-14 00:40:19,450 - INFO - Epoch: 93 |Total testing time: 0h:0m:44s | Test Loss: 0.5433 | Test Balanced Accuracy: 79.6572 %
2024-04-14 00:43:10,905 - INFO - This file contains logs for: GS_SGD_Lam_LI_end_LR_0_06
2024-04-14 00:43:10,906 - INFO - Epoch: 94 |Total training time: 0h:1m:31s | Train Loss: 0.0611 | Train Balanced Accuracy: 97.9718 %
2024-04-14 00:43:10,906 - INFO - Epoch: 94 |Total validation time:0h:0m:35s | Validation Loss: 0.4005 | Validation Balanced Accuracy: 74.3165 % 
2024-04-14 00:43:10,906 - INFO - Epoch: 94 |Total testing time: 0h:0m:44s | Test Loss: 0.5674 | Test Balanced Accuracy: 78.8580 %
2024-04-14 00:46:03,678 - INFO - This file contains logs for: GS_SGD_Lam_LI_end_LR_0_06
2024-04-14 00:46:03,679 - INFO - Epoch: 95 |Total training time: 0h:1m:31s | Train Loss: 0.0615 | Train Balanced Accuracy: 97.9593 %
2024-04-14 00:46:03,679 - INFO - Epoch: 95 |Total validation time:0h:0m:36s | Validation Loss: 0.3651 | Validation Balanced Accuracy: 75.9026 % 
2024-04-14 00:46:03,681 - INFO - Epoch: 95 |Total testing time: 0h:0m:44s | Test Loss: 0.5439 | Test Balanced Accuracy: 79.7299 %
2024-04-14 00:48:55,885 - INFO - This file contains logs for: GS_SGD_Lam_LI_end_LR_0_06
2024-04-14 00:48:55,886 - INFO - Epoch: 96 |Total training time: 0h:1m:31s | Train Loss: 0.0613 | Train Balanced Accuracy: 97.9758 %
2024-04-14 00:48:55,886 - INFO - Epoch: 96 |Total validation time:0h:0m:35s | Validation Loss: 0.3483 | Validation Balanced Accuracy: 77.0394 % 
2024-04-14 00:48:55,886 - INFO - Epoch: 96 |Total testing time: 0h:0m:44s | Test Loss: 0.5323 | Test Balanced Accuracy: 80.3178 %
2024-04-14 00:51:48,659 - INFO - This file contains logs for: GS_SGD_Lam_LI_end_LR_0_06
2024-04-14 00:51:48,659 - INFO - Epoch: 97 |Total training time: 0h:1m:31s | Train Loss: 0.0608 | Train Balanced Accuracy: 97.9800 %
2024-04-14 00:51:48,660 - INFO - Epoch: 97 |Total validation time:0h:0m:36s | Validation Loss: 0.3632 | Validation Balanced Accuracy: 75.9900 % 
2024-04-14 00:51:48,660 - INFO - Epoch: 97 |Total testing time: 0h:0m:44s | Test Loss: 0.5410 | Test Balanced Accuracy: 79.8437 %
2024-04-14 00:54:40,972 - INFO - This file contains logs for: GS_SGD_Lam_LI_end_LR_0_06
2024-04-14 00:54:40,973 - INFO - Epoch: 98 |Total training time: 0h:1m:31s | Train Loss: 0.0611 | Train Balanced Accuracy: 98.0147 %
2024-04-14 00:54:40,973 - INFO - Epoch: 98 |Total validation time:0h:0m:36s | Validation Loss: 0.3490 | Validation Balanced Accuracy: 76.8136 % 
2024-04-14 00:54:40,973 - INFO - Epoch: 98 |Total testing time: 0h:0m:45s | Test Loss: 0.5298 | Test Balanced Accuracy: 80.4323 %
2024-04-14 00:57:23,599 - INFO - This file contains logs for: GS_SGD_Lam_LI_end_LR_0_06
2024-04-14 00:57:23,600 - INFO - Epoch: 99 |Total training time: 0h:1m:26s | Train Loss: 0.0624 | Train Balanced Accuracy: 97.9411 %
2024-04-14 00:57:23,600 - INFO - Epoch: 99 |Total validation time:0h:0m:34s | Validation Loss: 0.4228 | Validation Balanced Accuracy: 73.0290 % 
2024-04-14 00:57:23,600 - INFO - Epoch: 99 |Total testing time: 0h:0m:41s | Test Loss: 0.5826 | Test Balanced Accuracy: 78.2404 %
2024-04-14 00:57:27,195 - INFO - Saved checkpoint at epoch 99: /home/sur06423/hiwi/vit_exp/vision_tranformer_baseline/src/components/distraction_detection_d_a/grid_search_ddp/experiments_grid_search/GS_SGD_Lam_LI_end_LR_0_06/runs/checkpoints/checkpoint_GS_SGD_Lam_LI_end_LR_0_06_epoch_99.pth
2024-04-14 00:57:27,197 - INFO - Total training, validation and testing time: 4h:58m:30s.
