2024-03-03 17:57:00,927 - INFO - Epoch: 0 |Total training time: 0h:1m:36s | Train Loss: 2.7837 | Train Balanced Accuracy: 3.6328 %
2024-03-03 17:57:00,928 - INFO - Epoch: 0 |Total validation time:0h:0m:42s | Validation Loss: 3.7565 | Validation Balanced Accuracy: 3.9598 % 
2024-03-03 17:57:00,928 - INFO - Epoch: 0 |Total testing time: 0h:0m:52s | Test Loss: 2.2662 | Test Balanced Accuracy: 3.6679 %
2024-03-03 17:59:59,539 - INFO - Epoch: 1 |Total training time: 0h:1m:26s | Train Loss: 2.0790 | Train Balanced Accuracy: 9.7888 %
2024-03-03 17:59:59,540 - INFO - Epoch: 1 |Total validation time:0h:0m:42s | Validation Loss: 3.9330 | Validation Balanced Accuracy: 7.1160 % 
2024-03-03 17:59:59,540 - INFO - Epoch: 1 |Total testing time: 0h:0m:49s | Test Loss: 1.9395 | Test Balanced Accuracy: 7.8801 %
2024-03-03 18:02:57,071 - INFO - Epoch: 2 |Total training time: 0h:1m:25s | Train Loss: 1.7479 | Train Balanced Accuracy: 15.5436 %
2024-03-03 18:02:57,072 - INFO - Epoch: 2 |Total validation time:0h:0m:42s | Validation Loss: 4.0370 | Validation Balanced Accuracy: 6.9128 % 
2024-03-03 18:02:57,072 - INFO - Epoch: 2 |Total testing time: 0h:0m:49s | Test Loss: 1.8030 | Test Balanced Accuracy: 10.7664 %
2024-03-03 18:05:53,851 - INFO - Epoch: 3 |Total training time: 0h:1m:25s | Train Loss: 1.5727 | Train Balanced Accuracy: 18.7324 %
2024-03-03 18:05:53,852 - INFO - Epoch: 3 |Total validation time:0h:0m:42s | Validation Loss: 4.1125 | Validation Balanced Accuracy: 7.5525 % 
2024-03-03 18:05:53,852 - INFO - Epoch: 3 |Total testing time: 0h:0m:49s | Test Loss: 1.7299 | Test Balanced Accuracy: 11.7441 %
2024-03-03 18:08:55,262 - INFO - Epoch: 4 |Total training time: 0h:1m:24s | Train Loss: 1.4559 | Train Balanced Accuracy: 21.0722 %
2024-03-03 18:08:55,262 - INFO - Epoch: 4 |Total validation time:0h:0m:46s | Validation Loss: 4.1539 | Validation Balanced Accuracy: 8.0636 % 
2024-03-03 18:08:55,263 - INFO - Epoch: 4 |Total testing time: 0h:0m:49s | Test Loss: 1.6735 | Test Balanced Accuracy: 12.6561 %
2024-03-03 18:08:58,715 - INFO - Saved checkpoint at epoch 4: /home/sur06423/hiwi/vit_exp/vision_tranformer_baseline/src/components/Grid_Search/experiments/SGD_01_LR_0_01/runs/checkpoints/checkpoint_SGD_01_LR_0_01_epoch_4.pth
2024-03-03 18:11:57,518 - INFO - Epoch: 5 |Total training time: 0h:1m:27s | Train Loss: 1.3676 | Train Balanced Accuracy: 23.6179 %
2024-03-03 18:11:57,519 - INFO - Epoch: 5 |Total validation time:0h:0m:42s | Validation Loss: 4.1840 | Validation Balanced Accuracy: 8.5394 % 
2024-03-03 18:11:57,519 - INFO - Epoch: 5 |Total testing time: 0h:0m:49s | Test Loss: 1.6436 | Test Balanced Accuracy: 14.2012 %
2024-03-03 18:14:55,213 - INFO - Epoch: 6 |Total training time: 0h:1m:25s | Train Loss: 1.2985 | Train Balanced Accuracy: 25.8614 %
2024-03-03 18:14:55,214 - INFO - Epoch: 6 |Total validation time:0h:0m:42s | Validation Loss: 4.2353 | Validation Balanced Accuracy: 9.5554 % 
2024-03-03 18:14:55,214 - INFO - Epoch: 6 |Total testing time: 0h:0m:50s | Test Loss: 1.6133 | Test Balanced Accuracy: 15.2606 %
2024-03-03 18:17:58,414 - INFO - Epoch: 7 |Total training time: 0h:1m:29s | Train Loss: 1.2429 | Train Balanced Accuracy: 27.8482 %
2024-03-03 18:17:58,415 - INFO - Epoch: 7 |Total validation time:0h:0m:44s | Validation Loss: 4.2745 | Validation Balanced Accuracy: 10.0779 % 
2024-03-03 18:17:58,415 - INFO - Epoch: 7 |Total testing time: 0h:0m:49s | Test Loss: 1.5895 | Test Balanced Accuracy: 16.2961 %
2024-03-03 18:20:53,998 - INFO - Epoch: 8 |Total training time: 0h:1m:24s | Train Loss: 1.1956 | Train Balanced Accuracy: 29.6019 %
2024-03-03 18:20:53,998 - INFO - Epoch: 8 |Total validation time:0h:0m:42s | Validation Loss: 4.2803 | Validation Balanced Accuracy: 10.5898 % 
2024-03-03 18:20:53,998 - INFO - Epoch: 8 |Total testing time: 0h:0m:48s | Test Loss: 1.5737 | Test Balanced Accuracy: 17.6974 %
2024-03-03 18:23:49,763 - INFO - Epoch: 9 |Total training time: 0h:1m:23s | Train Loss: 1.1557 | Train Balanced Accuracy: 31.9318 %
2024-03-03 18:23:49,764 - INFO - Epoch: 9 |Total validation time:0h:0m:42s | Validation Loss: 4.3046 | Validation Balanced Accuracy: 11.2227 % 
2024-03-03 18:23:49,764 - INFO - Epoch: 9 |Total testing time: 0h:0m:49s | Test Loss: 1.5500 | Test Balanced Accuracy: 18.3507 %
2024-03-03 18:23:51,047 - INFO - Saved checkpoint at epoch 9: /home/sur06423/hiwi/vit_exp/vision_tranformer_baseline/src/components/Grid_Search/experiments/SGD_01_LR_0_01/runs/checkpoints/checkpoint_SGD_01_LR_0_01_epoch_9.pth
2024-03-03 18:26:49,002 - INFO - Epoch: 10 |Total training time: 0h:1m:24s | Train Loss: 1.1213 | Train Balanced Accuracy: 33.3332 %
2024-03-03 18:26:49,003 - INFO - Epoch: 10 |Total validation time:0h:0m:42s | Validation Loss: 4.3480 | Validation Balanced Accuracy: 11.4999 % 
2024-03-03 18:26:49,003 - INFO - Epoch: 10 |Total testing time: 0h:0m:50s | Test Loss: 1.5353 | Test Balanced Accuracy: 18.9024 %
2024-03-03 18:29:51,790 - INFO - Epoch: 11 |Total training time: 0h:1m:25s | Train Loss: 1.0905 | Train Balanced Accuracy: 35.1763 %
2024-03-03 18:29:51,791 - INFO - Epoch: 11 |Total validation time:0h:0m:44s | Validation Loss: 4.3277 | Validation Balanced Accuracy: 11.8508 % 
2024-03-03 18:29:51,791 - INFO - Epoch: 11 |Total testing time: 0h:0m:53s | Test Loss: 1.5255 | Test Balanced Accuracy: 20.1055 %
2024-03-03 18:33:00,129 - INFO - Epoch: 12 |Total training time: 0h:1m:30s | Train Loss: 1.0637 | Train Balanced Accuracy: 35.6564 %
2024-03-03 18:33:00,130 - INFO - Epoch: 12 |Total validation time:0h:0m:46s | Validation Loss: 4.4011 | Validation Balanced Accuracy: 12.1774 % 
2024-03-03 18:33:00,130 - INFO - Epoch: 12 |Total testing time: 0h:0m:52s | Test Loss: 1.5124 | Test Balanced Accuracy: 20.2890 %
2024-03-03 18:35:57,994 - INFO - Epoch: 13 |Total training time: 0h:1m:25s | Train Loss: 1.0395 | Train Balanced Accuracy: 37.1108 %
2024-03-03 18:35:57,995 - INFO - Epoch: 13 |Total validation time:0h:0m:42s | Validation Loss: 4.4176 | Validation Balanced Accuracy: 11.9404 % 
2024-03-03 18:35:57,995 - INFO - Epoch: 13 |Total testing time: 0h:0m:49s | Test Loss: 1.5021 | Test Balanced Accuracy: 20.9549 %
2024-03-03 18:38:55,491 - INFO - Epoch: 14 |Total training time: 0h:1m:25s | Train Loss: 1.0172 | Train Balanced Accuracy: 37.7784 %
2024-03-03 18:38:55,492 - INFO - Epoch: 14 |Total validation time:0h:0m:42s | Validation Loss: 4.4793 | Validation Balanced Accuracy: 12.2818 % 
2024-03-03 18:38:55,492 - INFO - Epoch: 14 |Total testing time: 0h:0m:49s | Test Loss: 1.4911 | Test Balanced Accuracy: 20.7912 %
2024-03-03 18:39:00,332 - INFO - Saved checkpoint at epoch 14: /home/sur06423/hiwi/vit_exp/vision_tranformer_baseline/src/components/Grid_Search/experiments/SGD_01_LR_0_01/runs/checkpoints/checkpoint_SGD_01_LR_0_01_epoch_14.pth
2024-03-03 18:42:05,011 - INFO - Epoch: 15 |Total training time: 0h:1m:25s | Train Loss: 0.9977 | Train Balanced Accuracy: 38.5188 %
2024-03-03 18:42:05,012 - INFO - Epoch: 15 |Total validation time:0h:0m:45s | Validation Loss: 4.4416 | Validation Balanced Accuracy: 12.7163 % 
2024-03-03 18:42:05,012 - INFO - Epoch: 15 |Total testing time: 0h:0m:53s | Test Loss: 1.4925 | Test Balanced Accuracy: 22.5097 %
2024-03-03 18:45:16,838 - INFO - Epoch: 16 |Total training time: 0h:1m:32s | Train Loss: 0.9793 | Train Balanced Accuracy: 39.3924 %
2024-03-03 18:45:16,839 - INFO - Epoch: 16 |Total validation time:0h:0m:45s | Validation Loss: 4.4800 | Validation Balanced Accuracy: 12.8229 % 
2024-03-03 18:45:16,839 - INFO - Epoch: 16 |Total testing time: 0h:0m:53s | Test Loss: 1.4730 | Test Balanced Accuracy: 22.6620 %
2024-03-03 18:48:28,175 - INFO - Epoch: 17 |Total training time: 0h:1m:31s | Train Loss: 0.9633 | Train Balanced Accuracy: 40.0297 %
2024-03-03 18:48:28,176 - INFO - Epoch: 17 |Total validation time:0h:0m:46s | Validation Loss: 4.5036 | Validation Balanced Accuracy: 12.0996 % 
2024-03-03 18:48:28,176 - INFO - Epoch: 17 |Total testing time: 0h:0m:53s | Test Loss: 1.4779 | Test Balanced Accuracy: 23.1543 %
2024-03-03 18:51:38,570 - INFO - Epoch: 18 |Total training time: 0h:1m:30s | Train Loss: 0.9471 | Train Balanced Accuracy: 40.8902 %
2024-03-03 18:51:38,571 - INFO - Epoch: 18 |Total validation time:0h:0m:45s | Validation Loss: 4.5298 | Validation Balanced Accuracy: 13.1074 % 
2024-03-03 18:51:38,571 - INFO - Epoch: 18 |Total testing time: 0h:0m:53s | Test Loss: 1.4690 | Test Balanced Accuracy: 23.0110 %
2024-03-03 18:54:49,937 - INFO - Epoch: 19 |Total training time: 0h:1m:31s | Train Loss: 0.9333 | Train Balanced Accuracy: 41.1524 %
2024-03-03 18:54:49,937 - INFO - Epoch: 19 |Total validation time:0h:0m:45s | Validation Loss: 4.5244 | Validation Balanced Accuracy: 13.1770 % 
2024-03-03 18:54:49,937 - INFO - Epoch: 19 |Total testing time: 0h:0m:54s | Test Loss: 1.4628 | Test Balanced Accuracy: 23.3924 %
2024-03-03 18:54:59,419 - INFO - Saved checkpoint at epoch 19: /home/sur06423/hiwi/vit_exp/vision_tranformer_baseline/src/components/Grid_Search/experiments/SGD_01_LR_0_01/runs/checkpoints/checkpoint_SGD_01_LR_0_01_epoch_19.pth
2024-03-03 18:58:12,917 - INFO - Epoch: 20 |Total training time: 0h:1m:32s | Train Loss: 0.9201 | Train Balanced Accuracy: 42.1865 %
2024-03-03 18:58:12,918 - INFO - Epoch: 20 |Total validation time:0h:0m:46s | Validation Loss: 4.5750 | Validation Balanced Accuracy: 12.4787 % 
2024-03-03 18:58:12,918 - INFO - Epoch: 20 |Total testing time: 0h:0m:54s | Test Loss: 1.4585 | Test Balanced Accuracy: 23.1709 %
2024-03-03 19:01:24,448 - INFO - Epoch: 21 |Total training time: 0h:1m:31s | Train Loss: 0.9078 | Train Balanced Accuracy: 42.0558 %
2024-03-03 19:01:24,448 - INFO - Epoch: 21 |Total validation time:0h:0m:45s | Validation Loss: 4.5751 | Validation Balanced Accuracy: 13.2043 % 
2024-03-03 19:01:24,448 - INFO - Epoch: 21 |Total testing time: 0h:0m:53s | Test Loss: 1.4519 | Test Balanced Accuracy: 23.1650 %
2024-03-03 19:04:28,756 - INFO - Epoch: 22 |Total training time: 0h:1m:26s | Train Loss: 0.8967 | Train Balanced Accuracy: 42.6630 %
2024-03-03 19:04:28,756 - INFO - Epoch: 22 |Total validation time:0h:0m:45s | Validation Loss: 4.6302 | Validation Balanced Accuracy: 13.2912 % 
2024-03-03 19:04:28,757 - INFO - Epoch: 22 |Total testing time: 0h:0m:52s | Test Loss: 1.4475 | Test Balanced Accuracy: 23.5287 %
2024-03-03 19:07:27,734 - INFO - Epoch: 23 |Total training time: 0h:1m:27s | Train Loss: 0.8858 | Train Balanced Accuracy: 43.1268 %
2024-03-03 19:07:27,734 - INFO - Epoch: 23 |Total validation time:0h:0m:42s | Validation Loss: 4.6088 | Validation Balanced Accuracy: 13.5506 % 
2024-03-03 19:07:27,734 - INFO - Epoch: 23 |Total testing time: 0h:0m:49s | Test Loss: 1.4488 | Test Balanced Accuracy: 24.2661 %
2024-03-03 19:10:29,843 - INFO - Epoch: 24 |Total training time: 0h:1m:25s | Train Loss: 0.8759 | Train Balanced Accuracy: 43.3869 %
2024-03-03 19:10:29,843 - INFO - Epoch: 24 |Total validation time:0h:0m:42s | Validation Loss: 4.6375 | Validation Balanced Accuracy: 13.4088 % 
2024-03-03 19:10:29,843 - INFO - Epoch: 24 |Total testing time: 0h:0m:53s | Test Loss: 1.4449 | Test Balanced Accuracy: 24.2429 %
2024-03-03 19:10:39,237 - INFO - Saved checkpoint at epoch 24: /home/sur06423/hiwi/vit_exp/vision_tranformer_baseline/src/components/Grid_Search/experiments/SGD_01_LR_0_01/runs/checkpoints/checkpoint_SGD_01_LR_0_01_epoch_24.pth
2024-03-03 19:13:36,857 - INFO - Epoch: 25 |Total training time: 0h:1m:24s | Train Loss: 0.8663 | Train Balanced Accuracy: 43.8061 %
2024-03-03 19:13:36,858 - INFO - Epoch: 25 |Total validation time:0h:0m:43s | Validation Loss: 4.6655 | Validation Balanced Accuracy: 12.5822 % 
2024-03-03 19:13:36,858 - INFO - Epoch: 25 |Total testing time: 0h:0m:49s | Test Loss: 1.4465 | Test Balanced Accuracy: 24.6172 %
2024-03-03 19:16:39,960 - INFO - Epoch: 26 |Total training time: 0h:1m:25s | Train Loss: 0.8578 | Train Balanced Accuracy: 44.4503 %
2024-03-03 19:16:39,961 - INFO - Epoch: 26 |Total validation time:0h:0m:42s | Validation Loss: 4.6606 | Validation Balanced Accuracy: 13.6313 % 
2024-03-03 19:16:39,961 - INFO - Epoch: 26 |Total testing time: 0h:0m:55s | Test Loss: 1.4368 | Test Balanced Accuracy: 24.5223 %
2024-03-03 19:19:51,916 - INFO - Epoch: 27 |Total training time: 0h:1m:31s | Train Loss: 0.8500 | Train Balanced Accuracy: 44.6944 %
2024-03-03 19:19:51,917 - INFO - Epoch: 27 |Total validation time:0h:0m:46s | Validation Loss: 4.6918 | Validation Balanced Accuracy: 13.7399 % 
2024-03-03 19:19:51,917 - INFO - Epoch: 27 |Total testing time: 0h:0m:54s | Test Loss: 1.4301 | Test Balanced Accuracy: 24.9175 %
2024-03-03 19:23:02,324 - INFO - Epoch: 28 |Total training time: 0h:1m:30s | Train Loss: 0.8414 | Train Balanced Accuracy: 45.3607 %
2024-03-03 19:23:02,325 - INFO - Epoch: 28 |Total validation time:0h:0m:46s | Validation Loss: 4.7079 | Validation Balanced Accuracy: 13.0505 % 
2024-03-03 19:23:02,325 - INFO - Epoch: 28 |Total testing time: 0h:0m:53s | Test Loss: 1.4360 | Test Balanced Accuracy: 24.8235 %
2024-03-03 19:26:12,767 - INFO - Epoch: 29 |Total training time: 0h:1m:30s | Train Loss: 0.8341 | Train Balanced Accuracy: 45.4596 %
2024-03-03 19:26:12,770 - INFO - Epoch: 29 |Total validation time:0h:0m:46s | Validation Loss: 4.6721 | Validation Balanced Accuracy: 13.1558 % 
2024-03-03 19:26:12,771 - INFO - Epoch: 29 |Total testing time: 0h:0m:53s | Test Loss: 1.4371 | Test Balanced Accuracy: 25.6280 %
2024-03-03 19:27:48,017 - INFO - Saved checkpoint at epoch 29: /home/sur06423/hiwi/vit_exp/vision_tranformer_baseline/src/components/Grid_Search/experiments/SGD_01_LR_0_01/runs/checkpoints/checkpoint_SGD_01_LR_0_01_epoch_29.pth
2024-03-03 19:30:57,020 - INFO - Epoch: 30 |Total training time: 0h:1m:27s | Train Loss: 0.8277 | Train Balanced Accuracy: 46.1495 %
2024-03-03 19:30:57,021 - INFO - Epoch: 30 |Total validation time:0h:0m:46s | Validation Loss: 4.7111 | Validation Balanced Accuracy: 13.4208 % 
2024-03-03 19:30:57,021 - INFO - Epoch: 30 |Total testing time: 0h:0m:54s | Test Loss: 1.4322 | Test Balanced Accuracy: 25.1269 %
2024-03-03 19:34:10,156 - INFO - Epoch: 31 |Total training time: 0h:1m:31s | Train Loss: 0.8207 | Train Balanced Accuracy: 46.3025 %
2024-03-03 19:34:10,157 - INFO - Epoch: 31 |Total validation time:0h:0m:46s | Validation Loss: 4.7203 | Validation Balanced Accuracy: 13.9608 % 
2024-03-03 19:34:10,157 - INFO - Epoch: 31 |Total testing time: 0h:0m:54s | Test Loss: 1.4354 | Test Balanced Accuracy: 25.2741 %
2024-03-03 19:37:23,041 - INFO - Epoch: 32 |Total training time: 0h:1m:31s | Train Loss: 0.8148 | Train Balanced Accuracy: 46.9864 %
2024-03-03 19:37:23,041 - INFO - Epoch: 32 |Total validation time:0h:0m:46s | Validation Loss: 4.7590 | Validation Balanced Accuracy: 13.9745 % 
2024-03-03 19:37:23,041 - INFO - Epoch: 32 |Total testing time: 0h:0m:54s | Test Loss: 1.4313 | Test Balanced Accuracy: 25.4864 %
2024-03-03 19:40:30,397 - INFO - Epoch: 33 |Total training time: 0h:1m:30s | Train Loss: 0.8091 | Train Balanced Accuracy: 47.0953 %
2024-03-03 19:40:30,397 - INFO - Epoch: 33 |Total validation time:0h:0m:44s | Validation Loss: 4.7633 | Validation Balanced Accuracy: 14.4526 % 
2024-03-03 19:40:30,397 - INFO - Epoch: 33 |Total testing time: 0h:0m:52s | Test Loss: 1.4220 | Test Balanced Accuracy: 25.4779 %
2024-03-03 19:43:28,650 - INFO - Epoch: 34 |Total training time: 0h:1m:25s | Train Loss: 0.8035 | Train Balanced Accuracy: 47.4319 %
2024-03-03 19:43:28,652 - INFO - Epoch: 34 |Total validation time:0h:0m:43s | Validation Loss: 4.7808 | Validation Balanced Accuracy: 15.0176 % 
2024-03-03 19:43:28,652 - INFO - Epoch: 34 |Total testing time: 0h:0m:49s | Test Loss: 1.4195 | Test Balanced Accuracy: 25.2589 %
2024-03-03 19:43:34,897 - INFO - Saved checkpoint at epoch 34: /home/sur06423/hiwi/vit_exp/vision_tranformer_baseline/src/components/Grid_Search/experiments/SGD_01_LR_0_01/runs/checkpoints/checkpoint_SGD_01_LR_0_01_epoch_34.pth
2024-03-03 19:46:39,560 - INFO - Epoch: 35 |Total training time: 0h:1m:25s | Train Loss: 0.7986 | Train Balanced Accuracy: 47.3834 %
2024-03-03 19:46:39,560 - INFO - Epoch: 35 |Total validation time:0h:0m:45s | Validation Loss: 4.7657 | Validation Balanced Accuracy: 15.1713 % 
2024-03-03 19:46:39,560 - INFO - Epoch: 35 |Total testing time: 0h:0m:53s | Test Loss: 1.4239 | Test Balanced Accuracy: 25.6948 %
2024-03-03 19:49:52,030 - INFO - Epoch: 36 |Total training time: 0h:1m:31s | Train Loss: 0.7936 | Train Balanced Accuracy: 48.0482 %
2024-03-03 19:49:52,030 - INFO - Epoch: 36 |Total validation time:0h:0m:47s | Validation Loss: 4.7941 | Validation Balanced Accuracy: 15.2158 % 
2024-03-03 19:49:52,030 - INFO - Epoch: 36 |Total testing time: 0h:0m:54s | Test Loss: 1.4253 | Test Balanced Accuracy: 25.8757 %
2024-03-03 19:52:59,452 - INFO - Epoch: 37 |Total training time: 0h:1m:31s | Train Loss: 0.7886 | Train Balanced Accuracy: 48.1951 %
2024-03-03 19:52:59,453 - INFO - Epoch: 37 |Total validation time:0h:0m:45s | Validation Loss: 4.7455 | Validation Balanced Accuracy: 15.2997 % 
2024-03-03 19:52:59,453 - INFO - Epoch: 37 |Total testing time: 0h:0m:50s | Test Loss: 1.4269 | Test Balanced Accuracy: 26.4860 %
2024-03-03 19:55:57,863 - INFO - Epoch: 38 |Total training time: 0h:1m:25s | Train Loss: 0.7843 | Train Balanced Accuracy: 48.6452 %
2024-03-03 19:55:57,864 - INFO - Epoch: 38 |Total validation time:0h:0m:42s | Validation Loss: 4.7953 | Validation Balanced Accuracy: 15.0690 % 
2024-03-03 19:55:57,864 - INFO - Epoch: 38 |Total testing time: 0h:0m:49s | Test Loss: 1.4238 | Test Balanced Accuracy: 26.2870 %
2024-03-03 19:58:55,867 - INFO - Epoch: 39 |Total training time: 0h:1m:26s | Train Loss: 0.7800 | Train Balanced Accuracy: 48.4881 %
2024-03-03 19:58:55,868 - INFO - Epoch: 39 |Total validation time:0h:0m:42s | Validation Loss: 4.8024 | Validation Balanced Accuracy: 15.4571 % 
2024-03-03 19:58:55,868 - INFO - Epoch: 39 |Total testing time: 0h:0m:49s | Test Loss: 1.4235 | Test Balanced Accuracy: 26.1420 %
2024-03-03 19:58:57,335 - INFO - Saved checkpoint at epoch 39: /home/sur06423/hiwi/vit_exp/vision_tranformer_baseline/src/components/Grid_Search/experiments/SGD_01_LR_0_01/runs/checkpoints/checkpoint_SGD_01_LR_0_01_epoch_39.pth
2024-03-03 20:01:55,341 - INFO - Epoch: 40 |Total training time: 0h:1m:25s | Train Loss: 0.7763 | Train Balanced Accuracy: 49.3822 %
2024-03-03 20:01:55,342 - INFO - Epoch: 40 |Total validation time:0h:0m:42s | Validation Loss: 4.8018 | Validation Balanced Accuracy: 15.3710 % 
2024-03-03 20:01:55,342 - INFO - Epoch: 40 |Total testing time: 0h:0m:49s | Test Loss: 1.4194 | Test Balanced Accuracy: 26.2335 %
2024-03-03 20:04:54,898 - INFO - Epoch: 41 |Total training time: 0h:1m:25s | Train Loss: 0.7725 | Train Balanced Accuracy: 49.2811 %
2024-03-03 20:04:54,899 - INFO - Epoch: 41 |Total validation time:0h:0m:42s | Validation Loss: 4.7944 | Validation Balanced Accuracy: 15.3626 % 
2024-03-03 20:04:54,899 - INFO - Epoch: 41 |Total testing time: 0h:0m:51s | Test Loss: 1.4175 | Test Balanced Accuracy: 26.7842 %
2024-03-03 20:08:02,700 - INFO - Epoch: 42 |Total training time: 0h:1m:28s | Train Loss: 0.7695 | Train Balanced Accuracy: 49.7009 %
2024-03-03 20:08:02,701 - INFO - Epoch: 42 |Total validation time:0h:0m:45s | Validation Loss: 4.8074 | Validation Balanced Accuracy: 14.6560 % 
2024-03-03 20:08:02,701 - INFO - Epoch: 42 |Total testing time: 0h:0m:53s | Test Loss: 1.4302 | Test Balanced Accuracy: 26.5427 %
2024-03-03 20:11:03,612 - INFO - Epoch: 43 |Total training time: 0h:1m:28s | Train Loss: 0.7659 | Train Balanced Accuracy: 49.7153 %
2024-03-03 20:11:03,613 - INFO - Epoch: 43 |Total validation time:0h:0m:42s | Validation Loss: 4.8363 | Validation Balanced Accuracy: 15.4036 % 
2024-03-03 20:11:03,613 - INFO - Epoch: 43 |Total testing time: 0h:0m:49s | Test Loss: 1.4165 | Test Balanced Accuracy: 26.7514 %
2024-03-03 20:14:00,957 - INFO - Epoch: 44 |Total training time: 0h:1m:25s | Train Loss: 0.7629 | Train Balanced Accuracy: 50.0992 %
2024-03-03 20:14:00,958 - INFO - Epoch: 44 |Total validation time:0h:0m:42s | Validation Loss: 4.8413 | Validation Balanced Accuracy: 15.4018 % 
2024-03-03 20:14:00,958 - INFO - Epoch: 44 |Total testing time: 0h:0m:49s | Test Loss: 1.4216 | Test Balanced Accuracy: 26.4035 %
2024-03-03 20:14:02,063 - INFO - Saved checkpoint at epoch 44: /home/sur06423/hiwi/vit_exp/vision_tranformer_baseline/src/components/Grid_Search/experiments/SGD_01_LR_0_01/runs/checkpoints/checkpoint_SGD_01_LR_0_01_epoch_44.pth
2024-03-03 20:16:58,960 - INFO - Epoch: 45 |Total training time: 0h:1m:24s | Train Loss: 0.7599 | Train Balanced Accuracy: 50.1096 %
2024-03-03 20:16:58,961 - INFO - Epoch: 45 |Total validation time:0h:0m:42s | Validation Loss: 4.8308 | Validation Balanced Accuracy: 15.5977 % 
2024-03-03 20:16:58,961 - INFO - Epoch: 45 |Total testing time: 0h:0m:49s | Test Loss: 1.4169 | Test Balanced Accuracy: 26.5693 %
2024-03-03 20:20:15,690 - INFO - Epoch: 46 |Total training time: 0h:1m:33s | Train Loss: 0.7570 | Train Balanced Accuracy: 50.1946 %
2024-03-03 20:20:15,691 - INFO - Epoch: 46 |Total validation time:0h:0m:48s | Validation Loss: 4.8459 | Validation Balanced Accuracy: 15.4300 % 
2024-03-03 20:20:15,691 - INFO - Epoch: 46 |Total testing time: 0h:0m:54s | Test Loss: 1.4176 | Test Balanced Accuracy: 26.5552 %
2024-03-03 20:23:20,758 - INFO - Epoch: 47 |Total training time: 0h:1m:25s | Train Loss: 0.7547 | Train Balanced Accuracy: 50.5631 %
2024-03-03 20:23:20,759 - INFO - Epoch: 47 |Total validation time:0h:0m:46s | Validation Loss: 4.8658 | Validation Balanced Accuracy: 15.4752 % 
2024-03-03 20:23:20,759 - INFO - Epoch: 47 |Total testing time: 0h:0m:53s | Test Loss: 1.4127 | Test Balanced Accuracy: 26.4611 %
2024-03-03 20:26:30,864 - INFO - Epoch: 48 |Total training time: 0h:1m:31s | Train Loss: 0.7522 | Train Balanced Accuracy: 50.6448 %
2024-03-03 20:26:30,864 - INFO - Epoch: 48 |Total validation time:0h:0m:44s | Validation Loss: 4.8561 | Validation Balanced Accuracy: 15.5077 % 
2024-03-03 20:26:30,865 - INFO - Epoch: 48 |Total testing time: 0h:0m:53s | Test Loss: 1.4188 | Test Balanced Accuracy: 26.9687 %
2024-03-03 20:29:40,288 - INFO - Epoch: 49 |Total training time: 0h:1m:30s | Train Loss: 0.7499 | Train Balanced Accuracy: 51.1281 %
2024-03-03 20:29:40,289 - INFO - Epoch: 49 |Total validation time:0h:0m:46s | Validation Loss: 4.8527 | Validation Balanced Accuracy: 15.5469 % 
2024-03-03 20:29:40,289 - INFO - Epoch: 49 |Total testing time: 0h:0m:52s | Test Loss: 1.4169 | Test Balanced Accuracy: 26.8379 %
2024-03-03 20:29:43,925 - INFO - Saved checkpoint at epoch 49: /home/sur06423/hiwi/vit_exp/vision_tranformer_baseline/src/components/Grid_Search/experiments/SGD_01_LR_0_01/runs/checkpoints/checkpoint_SGD_01_LR_0_01_epoch_49.pth
2024-03-03 20:32:53,233 - INFO - Epoch: 50 |Total training time: 0h:1m:30s | Train Loss: 0.7477 | Train Balanced Accuracy: 51.0706 %
2024-03-03 20:32:53,233 - INFO - Epoch: 50 |Total validation time:0h:0m:45s | Validation Loss: 4.8738 | Validation Balanced Accuracy: 15.2850 % 
2024-03-03 20:32:53,233 - INFO - Epoch: 50 |Total testing time: 0h:0m:52s | Test Loss: 1.4167 | Test Balanced Accuracy: 26.8502 %
2024-03-03 20:36:01,617 - INFO - Epoch: 51 |Total training time: 0h:1m:30s | Train Loss: 0.7460 | Train Balanced Accuracy: 51.0780 %
2024-03-03 20:36:01,618 - INFO - Epoch: 51 |Total validation time:0h:0m:45s | Validation Loss: 4.8804 | Validation Balanced Accuracy: 15.7513 % 
2024-03-03 20:36:01,618 - INFO - Epoch: 51 |Total testing time: 0h:0m:52s | Test Loss: 1.4148 | Test Balanced Accuracy: 26.8067 %
2024-03-03 20:39:11,682 - INFO - Epoch: 52 |Total training time: 0h:1m:31s | Train Loss: 0.7440 | Train Balanced Accuracy: 51.3169 %
2024-03-03 20:39:11,683 - INFO - Epoch: 52 |Total validation time:0h:0m:45s | Validation Loss: 4.8729 | Validation Balanced Accuracy: 15.4934 % 
2024-03-03 20:39:11,683 - INFO - Epoch: 52 |Total testing time: 0h:0m:53s | Test Loss: 1.4154 | Test Balanced Accuracy: 27.2146 %
2024-03-03 20:42:20,523 - INFO - Epoch: 53 |Total training time: 0h:1m:29s | Train Loss: 0.7425 | Train Balanced Accuracy: 51.5031 %
2024-03-03 20:42:20,524 - INFO - Epoch: 53 |Total validation time:0h:0m:45s | Validation Loss: 4.8845 | Validation Balanced Accuracy: 15.8851 % 
2024-03-03 20:42:20,524 - INFO - Epoch: 53 |Total testing time: 0h:0m:53s | Test Loss: 1.4190 | Test Balanced Accuracy: 27.0990 %
2024-03-03 20:45:30,499 - INFO - Epoch: 54 |Total training time: 0h:1m:29s | Train Loss: 0.7408 | Train Balanced Accuracy: 51.3373 %
2024-03-03 20:45:30,500 - INFO - Epoch: 54 |Total validation time:0h:0m:49s | Validation Loss: 4.8869 | Validation Balanced Accuracy: 15.9202 % 
2024-03-03 20:45:30,500 - INFO - Epoch: 54 |Total testing time: 0h:0m:51s | Test Loss: 1.4167 | Test Balanced Accuracy: 27.1817 %
2024-03-03 20:45:39,164 - INFO - Saved checkpoint at epoch 54: /home/sur06423/hiwi/vit_exp/vision_tranformer_baseline/src/components/Grid_Search/experiments/SGD_01_LR_0_01/runs/checkpoints/checkpoint_SGD_01_LR_0_01_epoch_54.pth
2024-03-03 20:48:39,233 - INFO - Epoch: 55 |Total training time: 0h:1m:26s | Train Loss: 0.7393 | Train Balanced Accuracy: 51.9708 %
2024-03-03 20:48:39,233 - INFO - Epoch: 55 |Total validation time:0h:0m:42s | Validation Loss: 4.8823 | Validation Balanced Accuracy: 15.7369 % 
2024-03-03 20:48:39,233 - INFO - Epoch: 55 |Total testing time: 0h:0m:51s | Test Loss: 1.4154 | Test Balanced Accuracy: 27.3274 %
2024-03-03 20:51:36,520 - INFO - Epoch: 56 |Total training time: 0h:1m:24s | Train Loss: 0.7381 | Train Balanced Accuracy: 51.8835 %
2024-03-03 20:51:36,522 - INFO - Epoch: 56 |Total validation time:0h:0m:42s | Validation Loss: 4.8961 | Validation Balanced Accuracy: 15.4755 % 
2024-03-03 20:51:36,522 - INFO - Epoch: 56 |Total testing time: 0h:0m:49s | Test Loss: 1.4176 | Test Balanced Accuracy: 27.5938 %
2024-03-03 20:54:33,510 - INFO - Epoch: 57 |Total training time: 0h:1m:25s | Train Loss: 0.7367 | Train Balanced Accuracy: 51.8982 %
2024-03-03 20:54:33,511 - INFO - Epoch: 57 |Total validation time:0h:0m:42s | Validation Loss: 4.8889 | Validation Balanced Accuracy: 15.4404 % 
2024-03-03 20:54:33,511 - INFO - Epoch: 57 |Total testing time: 0h:0m:49s | Test Loss: 1.4165 | Test Balanced Accuracy: 26.9403 %
2024-03-03 20:57:30,383 - INFO - Epoch: 58 |Total training time: 0h:1m:24s | Train Loss: 0.7355 | Train Balanced Accuracy: 52.0666 %
2024-03-03 20:57:30,384 - INFO - Epoch: 58 |Total validation time:0h:0m:42s | Validation Loss: 4.8912 | Validation Balanced Accuracy: 15.8443 % 
2024-03-03 20:57:30,384 - INFO - Epoch: 58 |Total testing time: 0h:0m:49s | Test Loss: 1.4160 | Test Balanced Accuracy: 27.4990 %
2024-03-03 21:00:27,796 - INFO - Epoch: 59 |Total training time: 0h:1m:25s | Train Loss: 0.7345 | Train Balanced Accuracy: 52.0244 %
2024-03-03 21:00:27,797 - INFO - Epoch: 59 |Total validation time:0h:0m:41s | Validation Loss: 4.8983 | Validation Balanced Accuracy: 15.4771 % 
2024-03-03 21:00:27,797 - INFO - Epoch: 59 |Total testing time: 0h:0m:49s | Test Loss: 1.4164 | Test Balanced Accuracy: 27.4882 %
2024-03-03 21:00:29,561 - INFO - Saved checkpoint at epoch 59: /home/sur06423/hiwi/vit_exp/vision_tranformer_baseline/src/components/Grid_Search/experiments/SGD_01_LR_0_01/runs/checkpoints/checkpoint_SGD_01_LR_0_01_epoch_59.pth
2024-03-03 21:03:27,119 - INFO - Epoch: 60 |Total training time: 0h:1m:25s | Train Loss: 0.7335 | Train Balanced Accuracy: 51.8579 %
2024-03-03 21:03:27,119 - INFO - Epoch: 60 |Total validation time:0h:0m:42s | Validation Loss: 4.8998 | Validation Balanced Accuracy: 15.8531 % 
2024-03-03 21:03:27,120 - INFO - Epoch: 60 |Total testing time: 0h:0m:49s | Test Loss: 1.4161 | Test Balanced Accuracy: 27.6623 %
2024-03-03 21:06:25,143 - INFO - Epoch: 61 |Total training time: 0h:1m:25s | Train Loss: 0.7326 | Train Balanced Accuracy: 52.1949 %
2024-03-03 21:06:25,143 - INFO - Epoch: 61 |Total validation time:0h:0m:42s | Validation Loss: 4.8961 | Validation Balanced Accuracy: 15.8557 % 
2024-03-03 21:06:25,144 - INFO - Epoch: 61 |Total testing time: 0h:0m:49s | Test Loss: 1.4157 | Test Balanced Accuracy: 27.6624 %
2024-03-03 21:09:23,567 - INFO - Epoch: 62 |Total training time: 0h:1m:25s | Train Loss: 0.7320 | Train Balanced Accuracy: 52.0769 %
2024-03-03 21:09:23,567 - INFO - Epoch: 62 |Total validation time:0h:0m:42s | Validation Loss: 4.9054 | Validation Balanced Accuracy: 15.8884 % 
2024-03-03 21:09:23,567 - INFO - Epoch: 62 |Total testing time: 0h:0m:49s | Test Loss: 1.4164 | Test Balanced Accuracy: 27.6617 %
2024-03-03 21:12:20,988 - INFO - Epoch: 63 |Total training time: 0h:1m:25s | Train Loss: 0.7311 | Train Balanced Accuracy: 52.1889 %
2024-03-03 21:12:20,989 - INFO - Epoch: 63 |Total validation time:0h:0m:42s | Validation Loss: 4.8993 | Validation Balanced Accuracy: 15.8380 % 
2024-03-03 21:12:20,989 - INFO - Epoch: 63 |Total testing time: 0h:0m:49s | Test Loss: 1.4151 | Test Balanced Accuracy: 27.6366 %
2024-03-03 21:15:17,925 - INFO - Epoch: 64 |Total training time: 0h:1m:25s | Train Loss: 0.7305 | Train Balanced Accuracy: 52.3858 %
2024-03-03 21:15:17,926 - INFO - Epoch: 64 |Total validation time:0h:0m:42s | Validation Loss: 4.9019 | Validation Balanced Accuracy: 15.8487 % 
2024-03-03 21:15:17,926 - INFO - Epoch: 64 |Total testing time: 0h:0m:49s | Test Loss: 1.4158 | Test Balanced Accuracy: 27.4554 %
2024-03-03 21:15:20,073 - INFO - Saved checkpoint at epoch 64: /home/sur06423/hiwi/vit_exp/vision_tranformer_baseline/src/components/Grid_Search/experiments/SGD_01_LR_0_01/runs/checkpoints/checkpoint_SGD_01_LR_0_01_epoch_64.pth
2024-03-03 21:18:25,663 - INFO - Epoch: 65 |Total training time: 0h:1m:25s | Train Loss: 0.7299 | Train Balanced Accuracy: 52.4895 %
2024-03-03 21:18:25,663 - INFO - Epoch: 65 |Total validation time:0h:0m:46s | Validation Loss: 4.9053 | Validation Balanced Accuracy: 15.7913 % 
2024-03-03 21:18:25,663 - INFO - Epoch: 65 |Total testing time: 0h:0m:53s | Test Loss: 1.4167 | Test Balanced Accuracy: 27.6484 %
2024-03-03 21:21:36,640 - INFO - Epoch: 66 |Total training time: 0h:1m:30s | Train Loss: 0.7296 | Train Balanced Accuracy: 52.4200 %
2024-03-03 21:21:36,641 - INFO - Epoch: 66 |Total validation time:0h:0m:46s | Validation Loss: 4.9096 | Validation Balanced Accuracy: 15.8296 % 
2024-03-03 21:21:36,641 - INFO - Epoch: 66 |Total testing time: 0h:0m:54s | Test Loss: 1.4157 | Test Balanced Accuracy: 27.6403 %
2024-03-03 21:24:49,138 - INFO - Epoch: 67 |Total training time: 0h:1m:30s | Train Loss: 0.7291 | Train Balanced Accuracy: 52.4370 %
2024-03-03 21:24:49,140 - INFO - Epoch: 67 |Total validation time:0h:0m:46s | Validation Loss: 4.9041 | Validation Balanced Accuracy: 15.8296 % 
2024-03-03 21:24:49,140 - INFO - Epoch: 67 |Total testing time: 0h:0m:54s | Test Loss: 1.4156 | Test Balanced Accuracy: 27.6588 %
2024-03-03 21:27:58,843 - INFO - Epoch: 68 |Total training time: 0h:1m:30s | Train Loss: 0.7287 | Train Balanced Accuracy: 52.5226 %
2024-03-03 21:27:58,845 - INFO - Epoch: 68 |Total validation time:0h:0m:45s | Validation Loss: 4.9092 | Validation Balanced Accuracy: 15.8004 % 
2024-03-03 21:27:58,847 - INFO - Epoch: 68 |Total testing time: 0h:0m:53s | Test Loss: 1.4159 | Test Balanced Accuracy: 27.6741 %
2024-03-03 21:31:08,934 - INFO - Epoch: 69 |Total training time: 0h:1m:30s | Train Loss: 0.7284 | Train Balanced Accuracy: 52.5019 %
2024-03-03 21:31:08,935 - INFO - Epoch: 69 |Total validation time:0h:0m:45s | Validation Loss: 4.9076 | Validation Balanced Accuracy: 15.8380 % 
2024-03-03 21:31:08,935 - INFO - Epoch: 69 |Total testing time: 0h:0m:53s | Test Loss: 1.4160 | Test Balanced Accuracy: 27.6594 %
2024-03-03 21:31:10,355 - INFO - Saved checkpoint at epoch 69: /home/sur06423/hiwi/vit_exp/vision_tranformer_baseline/src/components/Grid_Search/experiments/SGD_01_LR_0_01/runs/checkpoints/checkpoint_SGD_01_LR_0_01_epoch_69.pth
2024-03-03 21:34:17,255 - INFO - Epoch: 70 |Total training time: 0h:1m:27s | Train Loss: 0.7282 | Train Balanced Accuracy: 52.5392 %
2024-03-03 21:34:17,256 - INFO - Epoch: 70 |Total validation time:0h:0m:45s | Validation Loss: 4.9103 | Validation Balanced Accuracy: 15.8296 % 
2024-03-03 21:34:17,256 - INFO - Epoch: 70 |Total testing time: 0h:0m:53s | Test Loss: 1.4155 | Test Balanced Accuracy: 27.6658 %
2024-03-03 21:37:24,567 - INFO - Epoch: 71 |Total training time: 0h:1m:28s | Train Loss: 0.7279 | Train Balanced Accuracy: 52.5376 %
2024-03-03 21:37:24,568 - INFO - Epoch: 71 |Total validation time:0h:0m:45s | Validation Loss: 4.9104 | Validation Balanced Accuracy: 16.1711 % 
2024-03-03 21:37:24,568 - INFO - Epoch: 71 |Total testing time: 0h:0m:53s | Test Loss: 1.4156 | Test Balanced Accuracy: 27.6621 %
2024-03-03 21:40:30,807 - INFO - Epoch: 72 |Total training time: 0h:1m:29s | Train Loss: 0.7277 | Train Balanced Accuracy: 52.6171 %
2024-03-03 21:40:30,807 - INFO - Epoch: 72 |Total validation time:0h:0m:44s | Validation Loss: 4.9085 | Validation Balanced Accuracy: 16.1764 % 
2024-03-03 21:40:30,807 - INFO - Epoch: 72 |Total testing time: 0h:0m:52s | Test Loss: 1.4156 | Test Balanced Accuracy: 27.6595 %
2024-03-03 21:43:38,829 - INFO - Epoch: 73 |Total training time: 0h:1m:29s | Train Loss: 0.7276 | Train Balanced Accuracy: 52.6252 %
2024-03-03 21:43:38,830 - INFO - Epoch: 73 |Total validation time:0h:0m:44s | Validation Loss: 4.9093 | Validation Balanced Accuracy: 16.1827 % 
2024-03-03 21:43:38,830 - INFO - Epoch: 73 |Total testing time: 0h:0m:53s | Test Loss: 1.4156 | Test Balanced Accuracy: 27.6548 %
2024-03-03 21:46:45,329 - INFO - Epoch: 74 |Total training time: 0h:1m:28s | Train Loss: 0.7274 | Train Balanced Accuracy: 52.6358 %
2024-03-03 21:46:45,329 - INFO - Epoch: 74 |Total validation time:0h:0m:45s | Validation Loss: 4.9093 | Validation Balanced Accuracy: 16.1792 % 
2024-03-03 21:46:45,329 - INFO - Epoch: 74 |Total testing time: 0h:0m:52s | Test Loss: 1.4156 | Test Balanced Accuracy: 27.6464 %
2024-03-03 21:46:52,463 - INFO - Saved checkpoint at epoch 74: /home/sur06423/hiwi/vit_exp/vision_tranformer_baseline/src/components/Grid_Search/experiments/SGD_01_LR_0_01/runs/checkpoints/checkpoint_SGD_01_LR_0_01_epoch_74.pth
2024-03-03 21:49:59,392 - INFO - Epoch: 75 |Total training time: 0h:1m:28s | Train Loss: 0.7274 | Train Balanced Accuracy: 52.6312 %
2024-03-03 21:49:59,392 - INFO - Epoch: 75 |Total validation time:0h:0m:45s | Validation Loss: 4.9096 | Validation Balanced Accuracy: 16.1901 % 
2024-03-03 21:49:59,392 - INFO - Epoch: 75 |Total testing time: 0h:0m:52s | Test Loss: 1.4157 | Test Balanced Accuracy: 27.6505 %
2024-03-03 21:53:06,486 - INFO - Epoch: 76 |Total training time: 0h:1m:30s | Train Loss: 0.7273 | Train Balanced Accuracy: 52.6276 %
2024-03-03 21:53:06,486 - INFO - Epoch: 76 |Total validation time:0h:0m:43s | Validation Loss: 4.9095 | Validation Balanced Accuracy: 16.1911 % 
2024-03-03 21:53:06,486 - INFO - Epoch: 76 |Total testing time: 0h:0m:53s | Test Loss: 1.4157 | Test Balanced Accuracy: 27.6505 %
2024-03-03 21:56:16,981 - INFO - Epoch: 77 |Total training time: 0h:1m:31s | Train Loss: 0.7273 | Train Balanced Accuracy: 52.6291 %
2024-03-03 21:56:16,982 - INFO - Epoch: 77 |Total validation time:0h:0m:45s | Validation Loss: 4.9097 | Validation Balanced Accuracy: 16.1821 % 
2024-03-03 21:56:16,982 - INFO - Epoch: 77 |Total testing time: 0h:0m:53s | Test Loss: 1.4157 | Test Balanced Accuracy: 27.6505 %
2024-03-03 21:59:24,288 - INFO - Epoch: 78 |Total training time: 0h:1m:29s | Train Loss: 0.7273 | Train Balanced Accuracy: 52.6314 %
2024-03-03 21:59:24,289 - INFO - Epoch: 78 |Total validation time:0h:0m:44s | Validation Loss: 4.9109 | Validation Balanced Accuracy: 16.1827 % 
2024-03-03 21:59:24,289 - INFO - Epoch: 78 |Total testing time: 0h:0m:53s | Test Loss: 1.4157 | Test Balanced Accuracy: 27.6579 %
2024-03-03 22:02:20,561 - INFO - Epoch: 79 |Total training time: 0h:1m:24s | Train Loss: 0.7272 | Train Balanced Accuracy: 52.6285 %
2024-03-03 22:02:20,562 - INFO - Epoch: 79 |Total validation time:0h:0m:42s | Validation Loss: 4.9109 | Validation Balanced Accuracy: 16.1827 % 
2024-03-03 22:02:20,563 - INFO - Epoch: 79 |Total testing time: 0h:0m:49s | Test Loss: 1.4157 | Test Balanced Accuracy: 27.6579 %
2024-03-03 22:02:27,803 - INFO - Saved checkpoint at epoch 79: /home/sur06423/hiwi/vit_exp/vision_tranformer_baseline/src/components/Grid_Search/experiments/SGD_01_LR_0_01/runs/checkpoints/checkpoint_SGD_01_LR_0_01_epoch_79.pth
2024-03-03 22:02:27,804 - INFO - Total training, validation and testing time: 4h:8m:38s.
