2024-03-05 09:56:07,201 - INFO - Epoch: 0 |Total training time: 0h:1m:38s | Train Loss: 2.0253 | Train Balanced Accuracy: 13.4561 %
2024-03-05 09:56:07,202 - INFO - Epoch: 0 |Total validation time:0h:0m:43s | Validation Loss: 4.3958 | Validation Balanced Accuracy: 11.5833 % 
2024-03-05 09:56:07,202 - INFO - Epoch: 0 |Total testing time: 0h:0m:51s | Test Loss: 1.6994 | Test Balanced Accuracy: 15.5767 %
2024-03-05 09:59:10,160 - INFO - Epoch: 1 |Total training time: 0h:1m:28s | Train Loss: 1.2006 | Train Balanced Accuracy: 35.5676 %
2024-03-05 09:59:10,160 - INFO - Epoch: 1 |Total validation time:0h:0m:43s | Validation Loss: 4.7943 | Validation Balanced Accuracy: 15.7139 % 
2024-03-05 09:59:10,160 - INFO - Epoch: 1 |Total testing time: 0h:0m:50s | Test Loss: 1.5434 | Test Balanced Accuracy: 25.4297 %
2024-03-05 10:02:12,875 - INFO - Epoch: 2 |Total training time: 0h:1m:27s | Train Loss: 0.9593 | Train Balanced Accuracy: 49.6167 %
2024-03-05 10:02:12,876 - INFO - Epoch: 2 |Total validation time:0h:0m:43s | Validation Loss: 4.8816 | Validation Balanced Accuracy: 14.8954 % 
2024-03-05 10:02:12,876 - INFO - Epoch: 2 |Total testing time: 0h:0m:51s | Test Loss: 1.4949 | Test Balanced Accuracy: 28.1497 %
2024-03-05 10:05:15,314 - INFO - Epoch: 3 |Total training time: 0h:1m:27s | Train Loss: 0.8376 | Train Balanced Accuracy: 56.7381 %
2024-03-05 10:05:15,315 - INFO - Epoch: 3 |Total validation time:0h:0m:43s | Validation Loss: 5.1398 | Validation Balanced Accuracy: 16.9870 % 
2024-03-05 10:05:15,315 - INFO - Epoch: 3 |Total testing time: 0h:0m:51s | Test Loss: 1.4776 | Test Balanced Accuracy: 30.8215 %
2024-03-05 10:08:18,190 - INFO - Epoch: 4 |Total training time: 0h:1m:27s | Train Loss: 0.7562 | Train Balanced Accuracy: 61.3845 %
2024-03-05 10:08:18,191 - INFO - Epoch: 4 |Total validation time:0h:0m:44s | Validation Loss: 5.2304 | Validation Balanced Accuracy: 17.7624 % 
2024-03-05 10:08:18,191 - INFO - Epoch: 4 |Total testing time: 0h:0m:50s | Test Loss: 1.4367 | Test Balanced Accuracy: 32.8612 %
2024-03-05 10:11:20,050 - INFO - Epoch: 5 |Total training time: 0h:1m:27s | Train Loss: 0.6949 | Train Balanced Accuracy: 64.3543 %
2024-03-05 10:11:20,051 - INFO - Epoch: 5 |Total validation time:0h:0m:43s | Validation Loss: 5.4271 | Validation Balanced Accuracy: 16.7751 % 
2024-03-05 10:11:20,051 - INFO - Epoch: 5 |Total testing time: 0h:0m:50s | Test Loss: 1.4484 | Test Balanced Accuracy: 33.1254 %
2024-03-05 10:14:21,963 - INFO - Epoch: 6 |Total training time: 0h:1m:27s | Train Loss: 0.6522 | Train Balanced Accuracy: 67.3948 %
2024-03-05 10:14:21,963 - INFO - Epoch: 6 |Total validation time:0h:0m:43s | Validation Loss: 5.5252 | Validation Balanced Accuracy: 17.7945 % 
2024-03-05 10:14:21,963 - INFO - Epoch: 6 |Total testing time: 0h:0m:50s | Test Loss: 1.4808 | Test Balanced Accuracy: 32.5527 %
2024-03-05 10:17:23,697 - INFO - Epoch: 7 |Total training time: 0h:1m:27s | Train Loss: 0.6133 | Train Balanced Accuracy: 69.5253 %
2024-03-05 10:17:23,698 - INFO - Epoch: 7 |Total validation time:0h:0m:43s | Validation Loss: 5.6332 | Validation Balanced Accuracy: 18.1846 % 
2024-03-05 10:17:23,698 - INFO - Epoch: 7 |Total testing time: 0h:0m:50s | Test Loss: 1.4634 | Test Balanced Accuracy: 34.7248 %
2024-03-05 10:20:25,811 - INFO - Epoch: 8 |Total training time: 0h:1m:27s | Train Loss: 0.5839 | Train Balanced Accuracy: 70.6722 %
2024-03-05 10:20:25,811 - INFO - Epoch: 8 |Total validation time:0h:0m:43s | Validation Loss: 5.7699 | Validation Balanced Accuracy: 17.3533 % 
2024-03-05 10:20:25,811 - INFO - Epoch: 8 |Total testing time: 0h:0m:50s | Test Loss: 1.4888 | Test Balanced Accuracy: 33.0574 %
2024-03-05 10:23:28,108 - INFO - Epoch: 9 |Total training time: 0h:1m:27s | Train Loss: 0.5582 | Train Balanced Accuracy: 72.9706 %
2024-03-05 10:23:28,108 - INFO - Epoch: 9 |Total validation time:0h:0m:43s | Validation Loss: 5.9205 | Validation Balanced Accuracy: 17.9983 % 
2024-03-05 10:23:28,108 - INFO - Epoch: 9 |Total testing time: 0h:0m:50s | Test Loss: 1.4944 | Test Balanced Accuracy: 32.6231 %
2024-03-05 10:23:34,445 - INFO - Saved checkpoint at epoch 9: /home/sur06423/hiwi/vit_exp/vision_tranformer_baseline/src/components/Grid_Search/experiments/Adam_06_cos_LR_0_003/runs/checkpoints/checkpoint_Adam_06_cos_LR_0_003_epoch_9.pth
2024-03-05 10:26:38,659 - INFO - Epoch: 10 |Total training time: 0h:1m:29s | Train Loss: 0.5389 | Train Balanced Accuracy: 74.2310 %
2024-03-05 10:26:38,659 - INFO - Epoch: 10 |Total validation time:0h:0m:43s | Validation Loss: 5.9041 | Validation Balanced Accuracy: 17.6433 % 
2024-03-05 10:26:38,659 - INFO - Epoch: 10 |Total testing time: 0h:0m:51s | Test Loss: 1.5064 | Test Balanced Accuracy: 32.6954 %
2024-03-05 10:29:40,629 - INFO - Epoch: 11 |Total training time: 0h:1m:27s | Train Loss: 0.5161 | Train Balanced Accuracy: 76.2332 %
2024-03-05 10:29:40,630 - INFO - Epoch: 11 |Total validation time:0h:0m:43s | Validation Loss: 6.0717 | Validation Balanced Accuracy: 18.3647 % 
2024-03-05 10:29:40,630 - INFO - Epoch: 11 |Total testing time: 0h:0m:50s | Test Loss: 1.5085 | Test Balanced Accuracy: 34.0493 %
2024-03-05 10:32:43,514 - INFO - Epoch: 12 |Total training time: 0h:1m:28s | Train Loss: 0.5008 | Train Balanced Accuracy: 76.4261 %
2024-03-05 10:32:43,514 - INFO - Epoch: 12 |Total validation time:0h:0m:43s | Validation Loss: 6.0081 | Validation Balanced Accuracy: 17.5116 % 
2024-03-05 10:32:43,514 - INFO - Epoch: 12 |Total testing time: 0h:0m:51s | Test Loss: 1.5034 | Test Balanced Accuracy: 35.6906 %
2024-03-05 10:35:46,659 - INFO - Epoch: 13 |Total training time: 0h:1m:28s | Train Loss: 0.4828 | Train Balanced Accuracy: 78.1375 %
2024-03-05 10:35:46,659 - INFO - Epoch: 13 |Total validation time:0h:0m:44s | Validation Loss: 6.1258 | Validation Balanced Accuracy: 17.6673 % 
2024-03-05 10:35:46,659 - INFO - Epoch: 13 |Total testing time: 0h:0m:51s | Test Loss: 1.5381 | Test Balanced Accuracy: 33.2434 %
2024-03-05 10:38:47,119 - INFO - Epoch: 14 |Total training time: 0h:1m:27s | Train Loss: 0.4712 | Train Balanced Accuracy: 78.6588 %
2024-03-05 10:38:47,120 - INFO - Epoch: 14 |Total validation time:0h:0m:43s | Validation Loss: 6.1087 | Validation Balanced Accuracy: 18.3773 % 
2024-03-05 10:38:47,120 - INFO - Epoch: 14 |Total testing time: 0h:0m:49s | Test Loss: 1.5887 | Test Balanced Accuracy: 31.8972 %
2024-03-05 10:41:48,061 - INFO - Epoch: 15 |Total training time: 0h:1m:27s | Train Loss: 0.4580 | Train Balanced Accuracy: 79.8786 %
2024-03-05 10:41:48,061 - INFO - Epoch: 15 |Total validation time:0h:0m:43s | Validation Loss: 6.3126 | Validation Balanced Accuracy: 17.6222 % 
2024-03-05 10:41:48,061 - INFO - Epoch: 15 |Total testing time: 0h:0m:50s | Test Loss: 1.5988 | Test Balanced Accuracy: 33.5470 %
2024-03-05 10:44:49,093 - INFO - Epoch: 16 |Total training time: 0h:1m:27s | Train Loss: 0.4456 | Train Balanced Accuracy: 80.7714 %
2024-03-05 10:44:49,093 - INFO - Epoch: 16 |Total validation time:0h:0m:43s | Validation Loss: 6.3627 | Validation Balanced Accuracy: 17.6444 % 
2024-03-05 10:44:49,093 - INFO - Epoch: 16 |Total testing time: 0h:0m:50s | Test Loss: 1.5594 | Test Balanced Accuracy: 33.3526 %
2024-03-05 10:47:50,154 - INFO - Epoch: 17 |Total training time: 0h:1m:27s | Train Loss: 0.4354 | Train Balanced Accuracy: 81.1307 %
2024-03-05 10:47:50,154 - INFO - Epoch: 17 |Total validation time:0h:0m:42s | Validation Loss: 6.4111 | Validation Balanced Accuracy: 17.2670 % 
2024-03-05 10:47:50,154 - INFO - Epoch: 17 |Total testing time: 0h:0m:50s | Test Loss: 1.5958 | Test Balanced Accuracy: 34.0811 %
2024-03-05 10:50:51,832 - INFO - Epoch: 18 |Total training time: 0h:1m:28s | Train Loss: 0.4261 | Train Balanced Accuracy: 81.7283 %
2024-03-05 10:50:51,833 - INFO - Epoch: 18 |Total validation time:0h:0m:43s | Validation Loss: 6.5392 | Validation Balanced Accuracy: 16.3870 % 
2024-03-05 10:50:51,833 - INFO - Epoch: 18 |Total testing time: 0h:0m:49s | Test Loss: 1.6027 | Test Balanced Accuracy: 33.0245 %
2024-03-05 10:54:14,213 - INFO - Epoch: 19 |Total training time: 0h:1m:36s | Train Loss: 0.4174 | Train Balanced Accuracy: 82.2702 %
2024-03-05 10:54:14,214 - INFO - Epoch: 19 |Total validation time:0h:0m:49s | Validation Loss: 6.4680 | Validation Balanced Accuracy: 18.4314 % 
2024-03-05 10:54:14,214 - INFO - Epoch: 19 |Total testing time: 0h:0m:56s | Test Loss: 1.5887 | Test Balanced Accuracy: 33.3384 %
2024-03-05 10:54:18,045 - INFO - Saved checkpoint at epoch 19: /home/sur06423/hiwi/vit_exp/vision_tranformer_baseline/src/components/Grid_Search/experiments/Adam_06_cos_LR_0_003/runs/checkpoints/checkpoint_Adam_06_cos_LR_0_003_epoch_19.pth
2024-03-05 10:57:20,037 - INFO - Epoch: 20 |Total training time: 0h:1m:28s | Train Loss: 0.4092 | Train Balanced Accuracy: 83.1071 %
2024-03-05 10:57:20,038 - INFO - Epoch: 20 |Total validation time:0h:0m:43s | Validation Loss: 6.4327 | Validation Balanced Accuracy: 17.8001 % 
2024-03-05 10:57:20,038 - INFO - Epoch: 20 |Total testing time: 0h:0m:50s | Test Loss: 1.6494 | Test Balanced Accuracy: 33.6596 %
2024-03-05 11:00:21,088 - INFO - Epoch: 21 |Total training time: 0h:1m:27s | Train Loss: 0.4001 | Train Balanced Accuracy: 83.5805 %
2024-03-05 11:00:21,088 - INFO - Epoch: 21 |Total validation time:0h:0m:43s | Validation Loss: 6.5527 | Validation Balanced Accuracy: 17.0257 % 
2024-03-05 11:00:21,088 - INFO - Epoch: 21 |Total testing time: 0h:0m:50s | Test Loss: 1.6119 | Test Balanced Accuracy: 35.2863 %
2024-03-05 11:03:22,979 - INFO - Epoch: 22 |Total training time: 0h:1m:27s | Train Loss: 0.3935 | Train Balanced Accuracy: 83.5723 %
2024-03-05 11:03:22,979 - INFO - Epoch: 22 |Total validation time:0h:0m:43s | Validation Loss: 6.6578 | Validation Balanced Accuracy: 16.8464 % 
2024-03-05 11:03:22,979 - INFO - Epoch: 22 |Total testing time: 0h:0m:50s | Test Loss: 1.6215 | Test Balanced Accuracy: 33.0515 %
2024-03-05 11:06:26,402 - INFO - Epoch: 23 |Total training time: 0h:1m:28s | Train Loss: 0.3858 | Train Balanced Accuracy: 84.2387 %
2024-03-05 11:06:26,403 - INFO - Epoch: 23 |Total validation time:0h:0m:43s | Validation Loss: 6.6512 | Validation Balanced Accuracy: 17.8917 % 
2024-03-05 11:06:26,403 - INFO - Epoch: 23 |Total testing time: 0h:0m:50s | Test Loss: 1.6364 | Test Balanced Accuracy: 32.9368 %
2024-03-05 11:09:29,907 - INFO - Epoch: 24 |Total training time: 0h:1m:28s | Train Loss: 0.3801 | Train Balanced Accuracy: 84.9779 %
2024-03-05 11:09:29,908 - INFO - Epoch: 24 |Total validation time:0h:0m:43s | Validation Loss: 6.7179 | Validation Balanced Accuracy: 18.5119 % 
2024-03-05 11:09:29,908 - INFO - Epoch: 24 |Total testing time: 0h:0m:51s | Test Loss: 1.6957 | Test Balanced Accuracy: 32.7217 %
2024-03-05 11:12:34,242 - INFO - Epoch: 25 |Total training time: 0h:1m:27s | Train Loss: 0.3732 | Train Balanced Accuracy: 85.3001 %
2024-03-05 11:12:34,242 - INFO - Epoch: 25 |Total validation time:0h:0m:43s | Validation Loss: 6.7136 | Validation Balanced Accuracy: 17.6940 % 
2024-03-05 11:12:34,242 - INFO - Epoch: 25 |Total testing time: 0h:0m:52s | Test Loss: 1.6826 | Test Balanced Accuracy: 33.0699 %
2024-03-05 11:15:54,508 - INFO - Epoch: 26 |Total training time: 0h:1m:39s | Train Loss: 0.3699 | Train Balanced Accuracy: 85.6064 %
2024-03-05 11:15:54,508 - INFO - Epoch: 26 |Total validation time:0h:0m:44s | Validation Loss: 6.9008 | Validation Balanced Accuracy: 17.0203 % 
2024-03-05 11:15:54,508 - INFO - Epoch: 26 |Total testing time: 0h:0m:56s | Test Loss: 1.6611 | Test Balanced Accuracy: 33.4891 %
2024-03-05 11:19:08,808 - INFO - Epoch: 27 |Total training time: 0h:1m:33s | Train Loss: 0.3633 | Train Balanced Accuracy: 85.8890 %
2024-03-05 11:19:08,808 - INFO - Epoch: 27 |Total validation time:0h:0m:45s | Validation Loss: 6.7912 | Validation Balanced Accuracy: 16.9224 % 
2024-03-05 11:19:08,808 - INFO - Epoch: 27 |Total testing time: 0h:0m:54s | Test Loss: 1.7076 | Test Balanced Accuracy: 32.2237 %
2024-03-05 11:22:28,694 - INFO - Epoch: 28 |Total training time: 0h:1m:36s | Train Loss: 0.3580 | Train Balanced Accuracy: 86.0593 %
2024-03-05 11:22:28,694 - INFO - Epoch: 28 |Total validation time:0h:0m:46s | Validation Loss: 6.9353 | Validation Balanced Accuracy: 17.4043 % 
2024-03-05 11:22:28,694 - INFO - Epoch: 28 |Total testing time: 0h:0m:57s | Test Loss: 1.7603 | Test Balanced Accuracy: 31.8280 %
2024-03-05 11:25:39,872 - INFO - Epoch: 29 |Total training time: 0h:1m:32s | Train Loss: 0.3548 | Train Balanced Accuracy: 86.5099 %
2024-03-05 11:25:39,872 - INFO - Epoch: 29 |Total validation time:0h:0m:45s | Validation Loss: 6.8984 | Validation Balanced Accuracy: 16.6150 % 
2024-03-05 11:25:39,872 - INFO - Epoch: 29 |Total testing time: 0h:0m:52s | Test Loss: 1.7424 | Test Balanced Accuracy: 34.7279 %
2024-03-05 11:25:44,205 - INFO - Saved checkpoint at epoch 29: /home/sur06423/hiwi/vit_exp/vision_tranformer_baseline/src/components/Grid_Search/experiments/Adam_06_cos_LR_0_003/runs/checkpoints/checkpoint_Adam_06_cos_LR_0_003_epoch_29.pth
2024-03-05 11:29:02,117 - INFO - Epoch: 30 |Total training time: 0h:1m:38s | Train Loss: 0.3495 | Train Balanced Accuracy: 87.1057 %
2024-03-05 11:29:02,117 - INFO - Epoch: 30 |Total validation time:0h:0m:44s | Validation Loss: 6.9518 | Validation Balanced Accuracy: 17.8306 % 
2024-03-05 11:29:02,117 - INFO - Epoch: 30 |Total testing time: 0h:0m:54s | Test Loss: 1.7052 | Test Balanced Accuracy: 32.9074 %
2024-03-05 11:32:23,067 - INFO - Epoch: 31 |Total training time: 0h:1m:42s | Train Loss: 0.3462 | Train Balanced Accuracy: 87.2878 %
2024-03-05 11:32:23,067 - INFO - Epoch: 31 |Total validation time:0h:0m:46s | Validation Loss: 7.1027 | Validation Balanced Accuracy: 16.7915 % 
2024-03-05 11:32:23,067 - INFO - Epoch: 31 |Total testing time: 0h:0m:51s | Test Loss: 1.7435 | Test Balanced Accuracy: 32.5384 %
2024-03-05 11:35:45,276 - INFO - Epoch: 32 |Total training time: 0h:1m:39s | Train Loss: 0.3414 | Train Balanced Accuracy: 87.3571 %
2024-03-05 11:35:45,276 - INFO - Epoch: 32 |Total validation time:0h:0m:48s | Validation Loss: 7.0998 | Validation Balanced Accuracy: 17.7925 % 
2024-03-05 11:35:45,276 - INFO - Epoch: 32 |Total testing time: 0h:0m:54s | Test Loss: 1.7290 | Test Balanced Accuracy: 32.9417 %
2024-03-05 11:39:09,613 - INFO - Epoch: 33 |Total training time: 0h:1m:41s | Train Loss: 0.3375 | Train Balanced Accuracy: 87.5877 %
2024-03-05 11:39:09,613 - INFO - Epoch: 33 |Total validation time:0h:0m:45s | Validation Loss: 7.0190 | Validation Balanced Accuracy: 18.1347 % 
2024-03-05 11:39:09,613 - INFO - Epoch: 33 |Total testing time: 0h:0m:57s | Test Loss: 1.7292 | Test Balanced Accuracy: 34.1106 %
2024-03-05 11:42:29,057 - INFO - Epoch: 34 |Total training time: 0h:1m:36s | Train Loss: 0.3337 | Train Balanced Accuracy: 87.6220 %
2024-03-05 11:42:29,057 - INFO - Epoch: 34 |Total validation time:0h:0m:48s | Validation Loss: 7.1516 | Validation Balanced Accuracy: 17.3505 % 
2024-03-05 11:42:29,057 - INFO - Epoch: 34 |Total testing time: 0h:0m:54s | Test Loss: 1.7348 | Test Balanced Accuracy: 33.2194 %
2024-03-05 11:45:52,138 - INFO - Epoch: 35 |Total training time: 0h:1m:38s | Train Loss: 0.3300 | Train Balanced Accuracy: 88.1845 %
2024-03-05 11:45:52,138 - INFO - Epoch: 35 |Total validation time:0h:0m:46s | Validation Loss: 7.1178 | Validation Balanced Accuracy: 17.7063 % 
2024-03-05 11:45:52,138 - INFO - Epoch: 35 |Total testing time: 0h:0m:57s | Test Loss: 1.7399 | Test Balanced Accuracy: 32.9882 %
2024-03-05 11:49:12,334 - INFO - Epoch: 36 |Total training time: 0h:1m:37s | Train Loss: 0.3278 | Train Balanced Accuracy: 88.6047 %
2024-03-05 11:49:12,334 - INFO - Epoch: 36 |Total validation time:0h:0m:48s | Validation Loss: 7.1695 | Validation Balanced Accuracy: 17.8242 % 
2024-03-05 11:49:12,334 - INFO - Epoch: 36 |Total testing time: 0h:0m:54s | Test Loss: 1.7790 | Test Balanced Accuracy: 33.2754 %
2024-03-05 11:52:33,671 - INFO - Epoch: 37 |Total training time: 0h:1m:37s | Train Loss: 0.3243 | Train Balanced Accuracy: 88.4884 %
2024-03-05 11:52:33,671 - INFO - Epoch: 37 |Total validation time:0h:0m:46s | Validation Loss: 7.1664 | Validation Balanced Accuracy: 17.6005 % 
2024-03-05 11:52:33,671 - INFO - Epoch: 37 |Total testing time: 0h:0m:57s | Test Loss: 1.7755 | Test Balanced Accuracy: 33.0713 %
2024-03-05 11:55:58,894 - INFO - Epoch: 38 |Total training time: 0h:1m:38s | Train Loss: 0.3206 | Train Balanced Accuracy: 88.6125 %
2024-03-05 11:55:58,895 - INFO - Epoch: 38 |Total validation time:0h:0m:52s | Validation Loss: 7.1989 | Validation Balanced Accuracy: 17.3577 % 
2024-03-05 11:55:58,895 - INFO - Epoch: 38 |Total testing time: 0h:0m:53s | Test Loss: 1.7770 | Test Balanced Accuracy: 32.9119 %
2024-03-05 11:59:24,961 - INFO - Epoch: 39 |Total training time: 0h:1m:41s | Train Loss: 0.3193 | Train Balanced Accuracy: 88.7156 %
2024-03-05 11:59:24,961 - INFO - Epoch: 39 |Total validation time:0h:0m:45s | Validation Loss: 7.2670 | Validation Balanced Accuracy: 17.6849 % 
2024-03-05 11:59:24,961 - INFO - Epoch: 39 |Total testing time: 0h:0m:58s | Test Loss: 1.8128 | Test Balanced Accuracy: 32.8510 %
2024-03-05 11:59:28,070 - INFO - Saved checkpoint at epoch 39: /home/sur06423/hiwi/vit_exp/vision_tranformer_baseline/src/components/Grid_Search/experiments/Adam_06_cos_LR_0_003/runs/checkpoints/checkpoint_Adam_06_cos_LR_0_003_epoch_39.pth
2024-03-05 12:02:49,224 - INFO - Epoch: 40 |Total training time: 0h:1m:38s | Train Loss: 0.3165 | Train Balanced Accuracy: 89.0835 %
2024-03-05 12:02:49,224 - INFO - Epoch: 40 |Total validation time:0h:0m:48s | Validation Loss: 7.1638 | Validation Balanced Accuracy: 17.6690 % 
2024-03-05 12:02:49,224 - INFO - Epoch: 40 |Total testing time: 0h:0m:54s | Test Loss: 1.8157 | Test Balanced Accuracy: 32.3424 %
2024-03-05 12:06:12,671 - INFO - Epoch: 41 |Total training time: 0h:1m:39s | Train Loss: 0.3134 | Train Balanced Accuracy: 89.2168 %
2024-03-05 12:06:12,671 - INFO - Epoch: 41 |Total validation time:0h:0m:46s | Validation Loss: 7.3119 | Validation Balanced Accuracy: 17.2097 % 
2024-03-05 12:06:12,671 - INFO - Epoch: 41 |Total testing time: 0h:0m:57s | Test Loss: 1.7864 | Test Balanced Accuracy: 33.3210 %
2024-03-05 12:09:33,919 - INFO - Epoch: 42 |Total training time: 0h:1m:38s | Train Loss: 0.3115 | Train Balanced Accuracy: 89.4007 %
2024-03-05 12:09:33,919 - INFO - Epoch: 42 |Total validation time:0h:0m:49s | Validation Loss: 7.3901 | Validation Balanced Accuracy: 17.1938 % 
2024-03-05 12:09:33,919 - INFO - Epoch: 42 |Total testing time: 0h:0m:53s | Test Loss: 1.8056 | Test Balanced Accuracy: 32.4715 %
2024-03-05 12:12:47,996 - INFO - Epoch: 43 |Total training time: 0h:1m:39s | Train Loss: 0.3095 | Train Balanced Accuracy: 89.4358 %
2024-03-05 12:12:47,997 - INFO - Epoch: 43 |Total validation time:0h:0m:44s | Validation Loss: 7.3930 | Validation Balanced Accuracy: 16.4114 % 
2024-03-05 12:12:47,997 - INFO - Epoch: 43 |Total testing time: 0h:0m:50s | Test Loss: 1.8272 | Test Balanced Accuracy: 32.0210 %
2024-03-05 12:16:11,103 - INFO - Epoch: 44 |Total training time: 0h:1m:36s | Train Loss: 0.3079 | Train Balanced Accuracy: 89.5817 %
2024-03-05 12:16:11,103 - INFO - Epoch: 44 |Total validation time:0h:0m:46s | Validation Loss: 7.3042 | Validation Balanced Accuracy: 17.2922 % 
2024-03-05 12:16:11,103 - INFO - Epoch: 44 |Total testing time: 0h:1m:0s | Test Loss: 1.8299 | Test Balanced Accuracy: 32.3793 %
2024-03-05 12:20:42,637 - INFO - Epoch: 45 |Total training time: 0h:1m:51s | Train Loss: 0.3052 | Train Balanced Accuracy: 89.9014 %
2024-03-05 12:20:42,637 - INFO - Epoch: 45 |Total validation time:0h:1m:8s | Validation Loss: 7.3273 | Validation Balanced Accuracy: 17.0217 % 
2024-03-05 12:20:42,637 - INFO - Epoch: 45 |Total testing time: 0h:1m:32s | Test Loss: 1.8434 | Test Balanced Accuracy: 32.6909 %
2024-03-05 12:25:09,544 - INFO - Epoch: 46 |Total training time: 0h:2m:0s | Train Loss: 0.3031 | Train Balanced Accuracy: 90.2841 %
2024-03-05 12:25:09,545 - INFO - Epoch: 46 |Total validation time:0h:1m:8s | Validation Loss: 7.4287 | Validation Balanced Accuracy: 17.0607 % 
2024-03-05 12:25:09,545 - INFO - Epoch: 46 |Total testing time: 0h:1m:18s | Test Loss: 1.8134 | Test Balanced Accuracy: 32.5918 %
2024-03-05 12:29:20,910 - INFO - Epoch: 47 |Total training time: 0h:2m:4s | Train Loss: 0.3020 | Train Balanced Accuracy: 90.1068 %
2024-03-05 12:29:20,911 - INFO - Epoch: 47 |Total validation time:0h:1m:0s | Validation Loss: 7.4274 | Validation Balanced Accuracy: 17.3598 % 
2024-03-05 12:29:20,911 - INFO - Epoch: 47 |Total testing time: 0h:1m:6s | Test Loss: 1.8371 | Test Balanced Accuracy: 31.8996 %
2024-03-05 12:32:34,319 - INFO - Epoch: 48 |Total training time: 0h:1m:33s | Train Loss: 0.3006 | Train Balanced Accuracy: 90.0947 %
2024-03-05 12:32:34,320 - INFO - Epoch: 48 |Total validation time:0h:0m:46s | Validation Loss: 7.3814 | Validation Balanced Accuracy: 17.6736 % 
2024-03-05 12:32:34,320 - INFO - Epoch: 48 |Total testing time: 0h:0m:53s | Test Loss: 1.8533 | Test Balanced Accuracy: 32.6668 %
2024-03-05 12:35:57,972 - INFO - Epoch: 49 |Total training time: 0h:1m:42s | Train Loss: 0.2978 | Train Balanced Accuracy: 90.2232 %
2024-03-05 12:35:57,972 - INFO - Epoch: 49 |Total validation time:0h:0m:45s | Validation Loss: 7.3796 | Validation Balanced Accuracy: 17.3703 % 
2024-03-05 12:35:57,972 - INFO - Epoch: 49 |Total testing time: 0h:0m:55s | Test Loss: 1.8651 | Test Balanced Accuracy: 32.4174 %
2024-03-05 12:36:02,449 - INFO - Saved checkpoint at epoch 49: /home/sur06423/hiwi/vit_exp/vision_tranformer_baseline/src/components/Grid_Search/experiments/Adam_06_cos_LR_0_003/runs/checkpoints/checkpoint_Adam_06_cos_LR_0_003_epoch_49.pth
2024-03-05 12:39:26,030 - INFO - Epoch: 50 |Total training time: 0h:1m:45s | Train Loss: 0.2964 | Train Balanced Accuracy: 90.4032 %
2024-03-05 12:39:26,030 - INFO - Epoch: 50 |Total validation time:0h:0m:46s | Validation Loss: 7.4370 | Validation Balanced Accuracy: 17.3234 % 
2024-03-05 12:39:26,030 - INFO - Epoch: 50 |Total testing time: 0h:0m:52s | Test Loss: 1.8529 | Test Balanced Accuracy: 33.5149 %
2024-03-05 12:42:48,134 - INFO - Epoch: 51 |Total training time: 0h:1m:39s | Train Loss: 0.2956 | Train Balanced Accuracy: 90.5070 %
2024-03-05 12:42:48,135 - INFO - Epoch: 51 |Total validation time:0h:0m:47s | Validation Loss: 7.5224 | Validation Balanced Accuracy: 17.0885 % 
2024-03-05 12:42:48,135 - INFO - Epoch: 51 |Total testing time: 0h:0m:54s | Test Loss: 1.8590 | Test Balanced Accuracy: 33.0670 %
2024-03-05 12:46:08,395 - INFO - Epoch: 52 |Total training time: 0h:1m:42s | Train Loss: 0.2937 | Train Balanced Accuracy: 90.4382 %
2024-03-05 12:46:08,395 - INFO - Epoch: 52 |Total validation time:0h:0m:46s | Validation Loss: 7.4695 | Validation Balanced Accuracy: 17.3345 % 
2024-03-05 12:46:08,395 - INFO - Epoch: 52 |Total testing time: 0h:0m:52s | Test Loss: 1.8457 | Test Balanced Accuracy: 32.8861 %
2024-03-05 12:49:28,759 - INFO - Epoch: 53 |Total training time: 0h:1m:38s | Train Loss: 0.2927 | Train Balanced Accuracy: 90.6918 %
2024-03-05 12:49:28,759 - INFO - Epoch: 53 |Total validation time:0h:0m:47s | Validation Loss: 7.5120 | Validation Balanced Accuracy: 17.5474 % 
2024-03-05 12:49:28,759 - INFO - Epoch: 53 |Total testing time: 0h:0m:54s | Test Loss: 1.8625 | Test Balanced Accuracy: 33.0944 %
2024-03-05 12:52:54,486 - INFO - Epoch: 54 |Total training time: 0h:1m:44s | Train Loss: 0.2911 | Train Balanced Accuracy: 90.7305 %
2024-03-05 12:52:54,487 - INFO - Epoch: 54 |Total validation time:0h:0m:45s | Validation Loss: 7.4818 | Validation Balanced Accuracy: 17.4056 % 
2024-03-05 12:52:54,487 - INFO - Epoch: 54 |Total testing time: 0h:0m:55s | Test Loss: 1.8427 | Test Balanced Accuracy: 33.2598 %
2024-03-05 12:56:15,548 - INFO - Epoch: 55 |Total training time: 0h:1m:37s | Train Loss: 0.2903 | Train Balanced Accuracy: 90.7867 %
2024-03-05 12:56:15,548 - INFO - Epoch: 55 |Total validation time:0h:0m:48s | Validation Loss: 7.5186 | Validation Balanced Accuracy: 17.4486 % 
2024-03-05 12:56:15,548 - INFO - Epoch: 55 |Total testing time: 0h:0m:55s | Test Loss: 1.8534 | Test Balanced Accuracy: 33.3618 %
2024-03-05 12:59:42,116 - INFO - Epoch: 56 |Total training time: 0h:1m:41s | Train Loss: 0.2892 | Train Balanced Accuracy: 90.9447 %
2024-03-05 12:59:42,117 - INFO - Epoch: 56 |Total validation time:0h:0m:47s | Validation Loss: 7.4945 | Validation Balanced Accuracy: 17.3503 % 
2024-03-05 12:59:42,117 - INFO - Epoch: 56 |Total testing time: 0h:0m:58s | Test Loss: 1.8712 | Test Balanced Accuracy: 32.6853 %
2024-03-05 13:02:59,445 - INFO - Epoch: 57 |Total training time: 0h:1m:36s | Train Loss: 0.2886 | Train Balanced Accuracy: 90.6430 %
2024-03-05 13:02:59,446 - INFO - Epoch: 57 |Total validation time:0h:0m:47s | Validation Loss: 7.5347 | Validation Balanced Accuracy: 17.3994 % 
2024-03-05 13:02:59,446 - INFO - Epoch: 57 |Total testing time: 0h:0m:53s | Test Loss: 1.8597 | Test Balanced Accuracy: 33.4187 %
2024-03-05 13:06:22,855 - INFO - Epoch: 58 |Total training time: 0h:1m:42s | Train Loss: 0.2874 | Train Balanced Accuracy: 91.0353 %
2024-03-05 13:06:22,855 - INFO - Epoch: 58 |Total validation time:0h:0m:46s | Validation Loss: 7.5725 | Validation Balanced Accuracy: 17.5094 % 
2024-03-05 13:06:22,855 - INFO - Epoch: 58 |Total testing time: 0h:0m:55s | Test Loss: 1.8577 | Test Balanced Accuracy: 33.0537 %
2024-03-05 13:09:33,774 - INFO - Epoch: 59 |Total training time: 0h:1m:32s | Train Loss: 0.2867 | Train Balanced Accuracy: 90.9963 %
2024-03-05 13:09:33,775 - INFO - Epoch: 59 |Total validation time:0h:0m:45s | Validation Loss: 7.5119 | Validation Balanced Accuracy: 17.2804 % 
2024-03-05 13:09:33,775 - INFO - Epoch: 59 |Total testing time: 0h:0m:53s | Test Loss: 1.8653 | Test Balanced Accuracy: 33.1209 %
2024-03-05 13:09:43,229 - INFO - Saved checkpoint at epoch 59: /home/sur06423/hiwi/vit_exp/vision_tranformer_baseline/src/components/Grid_Search/experiments/Adam_06_cos_LR_0_003/runs/checkpoints/checkpoint_Adam_06_cos_LR_0_003_epoch_59.pth
2024-03-05 13:13:11,551 - INFO - Epoch: 60 |Total training time: 0h:1m:44s | Train Loss: 0.2859 | Train Balanced Accuracy: 91.0692 %
2024-03-05 13:13:11,551 - INFO - Epoch: 60 |Total validation time:0h:0m:45s | Validation Loss: 7.5178 | Validation Balanced Accuracy: 17.3825 % 
2024-03-05 13:13:11,551 - INFO - Epoch: 60 |Total testing time: 0h:0m:57s | Test Loss: 1.8814 | Test Balanced Accuracy: 33.1024 %
2024-03-05 13:16:24,766 - INFO - Epoch: 61 |Total training time: 0h:1m:33s | Train Loss: 0.2853 | Train Balanced Accuracy: 91.1817 %
2024-03-05 13:16:24,766 - INFO - Epoch: 61 |Total validation time:0h:0m:45s | Validation Loss: 7.5707 | Validation Balanced Accuracy: 17.1901 % 
2024-03-05 13:16:24,766 - INFO - Epoch: 61 |Total testing time: 0h:0m:54s | Test Loss: 1.8781 | Test Balanced Accuracy: 32.7544 %
2024-03-05 13:19:26,719 - INFO - Epoch: 62 |Total training time: 0h:1m:28s | Train Loss: 0.2847 | Train Balanced Accuracy: 91.1461 %
2024-03-05 13:19:26,719 - INFO - Epoch: 62 |Total validation time:0h:0m:43s | Validation Loss: 7.5248 | Validation Balanced Accuracy: 17.3296 % 
2024-03-05 13:19:26,719 - INFO - Epoch: 62 |Total testing time: 0h:0m:50s | Test Loss: 1.8812 | Test Balanced Accuracy: 32.8832 %
2024-03-05 13:22:28,791 - INFO - Epoch: 63 |Total training time: 0h:1m:27s | Train Loss: 0.2838 | Train Balanced Accuracy: 91.2212 %
2024-03-05 13:22:28,792 - INFO - Epoch: 63 |Total validation time:0h:0m:43s | Validation Loss: 7.5737 | Validation Balanced Accuracy: 17.2070 % 
2024-03-05 13:22:28,792 - INFO - Epoch: 63 |Total testing time: 0h:0m:50s | Test Loss: 1.8741 | Test Balanced Accuracy: 33.1351 %
2024-03-05 13:25:45,366 - INFO - Epoch: 64 |Total training time: 0h:1m:28s | Train Loss: 0.2832 | Train Balanced Accuracy: 91.3576 %
2024-03-05 13:25:45,366 - INFO - Epoch: 64 |Total validation time:0h:0m:45s | Validation Loss: 7.5506 | Validation Balanced Accuracy: 17.1843 % 
2024-03-05 13:25:45,366 - INFO - Epoch: 64 |Total testing time: 0h:1m:2s | Test Loss: 1.8748 | Test Balanced Accuracy: 33.0140 %
2024-03-05 13:28:59,294 - INFO - Epoch: 65 |Total training time: 0h:1m:39s | Train Loss: 0.2828 | Train Balanced Accuracy: 91.4334 %
2024-03-05 13:28:59,294 - INFO - Epoch: 65 |Total validation time:0h:0m:42s | Validation Loss: 7.5684 | Validation Balanced Accuracy: 17.2804 % 
2024-03-05 13:28:59,294 - INFO - Epoch: 65 |Total testing time: 0h:0m:51s | Test Loss: 1.8778 | Test Balanced Accuracy: 33.2352 %
2024-03-05 13:32:06,974 - INFO - Epoch: 66 |Total training time: 0h:1m:29s | Train Loss: 0.2824 | Train Balanced Accuracy: 91.2077 %
2024-03-05 13:32:06,975 - INFO - Epoch: 66 |Total validation time:0h:0m:45s | Validation Loss: 7.5608 | Validation Balanced Accuracy: 17.2195 % 
2024-03-05 13:32:06,975 - INFO - Epoch: 66 |Total testing time: 0h:0m:53s | Test Loss: 1.8811 | Test Balanced Accuracy: 33.0474 %
2024-03-05 13:35:11,338 - INFO - Epoch: 67 |Total training time: 0h:1m:29s | Train Loss: 0.2820 | Train Balanced Accuracy: 91.4723 %
2024-03-05 13:35:11,339 - INFO - Epoch: 67 |Total validation time:0h:0m:42s | Validation Loss: 7.5564 | Validation Balanced Accuracy: 17.2847 % 
2024-03-05 13:35:11,341 - INFO - Epoch: 67 |Total testing time: 0h:0m:51s | Test Loss: 1.8823 | Test Balanced Accuracy: 33.0817 %
2024-03-05 13:38:14,298 - INFO - Epoch: 68 |Total training time: 0h:1m:27s | Train Loss: 0.2817 | Train Balanced Accuracy: 91.3996 %
2024-03-05 13:38:14,299 - INFO - Epoch: 68 |Total validation time:0h:0m:43s | Validation Loss: 7.5848 | Validation Balanced Accuracy: 17.2761 % 
2024-03-05 13:38:14,301 - INFO - Epoch: 68 |Total testing time: 0h:0m:51s | Test Loss: 1.8859 | Test Balanced Accuracy: 33.2819 %
2024-03-05 13:41:17,823 - INFO - Epoch: 69 |Total training time: 0h:1m:28s | Train Loss: 0.2813 | Train Balanced Accuracy: 91.5404 %
2024-03-05 13:41:17,823 - INFO - Epoch: 69 |Total validation time:0h:0m:44s | Validation Loss: 7.5748 | Validation Balanced Accuracy: 17.3268 % 
2024-03-05 13:41:17,824 - INFO - Epoch: 69 |Total testing time: 0h:0m:51s | Test Loss: 1.8774 | Test Balanced Accuracy: 33.4136 %
2024-03-05 13:41:19,816 - INFO - Saved checkpoint at epoch 69: /home/sur06423/hiwi/vit_exp/vision_tranformer_baseline/src/components/Grid_Search/experiments/Adam_06_cos_LR_0_003/runs/checkpoints/checkpoint_Adam_06_cos_LR_0_003_epoch_69.pth
2024-03-05 13:44:24,066 - INFO - Epoch: 70 |Total training time: 0h:1m:29s | Train Loss: 0.2811 | Train Balanced Accuracy: 91.3256 %
2024-03-05 13:44:24,066 - INFO - Epoch: 70 |Total validation time:0h:0m:43s | Validation Loss: 7.5749 | Validation Balanced Accuracy: 17.2586 % 
2024-03-05 13:44:24,066 - INFO - Epoch: 70 |Total testing time: 0h:0m:51s | Test Loss: 1.8814 | Test Balanced Accuracy: 33.3783 %
2024-03-05 13:47:29,052 - INFO - Epoch: 71 |Total training time: 0h:1m:29s | Train Loss: 0.2807 | Train Balanced Accuracy: 91.4593 %
2024-03-05 13:47:29,052 - INFO - Epoch: 71 |Total validation time:0h:0m:44s | Validation Loss: 7.5778 | Validation Balanced Accuracy: 17.2657 % 
2024-03-05 13:47:29,052 - INFO - Epoch: 71 |Total testing time: 0h:0m:51s | Test Loss: 1.8835 | Test Balanced Accuracy: 33.0434 %
2024-03-05 13:50:31,787 - INFO - Epoch: 72 |Total training time: 0h:1m:27s | Train Loss: 0.2805 | Train Balanced Accuracy: 91.5109 %
2024-03-05 13:50:31,788 - INFO - Epoch: 72 |Total validation time:0h:0m:43s | Validation Loss: 7.5772 | Validation Balanced Accuracy: 17.2884 % 
2024-03-05 13:50:31,790 - INFO - Epoch: 72 |Total testing time: 0h:0m:51s | Test Loss: 1.8838 | Test Balanced Accuracy: 32.9372 %
2024-03-05 13:53:36,051 - INFO - Epoch: 73 |Total training time: 0h:1m:28s | Train Loss: 0.2804 | Train Balanced Accuracy: 91.5039 %
2024-03-05 13:53:36,051 - INFO - Epoch: 73 |Total validation time:0h:0m:44s | Validation Loss: 7.5756 | Validation Balanced Accuracy: 17.2952 % 
2024-03-05 13:53:36,053 - INFO - Epoch: 73 |Total testing time: 0h:0m:51s | Test Loss: 1.8845 | Test Balanced Accuracy: 33.0022 %
2024-03-05 13:56:40,443 - INFO - Epoch: 74 |Total training time: 0h:1m:28s | Train Loss: 0.2802 | Train Balanced Accuracy: 91.4719 %
2024-03-05 13:56:40,443 - INFO - Epoch: 74 |Total validation time:0h:0m:44s | Validation Loss: 7.5808 | Validation Balanced Accuracy: 17.2692 % 
2024-03-05 13:56:40,443 - INFO - Epoch: 74 |Total testing time: 0h:0m:51s | Test Loss: 1.8842 | Test Balanced Accuracy: 32.9924 %
2024-03-05 13:59:43,429 - INFO - Epoch: 75 |Total training time: 0h:1m:28s | Train Loss: 0.2801 | Train Balanced Accuracy: 91.5357 %
2024-03-05 13:59:43,430 - INFO - Epoch: 75 |Total validation time:0h:0m:44s | Validation Loss: 7.5787 | Validation Balanced Accuracy: 17.2748 % 
2024-03-05 13:59:43,430 - INFO - Epoch: 75 |Total testing time: 0h:0m:50s | Test Loss: 1.8836 | Test Balanced Accuracy: 33.0668 %
2024-03-05 14:02:46,761 - INFO - Epoch: 76 |Total training time: 0h:1m:27s | Train Loss: 0.2801 | Train Balanced Accuracy: 91.5366 %
2024-03-05 14:02:46,761 - INFO - Epoch: 76 |Total validation time:0h:0m:43s | Validation Loss: 7.5821 | Validation Balanced Accuracy: 17.2661 % 
2024-03-05 14:02:46,761 - INFO - Epoch: 76 |Total testing time: 0h:0m:51s | Test Loss: 1.8846 | Test Balanced Accuracy: 33.0123 %
2024-03-05 14:05:51,715 - INFO - Epoch: 77 |Total training time: 0h:1m:29s | Train Loss: 0.2800 | Train Balanced Accuracy: 91.5373 %
2024-03-05 14:05:51,715 - INFO - Epoch: 77 |Total validation time:0h:0m:43s | Validation Loss: 7.5828 | Validation Balanced Accuracy: 17.2579 % 
2024-03-05 14:05:51,715 - INFO - Epoch: 77 |Total testing time: 0h:0m:50s | Test Loss: 1.8848 | Test Balanced Accuracy: 33.0065 %
2024-03-05 14:08:54,989 - INFO - Epoch: 78 |Total training time: 0h:1m:27s | Train Loss: 0.2800 | Train Balanced Accuracy: 91.5363 %
2024-03-05 14:08:54,989 - INFO - Epoch: 78 |Total validation time:0h:0m:44s | Validation Loss: 7.5837 | Validation Balanced Accuracy: 17.2583 % 
2024-03-05 14:08:54,989 - INFO - Epoch: 78 |Total testing time: 0h:0m:51s | Test Loss: 1.8847 | Test Balanced Accuracy: 33.0065 %
2024-03-05 14:11:58,393 - INFO - Epoch: 79 |Total training time: 0h:1m:27s | Train Loss: 0.2800 | Train Balanced Accuracy: 91.5501 %
2024-03-05 14:11:58,393 - INFO - Epoch: 79 |Total validation time:0h:0m:44s | Validation Loss: 7.5844 | Validation Balanced Accuracy: 17.2583 % 
2024-03-05 14:11:58,393 - INFO - Epoch: 79 |Total testing time: 0h:0m:51s | Test Loss: 1.8847 | Test Balanced Accuracy: 33.0065 %
2024-03-05 14:12:03,782 - INFO - Saved checkpoint at epoch 79: /home/sur06423/hiwi/vit_exp/vision_tranformer_baseline/src/components/Grid_Search/experiments/Adam_06_cos_LR_0_003/runs/checkpoints/checkpoint_Adam_06_cos_LR_0_003_epoch_79.pth
2024-03-05 14:12:03,784 - INFO - Total training, validation and testing time: 4h:19m:9s.
