2024-04-13 11:36:47,964 - INFO - This file contains logs for: SGD_LI_4_5e_4_to_1_5e_4_Slope_neg_2_5e_6
2024-04-13 11:36:47,964 - INFO - Epoch: 0 |Total training time: 0h:1m:50s | Train Loss: 0.5905 | Train Balanced Accuracy: 50.9202 %
2024-04-13 11:36:47,964 - INFO - Epoch: 0 |Total validation time:0h:0m:45s | Validation Loss: 0.5095 | Validation Balanced Accuracy: 50.0199 % 
2024-04-13 11:36:47,964 - INFO - Epoch: 0 |Total testing time: 0h:0m:56s | Test Loss: 0.6088 | Test Balanced Accuracy: 57.7902 %
2024-04-13 11:40:12,748 - INFO - This file contains logs for: SGD_LI_4_5e_4_to_1_5e_4_Slope_neg_2_5e_6
2024-04-13 11:40:12,749 - INFO - Epoch: 1 |Total training time: 0h:1m:44s | Train Loss: 0.5444 | Train Balanced Accuracy: 52.3590 %
2024-04-13 11:40:12,749 - INFO - Epoch: 1 |Total validation time:0h:0m:43s | Validation Loss: 0.4727 | Validation Balanced Accuracy: 51.7821 % 
2024-04-13 11:40:12,749 - INFO - Epoch: 1 |Total testing time: 0h:0m:56s | Test Loss: 0.5751 | Test Balanced Accuracy: 60.2376 %
2024-04-13 11:43:38,739 - INFO - This file contains logs for: SGD_LI_4_5e_4_to_1_5e_4_Slope_neg_2_5e_6
2024-04-13 11:43:38,740 - INFO - Epoch: 2 |Total training time: 0h:1m:47s | Train Loss: 0.5081 | Train Balanced Accuracy: 58.5466 %
2024-04-13 11:43:38,740 - INFO - Epoch: 2 |Total validation time:0h:0m:43s | Validation Loss: 0.4440 | Validation Balanced Accuracy: 56.0988 % 
2024-04-13 11:43:38,740 - INFO - Epoch: 2 |Total testing time: 0h:0m:54s | Test Loss: 0.5488 | Test Balanced Accuracy: 62.3861 %
2024-04-13 11:47:06,124 - INFO - This file contains logs for: SGD_LI_4_5e_4_to_1_5e_4_Slope_neg_2_5e_6
2024-04-13 11:47:06,125 - INFO - Epoch: 3 |Total training time: 0h:1m:48s | Train Loss: 0.4808 | Train Balanced Accuracy: 64.0160 %
2024-04-13 11:47:06,125 - INFO - Epoch: 3 |Total validation time:0h:0m:44s | Validation Loss: 0.4255 | Validation Balanced Accuracy: 62.6156 % 
2024-04-13 11:47:06,125 - INFO - Epoch: 3 |Total testing time: 0h:0m:54s | Test Loss: 0.5286 | Test Balanced Accuracy: 65.5297 %
2024-04-13 11:50:36,716 - INFO - This file contains logs for: SGD_LI_4_5e_4_to_1_5e_4_Slope_neg_2_5e_6
2024-04-13 11:50:36,716 - INFO - Epoch: 4 |Total training time: 0h:1m:50s | Train Loss: 0.4592 | Train Balanced Accuracy: 67.0356 %
2024-04-13 11:50:36,716 - INFO - Epoch: 4 |Total validation time:0h:0m:44s | Validation Loss: 0.4180 | Validation Balanced Accuracy: 74.5625 % 
2024-04-13 11:50:36,725 - INFO - Epoch: 4 |Total testing time: 0h:0m:56s | Test Loss: 0.5136 | Test Balanced Accuracy: 71.6615 %
2024-04-13 11:54:04,954 - INFO - This file contains logs for: SGD_LI_4_5e_4_to_1_5e_4_Slope_neg_2_5e_6
2024-04-13 11:54:04,955 - INFO - Epoch: 5 |Total training time: 0h:1m:49s | Train Loss: 0.4418 | Train Balanced Accuracy: 70.7419 %
2024-04-13 11:54:04,955 - INFO - Epoch: 5 |Total validation time:0h:0m:45s | Validation Loss: 0.4027 | Validation Balanced Accuracy: 75.2787 % 
2024-04-13 11:54:04,955 - INFO - Epoch: 5 |Total testing time: 0h:0m:53s | Test Loss: 0.4991 | Test Balanced Accuracy: 73.1291 %
2024-04-13 11:57:39,122 - INFO - This file contains logs for: SGD_LI_4_5e_4_to_1_5e_4_Slope_neg_2_5e_6
2024-04-13 11:57:39,124 - INFO - Epoch: 6 |Total training time: 0h:1m:50s | Train Loss: 0.4269 | Train Balanced Accuracy: 72.8930 %
2024-04-13 11:57:39,125 - INFO - Epoch: 6 |Total validation time:0h:0m:46s | Validation Loss: 0.3931 | Validation Balanced Accuracy: 77.5943 % 
2024-04-13 11:57:39,125 - INFO - Epoch: 6 |Total testing time: 0h:0m:57s | Test Loss: 0.4875 | Test Balanced Accuracy: 75.6400 %
2024-04-13 12:01:17,999 - INFO - This file contains logs for: SGD_LI_4_5e_4_to_1_5e_4_Slope_neg_2_5e_6
2024-04-13 12:01:17,999 - INFO - Epoch: 7 |Total training time: 0h:1m:53s | Train Loss: 0.4143 | Train Balanced Accuracy: 74.1169 %
2024-04-13 12:01:17,999 - INFO - Epoch: 7 |Total validation time:0h:0m:46s | Validation Loss: 0.3836 | Validation Balanced Accuracy: 78.9004 % 
2024-04-13 12:01:17,999 - INFO - Epoch: 7 |Total testing time: 0h:0m:58s | Test Loss: 0.4770 | Test Balanced Accuracy: 76.9151 %
2024-04-13 12:04:55,054 - INFO - This file contains logs for: SGD_LI_4_5e_4_to_1_5e_4_Slope_neg_2_5e_6
2024-04-13 12:04:55,055 - INFO - Epoch: 8 |Total training time: 0h:1m:52s | Train Loss: 0.4032 | Train Balanced Accuracy: 75.5485 %
2024-04-13 12:04:55,055 - INFO - Epoch: 8 |Total validation time:0h:0m:45s | Validation Loss: 0.3755 | Validation Balanced Accuracy: 79.5815 % 
2024-04-13 12:04:55,055 - INFO - Epoch: 8 |Total testing time: 0h:0m:59s | Test Loss: 0.4680 | Test Balanced Accuracy: 77.9733 %
2024-04-13 12:08:32,379 - INFO - This file contains logs for: SGD_LI_4_5e_4_to_1_5e_4_Slope_neg_2_5e_6
2024-04-13 12:08:32,380 - INFO - Epoch: 9 |Total training time: 0h:1m:52s | Train Loss: 0.3933 | Train Balanced Accuracy: 76.8423 %
2024-04-13 12:08:32,380 - INFO - Epoch: 9 |Total validation time:0h:0m:46s | Validation Loss: 0.3692 | Validation Balanced Accuracy: 80.5090 % 
2024-04-13 12:08:32,380 - INFO - Epoch: 9 |Total testing time: 0h:0m:57s | Test Loss: 0.4601 | Test Balanced Accuracy: 79.6023 %
2024-04-13 12:12:11,396 - INFO - This file contains logs for: SGD_LI_4_5e_4_to_1_5e_4_Slope_neg_2_5e_6
2024-04-13 12:12:11,397 - INFO - Epoch: 10 |Total training time: 0h:1m:53s | Train Loss: 0.3845 | Train Balanced Accuracy: 78.1408 %
2024-04-13 12:12:11,397 - INFO - Epoch: 10 |Total validation time:0h:0m:46s | Validation Loss: 0.3650 | Validation Balanced Accuracy: 82.7372 % 
2024-04-13 12:12:11,397 - INFO - Epoch: 10 |Total testing time: 0h:0m:59s | Test Loss: 0.4534 | Test Balanced Accuracy: 81.2556 %
2024-04-13 12:15:48,026 - INFO - This file contains logs for: SGD_LI_4_5e_4_to_1_5e_4_Slope_neg_2_5e_6
2024-04-13 12:15:48,027 - INFO - Epoch: 11 |Total training time: 0h:1m:51s | Train Loss: 0.3766 | Train Balanced Accuracy: 78.5181 %
2024-04-13 12:15:48,027 - INFO - Epoch: 11 |Total validation time:0h:0m:46s | Validation Loss: 0.3591 | Validation Balanced Accuracy: 83.1382 % 
2024-04-13 12:15:48,027 - INFO - Epoch: 11 |Total testing time: 0h:0m:57s | Test Loss: 0.4468 | Test Balanced Accuracy: 81.8061 %
2024-04-13 12:19:25,635 - INFO - This file contains logs for: SGD_LI_4_5e_4_to_1_5e_4_Slope_neg_2_5e_6
2024-04-13 12:19:25,635 - INFO - Epoch: 12 |Total training time: 0h:1m:51s | Train Loss: 0.3692 | Train Balanced Accuracy: 79.5329 %
2024-04-13 12:19:25,635 - INFO - Epoch: 12 |Total validation time:0h:0m:46s | Validation Loss: 0.3546 | Validation Balanced Accuracy: 83.3193 % 
2024-04-13 12:19:25,636 - INFO - Epoch: 12 |Total testing time: 0h:0m:59s | Test Loss: 0.4412 | Test Balanced Accuracy: 82.7851 %
2024-04-13 12:23:03,862 - INFO - This file contains logs for: SGD_LI_4_5e_4_to_1_5e_4_Slope_neg_2_5e_6
2024-04-13 12:23:03,863 - INFO - Epoch: 13 |Total training time: 0h:1m:51s | Train Loss: 0.3625 | Train Balanced Accuracy: 80.2458 %
2024-04-13 12:23:03,863 - INFO - Epoch: 13 |Total validation time:0h:0m:46s | Validation Loss: 0.3506 | Validation Balanced Accuracy: 83.6171 % 
2024-04-13 12:23:03,863 - INFO - Epoch: 13 |Total testing time: 0h:1m:0s | Test Loss: 0.4361 | Test Balanced Accuracy: 83.6355 %
2024-04-13 12:26:41,619 - INFO - This file contains logs for: SGD_LI_4_5e_4_to_1_5e_4_Slope_neg_2_5e_6
2024-04-13 12:26:41,620 - INFO - Epoch: 14 |Total training time: 0h:1m:52s | Train Loss: 0.3563 | Train Balanced Accuracy: 81.3660 %
2024-04-13 12:26:41,620 - INFO - Epoch: 14 |Total validation time:0h:0m:46s | Validation Loss: 0.3445 | Validation Balanced Accuracy: 83.3403 % 
2024-04-13 12:26:41,620 - INFO - Epoch: 14 |Total testing time: 0h:0m:59s | Test Loss: 0.4306 | Test Balanced Accuracy: 83.3291 %
2024-04-13 12:30:19,124 - INFO - This file contains logs for: SGD_LI_4_5e_4_to_1_5e_4_Slope_neg_2_5e_6
2024-04-13 12:30:19,125 - INFO - Epoch: 15 |Total training time: 0h:1m:50s | Train Loss: 0.3506 | Train Balanced Accuracy: 81.6566 %
2024-04-13 12:30:19,125 - INFO - Epoch: 15 |Total validation time:0h:0m:47s | Validation Loss: 0.3403 | Validation Balanced Accuracy: 83.7584 % 
2024-04-13 12:30:19,125 - INFO - Epoch: 15 |Total testing time: 0h:1m:0s | Test Loss: 0.4260 | Test Balanced Accuracy: 83.6994 %
2024-04-13 12:33:57,689 - INFO - This file contains logs for: SGD_LI_4_5e_4_to_1_5e_4_Slope_neg_2_5e_6
2024-04-13 12:33:57,690 - INFO - Epoch: 16 |Total training time: 0h:1m:51s | Train Loss: 0.3453 | Train Balanced Accuracy: 82.2186 %
2024-04-13 12:33:57,690 - INFO - Epoch: 16 |Total validation time:0h:0m:46s | Validation Loss: 0.3367 | Validation Balanced Accuracy: 83.8572 % 
2024-04-13 12:33:57,690 - INFO - Epoch: 16 |Total testing time: 0h:1m:0s | Test Loss: 0.4218 | Test Balanced Accuracy: 84.1593 %
2024-04-13 12:37:34,711 - INFO - This file contains logs for: SGD_LI_4_5e_4_to_1_5e_4_Slope_neg_2_5e_6
2024-04-13 12:37:34,713 - INFO - Epoch: 17 |Total training time: 0h:1m:50s | Train Loss: 0.3403 | Train Balanced Accuracy: 83.0747 %
2024-04-13 12:37:34,719 - INFO - Epoch: 17 |Total validation time:0h:0m:46s | Validation Loss: 0.3325 | Validation Balanced Accuracy: 84.0059 % 
2024-04-13 12:37:34,719 - INFO - Epoch: 17 |Total testing time: 0h:1m:0s | Test Loss: 0.4177 | Test Balanced Accuracy: 84.2417 %
2024-04-13 12:41:09,817 - INFO - This file contains logs for: SGD_LI_4_5e_4_to_1_5e_4_Slope_neg_2_5e_6
2024-04-13 12:41:09,818 - INFO - Epoch: 18 |Total training time: 0h:1m:49s | Train Loss: 0.3356 | Train Balanced Accuracy: 83.0872 %
2024-04-13 12:41:09,818 - INFO - Epoch: 18 |Total validation time:0h:0m:46s | Validation Loss: 0.3306 | Validation Balanced Accuracy: 84.4882 % 
2024-04-13 12:41:09,818 - INFO - Epoch: 18 |Total testing time: 0h:0m:59s | Test Loss: 0.4145 | Test Balanced Accuracy: 85.0229 %
2024-04-13 12:44:48,881 - INFO - This file contains logs for: SGD_LI_4_5e_4_to_1_5e_4_Slope_neg_2_5e_6
2024-04-13 12:44:48,881 - INFO - Epoch: 19 |Total training time: 0h:1m:53s | Train Loss: 0.3312 | Train Balanced Accuracy: 84.2517 %
2024-04-13 12:44:48,881 - INFO - Epoch: 19 |Total validation time:0h:0m:46s | Validation Loss: 0.3252 | Validation Balanced Accuracy: 83.7790 % 
2024-04-13 12:44:48,881 - INFO - Epoch: 19 |Total testing time: 0h:0m:59s | Test Loss: 0.4105 | Test Balanced Accuracy: 84.5452 %
2024-04-13 12:48:36,534 - INFO - This file contains logs for: SGD_LI_4_5e_4_to_1_5e_4_Slope_neg_2_5e_6
2024-04-13 12:48:36,534 - INFO - Epoch: 20 |Total training time: 0h:1m:50s | Train Loss: 0.3271 | Train Balanced Accuracy: 84.7125 %
2024-04-13 12:48:36,534 - INFO - Epoch: 20 |Total validation time:0h:0m:46s | Validation Loss: 0.3219 | Validation Balanced Accuracy: 83.8133 % 
2024-04-13 12:48:36,534 - INFO - Epoch: 20 |Total testing time: 0h:1m:10s | Test Loss: 0.4071 | Test Balanced Accuracy: 84.6105 %
2024-04-13 12:52:17,307 - INFO - This file contains logs for: SGD_LI_4_5e_4_to_1_5e_4_Slope_neg_2_5e_6
2024-04-13 12:52:17,307 - INFO - Epoch: 21 |Total training time: 0h:1m:52s | Train Loss: 0.3231 | Train Balanced Accuracy: 84.3670 %
2024-04-13 12:52:17,308 - INFO - Epoch: 21 |Total validation time:0h:0m:46s | Validation Loss: 0.3218 | Validation Balanced Accuracy: 85.0467 % 
2024-04-13 12:52:17,315 - INFO - Epoch: 21 |Total testing time: 0h:1m:1s | Test Loss: 0.4048 | Test Balanced Accuracy: 85.5326 %
2024-04-13 12:55:52,361 - INFO - This file contains logs for: SGD_LI_4_5e_4_to_1_5e_4_Slope_neg_2_5e_6
2024-04-13 12:55:52,362 - INFO - Epoch: 22 |Total training time: 0h:1m:48s | Train Loss: 0.3194 | Train Balanced Accuracy: 85.7264 %
2024-04-13 12:55:52,362 - INFO - Epoch: 22 |Total validation time:0h:0m:45s | Validation Loss: 0.3163 | Validation Balanced Accuracy: 84.0328 % 
2024-04-13 12:55:52,362 - INFO - Epoch: 22 |Total testing time: 0h:1m:0s | Test Loss: 0.4013 | Test Balanced Accuracy: 84.8495 %
2024-04-13 12:59:28,734 - INFO - This file contains logs for: SGD_LI_4_5e_4_to_1_5e_4_Slope_neg_2_5e_6
2024-04-13 12:59:28,735 - INFO - Epoch: 23 |Total training time: 0h:1m:49s | Train Loss: 0.3160 | Train Balanced Accuracy: 84.9507 %
2024-04-13 12:59:28,735 - INFO - Epoch: 23 |Total validation time:0h:0m:46s | Validation Loss: 0.3167 | Validation Balanced Accuracy: 85.3829 % 
2024-04-13 12:59:28,735 - INFO - Epoch: 23 |Total testing time: 0h:1m:0s | Test Loss: 0.3993 | Test Balanced Accuracy: 85.5256 %
2024-04-13 13:03:06,119 - INFO - This file contains logs for: SGD_LI_4_5e_4_to_1_5e_4_Slope_neg_2_5e_6
2024-04-13 13:03:06,120 - INFO - Epoch: 24 |Total training time: 0h:1m:50s | Train Loss: 0.3126 | Train Balanced Accuracy: 86.0154 %
2024-04-13 13:03:06,128 - INFO - Epoch: 24 |Total validation time:0h:0m:46s | Validation Loss: 0.3122 | Validation Balanced Accuracy: 84.3385 % 
2024-04-13 13:03:06,128 - INFO - Epoch: 24 |Total testing time: 0h:1m:0s | Test Loss: 0.3963 | Test Balanced Accuracy: 85.1323 %
2024-04-13 13:06:41,807 - INFO - This file contains logs for: SGD_LI_4_5e_4_to_1_5e_4_Slope_neg_2_5e_6
2024-04-13 13:06:41,808 - INFO - Epoch: 25 |Total training time: 0h:1m:50s | Train Loss: 0.3093 | Train Balanced Accuracy: 86.4706 %
2024-04-13 13:06:41,808 - INFO - Epoch: 25 |Total validation time:0h:0m:45s | Validation Loss: 0.3104 | Validation Balanced Accuracy: 84.7741 % 
2024-04-13 13:06:41,808 - INFO - Epoch: 25 |Total testing time: 0h:0m:59s | Test Loss: 0.3940 | Test Balanced Accuracy: 85.1614 %
2024-04-13 13:10:20,650 - INFO - This file contains logs for: SGD_LI_4_5e_4_to_1_5e_4_Slope_neg_2_5e_6
2024-04-13 13:10:20,652 - INFO - Epoch: 26 |Total training time: 0h:1m:52s | Train Loss: 0.3062 | Train Balanced Accuracy: 86.6701 %
2024-04-13 13:10:20,657 - INFO - Epoch: 26 |Total validation time:0h:0m:46s | Validation Loss: 0.3082 | Validation Balanced Accuracy: 84.8456 % 
2024-04-13 13:10:20,658 - INFO - Epoch: 26 |Total testing time: 0h:0m:59s | Test Loss: 0.3917 | Test Balanced Accuracy: 85.2729 %
2024-04-13 13:13:59,288 - INFO - This file contains logs for: SGD_LI_4_5e_4_to_1_5e_4_Slope_neg_2_5e_6
2024-04-13 13:13:59,289 - INFO - Epoch: 27 |Total training time: 0h:1m:51s | Train Loss: 0.3033 | Train Balanced Accuracy: 86.7222 %
2024-04-13 13:13:59,289 - INFO - Epoch: 27 |Total validation time:0h:0m:45s | Validation Loss: 0.3065 | Validation Balanced Accuracy: 84.9091 % 
2024-04-13 13:13:59,289 - INFO - Epoch: 27 |Total testing time: 0h:1m:1s | Test Loss: 0.3897 | Test Balanced Accuracy: 85.4372 %
2024-04-13 13:17:34,249 - INFO - This file contains logs for: SGD_LI_4_5e_4_to_1_5e_4_Slope_neg_2_5e_6
2024-04-13 13:17:34,250 - INFO - Epoch: 28 |Total training time: 0h:1m:50s | Train Loss: 0.3005 | Train Balanced Accuracy: 87.4763 %
2024-04-13 13:17:34,250 - INFO - Epoch: 28 |Total validation time:0h:0m:45s | Validation Loss: 0.3034 | Validation Balanced Accuracy: 84.6622 % 
2024-04-13 13:17:34,251 - INFO - Epoch: 28 |Total testing time: 0h:0m:58s | Test Loss: 0.3874 | Test Balanced Accuracy: 85.2077 %
2024-04-13 13:21:12,643 - INFO - This file contains logs for: SGD_LI_4_5e_4_to_1_5e_4_Slope_neg_2_5e_6
2024-04-13 13:21:12,644 - INFO - Epoch: 29 |Total training time: 0h:1m:51s | Train Loss: 0.2979 | Train Balanced Accuracy: 87.4221 %
2024-04-13 13:21:12,644 - INFO - Epoch: 29 |Total validation time:0h:0m:45s | Validation Loss: 0.3026 | Validation Balanced Accuracy: 85.2389 % 
2024-04-13 13:21:12,644 - INFO - Epoch: 29 |Total testing time: 0h:1m:1s | Test Loss: 0.3857 | Test Balanced Accuracy: 85.6283 %
2024-04-13 13:21:14,569 - INFO - Saved checkpoint at epoch 29: /home/sur06423/hiwi/vit_exp/vision_tranformer_baseline/src/components/distraction_detection_d_a/grid_search_ddp/experiments_grid_search/SGD_LI_4_5e_4_to_1_5e_4_Slope_neg_2_5e_6/runs/checkpoints/checkpoint_SGD_LI_4_5e_4_to_1_5e_4_Slope_neg_2_5e_6_epoch_29.pth
2024-04-13 13:24:50,103 - INFO - This file contains logs for: SGD_LI_4_5e_4_to_1_5e_4_Slope_neg_2_5e_6
2024-04-13 13:24:50,104 - INFO - Epoch: 30 |Total training time: 0h:1m:48s | Train Loss: 0.2953 | Train Balanced Accuracy: 87.8585 %
2024-04-13 13:24:50,112 - INFO - Epoch: 30 |Total validation time:0h:0m:46s | Validation Loss: 0.3000 | Validation Balanced Accuracy: 84.9120 % 
2024-04-13 13:24:50,112 - INFO - Epoch: 30 |Total testing time: 0h:1m:0s | Test Loss: 0.3837 | Test Balanced Accuracy: 85.3919 %
2024-04-13 13:28:30,764 - INFO - This file contains logs for: SGD_LI_4_5e_4_to_1_5e_4_Slope_neg_2_5e_6
2024-04-13 13:28:30,764 - INFO - Epoch: 31 |Total training time: 0h:1m:52s | Train Loss: 0.2928 | Train Balanced Accuracy: 88.0813 %
2024-04-13 13:28:30,764 - INFO - Epoch: 31 |Total validation time:0h:0m:46s | Validation Loss: 0.2989 | Validation Balanced Accuracy: 85.2493 % 
2024-04-13 13:28:30,764 - INFO - Epoch: 31 |Total testing time: 0h:1m:1s | Test Loss: 0.3821 | Test Balanced Accuracy: 85.7018 %
2024-04-13 13:32:07,545 - INFO - This file contains logs for: SGD_LI_4_5e_4_to_1_5e_4_Slope_neg_2_5e_6
2024-04-13 13:32:07,546 - INFO - Epoch: 32 |Total training time: 0h:1m:50s | Train Loss: 0.2904 | Train Balanced Accuracy: 88.4472 %
2024-04-13 13:32:07,546 - INFO - Epoch: 32 |Total validation time:0h:0m:46s | Validation Loss: 0.2966 | Validation Balanced Accuracy: 84.8335 % 
2024-04-13 13:32:07,546 - INFO - Epoch: 32 |Total testing time: 0h:1m:0s | Test Loss: 0.3803 | Test Balanced Accuracy: 85.4058 %
2024-04-13 13:35:42,725 - INFO - This file contains logs for: SGD_LI_4_5e_4_to_1_5e_4_Slope_neg_2_5e_6
2024-04-13 13:35:42,726 - INFO - Epoch: 33 |Total training time: 0h:1m:49s | Train Loss: 0.2882 | Train Balanced Accuracy: 88.4124 %
2024-04-13 13:35:42,726 - INFO - Epoch: 33 |Total validation time:0h:0m:45s | Validation Loss: 0.2956 | Validation Balanced Accuracy: 85.0910 % 
2024-04-13 13:35:42,726 - INFO - Epoch: 33 |Total testing time: 0h:0m:59s | Test Loss: 0.3788 | Test Balanced Accuracy: 85.6987 %
2024-04-13 13:39:18,209 - INFO - This file contains logs for: SGD_LI_4_5e_4_to_1_5e_4_Slope_neg_2_5e_6
2024-04-13 13:39:18,210 - INFO - Epoch: 34 |Total training time: 0h:1m:50s | Train Loss: 0.2860 | Train Balanced Accuracy: 88.5618 %
2024-04-13 13:39:18,215 - INFO - Epoch: 34 |Total validation time:0h:0m:45s | Validation Loss: 0.2940 | Validation Balanced Accuracy: 85.1253 % 
2024-04-13 13:39:18,215 - INFO - Epoch: 34 |Total testing time: 0h:0m:59s | Test Loss: 0.3773 | Test Balanced Accuracy: 85.7434 %
2024-04-13 13:42:54,403 - INFO - This file contains logs for: SGD_LI_4_5e_4_to_1_5e_4_Slope_neg_2_5e_6
2024-04-13 13:42:54,404 - INFO - Epoch: 35 |Total training time: 0h:1m:49s | Train Loss: 0.2839 | Train Balanced Accuracy: 88.9260 %
2024-04-13 13:42:54,404 - INFO - Epoch: 35 |Total validation time:0h:0m:46s | Validation Loss: 0.2920 | Validation Balanced Accuracy: 84.8515 % 
2024-04-13 13:42:54,409 - INFO - Epoch: 35 |Total testing time: 0h:0m:59s | Test Loss: 0.3758 | Test Balanced Accuracy: 85.5442 %
2024-04-13 13:46:25,822 - INFO - This file contains logs for: SGD_LI_4_5e_4_to_1_5e_4_Slope_neg_2_5e_6
2024-04-13 13:46:25,823 - INFO - Epoch: 36 |Total training time: 0h:1m:49s | Train Loss: 0.2819 | Train Balanced Accuracy: 88.7518 %
2024-04-13 13:46:25,823 - INFO - Epoch: 36 |Total validation time:0h:0m:46s | Validation Loss: 0.2916 | Validation Balanced Accuracy: 85.3053 % 
2024-04-13 13:46:25,823 - INFO - Epoch: 36 |Total testing time: 0h:0m:55s | Test Loss: 0.3745 | Test Balanced Accuracy: 85.8751 %
2024-04-13 13:49:53,222 - INFO - This file contains logs for: SGD_LI_4_5e_4_to_1_5e_4_Slope_neg_2_5e_6
2024-04-13 13:49:53,223 - INFO - Epoch: 37 |Total training time: 0h:1m:45s | Train Loss: 0.2799 | Train Balanced Accuracy: 89.2848 %
2024-04-13 13:49:53,223 - INFO - Epoch: 37 |Total validation time:0h:0m:45s | Validation Loss: 0.2893 | Validation Balanced Accuracy: 84.6766 % 
2024-04-13 13:49:53,223 - INFO - Epoch: 37 |Total testing time: 0h:0m:56s | Test Loss: 0.3732 | Test Balanced Accuracy: 85.5788 %
2024-04-13 13:53:22,445 - INFO - This file contains logs for: SGD_LI_4_5e_4_to_1_5e_4_Slope_neg_2_5e_6
2024-04-13 13:53:22,446 - INFO - Epoch: 38 |Total training time: 0h:1m:46s | Train Loss: 0.2780 | Train Balanced Accuracy: 89.2626 %
2024-04-13 13:53:22,446 - INFO - Epoch: 38 |Total validation time:0h:0m:46s | Validation Loss: 0.2887 | Validation Balanced Accuracy: 85.4322 % 
2024-04-13 13:53:22,446 - INFO - Epoch: 38 |Total testing time: 0h:0m:56s | Test Loss: 0.3719 | Test Balanced Accuracy: 85.9318 %
2024-04-13 13:56:56,063 - INFO - This file contains logs for: SGD_LI_4_5e_4_to_1_5e_4_Slope_neg_2_5e_6
2024-04-13 13:56:56,063 - INFO - Epoch: 39 |Total training time: 0h:1m:47s | Train Loss: 0.2762 | Train Balanced Accuracy: 89.3154 %
2024-04-13 13:56:56,064 - INFO - Epoch: 39 |Total validation time:0h:0m:46s | Validation Loss: 0.2871 | Validation Balanced Accuracy: 85.1876 % 
2024-04-13 13:56:56,064 - INFO - Epoch: 39 |Total testing time: 0h:0m:59s | Test Loss: 0.3706 | Test Balanced Accuracy: 85.7881 %
2024-04-13 14:00:31,204 - INFO - This file contains logs for: SGD_LI_4_5e_4_to_1_5e_4_Slope_neg_2_5e_6
2024-04-13 14:00:31,205 - INFO - Epoch: 40 |Total training time: 0h:1m:50s | Train Loss: 0.2744 | Train Balanced Accuracy: 89.4645 %
2024-04-13 14:00:31,205 - INFO - Epoch: 40 |Total validation time:0h:0m:46s | Validation Loss: 0.2863 | Validation Balanced Accuracy: 85.3562 % 
2024-04-13 14:00:31,205 - INFO - Epoch: 40 |Total testing time: 0h:0m:57s | Test Loss: 0.3695 | Test Balanced Accuracy: 85.9854 %
2024-04-13 14:04:06,849 - INFO - This file contains logs for: SGD_LI_4_5e_4_to_1_5e_4_Slope_neg_2_5e_6
2024-04-13 14:04:06,850 - INFO - Epoch: 41 |Total training time: 0h:1m:48s | Train Loss: 0.2726 | Train Balanced Accuracy: 89.6705 %
2024-04-13 14:04:06,850 - INFO - Epoch: 41 |Total validation time:0h:0m:46s | Validation Loss: 0.2845 | Validation Balanced Accuracy: 84.7390 % 
2024-04-13 14:04:06,850 - INFO - Epoch: 41 |Total testing time: 0h:1m:0s | Test Loss: 0.3684 | Test Balanced Accuracy: 85.6852 %
2024-04-13 14:07:42,890 - INFO - This file contains logs for: SGD_LI_4_5e_4_to_1_5e_4_Slope_neg_2_5e_6
2024-04-13 14:07:42,890 - INFO - Epoch: 42 |Total training time: 0h:1m:52s | Train Loss: 0.2710 | Train Balanced Accuracy: 89.6695 %
2024-04-13 14:07:42,891 - INFO - Epoch: 42 |Total validation time:0h:0m:46s | Validation Loss: 0.2839 | Validation Balanced Accuracy: 85.3260 % 
2024-04-13 14:07:42,891 - INFO - Epoch: 42 |Total testing time: 0h:0m:57s | Test Loss: 0.3672 | Test Balanced Accuracy: 86.0282 %
2024-04-13 14:11:25,042 - INFO - This file contains logs for: SGD_LI_4_5e_4_to_1_5e_4_Slope_neg_2_5e_6
2024-04-13 14:11:25,043 - INFO - Epoch: 43 |Total training time: 0h:1m:54s | Train Loss: 0.2694 | Train Balanced Accuracy: 89.8461 %
2024-04-13 14:11:25,043 - INFO - Epoch: 43 |Total validation time:0h:0m:46s | Validation Loss: 0.2823 | Validation Balanced Accuracy: 84.6744 % 
2024-04-13 14:11:25,043 - INFO - Epoch: 43 |Total testing time: 0h:1m:1s | Test Loss: 0.3664 | Test Balanced Accuracy: 85.6911 %
2024-04-13 14:14:57,620 - INFO - This file contains logs for: SGD_LI_4_5e_4_to_1_5e_4_Slope_neg_2_5e_6
2024-04-13 14:14:57,621 - INFO - Epoch: 44 |Total training time: 0h:1m:49s | Train Loss: 0.2678 | Train Balanced Accuracy: 89.8456 %
2024-04-13 14:14:57,621 - INFO - Epoch: 44 |Total validation time:0h:0m:46s | Validation Loss: 0.2819 | Validation Balanced Accuracy: 85.3180 % 
2024-04-13 14:14:57,621 - INFO - Epoch: 44 |Total testing time: 0h:0m:57s | Test Loss: 0.3652 | Test Balanced Accuracy: 86.0989 %
2024-04-13 14:18:30,495 - INFO - This file contains logs for: SGD_LI_4_5e_4_to_1_5e_4_Slope_neg_2_5e_6
2024-04-13 14:18:30,496 - INFO - Epoch: 45 |Total training time: 0h:1m:49s | Train Loss: 0.2663 | Train Balanced Accuracy: 90.0853 %
2024-04-13 14:18:30,496 - INFO - Epoch: 45 |Total validation time:0h:0m:46s | Validation Loss: 0.2803 | Validation Balanced Accuracy: 84.6161 % 
2024-04-13 14:18:30,496 - INFO - Epoch: 45 |Total testing time: 0h:0m:57s | Test Loss: 0.3644 | Test Balanced Accuracy: 85.7428 %
2024-04-13 14:22:02,232 - INFO - This file contains logs for: SGD_LI_4_5e_4_to_1_5e_4_Slope_neg_2_5e_6
2024-04-13 14:22:02,233 - INFO - Epoch: 46 |Total training time: 0h:1m:49s | Train Loss: 0.2648 | Train Balanced Accuracy: 89.9871 %
2024-04-13 14:22:02,233 - INFO - Epoch: 46 |Total validation time:0h:0m:45s | Validation Loss: 0.2798 | Validation Balanced Accuracy: 85.1157 % 
2024-04-13 14:22:02,233 - INFO - Epoch: 46 |Total testing time: 0h:0m:57s | Test Loss: 0.3634 | Test Balanced Accuracy: 85.9225 %
2024-04-13 14:25:32,621 - INFO - This file contains logs for: SGD_LI_4_5e_4_to_1_5e_4_Slope_neg_2_5e_6
2024-04-13 14:25:32,622 - INFO - Epoch: 47 |Total training time: 0h:1m:47s | Train Loss: 0.2634 | Train Balanced Accuracy: 90.1873 %
2024-04-13 14:25:32,622 - INFO - Epoch: 47 |Total validation time:0h:0m:46s | Validation Loss: 0.2788 | Validation Balanced Accuracy: 85.0053 % 
2024-04-13 14:25:32,622 - INFO - Epoch: 47 |Total testing time: 0h:0m:56s | Test Loss: 0.3624 | Test Balanced Accuracy: 85.9412 %
2024-04-13 14:29:06,077 - INFO - This file contains logs for: SGD_LI_4_5e_4_to_1_5e_4_Slope_neg_2_5e_6
2024-04-13 14:29:06,077 - INFO - Epoch: 48 |Total training time: 0h:1m:49s | Train Loss: 0.2620 | Train Balanced Accuracy: 90.0575 %
2024-04-13 14:29:06,078 - INFO - Epoch: 48 |Total validation time:0h:0m:47s | Validation Loss: 0.2780 | Validation Balanced Accuracy: 85.1271 % 
2024-04-13 14:29:06,078 - INFO - Epoch: 48 |Total testing time: 0h:0m:56s | Test Loss: 0.3615 | Test Balanced Accuracy: 86.0399 %
2024-04-13 14:32:36,657 - INFO - This file contains logs for: SGD_LI_4_5e_4_to_1_5e_4_Slope_neg_2_5e_6
2024-04-13 14:32:36,657 - INFO - Epoch: 49 |Total training time: 0h:1m:48s | Train Loss: 0.2607 | Train Balanced Accuracy: 90.4021 %
2024-04-13 14:32:36,657 - INFO - Epoch: 49 |Total validation time:0h:0m:46s | Validation Loss: 0.2768 | Validation Balanced Accuracy: 84.4755 % 
2024-04-13 14:32:36,657 - INFO - Epoch: 49 |Total testing time: 0h:0m:55s | Test Loss: 0.3608 | Test Balanced Accuracy: 85.8462 %
2024-04-13 14:36:08,223 - INFO - This file contains logs for: SGD_LI_4_5e_4_to_1_5e_4_Slope_neg_2_5e_6
2024-04-13 14:36:08,224 - INFO - Epoch: 50 |Total training time: 0h:1m:47s | Train Loss: 0.2593 | Train Balanced Accuracy: 90.2312 %
2024-04-13 14:36:08,224 - INFO - Epoch: 50 |Total validation time:0h:0m:46s | Validation Loss: 0.2764 | Validation Balanced Accuracy: 85.1157 % 
2024-04-13 14:36:08,224 - INFO - Epoch: 50 |Total testing time: 0h:0m:57s | Test Loss: 0.3598 | Test Balanced Accuracy: 86.1176 %
2024-04-13 14:39:42,295 - INFO - This file contains logs for: SGD_LI_4_5e_4_to_1_5e_4_Slope_neg_2_5e_6
2024-04-13 14:39:42,295 - INFO - Epoch: 51 |Total training time: 0h:1m:48s | Train Loss: 0.2581 | Train Balanced Accuracy: 90.5612 %
2024-04-13 14:39:42,295 - INFO - Epoch: 51 |Total validation time:0h:0m:46s | Validation Loss: 0.2752 | Validation Balanced Accuracy: 84.5567 % 
2024-04-13 14:39:42,296 - INFO - Epoch: 51 |Total testing time: 0h:0m:59s | Test Loss: 0.3593 | Test Balanced Accuracy: 85.9297 %
2024-04-13 14:43:13,114 - INFO - This file contains logs for: SGD_LI_4_5e_4_to_1_5e_4_Slope_neg_2_5e_6
2024-04-13 14:43:13,114 - INFO - Epoch: 52 |Total training time: 0h:1m:47s | Train Loss: 0.2568 | Train Balanced Accuracy: 90.4500 %
2024-04-13 14:43:13,115 - INFO - Epoch: 52 |Total validation time:0h:0m:46s | Validation Loss: 0.2748 | Validation Balanced Accuracy: 84.9585 % 
2024-04-13 14:43:13,115 - INFO - Epoch: 52 |Total testing time: 0h:0m:57s | Test Loss: 0.3582 | Test Balanced Accuracy: 86.1394 %
2024-04-13 14:46:48,363 - INFO - This file contains logs for: SGD_LI_4_5e_4_to_1_5e_4_Slope_neg_2_5e_6
2024-04-13 14:46:48,363 - INFO - Epoch: 53 |Total training time: 0h:1m:49s | Train Loss: 0.2556 | Train Balanced Accuracy: 90.5841 %
2024-04-13 14:46:48,363 - INFO - Epoch: 53 |Total validation time:0h:0m:47s | Validation Loss: 0.2738 | Validation Balanced Accuracy: 84.8533 % 
2024-04-13 14:46:48,364 - INFO - Epoch: 53 |Total testing time: 0h:0m:58s | Test Loss: 0.3575 | Test Balanced Accuracy: 86.0466 %
2024-04-13 14:50:19,009 - INFO - This file contains logs for: SGD_LI_4_5e_4_to_1_5e_4_Slope_neg_2_5e_6
2024-04-13 14:50:19,009 - INFO - Epoch: 54 |Total training time: 0h:1m:48s | Train Loss: 0.2544 | Train Balanced Accuracy: 90.6696 %
2024-04-13 14:50:19,010 - INFO - Epoch: 54 |Total validation time:0h:0m:44s | Validation Loss: 0.2733 | Validation Balanced Accuracy: 84.7129 % 
2024-04-13 14:50:19,010 - INFO - Epoch: 54 |Total testing time: 0h:0m:57s | Test Loss: 0.3568 | Test Balanced Accuracy: 86.0932 %
2024-04-13 14:53:50,538 - INFO - This file contains logs for: SGD_LI_4_5e_4_to_1_5e_4_Slope_neg_2_5e_6
2024-04-13 14:53:50,538 - INFO - Epoch: 55 |Total training time: 0h:1m:46s | Train Loss: 0.2533 | Train Balanced Accuracy: 90.6376 %
2024-04-13 14:53:50,538 - INFO - Epoch: 55 |Total validation time:0h:0m:47s | Validation Loss: 0.2727 | Validation Balanced Accuracy: 84.8305 % 
2024-04-13 14:53:50,539 - INFO - Epoch: 55 |Total testing time: 0h:0m:57s | Test Loss: 0.3561 | Test Balanced Accuracy: 86.1312 %
2024-04-13 14:57:40,387 - INFO - This file contains logs for: SGD_LI_4_5e_4_to_1_5e_4_Slope_neg_2_5e_6
2024-04-13 14:57:40,388 - INFO - Epoch: 56 |Total training time: 0h:2m:4s | Train Loss: 0.2522 | Train Balanced Accuracy: 90.7613 %
2024-04-13 14:57:40,388 - INFO - Epoch: 56 |Total validation time:0h:0m:48s | Validation Loss: 0.2718 | Validation Balanced Accuracy: 84.5681 % 
2024-04-13 14:57:40,388 - INFO - Epoch: 56 |Total testing time: 0h:0m:56s | Test Loss: 0.3554 | Test Balanced Accuracy: 86.1418 %
2024-04-13 15:01:09,956 - INFO - This file contains logs for: SGD_LI_4_5e_4_to_1_5e_4_Slope_neg_2_5e_6
2024-04-13 15:01:09,956 - INFO - Epoch: 57 |Total training time: 0h:1m:49s | Train Loss: 0.2511 | Train Balanced Accuracy: 90.8225 %
2024-04-13 15:01:09,956 - INFO - Epoch: 57 |Total validation time:0h:0m:46s | Validation Loss: 0.2712 | Validation Balanced Accuracy: 84.8991 % 
2024-04-13 15:01:09,956 - INFO - Epoch: 57 |Total testing time: 0h:0m:54s | Test Loss: 0.3548 | Test Balanced Accuracy: 86.2187 %
2024-04-13 15:04:45,106 - INFO - This file contains logs for: SGD_LI_4_5e_4_to_1_5e_4_Slope_neg_2_5e_6
2024-04-13 15:04:45,107 - INFO - Epoch: 58 |Total training time: 0h:1m:48s | Train Loss: 0.2501 | Train Balanced Accuracy: 90.8649 %
2024-04-13 15:04:45,107 - INFO - Epoch: 58 |Total validation time:0h:0m:46s | Validation Loss: 0.2705 | Validation Balanced Accuracy: 84.1726 % 
2024-04-13 15:04:45,107 - INFO - Epoch: 58 |Total testing time: 0h:1m:0s | Test Loss: 0.3543 | Test Balanced Accuracy: 86.1644 %
2024-04-13 15:08:18,474 - INFO - This file contains logs for: SGD_LI_4_5e_4_to_1_5e_4_Slope_neg_2_5e_6
2024-04-13 15:08:18,475 - INFO - Epoch: 59 |Total training time: 0h:1m:47s | Train Loss: 0.2490 | Train Balanced Accuracy: 90.8357 %
2024-04-13 15:08:18,475 - INFO - Epoch: 59 |Total validation time:0h:0m:46s | Validation Loss: 0.2699 | Validation Balanced Accuracy: 84.3704 % 
2024-04-13 15:08:18,475 - INFO - Epoch: 59 |Total testing time: 0h:0m:59s | Test Loss: 0.3535 | Test Balanced Accuracy: 86.1616 %
2024-04-13 15:08:19,647 - INFO - Saved checkpoint at epoch 59: /home/sur06423/hiwi/vit_exp/vision_tranformer_baseline/src/components/distraction_detection_d_a/grid_search_ddp/experiments_grid_search/SGD_LI_4_5e_4_to_1_5e_4_Slope_neg_2_5e_6/runs/checkpoints/checkpoint_SGD_LI_4_5e_4_to_1_5e_4_Slope_neg_2_5e_6_epoch_59.pth
2024-04-13 15:11:53,713 - INFO - This file contains logs for: SGD_LI_4_5e_4_to_1_5e_4_Slope_neg_2_5e_6
2024-04-13 15:11:53,714 - INFO - Epoch: 60 |Total training time: 0h:1m:49s | Train Loss: 0.2480 | Train Balanced Accuracy: 90.9503 %
2024-04-13 15:11:53,714 - INFO - Epoch: 60 |Total validation time:0h:0m:45s | Validation Loss: 0.2693 | Validation Balanced Accuracy: 84.5213 % 
2024-04-13 15:11:53,714 - INFO - Epoch: 60 |Total testing time: 0h:0m:58s | Test Loss: 0.3529 | Test Balanced Accuracy: 86.1558 %
2024-04-13 15:15:26,917 - INFO - This file contains logs for: SGD_LI_4_5e_4_to_1_5e_4_Slope_neg_2_5e_6
2024-04-13 15:15:26,918 - INFO - Epoch: 61 |Total training time: 0h:1m:49s | Train Loss: 0.2471 | Train Balanced Accuracy: 91.1234 %
2024-04-13 15:15:26,918 - INFO - Epoch: 61 |Total validation time:0h:0m:46s | Validation Loss: 0.2687 | Validation Balanced Accuracy: 84.5213 % 
2024-04-13 15:15:26,918 - INFO - Epoch: 61 |Total testing time: 0h:0m:57s | Test Loss: 0.3523 | Test Balanced Accuracy: 86.1628 %
2024-04-13 15:19:02,546 - INFO - This file contains logs for: SGD_LI_4_5e_4_to_1_5e_4_Slope_neg_2_5e_6
2024-04-13 15:19:02,547 - INFO - Epoch: 62 |Total training time: 0h:1m:50s | Train Loss: 0.2461 | Train Balanced Accuracy: 90.9531 %
2024-04-13 15:19:02,547 - INFO - Epoch: 62 |Total validation time:0h:0m:47s | Validation Loss: 0.2681 | Validation Balanced Accuracy: 84.2423 % 
2024-04-13 15:19:02,547 - INFO - Epoch: 62 |Total testing time: 0h:0m:57s | Test Loss: 0.3518 | Test Balanced Accuracy: 86.2312 %
2024-04-13 15:22:36,726 - INFO - This file contains logs for: SGD_LI_4_5e_4_to_1_5e_4_Slope_neg_2_5e_6
2024-04-13 15:22:36,727 - INFO - Epoch: 63 |Total training time: 0h:1m:48s | Train Loss: 0.2452 | Train Balanced Accuracy: 91.0706 %
2024-04-13 15:22:36,727 - INFO - Epoch: 63 |Total validation time:0h:0m:47s | Validation Loss: 0.2676 | Validation Balanced Accuracy: 84.5035 % 
2024-04-13 15:22:36,733 - INFO - Epoch: 63 |Total testing time: 0h:0m:58s | Test Loss: 0.3512 | Test Balanced Accuracy: 86.2005 %
2024-04-13 15:26:06,505 - INFO - This file contains logs for: SGD_LI_4_5e_4_to_1_5e_4_Slope_neg_2_5e_6
2024-04-13 15:26:06,505 - INFO - Epoch: 64 |Total training time: 0h:1m:47s | Train Loss: 0.2443 | Train Balanced Accuracy: 91.0720 %
2024-04-13 15:26:06,505 - INFO - Epoch: 64 |Total validation time:0h:0m:45s | Validation Loss: 0.2672 | Validation Balanced Accuracy: 84.5213 % 
2024-04-13 15:26:06,505 - INFO - Epoch: 64 |Total testing time: 0h:0m:56s | Test Loss: 0.3507 | Test Balanced Accuracy: 86.1946 %
2024-04-13 15:29:41,132 - INFO - This file contains logs for: SGD_LI_4_5e_4_to_1_5e_4_Slope_neg_2_5e_6
2024-04-13 15:29:41,132 - INFO - Epoch: 65 |Total training time: 0h:1m:50s | Train Loss: 0.2434 | Train Balanced Accuracy: 91.2423 %
2024-04-13 15:29:41,132 - INFO - Epoch: 65 |Total validation time:0h:0m:45s | Validation Loss: 0.2667 | Validation Balanced Accuracy: 84.1078 % 
2024-04-13 15:29:41,133 - INFO - Epoch: 65 |Total testing time: 0h:0m:58s | Test Loss: 0.3503 | Test Balanced Accuracy: 86.1236 %
2024-04-13 15:33:10,390 - INFO - This file contains logs for: SGD_LI_4_5e_4_to_1_5e_4_Slope_neg_2_5e_6
2024-04-13 15:33:10,391 - INFO - Epoch: 66 |Total training time: 0h:1m:45s | Train Loss: 0.2425 | Train Balanced Accuracy: 91.1616 %
2024-04-13 15:33:10,391 - INFO - Epoch: 66 |Total validation time:0h:0m:46s | Validation Loss: 0.2661 | Validation Balanced Accuracy: 84.3349 % 
2024-04-13 15:33:10,391 - INFO - Epoch: 66 |Total testing time: 0h:0m:56s | Test Loss: 0.3498 | Test Balanced Accuracy: 86.1197 %
2024-04-13 15:36:44,142 - INFO - This file contains logs for: SGD_LI_4_5e_4_to_1_5e_4_Slope_neg_2_5e_6
2024-04-13 15:36:44,143 - INFO - Epoch: 67 |Total training time: 0h:1m:48s | Train Loss: 0.2416 | Train Balanced Accuracy: 91.3020 %
2024-04-13 15:36:44,143 - INFO - Epoch: 67 |Total validation time:0h:0m:49s | Validation Loss: 0.2656 | Validation Balanced Accuracy: 84.3006 % 
2024-04-13 15:36:44,144 - INFO - Epoch: 67 |Total testing time: 0h:0m:56s | Test Loss: 0.3493 | Test Balanced Accuracy: 86.0680 %
2024-04-13 15:40:16,848 - INFO - This file contains logs for: SGD_LI_4_5e_4_to_1_5e_4_Slope_neg_2_5e_6
2024-04-13 15:40:16,849 - INFO - Epoch: 68 |Total training time: 0h:1m:47s | Train Loss: 0.2408 | Train Balanced Accuracy: 91.3229 %
2024-04-13 15:40:16,849 - INFO - Epoch: 68 |Total validation time:0h:0m:46s | Validation Loss: 0.2652 | Validation Balanced Accuracy: 83.9977 % 
2024-04-13 15:40:16,849 - INFO - Epoch: 68 |Total testing time: 0h:0m:58s | Test Loss: 0.3491 | Test Balanced Accuracy: 85.9811 %
2024-04-14 13:13:30,232 - INFO - Resuming training from epoch 59
2024-04-14 13:21:36,765 - INFO - This file contains logs for: SGD_LI_4_5e_4_to_1_5e_4_Slope_neg_2_5e_6
2024-04-14 13:21:36,766 - INFO - Epoch: 60 |Total training time: 0h:4m:56s | Train Loss: 0.2480 | Train Balanced Accuracy: 90.9531 %
2024-04-14 13:21:36,766 - INFO - Epoch: 60 |Total validation time:0h:1m:24s | Validation Loss: 0.2693 | Validation Balanced Accuracy: 84.5213 % 
2024-04-14 13:21:36,766 - INFO - Epoch: 60 |Total testing time: 0h:1m:45s | Test Loss: 0.3529 | Test Balanced Accuracy: 86.1558 %
2024-04-14 13:24:56,091 - INFO - This file contains logs for: SGD_LI_4_5e_4_to_1_5e_4_Slope_neg_2_5e_6
2024-04-14 13:24:56,092 - INFO - Epoch: 61 |Total training time: 0h:1m:41s | Train Loss: 0.2471 | Train Balanced Accuracy: 91.1359 %
2024-04-14 13:24:56,092 - INFO - Epoch: 61 |Total validation time:0h:0m:43s | Validation Loss: 0.2687 | Validation Balanced Accuracy: 84.5213 % 
2024-04-14 13:24:56,092 - INFO - Epoch: 61 |Total testing time: 0h:0m:54s | Test Loss: 0.3523 | Test Balanced Accuracy: 86.1717 %
2024-04-14 13:28:15,990 - INFO - This file contains logs for: SGD_LI_4_5e_4_to_1_5e_4_Slope_neg_2_5e_6
2024-04-14 13:28:15,991 - INFO - Epoch: 62 |Total training time: 0h:1m:45s | Train Loss: 0.2461 | Train Balanced Accuracy: 90.9594 %
2024-04-14 13:28:15,991 - INFO - Epoch: 62 |Total validation time:0h:0m:42s | Validation Loss: 0.2681 | Validation Balanced Accuracy: 84.2423 % 
2024-04-14 13:28:15,993 - INFO - Epoch: 62 |Total testing time: 0h:0m:52s | Test Loss: 0.3518 | Test Balanced Accuracy: 86.2312 %
2024-04-14 13:31:35,289 - INFO - This file contains logs for: SGD_LI_4_5e_4_to_1_5e_4_Slope_neg_2_5e_6
2024-04-14 13:31:35,290 - INFO - Epoch: 63 |Total training time: 0h:1m:41s | Train Loss: 0.2451 | Train Balanced Accuracy: 91.0651 %
2024-04-14 13:31:35,290 - INFO - Epoch: 63 |Total validation time:0h:0m:42s | Validation Loss: 0.2676 | Validation Balanced Accuracy: 84.5035 % 
2024-04-14 13:31:35,290 - INFO - Epoch: 63 |Total testing time: 0h:0m:54s | Test Loss: 0.3512 | Test Balanced Accuracy: 86.2005 %
2024-04-14 13:34:54,700 - INFO - This file contains logs for: SGD_LI_4_5e_4_to_1_5e_4_Slope_neg_2_5e_6
2024-04-14 13:34:54,701 - INFO - Epoch: 64 |Total training time: 0h:1m:44s | Train Loss: 0.2443 | Train Balanced Accuracy: 91.0720 %
2024-04-14 13:34:54,701 - INFO - Epoch: 64 |Total validation time:0h:0m:42s | Validation Loss: 0.2671 | Validation Balanced Accuracy: 84.5213 % 
2024-04-14 13:34:54,701 - INFO - Epoch: 64 |Total testing time: 0h:0m:52s | Test Loss: 0.3507 | Test Balanced Accuracy: 86.2016 %
2024-04-14 13:38:14,468 - INFO - This file contains logs for: SGD_LI_4_5e_4_to_1_5e_4_Slope_neg_2_5e_6
2024-04-14 13:38:14,469 - INFO - Epoch: 65 |Total training time: 0h:1m:42s | Train Loss: 0.2433 | Train Balanced Accuracy: 91.2485 %
2024-04-14 13:38:14,469 - INFO - Epoch: 65 |Total validation time:0h:0m:45s | Validation Loss: 0.2667 | Validation Balanced Accuracy: 84.1078 % 
2024-04-14 13:38:14,469 - INFO - Epoch: 65 |Total testing time: 0h:0m:52s | Test Loss: 0.3503 | Test Balanced Accuracy: 86.0918 %
2024-04-14 13:41:32,058 - INFO - This file contains logs for: SGD_LI_4_5e_4_to_1_5e_4_Slope_neg_2_5e_6
2024-04-14 13:41:32,058 - INFO - Epoch: 66 |Total training time: 0h:1m:42s | Train Loss: 0.2424 | Train Balanced Accuracy: 91.1707 %
2024-04-14 13:41:32,059 - INFO - Epoch: 66 |Total validation time:0h:0m:43s | Validation Loss: 0.2661 | Validation Balanced Accuracy: 84.3349 % 
2024-04-14 13:41:32,059 - INFO - Epoch: 66 |Total testing time: 0h:0m:51s | Test Loss: 0.3497 | Test Balanced Accuracy: 86.1197 %
2024-04-14 13:45:25,259 - INFO - This file contains logs for: SGD_LI_4_5e_4_to_1_5e_4_Slope_neg_2_5e_6
2024-04-14 13:45:25,260 - INFO - Epoch: 67 |Total training time: 0h:1m:55s | Train Loss: 0.2416 | Train Balanced Accuracy: 91.3048 %
2024-04-14 13:45:25,260 - INFO - Epoch: 67 |Total validation time:0h:0m:52s | Validation Loss: 0.2655 | Validation Balanced Accuracy: 84.3006 % 
2024-04-14 13:45:25,260 - INFO - Epoch: 67 |Total testing time: 0h:1m:5s | Test Loss: 0.3493 | Test Balanced Accuracy: 86.0680 %
2024-04-14 13:49:19,037 - INFO - This file contains logs for: SGD_LI_4_5e_4_to_1_5e_4_Slope_neg_2_5e_6
2024-04-14 13:49:19,043 - INFO - Epoch: 68 |Total training time: 0h:2m:0s | Train Loss: 0.2407 | Train Balanced Accuracy: 91.3291 %
2024-04-14 13:49:19,044 - INFO - Epoch: 68 |Total validation time:0h:0m:50s | Validation Loss: 0.2652 | Validation Balanced Accuracy: 83.9977 % 
2024-04-14 13:49:19,044 - INFO - Epoch: 68 |Total testing time: 0h:1m:1s | Test Loss: 0.3490 | Test Balanced Accuracy: 85.9811 %
2024-04-14 13:52:47,014 - INFO - This file contains logs for: SGD_LI_4_5e_4_to_1_5e_4_Slope_neg_2_5e_6
2024-04-14 13:52:47,020 - INFO - Epoch: 69 |Total training time: 0h:1m:49s | Train Loss: 0.2399 | Train Balanced Accuracy: 91.3708 %
2024-04-14 13:52:47,020 - INFO - Epoch: 69 |Total validation time:0h:0m:41s | Validation Loss: 0.2647 | Validation Balanced Accuracy: 84.3870 % 
2024-04-14 13:52:47,020 - INFO - Epoch: 69 |Total testing time: 0h:0m:56s | Test Loss: 0.3484 | Test Balanced Accuracy: 86.1018 %
2024-04-14 13:56:23,571 - INFO - This file contains logs for: SGD_LI_4_5e_4_to_1_5e_4_Slope_neg_2_5e_6
2024-04-14 13:56:23,571 - INFO - Epoch: 70 |Total training time: 0h:1m:48s | Train Loss: 0.2391 | Train Balanced Accuracy: 91.4945 %
2024-04-14 13:56:23,571 - INFO - Epoch: 70 |Total validation time:0h:0m:53s | Validation Loss: 0.2643 | Validation Balanced Accuracy: 84.3287 % 
2024-04-14 13:56:23,571 - INFO - Epoch: 70 |Total testing time: 0h:0m:54s | Test Loss: 0.3479 | Test Balanced Accuracy: 86.1267 %
2024-04-14 14:00:08,433 - INFO - This file contains logs for: SGD_LI_4_5e_4_to_1_5e_4_Slope_neg_2_5e_6
2024-04-14 14:00:08,434 - INFO - Epoch: 71 |Total training time: 0h:1m:55s | Train Loss: 0.2384 | Train Balanced Accuracy: 91.4674 %
2024-04-14 14:00:08,434 - INFO - Epoch: 71 |Total validation time:0h:0m:49s | Validation Loss: 0.2638 | Validation Balanced Accuracy: 84.3172 % 
2024-04-14 14:00:08,436 - INFO - Epoch: 71 |Total testing time: 0h:0m:59s | Test Loss: 0.3474 | Test Balanced Accuracy: 86.1287 %
2024-04-14 14:03:56,224 - INFO - This file contains logs for: SGD_LI_4_5e_4_to_1_5e_4_Slope_neg_2_5e_6
2024-04-14 14:03:56,225 - INFO - Epoch: 72 |Total training time: 0h:1m:56s | Train Loss: 0.2376 | Train Balanced Accuracy: 91.5383 %
2024-04-14 14:03:56,225 - INFO - Epoch: 72 |Total validation time:0h:0m:51s | Validation Loss: 0.2635 | Validation Balanced Accuracy: 84.1372 % 
2024-04-14 14:03:56,225 - INFO - Epoch: 72 |Total testing time: 0h:0m:59s | Test Loss: 0.3471 | Test Balanced Accuracy: 86.0300 %
2024-04-14 14:07:11,773 - INFO - This file contains logs for: SGD_LI_4_5e_4_to_1_5e_4_Slope_neg_2_5e_6
2024-04-14 14:07:11,774 - INFO - Epoch: 73 |Total training time: 0h:1m:41s | Train Loss: 0.2369 | Train Balanced Accuracy: 91.5139 %
2024-04-14 14:07:11,774 - INFO - Epoch: 73 |Total validation time:0h:0m:42s | Validation Loss: 0.2631 | Validation Balanced Accuracy: 84.4499 % 
2024-04-14 14:07:11,774 - INFO - Epoch: 73 |Total testing time: 0h:0m:51s | Test Loss: 0.3466 | Test Balanced Accuracy: 86.1197 %
2024-04-14 14:11:00,126 - INFO - This file contains logs for: SGD_LI_4_5e_4_to_1_5e_4_Slope_neg_2_5e_6
2024-04-14 14:11:00,129 - INFO - Epoch: 74 |Total training time: 0h:1m:48s | Train Loss: 0.2361 | Train Balanced Accuracy: 91.7002 %
2024-04-14 14:11:00,131 - INFO - Epoch: 74 |Total validation time:0h:0m:55s | Validation Loss: 0.2627 | Validation Balanced Accuracy: 83.9457 % 
2024-04-14 14:11:00,132 - INFO - Epoch: 74 |Total testing time: 0h:1m:4s | Test Loss: 0.3464 | Test Balanced Accuracy: 85.9333 %
2024-04-14 14:14:37,952 - INFO - This file contains logs for: SGD_LI_4_5e_4_to_1_5e_4_Slope_neg_2_5e_6
2024-04-14 14:14:37,955 - INFO - Epoch: 75 |Total training time: 0h:1m:57s | Train Loss: 0.2354 | Train Balanced Accuracy: 91.6529 %
2024-04-14 14:14:37,955 - INFO - Epoch: 75 |Total validation time:0h:0m:44s | Validation Loss: 0.2623 | Validation Balanced Accuracy: 83.9571 % 
2024-04-14 14:14:37,956 - INFO - Epoch: 75 |Total testing time: 0h:0m:55s | Test Loss: 0.3459 | Test Balanced Accuracy: 85.9403 %
2024-04-14 14:18:42,210 - INFO - This file contains logs for: SGD_LI_4_5e_4_to_1_5e_4_Slope_neg_2_5e_6
2024-04-14 14:18:42,215 - INFO - Epoch: 76 |Total training time: 0h:2m:5s | Train Loss: 0.2347 | Train Balanced Accuracy: 91.6216 %
2024-04-14 14:18:42,215 - INFO - Epoch: 76 |Total validation time:0h:1m:0s | Validation Loss: 0.2620 | Validation Balanced Accuracy: 83.9863 % 
2024-04-14 14:18:42,216 - INFO - Epoch: 76 |Total testing time: 0h:0m:57s | Test Loss: 0.3455 | Test Balanced Accuracy: 85.9612 %
2024-04-14 14:22:48,896 - INFO - This file contains logs for: SGD_LI_4_5e_4_to_1_5e_4_Slope_neg_2_5e_6
2024-04-14 14:22:48,897 - INFO - Epoch: 77 |Total training time: 0h:1m:52s | Train Loss: 0.2340 | Train Balanced Accuracy: 91.7363 %
2024-04-14 14:22:48,897 - INFO - Epoch: 77 |Total validation time:0h:0m:56s | Validation Loss: 0.2616 | Validation Balanced Accuracy: 84.0674 % 
2024-04-14 14:22:48,897 - INFO - Epoch: 77 |Total testing time: 0h:1m:16s | Test Loss: 0.3451 | Test Balanced Accuracy: 85.9682 %
2024-04-14 14:26:50,823 - INFO - This file contains logs for: SGD_LI_4_5e_4_to_1_5e_4_Slope_neg_2_5e_6
2024-04-14 14:26:50,823 - INFO - Epoch: 78 |Total training time: 0h:2m:0s | Train Loss: 0.2334 | Train Balanced Accuracy: 91.7454 %
2024-04-14 14:26:50,823 - INFO - Epoch: 78 |Total validation time:0h:0m:53s | Validation Loss: 0.2612 | Validation Balanced Accuracy: 84.0497 % 
2024-04-14 14:26:50,823 - INFO - Epoch: 78 |Total testing time: 0h:1m:7s | Test Loss: 0.3448 | Test Balanced Accuracy: 85.9523 %
2024-04-14 14:30:52,278 - INFO - This file contains logs for: SGD_LI_4_5e_4_to_1_5e_4_Slope_neg_2_5e_6
2024-04-14 14:30:52,279 - INFO - Epoch: 79 |Total training time: 0h:1m:57s | Train Loss: 0.2327 | Train Balanced Accuracy: 91.7516 %
2024-04-14 14:30:52,279 - INFO - Epoch: 79 |Total validation time:0h:1m:0s | Validation Loss: 0.2610 | Validation Balanced Accuracy: 83.5744 % 
2024-04-14 14:30:52,281 - INFO - Epoch: 79 |Total testing time: 0h:1m:3s | Test Loss: 0.3446 | Test Balanced Accuracy: 85.7899 %
2024-04-14 14:34:42,004 - INFO - This file contains logs for: SGD_LI_4_5e_4_to_1_5e_4_Slope_neg_2_5e_6
2024-04-14 14:34:42,005 - INFO - Epoch: 80 |Total training time: 0h:1m:54s | Train Loss: 0.2321 | Train Balanced Accuracy: 91.7627 %
2024-04-14 14:34:42,005 - INFO - Epoch: 80 |Total validation time:0h:0m:53s | Validation Loss: 0.2605 | Validation Balanced Accuracy: 83.9280 % 
2024-04-14 14:34:42,005 - INFO - Epoch: 80 |Total testing time: 0h:1m:1s | Test Loss: 0.3441 | Test Balanced Accuracy: 85.8975 %
2024-04-14 14:38:47,132 - INFO - This file contains logs for: SGD_LI_4_5e_4_to_1_5e_4_Slope_neg_2_5e_6
2024-04-14 14:38:55,250 - INFO - Epoch: 81 |Total training time: 0h:2m:1s | Train Loss: 0.2315 | Train Balanced Accuracy: 91.8837 %
2024-04-14 14:38:55,250 - INFO - Epoch: 81 |Total validation time:0h:0m:59s | Validation Loss: 0.2602 | Validation Balanced Accuracy: 83.7251 % 
2024-04-14 14:38:55,250 - INFO - Epoch: 81 |Total testing time: 0h:1m:4s | Test Loss: 0.3439 | Test Balanced Accuracy: 85.8517 %
2024-04-14 14:42:51,943 - INFO - This file contains logs for: SGD_LI_4_5e_4_to_1_5e_4_Slope_neg_2_5e_6
2024-04-14 14:42:51,944 - INFO - Epoch: 82 |Total training time: 0h:1m:51s | Train Loss: 0.2309 | Train Balanced Accuracy: 91.8148 %
2024-04-14 14:42:51,944 - INFO - Epoch: 82 |Total validation time:0h:1m:1s | Validation Loss: 0.2599 | Validation Balanced Accuracy: 83.7948 % 
2024-04-14 14:42:51,944 - INFO - Epoch: 82 |Total testing time: 0h:1m:4s | Test Loss: 0.3435 | Test Balanced Accuracy: 85.9045 %
2024-04-14 14:46:47,213 - INFO - This file contains logs for: SGD_LI_4_5e_4_to_1_5e_4_Slope_neg_2_5e_6
2024-04-14 14:46:47,214 - INFO - Epoch: 83 |Total training time: 0h:1m:55s | Train Loss: 0.2303 | Train Balanced Accuracy: 91.8829 %
2024-04-14 14:46:47,214 - INFO - Epoch: 83 |Total validation time:0h:0m:53s | Validation Loss: 0.2597 | Validation Balanced Accuracy: 83.6262 % 
2024-04-14 14:46:47,214 - INFO - Epoch: 83 |Total testing time: 0h:1m:5s | Test Loss: 0.3432 | Test Balanced Accuracy: 85.7969 %
2024-04-14 14:50:20,817 - INFO - This file contains logs for: SGD_LI_4_5e_4_to_1_5e_4_Slope_neg_2_5e_6
2024-04-14 14:50:20,819 - INFO - Epoch: 84 |Total training time: 0h:1m:49s | Train Loss: 0.2297 | Train Balanced Accuracy: 91.8850 %
2024-04-14 14:50:20,819 - INFO - Epoch: 84 |Total validation time:0h:0m:49s | Validation Loss: 0.2593 | Validation Balanced Accuracy: 83.7885 % 
2024-04-14 14:50:20,819 - INFO - Epoch: 84 |Total testing time: 0h:0m:54s | Test Loss: 0.3429 | Test Balanced Accuracy: 85.8428 %
2024-04-14 14:59:19,018 - INFO - This file contains logs for: SGD_LI_4_5e_4_to_1_5e_4_Slope_neg_2_5e_6
2024-04-14 14:59:19,310 - INFO - Epoch: 85 |Total training time: 0h:5m:0s | Train Loss: 0.2291 | Train Balanced Accuracy: 91.8795 %
2024-04-14 14:59:19,311 - INFO - Epoch: 85 |Total validation time:0h:1m:26s | Validation Loss: 0.2591 | Validation Balanced Accuracy: 83.7479 % 
2024-04-14 14:59:19,311 - INFO - Epoch: 85 |Total testing time: 0h:2m:30s | Test Loss: 0.3427 | Test Balanced Accuracy: 85.8307 %
2024-04-14 15:08:58,560 - INFO - This file contains logs for: SGD_LI_4_5e_4_to_1_5e_4_Slope_neg_2_5e_6
2024-04-14 15:08:58,562 - INFO - Epoch: 86 |Total training time: 0h:5m:30s | Train Loss: 0.2285 | Train Balanced Accuracy: 91.9107 %
2024-04-14 15:08:58,562 - INFO - Epoch: 86 |Total validation time:0h:2m:26s | Validation Loss: 0.2588 | Validation Balanced Accuracy: 83.7886 % 
2024-04-14 15:08:58,562 - INFO - Epoch: 86 |Total testing time: 0h:1m:42s | Test Loss: 0.3424 | Test Balanced Accuracy: 85.8288 %
2024-04-14 15:21:58,781 - INFO - This file contains logs for: SGD_LI_4_5e_4_to_1_5e_4_Slope_neg_2_5e_6
2024-04-14 15:21:58,789 - INFO - Epoch: 87 |Total training time: 0h:5m:48s | Train Loss: 0.2280 | Train Balanced Accuracy: 92.0484 %
2024-04-14 15:21:58,789 - INFO - Epoch: 87 |Total validation time:0h:2m:27s | Validation Loss: 0.2585 | Validation Balanced Accuracy: 83.8177 % 
2024-04-14 15:21:58,789 - INFO - Epoch: 87 |Total testing time: 0h:4m:44s | Test Loss: 0.3420 | Test Balanced Accuracy: 85.8249 %
2024-04-14 15:43:38,651 - INFO - This file contains logs for: SGD_LI_4_5e_4_to_1_5e_4_Slope_neg_2_5e_6
2024-04-14 15:43:38,651 - INFO - Epoch: 88 |Total training time: 0h:12m:30s | Train Loss: 0.2274 | Train Balanced Accuracy: 92.0637 %
2024-04-14 15:43:38,652 - INFO - Epoch: 88 |Total validation time:0h:4m:17s | Validation Loss: 0.2584 | Validation Balanced Accuracy: 83.2723 % 
2024-04-14 15:43:38,652 - INFO - Epoch: 88 |Total testing time: 0h:4m:52s | Test Loss: 0.3421 | Test Balanced Accuracy: 85.6641 %
2024-04-14 16:16:09,711 - INFO - This file contains logs for: SGD_LI_4_5e_4_to_1_5e_4_Slope_neg_2_5e_6
2024-04-14 16:16:09,712 - INFO - Epoch: 89 |Total training time: 0h:14m:47s | Train Loss: 0.2269 | Train Balanced Accuracy: 91.9802 %
2024-04-14 16:16:09,712 - INFO - Epoch: 89 |Total validation time:0h:8m:45s | Validation Loss: 0.2580 | Validation Balanced Accuracy: 83.7771 % 
2024-04-14 16:16:09,712 - INFO - Epoch: 89 |Total testing time: 0h:8m:57s | Test Loss: 0.3415 | Test Balanced Accuracy: 85.7989 %
2024-04-14 16:16:12,860 - INFO - Saved checkpoint at epoch 89: /home/sur06423/hiwi/vit_exp/vision_tranformer_baseline/src/components/distraction_detection_d_a/grid_search_ddp/experiments_grid_search/SGD_LI_4_5e_4_to_1_5e_4_Slope_neg_2_5e_6/runs/checkpoints/checkpoint_SGD_LI_4_5e_4_to_1_5e_4_Slope_neg_2_5e_6_epoch_89.pth
2024-04-14 17:09:55,432 - INFO - This file contains logs for: SGD_LI_4_5e_4_to_1_5e_4_Slope_neg_2_5e_6
2024-04-14 17:09:55,432 - INFO - Epoch: 90 |Total training time: 0h:34m:19s | Train Loss: 0.2264 | Train Balanced Accuracy: 92.0469 %
2024-04-14 17:09:55,432 - INFO - Epoch: 90 |Total validation time:0h:8m:37s | Validation Loss: 0.2578 | Validation Balanced Accuracy: 83.6553 % 
2024-04-14 17:09:55,432 - INFO - Epoch: 90 |Total testing time: 0h:10m:45s | Test Loss: 0.3413 | Test Balanced Accuracy: 85.8206 %
2024-04-14 17:53:35,247 - INFO - This file contains logs for: SGD_LI_4_5e_4_to_1_5e_4_Slope_neg_2_5e_6
2024-04-14 17:53:35,247 - INFO - Epoch: 91 |Total training time: 0h:25m:21s | Train Loss: 0.2259 | Train Balanced Accuracy: 92.0754 %
2024-04-14 17:53:35,247 - INFO - Epoch: 91 |Total validation time:0h:8m:17s | Validation Loss: 0.2575 | Validation Balanced Accuracy: 83.7365 % 
2024-04-14 17:53:35,247 - INFO - Epoch: 91 |Total testing time: 0h:9m:59s | Test Loss: 0.3409 | Test Balanced Accuracy: 85.8556 %
2024-04-14 18:12:06,433 - INFO - This file contains logs for: SGD_LI_4_5e_4_to_1_5e_4_Slope_neg_2_5e_6
2024-04-14 18:12:06,433 - INFO - Epoch: 92 |Total training time: 0h:10m:31s | Train Loss: 0.2254 | Train Balanced Accuracy: 91.9663 %
2024-04-14 18:12:06,433 - INFO - Epoch: 92 |Total validation time:0h:3m:40s | Validation Loss: 0.2574 | Validation Balanced Accuracy: 83.4461 % 
2024-04-14 18:12:06,433 - INFO - Epoch: 92 |Total testing time: 0h:4m:19s | Test Loss: 0.3409 | Test Balanced Accuracy: 85.7686 %
2024-04-14 18:31:27,122 - INFO - This file contains logs for: SGD_LI_4_5e_4_to_1_5e_4_Slope_neg_2_5e_6
2024-04-14 18:31:27,123 - INFO - Epoch: 93 |Total training time: 0h:10m:25s | Train Loss: 0.2250 | Train Balanced Accuracy: 92.2339 %
2024-04-14 18:31:27,123 - INFO - Epoch: 93 |Total validation time:0h:3m:43s | Validation Loss: 0.2569 | Validation Balanced Accuracy: 83.9165 % 
2024-04-14 18:31:27,123 - INFO - Epoch: 93 |Total testing time: 0h:5m:11s | Test Loss: 0.3402 | Test Balanced Accuracy: 85.8419 %
2024-04-14 18:46:57,436 - INFO - This file contains logs for: SGD_LI_4_5e_4_to_1_5e_4_Slope_neg_2_5e_6
2024-04-14 18:46:57,436 - INFO - Epoch: 94 |Total training time: 0h:7m:38s | Train Loss: 0.2244 | Train Balanced Accuracy: 92.1060 %
2024-04-14 18:46:57,437 - INFO - Epoch: 94 |Total validation time:0h:3m:22s | Validation Loss: 0.2569 | Validation Balanced Accuracy: 83.4753 % 
2024-04-14 18:46:57,437 - INFO - Epoch: 94 |Total testing time: 0h:4m:29s | Test Loss: 0.3404 | Test Balanced Accuracy: 85.8254 %
2024-04-14 19:05:37,180 - INFO - This file contains logs for: SGD_LI_4_5e_4_to_1_5e_4_Slope_neg_2_5e_6
2024-04-14 19:05:37,180 - INFO - Epoch: 95 |Total training time: 0h:10m:0s | Train Loss: 0.2240 | Train Balanced Accuracy: 92.0392 %
2024-04-14 19:05:37,180 - INFO - Epoch: 95 |Total validation time:0h:3m:28s | Validation Loss: 0.2567 | Validation Balanced Accuracy: 83.5159 % 
2024-04-14 19:05:37,180 - INFO - Epoch: 95 |Total testing time: 0h:5m:10s | Test Loss: 0.3401 | Test Balanced Accuracy: 85.8304 %
2024-04-14 19:23:49,600 - INFO - This file contains logs for: SGD_LI_4_5e_4_to_1_5e_4_Slope_neg_2_5e_6
2024-04-14 19:23:49,601 - INFO - Epoch: 96 |Total training time: 0h:10m:0s | Train Loss: 0.2235 | Train Balanced Accuracy: 92.2075 %
2024-04-14 19:23:49,601 - INFO - Epoch: 96 |Total validation time:0h:3m:37s | Validation Loss: 0.2564 | Validation Balanced Accuracy: 83.6782 % 
2024-04-14 19:23:49,601 - INFO - Epoch: 96 |Total testing time: 0h:4m:34s | Test Loss: 0.3397 | Test Balanced Accuracy: 85.8863 %
2024-04-14 19:42:22,801 - INFO - This file contains logs for: SGD_LI_4_5e_4_to_1_5e_4_Slope_neg_2_5e_6
2024-04-14 19:42:22,801 - INFO - Epoch: 97 |Total training time: 0h:12m:20s | Train Loss: 0.2231 | Train Balanced Accuracy: 92.1213 %
2024-04-14 19:42:22,801 - INFO - Epoch: 97 |Total validation time:0h:1m:56s | Validation Loss: 0.2563 | Validation Balanced Accuracy: 83.4753 % 
2024-04-14 19:42:22,802 - INFO - Epoch: 97 |Total testing time: 0h:4m:16s | Test Loss: 0.3396 | Test Balanced Accuracy: 85.7488 %
2024-04-14 20:00:00,159 - INFO - This file contains logs for: SGD_LI_4_5e_4_to_1_5e_4_Slope_neg_2_5e_6
2024-04-14 20:00:00,159 - INFO - Epoch: 98 |Total training time: 0h:10m:58s | Train Loss: 0.2227 | Train Balanced Accuracy: 92.0574 %
2024-04-14 20:00:00,159 - INFO - Epoch: 98 |Total validation time:0h:3m:23s | Validation Loss: 0.2560 | Validation Balanced Accuracy: 83.5564 % 
2024-04-14 20:00:00,159 - INFO - Epoch: 98 |Total testing time: 0h:3m:15s | Test Loss: 0.3393 | Test Balanced Accuracy: 85.8016 %
2024-04-14 20:18:50,181 - INFO - This file contains logs for: SGD_LI_4_5e_4_to_1_5e_4_Slope_neg_2_5e_6
2024-04-14 20:18:50,181 - INFO - Epoch: 99 |Total training time: 0h:12m:14s | Train Loss: 0.2223 | Train Balanced Accuracy: 92.3020 %
2024-04-14 20:18:50,181 - INFO - Epoch: 99 |Total validation time:0h:3m:28s | Validation Loss: 0.2557 | Validation Balanced Accuracy: 83.6378 % 
2024-04-14 20:18:50,181 - INFO - Epoch: 99 |Total testing time: 0h:3m:6s | Test Loss: 0.3389 | Test Balanced Accuracy: 85.9570 %
2024-04-14 20:37:59,265 - INFO - This file contains logs for: SGD_LI_4_5e_4_to_1_5e_4_Slope_neg_2_5e_6
2024-04-14 20:37:59,266 - INFO - Epoch: 100 |Total training time: 0h:11m:26s | Train Loss: 0.2218 | Train Balanced Accuracy: 92.2859 %
2024-04-14 20:37:59,266 - INFO - Epoch: 100 |Total validation time:0h:3m:32s | Validation Loss: 0.2556 | Validation Balanced Accuracy: 83.5044 % 
2024-04-14 20:37:59,266 - INFO - Epoch: 100 |Total testing time: 0h:4m:9s | Test Loss: 0.3389 | Test Balanced Accuracy: 85.8354 %
2024-04-14 20:52:17,364 - INFO - This file contains logs for: SGD_LI_4_5e_4_to_1_5e_4_Slope_neg_2_5e_6
2024-04-14 20:52:17,365 - INFO - Epoch: 101 |Total training time: 0h:7m:57s | Train Loss: 0.2214 | Train Balanced Accuracy: 92.1678 %
2024-04-14 20:52:17,365 - INFO - Epoch: 101 |Total validation time:0h:2m:11s | Validation Loss: 0.2555 | Validation Balanced Accuracy: 83.4461 % 
2024-04-14 20:52:17,365 - INFO - Epoch: 101 |Total testing time: 0h:4m:9s | Test Loss: 0.3387 | Test Balanced Accuracy: 85.7647 %
2024-04-14 21:10:55,973 - INFO - This file contains logs for: SGD_LI_4_5e_4_to_1_5e_4_Slope_neg_2_5e_6
2024-04-14 21:10:55,974 - INFO - Epoch: 102 |Total training time: 0h:11m:42s | Train Loss: 0.2210 | Train Balanced Accuracy: 92.2999 %
2024-04-14 21:10:55,974 - INFO - Epoch: 102 |Total validation time:0h:2m:29s | Validation Loss: 0.2554 | Validation Balanced Accuracy: 83.4753 % 
2024-04-14 21:10:55,974 - INFO - Epoch: 102 |Total testing time: 0h:4m:27s | Test Loss: 0.3385 | Test Balanced Accuracy: 85.7877 %
2024-04-14 21:31:34,453 - INFO - This file contains logs for: SGD_LI_4_5e_4_to_1_5e_4_Slope_neg_2_5e_6
2024-04-14 21:31:34,453 - INFO - Epoch: 103 |Total training time: 0h:12m:42s | Train Loss: 0.2206 | Train Balanced Accuracy: 92.3235 %
2024-04-14 21:31:34,453 - INFO - Epoch: 103 |Total validation time:0h:3m:30s | Validation Loss: 0.2550 | Validation Balanced Accuracy: 83.4867 % 
2024-04-14 21:31:34,453 - INFO - Epoch: 103 |Total testing time: 0h:4m:25s | Test Loss: 0.3382 | Test Balanced Accuracy: 85.8106 %
2024-04-14 21:47:23,849 - INFO - This file contains logs for: SGD_LI_4_5e_4_to_1_5e_4_Slope_neg_2_5e_6
2024-04-14 21:47:23,850 - INFO - Epoch: 104 |Total training time: 0h:8m:38s | Train Loss: 0.2202 | Train Balanced Accuracy: 92.3229 %
2024-04-14 21:47:23,850 - INFO - Epoch: 104 |Total validation time:0h:3m:4s | Validation Loss: 0.2551 | Validation Balanced Accuracy: 83.2952 % 
2024-04-14 21:47:23,850 - INFO - Epoch: 104 |Total testing time: 0h:4m:6s | Test Loss: 0.3383 | Test Balanced Accuracy: 85.7527 %
2024-04-14 22:05:10,232 - INFO - This file contains logs for: SGD_LI_4_5e_4_to_1_5e_4_Slope_neg_2_5e_6
2024-04-14 22:05:10,233 - INFO - Epoch: 105 |Total training time: 0h:10m:35s | Train Loss: 0.2198 | Train Balanced Accuracy: 92.3631 %
2024-04-14 22:05:10,233 - INFO - Epoch: 105 |Total validation time:0h:2m:17s | Validation Loss: 0.2547 | Validation Balanced Accuracy: 83.4867 % 
2024-04-14 22:05:10,233 - INFO - Epoch: 105 |Total testing time: 0h:4m:53s | Test Loss: 0.3378 | Test Balanced Accuracy: 85.8475 %
2024-04-14 22:23:27,185 - INFO - This file contains logs for: SGD_LI_4_5e_4_to_1_5e_4_Slope_neg_2_5e_6
2024-04-14 22:23:27,185 - INFO - Epoch: 106 |Total training time: 0h:11m:27s | Train Loss: 0.2195 | Train Balanced Accuracy: 92.2998 %
2024-04-14 22:23:27,185 - INFO - Epoch: 106 |Total validation time:0h:2m:14s | Validation Loss: 0.2548 | Validation Balanced Accuracy: 83.4170 % 
2024-04-14 22:23:27,186 - INFO - Epoch: 106 |Total testing time: 0h:4m:34s | Test Loss: 0.3378 | Test Balanced Accuracy: 85.7597 %
2024-04-14 22:41:33,763 - INFO - This file contains logs for: SGD_LI_4_5e_4_to_1_5e_4_Slope_neg_2_5e_6
2024-04-14 22:41:33,763 - INFO - Epoch: 107 |Total training time: 0h:12m:2s | Train Loss: 0.2191 | Train Balanced Accuracy: 92.3507 %
2024-04-14 22:41:33,763 - INFO - Epoch: 107 |Total validation time:0h:3m:25s | Validation Loss: 0.2545 | Validation Balanced Accuracy: 83.4288 % 
2024-04-14 22:41:33,764 - INFO - Epoch: 107 |Total testing time: 0h:2m:38s | Test Loss: 0.3376 | Test Balanced Accuracy: 85.7508 %
2024-04-14 22:57:48,792 - INFO - This file contains logs for: SGD_LI_4_5e_4_to_1_5e_4_Slope_neg_2_5e_6
2024-04-14 22:57:48,792 - INFO - Epoch: 108 |Total training time: 0h:9m:4s | Train Loss: 0.2187 | Train Balanced Accuracy: 92.4035 %
2024-04-14 22:57:48,793 - INFO - Epoch: 108 |Total validation time:0h:2m:55s | Validation Loss: 0.2542 | Validation Balanced Accuracy: 83.4461 % 
2024-04-14 22:57:48,793 - INFO - Epoch: 108 |Total testing time: 0h:4m:15s | Test Loss: 0.3373 | Test Balanced Accuracy: 85.8723 %
2024-04-14 23:16:03,493 - INFO - This file contains logs for: SGD_LI_4_5e_4_to_1_5e_4_Slope_neg_2_5e_6
2024-04-14 23:16:03,493 - INFO - Epoch: 109 |Total training time: 0h:10m:27s | Train Loss: 0.2184 | Train Balanced Accuracy: 92.4424 %
2024-04-14 23:16:03,493 - INFO - Epoch: 109 |Total validation time:0h:3m:22s | Validation Loss: 0.2542 | Validation Balanced Accuracy: 83.4170 % 
2024-04-14 23:16:03,493 - INFO - Epoch: 109 |Total testing time: 0h:4m:24s | Test Loss: 0.3373 | Test Balanced Accuracy: 85.7737 %
2024-04-14 23:33:49,966 - INFO - This file contains logs for: SGD_LI_4_5e_4_to_1_5e_4_Slope_neg_2_5e_6
2024-04-14 23:33:49,966 - INFO - Epoch: 110 |Total training time: 0h:11m:18s | Train Loss: 0.2181 | Train Balanced Accuracy: 92.3929 %
2024-04-14 23:33:49,966 - INFO - Epoch: 110 |Total validation time:0h:2m:38s | Validation Loss: 0.2542 | Validation Balanced Accuracy: 83.3882 % 
2024-04-14 23:33:49,966 - INFO - Epoch: 110 |Total testing time: 0h:3m:49s | Test Loss: 0.3371 | Test Balanced Accuracy: 85.7756 %
2024-04-14 23:51:25,760 - INFO - This file contains logs for: SGD_LI_4_5e_4_to_1_5e_4_Slope_neg_2_5e_6
2024-04-14 23:51:25,762 - INFO - Epoch: 111 |Total training time: 0h:10m:4s | Train Loss: 0.2177 | Train Balanced Accuracy: 92.4493 %
2024-04-14 23:51:25,764 - INFO - Epoch: 111 |Total validation time:0h:3m:3s | Validation Loss: 0.2538 | Validation Balanced Accuracy: 83.4576 % 
2024-04-14 23:51:25,765 - INFO - Epoch: 111 |Total testing time: 0h:4m:28s | Test Loss: 0.3369 | Test Balanced Accuracy: 85.8036 %
2024-04-15 00:08:59,929 - INFO - This file contains logs for: SGD_LI_4_5e_4_to_1_5e_4_Slope_neg_2_5e_6
2024-04-15 00:08:59,929 - INFO - Epoch: 112 |Total training time: 0h:9m:28s | Train Loss: 0.2174 | Train Balanced Accuracy: 92.4374 %
2024-04-15 00:08:59,929 - INFO - Epoch: 112 |Total validation time:0h:3m:27s | Validation Loss: 0.2538 | Validation Balanced Accuracy: 83.4170 % 
2024-04-15 00:08:59,930 - INFO - Epoch: 112 |Total testing time: 0h:4m:38s | Test Loss: 0.3368 | Test Balanced Accuracy: 85.7935 %
2024-04-15 00:26:17,839 - INFO - This file contains logs for: SGD_LI_4_5e_4_to_1_5e_4_Slope_neg_2_5e_6
2024-04-15 00:26:17,839 - INFO - Epoch: 113 |Total training time: 0h:9m:4s | Train Loss: 0.2171 | Train Balanced Accuracy: 92.4340 %
2024-04-15 00:26:17,840 - INFO - Epoch: 113 |Total validation time:0h:3m:30s | Validation Loss: 0.2537 | Validation Balanced Accuracy: 83.4284 % 
2024-04-15 00:26:17,840 - INFO - Epoch: 113 |Total testing time: 0h:4m:43s | Test Loss: 0.3367 | Test Balanced Accuracy: 85.7776 %
2024-04-15 00:40:44,755 - INFO - This file contains logs for: SGD_LI_4_5e_4_to_1_5e_4_Slope_neg_2_5e_6
2024-04-15 00:40:44,756 - INFO - Epoch: 114 |Total training time: 0h:9m:35s | Train Loss: 0.2168 | Train Balanced Accuracy: 92.5201 %
2024-04-15 00:40:44,756 - INFO - Epoch: 114 |Total validation time:0h:1m:12s | Validation Loss: 0.2535 | Validation Balanced Accuracy: 83.4288 % 
2024-04-15 00:40:44,756 - INFO - Epoch: 114 |Total testing time: 0h:3m:38s | Test Loss: 0.3365 | Test Balanced Accuracy: 85.8164 %
2024-04-15 00:56:37,060 - INFO - This file contains logs for: SGD_LI_4_5e_4_to_1_5e_4_Slope_neg_2_5e_6
2024-04-15 00:56:37,061 - INFO - Epoch: 115 |Total training time: 0h:10m:7s | Train Loss: 0.2164 | Train Balanced Accuracy: 92.5112 %
2024-04-15 00:56:37,061 - INFO - Epoch: 115 |Total validation time:0h:1m:48s | Validation Loss: 0.2533 | Validation Balanced Accuracy: 83.4170 % 
2024-04-15 00:56:37,061 - INFO - Epoch: 115 |Total testing time: 0h:3m:56s | Test Loss: 0.3363 | Test Balanced Accuracy: 85.7916 %
2024-04-15 01:13:55,278 - INFO - This file contains logs for: SGD_LI_4_5e_4_to_1_5e_4_Slope_neg_2_5e_6
2024-04-15 01:13:55,278 - INFO - Epoch: 116 |Total training time: 0h:11m:19s | Train Loss: 0.2162 | Train Balanced Accuracy: 92.5626 %
2024-04-15 01:13:55,278 - INFO - Epoch: 116 |Total validation time:0h:3m:8s | Validation Loss: 0.2532 | Validation Balanced Accuracy: 83.4055 % 
2024-04-15 01:13:55,278 - INFO - Epoch: 116 |Total testing time: 0h:2m:51s | Test Loss: 0.3361 | Test Balanced Accuracy: 85.7737 %
2024-04-15 01:23:49,378 - INFO - This file contains logs for: SGD_LI_4_5e_4_to_1_5e_4_Slope_neg_2_5e_6
2024-04-15 01:23:49,379 - INFO - Epoch: 117 |Total training time: 0h:7m:1s | Train Loss: 0.2158 | Train Balanced Accuracy: 92.5466 %
2024-04-15 01:23:49,379 - INFO - Epoch: 117 |Total validation time:0h:1m:51s | Validation Loss: 0.2532 | Validation Balanced Accuracy: 83.3878 % 
2024-04-15 01:23:49,379 - INFO - Epoch: 117 |Total testing time: 0h:1m:1s | Test Loss: 0.3361 | Test Balanced Accuracy: 85.8044 %
2024-04-15 01:29:27,461 - INFO - This file contains logs for: SGD_LI_4_5e_4_to_1_5e_4_Slope_neg_2_5e_6
2024-04-15 01:29:27,461 - INFO - Epoch: 118 |Total training time: 0h:3m:2s | Train Loss: 0.2156 | Train Balanced Accuracy: 92.5751 %
2024-04-15 01:29:27,461 - INFO - Epoch: 118 |Total validation time:0h:1m:8s | Validation Loss: 0.2531 | Validation Balanced Accuracy: 83.3477 % 
2024-04-15 01:29:27,461 - INFO - Epoch: 118 |Total testing time: 0h:1m:27s | Test Loss: 0.3360 | Test Balanced Accuracy: 85.7955 %
2024-04-15 01:35:16,387 - INFO - This file contains logs for: SGD_LI_4_5e_4_to_1_5e_4_Slope_neg_2_5e_6
2024-04-15 01:35:16,387 - INFO - Epoch: 119 |Total training time: 0h:3m:4s | Train Loss: 0.2153 | Train Balanced Accuracy: 92.6216 %
2024-04-15 01:35:16,387 - INFO - Epoch: 119 |Total validation time:0h:1m:17s | Validation Loss: 0.2528 | Validation Balanced Accuracy: 83.4461 % 
2024-04-15 01:35:16,389 - INFO - Epoch: 119 |Total testing time: 0h:1m:27s | Test Loss: 0.3357 | Test Balanced Accuracy: 85.8514 %
2024-04-15 01:35:18,765 - INFO - Saved checkpoint at epoch 119: /home/sur06423/hiwi/vit_exp/vision_tranformer_baseline/src/components/distraction_detection_d_a/grid_search_ddp/experiments_grid_search/SGD_LI_4_5e_4_to_1_5e_4_Slope_neg_2_5e_6/runs/checkpoints/checkpoint_SGD_LI_4_5e_4_to_1_5e_4_Slope_neg_2_5e_6_epoch_119.pth
2024-04-15 01:35:18,766 - INFO - Total training, validation and testing time: 12h:21m:49s.
