2024-03-01 12:20:43,580 - INFO - Total training time for epoch 0: 0h:1m:32s.
2024-03-01 12:20:43,581 - INFO - Total validation time for epoch 0: 0h:0m:43s.
2024-03-01 12:20:43,581 - INFO - Epoch: 0 | Train Loss: 3.0341 | Train Balanced Accuracy: 2.8349 %
2024-03-01 12:20:43,581 - INFO - Epoch: 0 | Validation Loss: 3.6385 | Validation Balanced Accuracy: 2.9412 % 
2024-03-01 12:22:47,449 - INFO - Total training time for epoch 1: 0h:1m:22s.
2024-03-01 12:22:47,450 - INFO - Total validation time for epoch 1: 0h:0m:41s.
2024-03-01 12:22:47,450 - INFO - Epoch: 1 | Train Loss: 2.4807 | Train Balanced Accuracy: 4.0829 %
2024-03-01 12:22:47,452 - INFO - Epoch: 1 | Validation Loss: 3.6861 | Validation Balanced Accuracy: 3.8929 % 
2024-03-01 12:24:52,212 - INFO - Total training time for epoch 2: 0h:1m:23s.
2024-03-01 12:24:52,213 - INFO - Total validation time for epoch 2: 0h:0m:41s.
2024-03-01 12:24:52,213 - INFO - Epoch: 2 | Train Loss: 2.2203 | Train Balanced Accuracy: 7.6109 %
2024-03-01 12:24:52,213 - INFO - Epoch: 2 | Validation Loss: 3.7910 | Validation Balanced Accuracy: 5.4318 % 
2024-03-01 12:26:57,242 - INFO - Total training time for epoch 3: 0h:1m:23s.
2024-03-01 12:26:57,243 - INFO - Total validation time for epoch 3: 0h:0m:41s.
2024-03-01 12:26:57,244 - INFO - Epoch: 3 | Train Loss: 2.0475 | Train Balanced Accuracy: 10.0979 %
2024-03-01 12:26:57,244 - INFO - Epoch: 3 | Validation Loss: 3.8255 | Validation Balanced Accuracy: 6.2908 % 
2024-03-01 12:29:02,034 - INFO - Total training time for epoch 4: 0h:1m:22s.
2024-03-01 12:29:02,035 - INFO - Total validation time for epoch 4: 0h:0m:41s.
2024-03-01 12:29:02,035 - INFO - Epoch: 4 | Train Loss: 1.9288 | Train Balanced Accuracy: 12.1597 %
2024-03-01 12:29:02,035 - INFO - Epoch: 4 | Validation Loss: 3.8696 | Validation Balanced Accuracy: 6.9617 % 
2024-03-01 12:31:06,681 - INFO - Total training time for epoch 5: 0h:1m:23s.
2024-03-01 12:31:06,682 - INFO - Total validation time for epoch 5: 0h:0m:41s.
2024-03-01 12:31:06,682 - INFO - Epoch: 5 | Train Loss: 1.8373 | Train Balanced Accuracy: 13.9070 %
2024-03-01 12:31:06,682 - INFO - Epoch: 5 | Validation Loss: 3.9253 | Validation Balanced Accuracy: 7.4848 % 
2024-03-01 12:33:11,966 - INFO - Total training time for epoch 6: 0h:1m:23s.
2024-03-01 12:33:11,967 - INFO - Total validation time for epoch 6: 0h:0m:41s.
2024-03-01 12:33:11,967 - INFO - Epoch: 6 | Train Loss: 1.7642 | Train Balanced Accuracy: 15.2075 %
2024-03-01 12:33:11,967 - INFO - Epoch: 6 | Validation Loss: 3.9370 | Validation Balanced Accuracy: 7.9709 % 
2024-03-01 12:35:16,671 - INFO - Total training time for epoch 7: 0h:1m:22s.
2024-03-01 12:35:16,671 - INFO - Total validation time for epoch 7: 0h:0m:41s.
2024-03-01 12:35:16,671 - INFO - Epoch: 7 | Train Loss: 1.7029 | Train Balanced Accuracy: 16.2634 %
2024-03-01 12:35:16,671 - INFO - Epoch: 7 | Validation Loss: 3.9735 | Validation Balanced Accuracy: 6.8148 % 
2024-03-01 12:37:21,517 - INFO - Total training time for epoch 8: 0h:1m:22s.
2024-03-01 12:37:21,517 - INFO - Total validation time for epoch 8: 0h:0m:42s.
2024-03-01 12:37:21,517 - INFO - Epoch: 8 | Train Loss: 1.6501 | Train Balanced Accuracy: 17.1535 %
2024-03-01 12:37:21,517 - INFO - Epoch: 8 | Validation Loss: 3.9874 | Validation Balanced Accuracy: 7.1351 % 
2024-03-01 12:39:25,770 - INFO - Total training time for epoch 9: 0h:1m:22s.
2024-03-01 12:39:25,770 - INFO - Total validation time for epoch 9: 0h:0m:41s.
2024-03-01 12:39:25,770 - INFO - Epoch: 9 | Train Loss: 1.6037 | Train Balanced Accuracy: 18.2008 %
2024-03-01 12:39:25,770 - INFO - Epoch: 9 | Validation Loss: 4.0002 | Validation Balanced Accuracy: 7.4976 % 
2024-03-01 12:41:30,207 - INFO - Total training time for epoch 10: 0h:1m:22s.
2024-03-01 12:41:30,207 - INFO - Total validation time for epoch 10: 0h:0m:41s.
2024-03-01 12:41:30,207 - INFO - Epoch: 10 | Train Loss: 1.5634 | Train Balanced Accuracy: 19.0494 %
2024-03-01 12:41:30,207 - INFO - Epoch: 10 | Validation Loss: 4.0330 | Validation Balanced Accuracy: 7.5490 % 
2024-03-01 12:43:35,017 - INFO - Total training time for epoch 11: 0h:1m:23s.
2024-03-01 12:43:35,018 - INFO - Total validation time for epoch 11: 0h:0m:41s.
2024-03-01 12:43:35,018 - INFO - Epoch: 11 | Train Loss: 1.5268 | Train Balanced Accuracy: 19.6991 %
2024-03-01 12:43:35,018 - INFO - Epoch: 11 | Validation Loss: 4.0383 | Validation Balanced Accuracy: 7.5218 % 
2024-03-01 12:45:39,583 - INFO - Total training time for epoch 12: 0h:1m:23s.
2024-03-01 12:45:39,583 - INFO - Total validation time for epoch 12: 0h:0m:41s.
2024-03-01 12:45:39,583 - INFO - Epoch: 12 | Train Loss: 1.4940 | Train Balanced Accuracy: 20.5519 %
2024-03-01 12:45:39,584 - INFO - Epoch: 12 | Validation Loss: 4.0546 | Validation Balanced Accuracy: 7.8041 % 
2024-03-01 12:47:43,693 - INFO - Total training time for epoch 13: 0h:1m:22s.
2024-03-01 12:47:43,693 - INFO - Total validation time for epoch 13: 0h:0m:41s.
2024-03-01 12:47:43,693 - INFO - Epoch: 13 | Train Loss: 1.4639 | Train Balanced Accuracy: 21.0533 %
2024-03-01 12:47:43,693 - INFO - Epoch: 13 | Validation Loss: 4.0691 | Validation Balanced Accuracy: 7.7322 % 
2024-03-01 12:49:47,599 - INFO - Total training time for epoch 14: 0h:1m:22s.
2024-03-01 12:49:47,599 - INFO - Total validation time for epoch 14: 0h:0m:41s.
2024-03-01 12:49:47,599 - INFO - Epoch: 14 | Train Loss: 1.4367 | Train Balanced Accuracy: 21.7233 %
2024-03-01 12:49:47,599 - INFO - Epoch: 14 | Validation Loss: 4.0975 | Validation Balanced Accuracy: 7.9150 % 
2024-03-01 12:51:51,638 - INFO - Total training time for epoch 15: 0h:1m:22s.
2024-03-01 12:51:51,638 - INFO - Total validation time for epoch 15: 0h:0m:41s.
2024-03-01 12:51:51,638 - INFO - Epoch: 15 | Train Loss: 1.4116 | Train Balanced Accuracy: 22.1143 %
2024-03-01 12:51:51,638 - INFO - Epoch: 15 | Validation Loss: 4.0898 | Validation Balanced Accuracy: 8.0990 % 
2024-03-01 12:53:56,220 - INFO - Total training time for epoch 16: 0h:1m:22s.
2024-03-01 12:53:56,220 - INFO - Total validation time for epoch 16: 0h:0m:41s.
2024-03-01 12:53:56,221 - INFO - Epoch: 16 | Train Loss: 1.3884 | Train Balanced Accuracy: 22.8428 %
2024-03-01 12:53:56,221 - INFO - Epoch: 16 | Validation Loss: 4.1120 | Validation Balanced Accuracy: 8.2479 % 
2024-03-01 12:56:00,382 - INFO - Total training time for epoch 17: 0h:1m:22s.
2024-03-01 12:56:00,383 - INFO - Total validation time for epoch 17: 0h:0m:41s.
2024-03-01 12:56:00,383 - INFO - Epoch: 17 | Train Loss: 1.3675 | Train Balanced Accuracy: 23.5066 %
2024-03-01 12:56:00,383 - INFO - Epoch: 17 | Validation Loss: 4.1254 | Validation Balanced Accuracy: 8.4787 % 
2024-03-01 12:58:04,419 - INFO - Total training time for epoch 18: 0h:1m:22s.
2024-03-01 12:58:04,420 - INFO - Total validation time for epoch 18: 0h:0m:41s.
2024-03-01 12:58:04,420 - INFO - Epoch: 18 | Train Loss: 1.3476 | Train Balanced Accuracy: 24.2782 %
2024-03-01 12:58:04,420 - INFO - Epoch: 18 | Validation Loss: 4.1277 | Validation Balanced Accuracy: 8.5913 % 
2024-03-01 13:00:08,197 - INFO - Total training time for epoch 19: 0h:1m:22s.
2024-03-01 13:00:08,198 - INFO - Total validation time for epoch 19: 0h:0m:41s.
2024-03-01 13:00:08,198 - INFO - Epoch: 19 | Train Loss: 1.3290 | Train Balanced Accuracy: 24.7494 %
2024-03-01 13:00:08,198 - INFO - Epoch: 19 | Validation Loss: 4.1408 | Validation Balanced Accuracy: 8.7534 % 
2024-03-01 13:00:09,560 - INFO - Saved checkpoint at epoch 19: /home/sur06423/hiwi/vit_exp/vision_tranformer_baseline/src/components/Grid_Search/experiments/Exp_04_LR_0_003/runs/checkpoints/checkpoint_Exp_04_LR_0_003_epoch_19.pth
2024-03-01 13:02:13,996 - INFO - Total training time for epoch 20: 0h:1m:22s.
2024-03-01 13:02:13,997 - INFO - Total validation time for epoch 20: 0h:0m:41s.
2024-03-01 13:02:13,997 - INFO - Epoch: 20 | Train Loss: 1.3116 | Train Balanced Accuracy: 25.3252 %
2024-03-01 13:02:13,997 - INFO - Epoch: 20 | Validation Loss: 4.1612 | Validation Balanced Accuracy: 9.3256 % 
2024-03-01 13:04:19,101 - INFO - Total training time for epoch 21: 0h:1m:23s.
2024-03-01 13:04:19,102 - INFO - Total validation time for epoch 21: 0h:0m:41s.
2024-03-01 13:04:19,102 - INFO - Epoch: 21 | Train Loss: 1.2955 | Train Balanced Accuracy: 25.7799 %
2024-03-01 13:04:19,102 - INFO - Epoch: 21 | Validation Loss: 4.1687 | Validation Balanced Accuracy: 9.3430 % 
2024-03-01 13:06:24,282 - INFO - Total training time for epoch 22: 0h:1m:23s.
2024-03-01 13:06:24,282 - INFO - Total validation time for epoch 22: 0h:0m:41s.
2024-03-01 13:06:24,282 - INFO - Epoch: 22 | Train Loss: 1.2807 | Train Balanced Accuracy: 26.4108 %
2024-03-01 13:06:24,282 - INFO - Epoch: 22 | Validation Loss: 4.1932 | Validation Balanced Accuracy: 9.2928 % 
2024-03-01 13:08:27,949 - INFO - Total training time for epoch 23: 0h:1m:22s.
2024-03-01 13:08:27,950 - INFO - Total validation time for epoch 23: 0h:0m:41s.
2024-03-01 13:08:27,950 - INFO - Epoch: 23 | Train Loss: 1.2664 | Train Balanced Accuracy: 27.0734 %
2024-03-01 13:08:27,950 - INFO - Epoch: 23 | Validation Loss: 4.1968 | Validation Balanced Accuracy: 10.2472 % 
2024-03-01 13:10:31,925 - INFO - Total training time for epoch 24: 0h:1m:22s.
2024-03-01 13:10:31,926 - INFO - Total validation time for epoch 24: 0h:0m:41s.
2024-03-01 13:10:31,926 - INFO - Epoch: 24 | Train Loss: 1.2532 | Train Balanced Accuracy: 27.6368 %
2024-03-01 13:10:31,926 - INFO - Epoch: 24 | Validation Loss: 4.1969 | Validation Balanced Accuracy: 9.8987 % 
2024-03-01 13:12:35,652 - INFO - Total training time for epoch 25: 0h:1m:22s.
2024-03-01 13:12:35,653 - INFO - Total validation time for epoch 25: 0h:0m:41s.
2024-03-01 13:12:35,653 - INFO - Epoch: 25 | Train Loss: 1.2407 | Train Balanced Accuracy: 28.0805 %
2024-03-01 13:12:35,653 - INFO - Epoch: 25 | Validation Loss: 4.2202 | Validation Balanced Accuracy: 10.0015 % 
2024-03-01 13:14:39,083 - INFO - Total training time for epoch 26: 0h:1m:21s.
2024-03-01 13:14:39,084 - INFO - Total validation time for epoch 26: 0h:0m:41s.
2024-03-01 13:14:39,084 - INFO - Epoch: 26 | Train Loss: 1.2291 | Train Balanced Accuracy: 28.5799 %
2024-03-01 13:14:39,084 - INFO - Epoch: 26 | Validation Loss: 4.2176 | Validation Balanced Accuracy: 9.9001 % 
2024-03-01 13:16:43,525 - INFO - Total training time for epoch 27: 0h:1m:22s.
2024-03-01 13:16:43,526 - INFO - Total validation time for epoch 27: 0h:0m:41s.
2024-03-01 13:16:43,526 - INFO - Epoch: 27 | Train Loss: 1.2182 | Train Balanced Accuracy: 29.1995 %
2024-03-01 13:16:43,526 - INFO - Epoch: 27 | Validation Loss: 4.2228 | Validation Balanced Accuracy: 10.3758 % 
2024-03-01 13:18:47,795 - INFO - Total training time for epoch 28: 0h:1m:22s.
2024-03-01 13:18:47,796 - INFO - Total validation time for epoch 28: 0h:0m:41s.
2024-03-01 13:18:47,796 - INFO - Epoch: 28 | Train Loss: 1.2078 | Train Balanced Accuracy: 29.8055 %
2024-03-01 13:18:47,796 - INFO - Epoch: 28 | Validation Loss: 4.2423 | Validation Balanced Accuracy: 10.7139 % 
2024-03-01 13:20:52,060 - INFO - Total training time for epoch 29: 0h:1m:22s.
2024-03-01 13:20:52,061 - INFO - Total validation time for epoch 29: 0h:0m:41s.
2024-03-01 13:20:52,061 - INFO - Epoch: 29 | Train Loss: 1.1981 | Train Balanced Accuracy: 29.8340 %
2024-03-01 13:20:52,061 - INFO - Epoch: 29 | Validation Loss: 4.2426 | Validation Balanced Accuracy: 10.3384 % 
2024-03-01 13:22:56,558 - INFO - Total training time for epoch 30: 0h:1m:22s.
2024-03-01 13:22:56,558 - INFO - Total validation time for epoch 30: 0h:0m:41s.
2024-03-01 13:22:56,558 - INFO - Epoch: 30 | Train Loss: 1.1888 | Train Balanced Accuracy: 30.4621 %
2024-03-01 13:22:56,558 - INFO - Epoch: 30 | Validation Loss: 4.2585 | Validation Balanced Accuracy: 10.7931 % 
2024-03-01 13:25:00,619 - INFO - Total training time for epoch 31: 0h:1m:22s.
2024-03-01 13:25:00,620 - INFO - Total validation time for epoch 31: 0h:0m:41s.
2024-03-01 13:25:00,620 - INFO - Epoch: 31 | Train Loss: 1.1800 | Train Balanced Accuracy: 30.9008 %
2024-03-01 13:25:00,620 - INFO - Epoch: 31 | Validation Loss: 4.2558 | Validation Balanced Accuracy: 10.9131 % 
2024-03-01 13:27:06,370 - INFO - Total training time for epoch 32: 0h:1m:23s.
2024-03-01 13:27:06,370 - INFO - Total validation time for epoch 32: 0h:0m:42s.
2024-03-01 13:27:06,371 - INFO - Epoch: 32 | Train Loss: 1.1718 | Train Balanced Accuracy: 31.2971 %
2024-03-01 13:27:06,371 - INFO - Epoch: 32 | Validation Loss: 4.2585 | Validation Balanced Accuracy: 10.9250 % 
2024-03-01 13:29:11,039 - INFO - Total training time for epoch 33: 0h:1m:23s.
2024-03-01 13:29:11,040 - INFO - Total validation time for epoch 33: 0h:0m:41s.
2024-03-01 13:29:11,040 - INFO - Epoch: 33 | Train Loss: 1.1641 | Train Balanced Accuracy: 31.6883 %
2024-03-01 13:29:11,040 - INFO - Epoch: 33 | Validation Loss: 4.2745 | Validation Balanced Accuracy: 10.9210 % 
2024-03-01 13:31:15,559 - INFO - Total training time for epoch 34: 0h:1m:22s.
2024-03-01 13:31:15,560 - INFO - Total validation time for epoch 34: 0h:0m:41s.
2024-03-01 13:31:15,560 - INFO - Epoch: 34 | Train Loss: 1.1568 | Train Balanced Accuracy: 32.0738 %
2024-03-01 13:31:15,560 - INFO - Epoch: 34 | Validation Loss: 4.2811 | Validation Balanced Accuracy: 11.1520 % 
2024-03-01 13:33:19,545 - INFO - Total training time for epoch 35: 0h:1m:22s.
2024-03-01 13:33:19,546 - INFO - Total validation time for epoch 35: 0h:0m:41s.
2024-03-01 13:33:19,546 - INFO - Epoch: 35 | Train Loss: 1.1498 | Train Balanced Accuracy: 32.3103 %
2024-03-01 13:33:19,546 - INFO - Epoch: 35 | Validation Loss: 4.2885 | Validation Balanced Accuracy: 11.1006 % 
2024-03-01 13:35:24,068 - INFO - Total training time for epoch 36: 0h:1m:22s.
2024-03-01 13:35:24,068 - INFO - Total validation time for epoch 36: 0h:0m:41s.
2024-03-01 13:35:24,068 - INFO - Epoch: 36 | Train Loss: 1.1433 | Train Balanced Accuracy: 32.6546 %
2024-03-01 13:35:24,069 - INFO - Epoch: 36 | Validation Loss: 4.2873 | Validation Balanced Accuracy: 11.2417 % 
2024-03-01 13:37:28,966 - INFO - Total training time for epoch 37: 0h:1m:23s.
2024-03-01 13:37:28,967 - INFO - Total validation time for epoch 37: 0h:0m:41s.
2024-03-01 13:37:28,967 - INFO - Epoch: 37 | Train Loss: 1.1371 | Train Balanced Accuracy: 32.8231 %
2024-03-01 13:37:28,967 - INFO - Epoch: 37 | Validation Loss: 4.2884 | Validation Balanced Accuracy: 11.1706 % 
2024-03-01 13:39:34,233 - INFO - Total training time for epoch 38: 0h:1m:23s.
2024-03-01 13:39:34,234 - INFO - Total validation time for epoch 38: 0h:0m:41s.
2024-03-01 13:39:34,234 - INFO - Epoch: 38 | Train Loss: 1.1312 | Train Balanced Accuracy: 33.3950 %
2024-03-01 13:39:34,234 - INFO - Epoch: 38 | Validation Loss: 4.2977 | Validation Balanced Accuracy: 11.1981 % 
2024-03-01 13:41:38,829 - INFO - Total training time for epoch 39: 0h:1m:23s.
2024-03-01 13:41:38,830 - INFO - Total validation time for epoch 39: 0h:0m:41s.
2024-03-01 13:41:38,830 - INFO - Epoch: 39 | Train Loss: 1.1255 | Train Balanced Accuracy: 33.3154 %
2024-03-01 13:41:38,830 - INFO - Epoch: 39 | Validation Loss: 4.3030 | Validation Balanced Accuracy: 11.3267 % 
2024-03-01 13:41:40,017 - INFO - Saved checkpoint at epoch 39: /home/sur06423/hiwi/vit_exp/vision_tranformer_baseline/src/components/Grid_Search/experiments/Exp_04_LR_0_003/runs/checkpoints/checkpoint_Exp_04_LR_0_003_epoch_39.pth
2024-03-01 13:43:43,090 - INFO - Total training time for epoch 40: 0h:1m:21s.
2024-03-01 13:43:43,091 - INFO - Total validation time for epoch 40: 0h:0m:41s.
2024-03-01 13:43:43,091 - INFO - Epoch: 40 | Train Loss: 1.1204 | Train Balanced Accuracy: 33.7166 %
2024-03-01 13:43:43,091 - INFO - Epoch: 40 | Validation Loss: 4.3093 | Validation Balanced Accuracy: 11.2757 % 
2024-03-01 13:45:47,324 - INFO - Total training time for epoch 41: 0h:1m:22s.
2024-03-01 13:45:47,325 - INFO - Total validation time for epoch 41: 0h:0m:41s.
2024-03-01 13:45:47,325 - INFO - Epoch: 41 | Train Loss: 1.1155 | Train Balanced Accuracy: 33.7235 %
2024-03-01 13:45:47,325 - INFO - Epoch: 41 | Validation Loss: 4.3084 | Validation Balanced Accuracy: 11.4695 % 
2024-03-01 13:47:51,458 - INFO - Total training time for epoch 42: 0h:1m:22s.
2024-03-01 13:47:51,458 - INFO - Total validation time for epoch 42: 0h:0m:41s.
2024-03-01 13:47:51,458 - INFO - Epoch: 42 | Train Loss: 1.1108 | Train Balanced Accuracy: 34.1168 %
2024-03-01 13:47:51,458 - INFO - Epoch: 42 | Validation Loss: 4.3096 | Validation Balanced Accuracy: 11.6845 % 
2024-03-01 13:49:56,063 - INFO - Total training time for epoch 43: 0h:1m:23s.
2024-03-01 13:49:56,064 - INFO - Total validation time for epoch 43: 0h:0m:41s.
2024-03-01 13:49:56,064 - INFO - Epoch: 43 | Train Loss: 1.1064 | Train Balanced Accuracy: 34.2717 %
2024-03-01 13:49:56,064 - INFO - Epoch: 43 | Validation Loss: 4.3324 | Validation Balanced Accuracy: 11.3270 % 
2024-03-01 13:52:00,063 - INFO - Total training time for epoch 44: 0h:1m:22s.
2024-03-01 13:52:00,064 - INFO - Total validation time for epoch 44: 0h:0m:41s.
2024-03-01 13:52:00,065 - INFO - Epoch: 44 | Train Loss: 1.1022 | Train Balanced Accuracy: 34.4103 %
2024-03-01 13:52:00,065 - INFO - Epoch: 44 | Validation Loss: 4.3230 | Validation Balanced Accuracy: 11.6086 % 
2024-03-01 13:54:05,253 - INFO - Total training time for epoch 45: 0h:1m:23s.
2024-03-01 13:54:05,254 - INFO - Total validation time for epoch 45: 0h:0m:41s.
2024-03-01 13:54:05,254 - INFO - Epoch: 45 | Train Loss: 1.0984 | Train Balanced Accuracy: 34.6783 %
2024-03-01 13:54:05,254 - INFO - Epoch: 45 | Validation Loss: 4.3329 | Validation Balanced Accuracy: 11.6459 % 
2024-03-01 13:56:10,091 - INFO - Total training time for epoch 46: 0h:1m:22s.
2024-03-01 13:56:10,091 - INFO - Total validation time for epoch 46: 0h:0m:41s.
2024-03-01 13:56:10,091 - INFO - Epoch: 46 | Train Loss: 1.0947 | Train Balanced Accuracy: 34.7410 %
2024-03-01 13:56:10,092 - INFO - Epoch: 46 | Validation Loss: 4.3308 | Validation Balanced Accuracy: 11.7327 % 
2024-03-01 13:58:14,418 - INFO - Total training time for epoch 47: 0h:1m:22s.
2024-03-01 13:58:14,418 - INFO - Total validation time for epoch 47: 0h:0m:41s.
2024-03-01 13:58:14,418 - INFO - Epoch: 47 | Train Loss: 1.0913 | Train Balanced Accuracy: 34.8242 %
2024-03-01 13:58:14,418 - INFO - Epoch: 47 | Validation Loss: 4.3421 | Validation Balanced Accuracy: 11.7513 % 
2024-03-01 14:00:20,497 - INFO - Total training time for epoch 48: 0h:1m:24s.
2024-03-01 14:00:20,498 - INFO - Total validation time for epoch 48: 0h:0m:42s.
2024-03-01 14:00:20,498 - INFO - Epoch: 48 | Train Loss: 1.0881 | Train Balanced Accuracy: 35.0342 %
2024-03-01 14:00:20,498 - INFO - Epoch: 48 | Validation Loss: 4.3343 | Validation Balanced Accuracy: 11.7753 % 
2024-03-01 14:02:25,955 - INFO - Total training time for epoch 49: 0h:1m:23s.
2024-03-01 14:02:25,956 - INFO - Total validation time for epoch 49: 0h:0m:41s.
2024-03-01 14:02:25,956 - INFO - Epoch: 49 | Train Loss: 1.0850 | Train Balanced Accuracy: 35.1158 %
2024-03-01 14:02:25,956 - INFO - Epoch: 49 | Validation Loss: 4.3409 | Validation Balanced Accuracy: 11.8581 % 
2024-03-01 14:04:32,195 - INFO - Total training time for epoch 50: 0h:1m:23s.
2024-03-01 14:04:32,196 - INFO - Total validation time for epoch 50: 0h:0m:42s.
2024-03-01 14:04:32,196 - INFO - Epoch: 50 | Train Loss: 1.0822 | Train Balanced Accuracy: 35.3125 %
2024-03-01 14:04:32,196 - INFO - Epoch: 50 | Validation Loss: 4.3464 | Validation Balanced Accuracy: 11.7397 % 
2024-03-01 14:06:38,094 - INFO - Total training time for epoch 51: 0h:1m:24s.
2024-03-01 14:06:38,094 - INFO - Total validation time for epoch 51: 0h:0m:41s.
2024-03-01 14:06:38,094 - INFO - Epoch: 51 | Train Loss: 1.0796 | Train Balanced Accuracy: 35.4664 %
2024-03-01 14:06:38,094 - INFO - Epoch: 51 | Validation Loss: 4.3476 | Validation Balanced Accuracy: 11.7458 % 
2024-03-01 14:08:43,734 - INFO - Total training time for epoch 52: 0h:1m:23s.
2024-03-01 14:08:43,735 - INFO - Total validation time for epoch 52: 0h:0m:41s.
2024-03-01 14:08:43,735 - INFO - Epoch: 52 | Train Loss: 1.0771 | Train Balanced Accuracy: 35.5182 %
2024-03-01 14:08:43,735 - INFO - Epoch: 52 | Validation Loss: 4.3498 | Validation Balanced Accuracy: 11.8451 % 
2024-03-01 14:10:49,083 - INFO - Total training time for epoch 53: 0h:1m:23s.
2024-03-01 14:10:49,083 - INFO - Total validation time for epoch 53: 0h:0m:42s.
2024-03-01 14:10:49,083 - INFO - Epoch: 53 | Train Loss: 1.0749 | Train Balanced Accuracy: 35.6632 %
2024-03-01 14:10:49,083 - INFO - Epoch: 53 | Validation Loss: 4.3526 | Validation Balanced Accuracy: 11.8391 % 
2024-03-01 14:12:54,576 - INFO - Total training time for epoch 54: 0h:1m:23s.
2024-03-01 14:12:54,576 - INFO - Total validation time for epoch 54: 0h:0m:41s.
2024-03-01 14:12:54,577 - INFO - Epoch: 54 | Train Loss: 1.0727 | Train Balanced Accuracy: 35.6575 %
2024-03-01 14:12:54,577 - INFO - Epoch: 54 | Validation Loss: 4.3568 | Validation Balanced Accuracy: 11.8763 % 
2024-03-01 14:14:59,623 - INFO - Total training time for epoch 55: 0h:1m:23s.
2024-03-01 14:14:59,625 - INFO - Total validation time for epoch 55: 0h:0m:41s.
2024-03-01 14:14:59,627 - INFO - Epoch: 55 | Train Loss: 1.0708 | Train Balanced Accuracy: 35.7144 %
2024-03-01 14:14:59,628 - INFO - Epoch: 55 | Validation Loss: 4.3564 | Validation Balanced Accuracy: 11.8366 % 
2024-03-01 14:17:04,063 - INFO - Total training time for epoch 56: 0h:1m:22s.
2024-03-01 14:17:04,063 - INFO - Total validation time for epoch 56: 0h:0m:41s.
2024-03-01 14:17:04,063 - INFO - Epoch: 56 | Train Loss: 1.0690 | Train Balanced Accuracy: 35.8083 %
2024-03-01 14:17:04,063 - INFO - Epoch: 56 | Validation Loss: 4.3617 | Validation Balanced Accuracy: 11.7590 % 
2024-03-01 14:19:08,742 - INFO - Total training time for epoch 57: 0h:1m:22s.
2024-03-01 14:19:08,742 - INFO - Total validation time for epoch 57: 0h:0m:41s.
2024-03-01 14:19:08,742 - INFO - Epoch: 57 | Train Loss: 1.0674 | Train Balanced Accuracy: 35.9325 %
2024-03-01 14:19:08,742 - INFO - Epoch: 57 | Validation Loss: 4.3601 | Validation Balanced Accuracy: 11.9249 % 
2024-03-01 14:21:13,758 - INFO - Total training time for epoch 58: 0h:1m:23s.
2024-03-01 14:21:13,759 - INFO - Total validation time for epoch 58: 0h:0m:41s.
2024-03-01 14:21:13,760 - INFO - Epoch: 58 | Train Loss: 1.0658 | Train Balanced Accuracy: 35.9737 %
2024-03-01 14:21:13,760 - INFO - Epoch: 58 | Validation Loss: 4.3620 | Validation Balanced Accuracy: 11.8793 % 
2024-03-01 14:23:18,405 - INFO - Total training time for epoch 59: 0h:1m:23s.
2024-03-01 14:23:18,406 - INFO - Total validation time for epoch 59: 0h:0m:41s.
2024-03-01 14:23:18,406 - INFO - Epoch: 59 | Train Loss: 1.0644 | Train Balanced Accuracy: 35.9815 %
2024-03-01 14:23:18,406 - INFO - Epoch: 59 | Validation Loss: 4.3651 | Validation Balanced Accuracy: 11.9130 % 
2024-03-01 14:23:19,546 - INFO - Saved checkpoint at epoch 59: /home/sur06423/hiwi/vit_exp/vision_tranformer_baseline/src/components/Grid_Search/experiments/Exp_04_LR_0_003/runs/checkpoints/checkpoint_Exp_04_LR_0_003_epoch_59.pth
2024-03-01 14:25:24,558 - INFO - Total training time for epoch 60: 0h:1m:23s.
2024-03-01 14:25:24,559 - INFO - Total validation time for epoch 60: 0h:0m:41s.
2024-03-01 14:25:24,559 - INFO - Epoch: 60 | Train Loss: 1.0632 | Train Balanced Accuracy: 36.1186 %
2024-03-01 14:25:24,559 - INFO - Epoch: 60 | Validation Loss: 4.3650 | Validation Balanced Accuracy: 11.9581 % 
2024-03-01 14:27:29,486 - INFO - Total training time for epoch 61: 0h:1m:22s.
2024-03-01 14:27:29,487 - INFO - Total validation time for epoch 61: 0h:0m:42s.
2024-03-01 14:27:29,487 - INFO - Epoch: 61 | Train Loss: 1.0620 | Train Balanced Accuracy: 36.1809 %
2024-03-01 14:27:29,487 - INFO - Epoch: 61 | Validation Loss: 4.3647 | Validation Balanced Accuracy: 11.9358 % 
2024-03-01 14:29:34,096 - INFO - Total training time for epoch 62: 0h:1m:22s.
2024-03-01 14:29:34,096 - INFO - Total validation time for epoch 62: 0h:0m:41s.
2024-03-01 14:29:34,096 - INFO - Epoch: 62 | Train Loss: 1.0611 | Train Balanced Accuracy: 36.1725 %
2024-03-01 14:29:34,096 - INFO - Epoch: 62 | Validation Loss: 4.3680 | Validation Balanced Accuracy: 11.9428 % 
2024-03-01 14:31:39,318 - INFO - Total training time for epoch 63: 0h:1m:23s.
2024-03-01 14:31:39,319 - INFO - Total validation time for epoch 63: 0h:0m:41s.
2024-03-01 14:31:39,319 - INFO - Epoch: 63 | Train Loss: 1.0600 | Train Balanced Accuracy: 36.2647 %
2024-03-01 14:31:39,319 - INFO - Epoch: 63 | Validation Loss: 4.3657 | Validation Balanced Accuracy: 11.9582 % 
2024-03-01 14:33:44,554 - INFO - Total training time for epoch 64: 0h:1m:23s.
2024-03-01 14:33:44,555 - INFO - Total validation time for epoch 64: 0h:0m:41s.
2024-03-01 14:33:44,555 - INFO - Epoch: 64 | Train Loss: 1.0592 | Train Balanced Accuracy: 36.2702 %
2024-03-01 14:33:44,555 - INFO - Epoch: 64 | Validation Loss: 4.3680 | Validation Balanced Accuracy: 11.9205 % 
2024-03-01 14:35:49,885 - INFO - Total training time for epoch 65: 0h:1m:23s.
2024-03-01 14:35:49,885 - INFO - Total validation time for epoch 65: 0h:0m:41s.
2024-03-01 14:35:49,885 - INFO - Epoch: 65 | Train Loss: 1.0586 | Train Balanced Accuracy: 36.2730 %
2024-03-01 14:35:49,886 - INFO - Epoch: 65 | Validation Loss: 4.3685 | Validation Balanced Accuracy: 11.9384 % 
2024-03-01 14:37:54,698 - INFO - Total training time for epoch 66: 0h:1m:23s.
2024-03-01 14:37:54,699 - INFO - Total validation time for epoch 66: 0h:0m:41s.
2024-03-01 14:37:54,699 - INFO - Epoch: 66 | Train Loss: 1.0580 | Train Balanced Accuracy: 36.2781 %
2024-03-01 14:37:54,699 - INFO - Epoch: 66 | Validation Loss: 4.3717 | Validation Balanced Accuracy: 11.9383 % 
2024-03-01 14:39:59,721 - INFO - Total training time for epoch 67: 0h:1m:22s.
2024-03-01 14:39:59,722 - INFO - Total validation time for epoch 67: 0h:0m:42s.
2024-03-01 14:39:59,722 - INFO - Epoch: 67 | Train Loss: 1.0573 | Train Balanced Accuracy: 36.2812 %
2024-03-01 14:39:59,722 - INFO - Epoch: 67 | Validation Loss: 4.3696 | Validation Balanced Accuracy: 11.9458 % 
2024-03-01 14:42:03,527 - INFO - Total training time for epoch 68: 0h:1m:22s.
2024-03-01 14:42:03,527 - INFO - Total validation time for epoch 68: 0h:0m:41s.
2024-03-01 14:42:03,528 - INFO - Epoch: 68 | Train Loss: 1.0568 | Train Balanced Accuracy: 36.3022 %
2024-03-01 14:42:03,528 - INFO - Epoch: 68 | Validation Loss: 4.3717 | Validation Balanced Accuracy: 11.9309 % 
2024-03-01 14:44:07,471 - INFO - Total training time for epoch 69: 0h:1m:22s.
2024-03-01 14:44:07,472 - INFO - Total validation time for epoch 69: 0h:0m:41s.
2024-03-01 14:44:07,472 - INFO - Epoch: 69 | Train Loss: 1.0564 | Train Balanced Accuracy: 36.3880 %
2024-03-01 14:44:07,472 - INFO - Epoch: 69 | Validation Loss: 4.3708 | Validation Balanced Accuracy: 11.9333 % 
2024-03-01 14:46:12,503 - INFO - Total training time for epoch 70: 0h:1m:23s.
2024-03-01 14:46:12,504 - INFO - Total validation time for epoch 70: 0h:0m:41s.
2024-03-01 14:46:12,505 - INFO - Epoch: 70 | Train Loss: 1.0561 | Train Balanced Accuracy: 36.3906 %
2024-03-01 14:46:12,505 - INFO - Epoch: 70 | Validation Loss: 4.3721 | Validation Balanced Accuracy: 11.9502 % 
2024-03-01 14:48:17,968 - INFO - Total training time for epoch 71: 0h:1m:23s.
2024-03-01 14:48:17,968 - INFO - Total validation time for epoch 71: 0h:0m:41s.
2024-03-01 14:48:17,968 - INFO - Epoch: 71 | Train Loss: 1.0558 | Train Balanced Accuracy: 36.4007 %
2024-03-01 14:48:17,968 - INFO - Epoch: 71 | Validation Loss: 4.3724 | Validation Balanced Accuracy: 11.9489 % 
2024-03-01 14:50:23,071 - INFO - Total training time for epoch 72: 0h:1m:23s.
2024-03-01 14:50:23,072 - INFO - Total validation time for epoch 72: 0h:0m:41s.
2024-03-01 14:50:23,072 - INFO - Epoch: 72 | Train Loss: 1.0555 | Train Balanced Accuracy: 36.4268 %
2024-03-01 14:50:23,072 - INFO - Epoch: 72 | Validation Loss: 4.3712 | Validation Balanced Accuracy: 11.9582 % 
2024-03-01 14:52:28,039 - INFO - Total training time for epoch 73: 0h:1m:23s.
2024-03-01 14:52:28,040 - INFO - Total validation time for epoch 73: 0h:0m:41s.
2024-03-01 14:52:28,040 - INFO - Epoch: 73 | Train Loss: 1.0554 | Train Balanced Accuracy: 36.4167 %
2024-03-01 14:52:28,040 - INFO - Epoch: 73 | Validation Loss: 4.3722 | Validation Balanced Accuracy: 11.9502 % 
2024-03-01 14:54:33,392 - INFO - Total training time for epoch 74: 0h:1m:23s.
2024-03-01 14:54:33,393 - INFO - Total validation time for epoch 74: 0h:0m:41s.
2024-03-01 14:54:33,393 - INFO - Epoch: 74 | Train Loss: 1.0552 | Train Balanced Accuracy: 36.4231 %
2024-03-01 14:54:33,393 - INFO - Epoch: 74 | Validation Loss: 4.3717 | Validation Balanced Accuracy: 11.9507 % 
2024-03-01 14:56:38,346 - INFO - Total training time for epoch 75: 0h:1m:23s.
2024-03-01 14:56:38,347 - INFO - Total validation time for epoch 75: 0h:0m:41s.
2024-03-01 14:56:38,347 - INFO - Epoch: 75 | Train Loss: 1.0551 | Train Balanced Accuracy: 36.4294 %
2024-03-01 14:56:38,347 - INFO - Epoch: 75 | Validation Loss: 4.3724 | Validation Balanced Accuracy: 11.9502 % 
2024-03-01 14:58:43,625 - INFO - Total training time for epoch 76: 0h:1m:23s.
2024-03-01 14:58:43,625 - INFO - Total validation time for epoch 76: 0h:0m:42s.
2024-03-01 14:58:43,625 - INFO - Epoch: 76 | Train Loss: 1.0551 | Train Balanced Accuracy: 36.4280 %
2024-03-01 14:58:43,625 - INFO - Epoch: 76 | Validation Loss: 4.3719 | Validation Balanced Accuracy: 11.9507 % 
2024-03-01 15:00:48,618 - INFO - Total training time for epoch 77: 0h:1m:23s.
2024-03-01 15:00:48,619 - INFO - Total validation time for epoch 77: 0h:0m:41s.
2024-03-01 15:00:48,619 - INFO - Epoch: 77 | Train Loss: 1.0551 | Train Balanced Accuracy: 36.4291 %
2024-03-01 15:00:48,619 - INFO - Epoch: 77 | Validation Loss: 4.3721 | Validation Balanced Accuracy: 11.9500 % 
2024-03-01 15:02:53,265 - INFO - Total training time for epoch 78: 0h:1m:22s.
2024-03-01 15:02:53,266 - INFO - Total validation time for epoch 78: 0h:0m:41s.
2024-03-01 15:02:53,266 - INFO - Epoch: 78 | Train Loss: 1.0550 | Train Balanced Accuracy: 36.4257 %
2024-03-01 15:02:53,266 - INFO - Epoch: 78 | Validation Loss: 4.3732 | Validation Balanced Accuracy: 11.9502 % 
2024-03-01 15:04:57,763 - INFO - Total training time for epoch 79: 0h:1m:22s.
2024-03-01 15:04:57,764 - INFO - Total validation time for epoch 79: 0h:0m:41s.
2024-03-01 15:04:57,764 - INFO - Epoch: 79 | Train Loss: 1.0550 | Train Balanced Accuracy: 36.4262 %
2024-03-01 15:04:57,764 - INFO - Epoch: 79 | Validation Loss: 4.3729 | Validation Balanced Accuracy: 11.9502 % 
2024-03-01 15:05:06,052 - INFO - Saved checkpoint at epoch 79: /home/sur06423/hiwi/vit_exp/vision_tranformer_baseline/src/components/Grid_Search/experiments/Exp_04_LR_0_003/runs/checkpoints/checkpoint_Exp_04_LR_0_003_epoch_79.pth
2024-03-01 15:05:06,053 - INFO - Total training and validation time: 2h:46m:38s.
