2024-04-26 00:45:25,494 - INFO - This file contains logs for: ViT_Base_Aug_split_2_SGD_4e_4_to_2e_4
2024-04-26 00:45:25,494 - INFO - Epoch: 0 |Total training time: 1h:22m:33s | Train Loss: 0.4346 | Train Balanced Accuracy: 67.5032 %
2024-04-26 00:45:25,494 - INFO - Epoch: 0 |Total validation time:0h:12m:46s | Validation Loss: 0.4382 | Validation Balanced Accuracy: 74.4680 % 
2024-04-26 00:45:25,494 - INFO - Epoch: 0 |Total testing time: 0h:20m:7s | Test Loss: 0.4744 | Test Balanced Accuracy: 71.9874 %
2024-04-26 00:45:27,000 - INFO - Saved checkpoint at epoch 0: /home/sur06423/hiwi/vit_exp/vision_tranformer_baseline/src/components/distraction_detection_d_a/vit_baseline_01_experiments/ViT_Base_Aug_split_2_SGD_4e_4_to_2e_4/runs/checkpoints/checkpoint_ViT_Base_Aug_split_2_SGD_4e_4_to_2e_4_epoch_0.pth
2024-04-26 02:11:49,901 - INFO - This file contains logs for: ViT_Base_Aug_split_2_SGD_4e_4_to_2e_4
2024-04-26 02:11:49,902 - INFO - Epoch: 1 |Total training time: 0h:57m:57s | Train Loss: 0.3357 | Train Balanced Accuracy: 82.6861 %
2024-04-26 02:11:49,902 - INFO - Epoch: 1 |Total validation time:0h:11m:26s | Validation Loss: 0.4139 | Validation Balanced Accuracy: 76.5323 % 
2024-04-26 02:11:49,902 - INFO - Epoch: 1 |Total testing time: 0h:16m:59s | Test Loss: 0.4577 | Test Balanced Accuracy: 73.5602 %
2024-04-26 02:11:50,552 - INFO - Saved checkpoint at epoch 1: /home/sur06423/hiwi/vit_exp/vision_tranformer_baseline/src/components/distraction_detection_d_a/vit_baseline_01_experiments/ViT_Base_Aug_split_2_SGD_4e_4_to_2e_4/runs/checkpoints/checkpoint_ViT_Base_Aug_split_2_SGD_4e_4_to_2e_4_epoch_1.pth
2024-04-26 03:35:58,879 - INFO - This file contains logs for: ViT_Base_Aug_split_2_SGD_4e_4_to_2e_4
2024-04-26 03:35:58,879 - INFO - Epoch: 2 |Total training time: 0h:54m:40s | Train Loss: 0.3017 | Train Balanced Accuracy: 85.8750 %
2024-04-26 03:35:58,879 - INFO - Epoch: 2 |Total validation time:0h:12m:34s | Validation Loss: 0.3895 | Validation Balanced Accuracy: 78.5461 % 
2024-04-26 03:35:58,879 - INFO - Epoch: 2 |Total testing time: 0h:16m:52s | Test Loss: 0.4498 | Test Balanced Accuracy: 75.8161 %
2024-04-26 03:36:00,047 - INFO - Saved checkpoint at epoch 2: /home/sur06423/hiwi/vit_exp/vision_tranformer_baseline/src/components/distraction_detection_d_a/vit_baseline_01_experiments/ViT_Base_Aug_split_2_SGD_4e_4_to_2e_4/runs/checkpoints/checkpoint_ViT_Base_Aug_split_2_SGD_4e_4_to_2e_4_epoch_2.pth
2024-04-26 04:56:58,640 - INFO - This file contains logs for: ViT_Base_Aug_split_2_SGD_4e_4_to_2e_4
2024-04-26 04:56:58,641 - INFO - Epoch: 3 |Total training time: 0h:49m:23s | Train Loss: 0.2807 | Train Balanced Accuracy: 87.3915 %
2024-04-26 04:56:58,642 - INFO - Epoch: 3 |Total validation time:0h:13m:32s | Validation Loss: 0.3781 | Validation Balanced Accuracy: 79.3450 % 
2024-04-26 04:56:58,642 - INFO - Epoch: 3 |Total testing time: 0h:18m:2s | Test Loss: 0.4437 | Test Balanced Accuracy: 76.7170 %
2024-04-26 04:56:59,549 - INFO - Saved checkpoint at epoch 3: /home/sur06423/hiwi/vit_exp/vision_tranformer_baseline/src/components/distraction_detection_d_a/vit_baseline_01_experiments/ViT_Base_Aug_split_2_SGD_4e_4_to_2e_4/runs/checkpoints/checkpoint_ViT_Base_Aug_split_2_SGD_4e_4_to_2e_4_epoch_3.pth
2024-04-26 06:13:57,334 - INFO - This file contains logs for: ViT_Base_Aug_split_2_SGD_4e_4_to_2e_4
2024-04-26 06:13:57,335 - INFO - Epoch: 4 |Total training time: 0h:47m:54s | Train Loss: 0.2655 | Train Balanced Accuracy: 88.3613 %
2024-04-26 06:13:57,335 - INFO - Epoch: 4 |Total validation time:0h:10m:35s | Validation Loss: 0.3655 | Validation Balanced Accuracy: 80.3387 % 
2024-04-26 06:13:57,335 - INFO - Epoch: 4 |Total testing time: 0h:18m:27s | Test Loss: 0.4393 | Test Balanced Accuracy: 77.5109 %
2024-04-26 06:13:58,001 - INFO - Saved checkpoint at epoch 4: /home/sur06423/hiwi/vit_exp/vision_tranformer_baseline/src/components/distraction_detection_d_a/vit_baseline_01_experiments/ViT_Base_Aug_split_2_SGD_4e_4_to_2e_4/runs/checkpoints/checkpoint_ViT_Base_Aug_split_2_SGD_4e_4_to_2e_4_epoch_4.pth
2024-04-26 07:28:57,395 - INFO - This file contains logs for: ViT_Base_Aug_split_2_SGD_4e_4_to_2e_4
2024-04-26 07:28:57,396 - INFO - Epoch: 5 |Total training time: 0h:46m:41s | Train Loss: 0.2537 | Train Balanced Accuracy: 89.0250 %
2024-04-26 07:28:57,396 - INFO - Epoch: 5 |Total validation time:0h:9m:20s | Validation Loss: 0.3527 | Validation Balanced Accuracy: 81.3601 % 
2024-04-26 07:28:57,396 - INFO - Epoch: 5 |Total testing time: 0h:18m:56s | Test Loss: 0.4355 | Test Balanced Accuracy: 78.3292 %
2024-04-26 07:28:58,070 - INFO - Saved checkpoint at epoch 5: /home/sur06423/hiwi/vit_exp/vision_tranformer_baseline/src/components/distraction_detection_d_a/vit_baseline_01_experiments/ViT_Base_Aug_split_2_SGD_4e_4_to_2e_4/runs/checkpoints/checkpoint_ViT_Base_Aug_split_2_SGD_4e_4_to_2e_4_epoch_5.pth
2024-04-26 08:49:06,615 - INFO - Resuming training from epoch 6
2024-04-26 10:41:05,999 - INFO - Resuming training from epoch 6
2024-04-26 11:29:25,079 - INFO - This file contains logs for: ViT_Base_Aug_split_2_SGD_4e_4_to_2e_4
2024-04-26 11:29:25,080 - INFO - Epoch: 6 |Total training time: 0h:32m:19s | Train Loss: 0.2442 | Train Balanced Accuracy: 89.5412 %
2024-04-26 11:29:25,080 - INFO - Epoch: 6 |Total validation time:0h:6m:2s | Validation Loss: 0.3448 | Validation Balanced Accuracy: 81.8583 % 
2024-04-26 11:29:25,080 - INFO - Epoch: 6 |Total testing time: 0h:9m:56s | Test Loss: 0.4319 | Test Balanced Accuracy: 78.7974 %
2024-04-26 11:29:25,961 - INFO - Saved checkpoint at epoch 6: /home/sur06423/hiwi/vit_exp/vision_tranformer_baseline/src/components/distraction_detection_d_a/vit_baseline_01_experiments/ViT_Base_Aug_split_2_SGD_4e_4_to_2e_4/runs/checkpoints/checkpoint_ViT_Base_Aug_split_2_SGD_4e_4_to_2e_4_epoch_6.pth
2024-04-26 11:44:01,452 - INFO - This file contains logs for: ViT_Base_Aug_split_2_SGD_4e_4_to_2e_4
2024-04-26 11:44:01,453 - INFO - Epoch: 7 |Total training time: 0h:9m:43s | Train Loss: 0.2362 | Train Balanced Accuracy: 89.9651 %
2024-04-26 11:44:01,453 - INFO - Epoch: 7 |Total validation time:0h:1m:58s | Validation Loss: 0.3360 | Validation Balanced Accuracy: 82.4207 % 
2024-04-26 11:44:01,453 - INFO - Epoch: 7 |Total testing time: 0h:2m:53s | Test Loss: 0.4286 | Test Balanced Accuracy: 79.3022 %
2024-04-26 11:44:02,154 - INFO - Saved checkpoint at epoch 7: /home/sur06423/hiwi/vit_exp/vision_tranformer_baseline/src/components/distraction_detection_d_a/vit_baseline_01_experiments/ViT_Base_Aug_split_2_SGD_4e_4_to_2e_4/runs/checkpoints/checkpoint_ViT_Base_Aug_split_2_SGD_4e_4_to_2e_4_epoch_7.pth
2024-04-26 11:57:19,117 - INFO - This file contains logs for: ViT_Base_Aug_split_2_SGD_4e_4_to_2e_4
2024-04-26 11:57:19,118 - INFO - Epoch: 8 |Total training time: 0h:8m:20s | Train Loss: 0.2294 | Train Balanced Accuracy: 90.2715 %
2024-04-26 11:57:19,118 - INFO - Epoch: 8 |Total validation time:0h:2m:1s | Validation Loss: 0.3281 | Validation Balanced Accuracy: 82.9244 % 
2024-04-26 11:57:19,118 - INFO - Epoch: 8 |Total testing time: 0h:2m:55s | Test Loss: 0.4259 | Test Balanced Accuracy: 79.6347 %
2024-04-26 11:57:19,838 - INFO - Saved checkpoint at epoch 8: /home/sur06423/hiwi/vit_exp/vision_tranformer_baseline/src/components/distraction_detection_d_a/vit_baseline_01_experiments/ViT_Base_Aug_split_2_SGD_4e_4_to_2e_4/runs/checkpoints/checkpoint_ViT_Base_Aug_split_2_SGD_4e_4_to_2e_4_epoch_8.pth
2024-04-26 12:10:33,347 - INFO - This file contains logs for: ViT_Base_Aug_split_2_SGD_4e_4_to_2e_4
2024-04-26 12:10:33,348 - INFO - Epoch: 9 |Total training time: 0h:8m:15s | Train Loss: 0.2235 | Train Balanced Accuracy: 90.5872 %
2024-04-26 12:10:33,348 - INFO - Epoch: 9 |Total validation time:0h:2m:0s | Validation Loss: 0.3234 | Validation Balanced Accuracy: 83.1530 % 
2024-04-26 12:10:33,348 - INFO - Epoch: 9 |Total testing time: 0h:2m:57s | Test Loss: 0.4229 | Test Balanced Accuracy: 79.8952 %
2024-04-26 12:10:34,033 - INFO - Saved checkpoint at epoch 9: /home/sur06423/hiwi/vit_exp/vision_tranformer_baseline/src/components/distraction_detection_d_a/vit_baseline_01_experiments/ViT_Base_Aug_split_2_SGD_4e_4_to_2e_4/runs/checkpoints/checkpoint_ViT_Base_Aug_split_2_SGD_4e_4_to_2e_4_epoch_9.pth
2024-04-26 12:23:54,642 - INFO - This file contains logs for: ViT_Base_Aug_split_2_SGD_4e_4_to_2e_4
2024-04-26 12:23:54,643 - INFO - Epoch: 10 |Total training time: 0h:8m:16s | Train Loss: 0.2183 | Train Balanced Accuracy: 90.8778 %
2024-04-26 12:23:54,643 - INFO - Epoch: 10 |Total validation time:0h:2m:8s | Validation Loss: 0.3200 | Validation Balanced Accuracy: 83.3033 % 
2024-04-26 12:23:54,643 - INFO - Epoch: 10 |Total testing time: 0h:2m:56s | Test Loss: 0.4200 | Test Balanced Accuracy: 80.0864 %
2024-04-26 12:23:55,332 - INFO - Saved checkpoint at epoch 10: /home/sur06423/hiwi/vit_exp/vision_tranformer_baseline/src/components/distraction_detection_d_a/vit_baseline_01_experiments/ViT_Base_Aug_split_2_SGD_4e_4_to_2e_4/runs/checkpoints/checkpoint_ViT_Base_Aug_split_2_SGD_4e_4_to_2e_4_epoch_10.pth
2024-04-26 12:37:19,597 - INFO - This file contains logs for: ViT_Base_Aug_split_2_SGD_4e_4_to_2e_4
2024-04-26 12:37:19,597 - INFO - Epoch: 11 |Total training time: 0h:8m:12s | Train Loss: 0.2137 | Train Balanced Accuracy: 91.0949 %
2024-04-26 12:37:19,598 - INFO - Epoch: 11 |Total validation time:0h:2m:12s | Validation Loss: 0.3118 | Validation Balanced Accuracy: 84.0436 % 
2024-04-26 12:37:19,598 - INFO - Epoch: 11 |Total testing time: 0h:2m:59s | Test Loss: 0.4187 | Test Balanced Accuracy: 80.4633 %
2024-04-26 12:37:20,482 - INFO - Saved checkpoint at epoch 11: /home/sur06423/hiwi/vit_exp/vision_tranformer_baseline/src/components/distraction_detection_d_a/vit_baseline_01_experiments/ViT_Base_Aug_split_2_SGD_4e_4_to_2e_4/runs/checkpoints/checkpoint_ViT_Base_Aug_split_2_SGD_4e_4_to_2e_4_epoch_11.pth
2024-04-26 12:50:51,435 - INFO - This file contains logs for: ViT_Base_Aug_split_2_SGD_4e_4_to_2e_4
2024-04-26 12:50:51,436 - INFO - Epoch: 12 |Total training time: 0h:8m:20s | Train Loss: 0.2096 | Train Balanced Accuracy: 91.3322 %
2024-04-26 12:50:51,436 - INFO - Epoch: 12 |Total validation time:0h:2m:9s | Validation Loss: 0.3087 | Validation Balanced Accuracy: 84.2660 % 
2024-04-26 12:50:51,436 - INFO - Epoch: 12 |Total testing time: 0h:3m:0s | Test Loss: 0.4163 | Test Balanced Accuracy: 80.6035 %
2024-04-26 12:50:52,724 - INFO - Saved checkpoint at epoch 12: /home/sur06423/hiwi/vit_exp/vision_tranformer_baseline/src/components/distraction_detection_d_a/vit_baseline_01_experiments/ViT_Base_Aug_split_2_SGD_4e_4_to_2e_4/runs/checkpoints/checkpoint_ViT_Base_Aug_split_2_SGD_4e_4_to_2e_4_epoch_12.pth
2024-04-26 13:04:22,400 - INFO - This file contains logs for: ViT_Base_Aug_split_2_SGD_4e_4_to_2e_4
2024-04-26 13:04:22,401 - INFO - Epoch: 13 |Total training time: 0h:8m:19s | Train Loss: 0.2058 | Train Balanced Accuracy: 91.5486 %
2024-04-26 13:04:22,401 - INFO - Epoch: 13 |Total validation time:0h:2m:9s | Validation Loss: 0.3044 | Validation Balanced Accuracy: 84.5926 % 
2024-04-26 13:04:22,401 - INFO - Epoch: 13 |Total testing time: 0h:3m:1s | Test Loss: 0.4137 | Test Balanced Accuracy: 80.9180 %
2024-04-26 13:04:23,321 - INFO - Saved checkpoint at epoch 13: /home/sur06423/hiwi/vit_exp/vision_tranformer_baseline/src/components/distraction_detection_d_a/vit_baseline_01_experiments/ViT_Base_Aug_split_2_SGD_4e_4_to_2e_4/runs/checkpoints/checkpoint_ViT_Base_Aug_split_2_SGD_4e_4_to_2e_4_epoch_13.pth
2024-04-26 13:17:55,237 - INFO - This file contains logs for: ViT_Base_Aug_split_2_SGD_4e_4_to_2e_4
2024-04-26 13:17:55,238 - INFO - Epoch: 14 |Total training time: 0h:8m:17s | Train Loss: 0.2024 | Train Balanced Accuracy: 91.7385 %
2024-04-26 13:17:55,238 - INFO - Epoch: 14 |Total validation time:0h:2m:12s | Validation Loss: 0.2988 | Validation Balanced Accuracy: 85.0259 % 
2024-04-26 13:17:55,238 - INFO - Epoch: 14 |Total testing time: 0h:3m:2s | Test Loss: 0.4138 | Test Balanced Accuracy: 81.0658 %
2024-04-26 13:17:56,120 - INFO - Saved checkpoint at epoch 14: /home/sur06423/hiwi/vit_exp/vision_tranformer_baseline/src/components/distraction_detection_d_a/vit_baseline_01_experiments/ViT_Base_Aug_split_2_SGD_4e_4_to_2e_4/runs/checkpoints/checkpoint_ViT_Base_Aug_split_2_SGD_4e_4_to_2e_4_epoch_14.pth
2024-04-26 13:31:40,759 - INFO - This file contains logs for: ViT_Base_Aug_split_2_SGD_4e_4_to_2e_4
2024-04-26 13:31:40,760 - INFO - Epoch: 15 |Total training time: 0h:8m:30s | Train Loss: 0.1992 | Train Balanced Accuracy: 91.9287 %
2024-04-26 13:31:40,760 - INFO - Epoch: 15 |Total validation time:0h:2m:11s | Validation Loss: 0.2989 | Validation Balanced Accuracy: 84.9090 % 
2024-04-26 13:31:40,760 - INFO - Epoch: 15 |Total testing time: 0h:3m:2s | Test Loss: 0.4098 | Test Balanced Accuracy: 81.2004 %
2024-04-26 13:31:42,078 - INFO - Saved checkpoint at epoch 15: /home/sur06423/hiwi/vit_exp/vision_tranformer_baseline/src/components/distraction_detection_d_a/vit_baseline_01_experiments/ViT_Base_Aug_split_2_SGD_4e_4_to_2e_4/runs/checkpoints/checkpoint_ViT_Base_Aug_split_2_SGD_4e_4_to_2e_4_epoch_15.pth
2024-04-26 13:45:19,877 - INFO - This file contains logs for: ViT_Base_Aug_split_2_SGD_4e_4_to_2e_4
2024-04-26 13:45:19,878 - INFO - Epoch: 16 |Total training time: 0h:8m:21s | Train Loss: 0.1964 | Train Balanced Accuracy: 92.0801 %
2024-04-26 13:45:19,878 - INFO - Epoch: 16 |Total validation time:0h:2m:12s | Validation Loss: 0.2953 | Validation Balanced Accuracy: 85.1832 % 
2024-04-26 13:45:19,878 - INFO - Epoch: 16 |Total testing time: 0h:3m:4s | Test Loss: 0.4085 | Test Balanced Accuracy: 81.3353 %
2024-04-26 13:45:20,695 - INFO - Saved checkpoint at epoch 16: /home/sur06423/hiwi/vit_exp/vision_tranformer_baseline/src/components/distraction_detection_d_a/vit_baseline_01_experiments/ViT_Base_Aug_split_2_SGD_4e_4_to_2e_4/runs/checkpoints/checkpoint_ViT_Base_Aug_split_2_SGD_4e_4_to_2e_4_epoch_16.pth
2024-04-26 13:58:59,827 - INFO - This file contains logs for: ViT_Base_Aug_split_2_SGD_4e_4_to_2e_4
2024-04-26 13:58:59,828 - INFO - Epoch: 17 |Total training time: 0h:8m:23s | Train Loss: 0.1937 | Train Balanced Accuracy: 92.2310 %
2024-04-26 13:58:59,828 - INFO - Epoch: 17 |Total validation time:0h:2m:13s | Validation Loss: 0.2921 | Validation Balanced Accuracy: 85.4196 % 
2024-04-26 13:58:59,828 - INFO - Epoch: 17 |Total testing time: 0h:3m:2s | Test Loss: 0.4073 | Test Balanced Accuracy: 81.4809 %
2024-04-26 13:59:00,570 - INFO - Saved checkpoint at epoch 17: /home/sur06423/hiwi/vit_exp/vision_tranformer_baseline/src/components/distraction_detection_d_a/vit_baseline_01_experiments/ViT_Base_Aug_split_2_SGD_4e_4_to_2e_4/runs/checkpoints/checkpoint_ViT_Base_Aug_split_2_SGD_4e_4_to_2e_4_epoch_17.pth
2024-04-26 14:12:40,772 - INFO - This file contains logs for: ViT_Base_Aug_split_2_SGD_4e_4_to_2e_4
2024-04-26 14:12:40,773 - INFO - Epoch: 18 |Total training time: 0h:8m:24s | Train Loss: 0.1912 | Train Balanced Accuracy: 92.3732 %
2024-04-26 14:12:40,773 - INFO - Epoch: 18 |Total validation time:0h:2m:12s | Validation Loss: 0.2903 | Validation Balanced Accuracy: 85.5203 % 
2024-04-26 14:12:40,773 - INFO - Epoch: 18 |Total testing time: 0h:3m:3s | Test Loss: 0.4057 | Test Balanced Accuracy: 81.5828 %
2024-04-26 14:12:41,459 - INFO - Saved checkpoint at epoch 18: /home/sur06423/hiwi/vit_exp/vision_tranformer_baseline/src/components/distraction_detection_d_a/vit_baseline_01_experiments/ViT_Base_Aug_split_2_SGD_4e_4_to_2e_4/runs/checkpoints/checkpoint_ViT_Base_Aug_split_2_SGD_4e_4_to_2e_4_epoch_18.pth
2024-04-26 14:26:19,733 - INFO - This file contains logs for: ViT_Base_Aug_split_2_SGD_4e_4_to_2e_4
2024-04-26 14:26:19,734 - INFO - Epoch: 19 |Total training time: 0h:8m:22s | Train Loss: 0.1889 | Train Balanced Accuracy: 92.5352 %
2024-04-26 14:26:19,734 - INFO - Epoch: 19 |Total validation time:0h:2m:11s | Validation Loss: 0.2864 | Validation Balanced Accuracy: 85.8173 % 
2024-04-26 14:26:19,734 - INFO - Epoch: 19 |Total testing time: 0h:3m:3s | Test Loss: 0.4050 | Test Balanced Accuracy: 81.7008 %
2024-04-26 14:26:21,081 - INFO - Saved checkpoint at epoch 19: /home/sur06423/hiwi/vit_exp/vision_tranformer_baseline/src/components/distraction_detection_d_a/vit_baseline_01_experiments/ViT_Base_Aug_split_2_SGD_4e_4_to_2e_4/runs/checkpoints/checkpoint_ViT_Base_Aug_split_2_SGD_4e_4_to_2e_4_epoch_19.pth
2024-04-26 14:39:57,949 - INFO - This file contains logs for: ViT_Base_Aug_split_2_SGD_4e_4_to_2e_4
2024-04-26 14:39:57,950 - INFO - Epoch: 20 |Total training time: 0h:8m:22s | Train Loss: 0.1867 | Train Balanced Accuracy: 92.6460 %
2024-04-26 14:39:57,950 - INFO - Epoch: 20 |Total validation time:0h:2m:10s | Validation Loss: 0.2879 | Validation Balanced Accuracy: 85.6304 % 
2024-04-26 14:39:57,950 - INFO - Epoch: 20 |Total testing time: 0h:3m:4s | Test Loss: 0.4014 | Test Balanced Accuracy: 81.7639 %
2024-04-26 14:39:58,845 - INFO - Saved checkpoint at epoch 20: /home/sur06423/hiwi/vit_exp/vision_tranformer_baseline/src/components/distraction_detection_d_a/vit_baseline_01_experiments/ViT_Base_Aug_split_2_SGD_4e_4_to_2e_4/runs/checkpoints/checkpoint_ViT_Base_Aug_split_2_SGD_4e_4_to_2e_4_epoch_20.pth
2024-04-26 14:53:34,382 - INFO - This file contains logs for: ViT_Base_Aug_split_2_SGD_4e_4_to_2e_4
2024-04-26 14:53:34,383 - INFO - Epoch: 21 |Total training time: 0h:8m:22s | Train Loss: 0.1847 | Train Balanced Accuracy: 92.7474 %
2024-04-26 14:53:34,383 - INFO - Epoch: 21 |Total validation time:0h:2m:12s | Validation Loss: 0.2820 | Validation Balanced Accuracy: 86.0376 % 
2024-04-26 14:53:34,383 - INFO - Epoch: 21 |Total testing time: 0h:3m:0s | Test Loss: 0.4026 | Test Balanced Accuracy: 81.8548 %
2024-04-26 14:53:35,282 - INFO - Saved checkpoint at epoch 21: /home/sur06423/hiwi/vit_exp/vision_tranformer_baseline/src/components/distraction_detection_d_a/vit_baseline_01_experiments/ViT_Base_Aug_split_2_SGD_4e_4_to_2e_4/runs/checkpoints/checkpoint_ViT_Base_Aug_split_2_SGD_4e_4_to_2e_4_epoch_21.pth
2024-04-26 15:07:11,578 - INFO - This file contains logs for: ViT_Base_Aug_split_2_SGD_4e_4_to_2e_4
2024-04-26 15:07:11,579 - INFO - Epoch: 22 |Total training time: 0h:8m:22s | Train Loss: 0.1828 | Train Balanced Accuracy: 92.8782 %
2024-04-26 15:07:11,579 - INFO - Epoch: 22 |Total validation time:0h:2m:12s | Validation Loss: 0.2818 | Validation Balanced Accuracy: 85.9938 % 
2024-04-26 15:07:11,579 - INFO - Epoch: 22 |Total testing time: 0h:3m:1s | Test Loss: 0.4002 | Test Balanced Accuracy: 81.9559 %
2024-04-26 15:07:13,898 - INFO - Saved checkpoint at epoch 22: /home/sur06423/hiwi/vit_exp/vision_tranformer_baseline/src/components/distraction_detection_d_a/vit_baseline_01_experiments/ViT_Base_Aug_split_2_SGD_4e_4_to_2e_4/runs/checkpoints/checkpoint_ViT_Base_Aug_split_2_SGD_4e_4_to_2e_4_epoch_22.pth
2024-04-26 15:20:44,635 - INFO - This file contains logs for: ViT_Base_Aug_split_2_SGD_4e_4_to_2e_4
2024-04-26 15:20:44,636 - INFO - Epoch: 23 |Total training time: 0h:8m:20s | Train Loss: 0.1810 | Train Balanced Accuracy: 92.9893 %
2024-04-26 15:20:44,636 - INFO - Epoch: 23 |Total validation time:0h:2m:9s | Validation Loss: 0.2825 | Validation Balanced Accuracy: 85.9576 % 
2024-04-26 15:20:44,636 - INFO - Epoch: 23 |Total testing time: 0h:3m:0s | Test Loss: 0.3973 | Test Balanced Accuracy: 82.0138 %
2024-04-26 15:20:45,350 - INFO - Saved checkpoint at epoch 23: /home/sur06423/hiwi/vit_exp/vision_tranformer_baseline/src/components/distraction_detection_d_a/vit_baseline_01_experiments/ViT_Base_Aug_split_2_SGD_4e_4_to_2e_4/runs/checkpoints/checkpoint_ViT_Base_Aug_split_2_SGD_4e_4_to_2e_4_epoch_23.pth
2024-04-26 15:34:09,647 - INFO - This file contains logs for: ViT_Base_Aug_split_2_SGD_4e_4_to_2e_4
2024-04-26 15:34:09,648 - INFO - Epoch: 24 |Total training time: 0h:8m:16s | Train Loss: 0.1793 | Train Balanced Accuracy: 93.0764 %
2024-04-26 15:34:09,648 - INFO - Epoch: 24 |Total validation time:0h:2m:9s | Validation Loss: 0.2789 | Validation Balanced Accuracy: 86.1738 % 
2024-04-26 15:34:09,648 - INFO - Epoch: 24 |Total testing time: 0h:2m:57s | Test Loss: 0.3976 | Test Balanced Accuracy: 82.1196 %
2024-04-26 15:34:11,304 - INFO - Saved checkpoint at epoch 24: /home/sur06423/hiwi/vit_exp/vision_tranformer_baseline/src/components/distraction_detection_d_a/vit_baseline_01_experiments/ViT_Base_Aug_split_2_SGD_4e_4_to_2e_4/runs/checkpoints/checkpoint_ViT_Base_Aug_split_2_SGD_4e_4_to_2e_4_epoch_24.pth
2024-04-26 15:47:35,877 - INFO - This file contains logs for: ViT_Base_Aug_split_2_SGD_4e_4_to_2e_4
2024-04-26 15:47:35,877 - INFO - Epoch: 25 |Total training time: 0h:8m:15s | Train Loss: 0.1776 | Train Balanced Accuracy: 93.1645 %
2024-04-26 15:47:35,878 - INFO - Epoch: 25 |Total validation time:0h:2m:7s | Validation Loss: 0.2774 | Validation Balanced Accuracy: 86.2836 % 
2024-04-26 15:47:35,878 - INFO - Epoch: 25 |Total testing time: 0h:3m:1s | Test Loss: 0.3960 | Test Balanced Accuracy: 82.2393 %
2024-04-26 15:47:36,568 - INFO - Saved checkpoint at epoch 25: /home/sur06423/hiwi/vit_exp/vision_tranformer_baseline/src/components/distraction_detection_d_a/vit_baseline_01_experiments/ViT_Base_Aug_split_2_SGD_4e_4_to_2e_4/runs/checkpoints/checkpoint_ViT_Base_Aug_split_2_SGD_4e_4_to_2e_4_epoch_25.pth
2024-04-26 16:01:03,451 - INFO - This file contains logs for: ViT_Base_Aug_split_2_SGD_4e_4_to_2e_4
2024-04-26 16:01:03,452 - INFO - Epoch: 26 |Total training time: 0h:8m:19s | Train Loss: 0.1761 | Train Balanced Accuracy: 93.2703 %
2024-04-26 16:01:03,452 - INFO - Epoch: 26 |Total validation time:0h:2m:8s | Validation Loss: 0.2783 | Validation Balanced Accuracy: 86.1780 % 
2024-04-26 16:01:03,452 - INFO - Epoch: 26 |Total testing time: 0h:2m:59s | Test Loss: 0.3936 | Test Balanced Accuracy: 82.2603 %
2024-04-26 16:01:04,443 - INFO - Saved checkpoint at epoch 26: /home/sur06423/hiwi/vit_exp/vision_tranformer_baseline/src/components/distraction_detection_d_a/vit_baseline_01_experiments/ViT_Base_Aug_split_2_SGD_4e_4_to_2e_4/runs/checkpoints/checkpoint_ViT_Base_Aug_split_2_SGD_4e_4_to_2e_4_epoch_26.pth
2024-04-26 16:14:31,743 - INFO - This file contains logs for: ViT_Base_Aug_split_2_SGD_4e_4_to_2e_4
2024-04-26 16:14:31,744 - INFO - Epoch: 27 |Total training time: 0h:8m:18s | Train Loss: 0.1747 | Train Balanced Accuracy: 93.3246 %
2024-04-26 16:14:31,744 - INFO - Epoch: 27 |Total validation time:0h:2m:8s | Validation Loss: 0.2758 | Validation Balanced Accuracy: 86.3346 % 
2024-04-26 16:14:31,744 - INFO - Epoch: 27 |Total testing time: 0h:3m:0s | Test Loss: 0.3935 | Test Balanced Accuracy: 82.3382 %
2024-04-26 16:14:32,360 - INFO - Saved checkpoint at epoch 27: /home/sur06423/hiwi/vit_exp/vision_tranformer_baseline/src/components/distraction_detection_d_a/vit_baseline_01_experiments/ViT_Base_Aug_split_2_SGD_4e_4_to_2e_4/runs/checkpoints/checkpoint_ViT_Base_Aug_split_2_SGD_4e_4_to_2e_4_epoch_27.pth
2024-04-26 16:37:11,131 - INFO - This file contains logs for: ViT_Base_Aug_split_2_SGD_4e_4_to_2e_4
2024-04-26 16:37:11,131 - INFO - Epoch: 28 |Total training time: 0h:8m:19s | Train Loss: 0.1733 | Train Balanced Accuracy: 93.4112 %
2024-04-26 16:37:11,132 - INFO - Epoch: 28 |Total validation time:0h:2m:13s | Validation Loss: 0.2745 | Validation Balanced Accuracy: 86.4312 % 
2024-04-26 16:37:11,132 - INFO - Epoch: 28 |Total testing time: 0h:12m:6s | Test Loss: 0.3926 | Test Balanced Accuracy: 82.4354 %
2024-04-26 16:37:11,832 - INFO - Saved checkpoint at epoch 28: /home/sur06423/hiwi/vit_exp/vision_tranformer_baseline/src/components/distraction_detection_d_a/vit_baseline_01_experiments/ViT_Base_Aug_split_2_SGD_4e_4_to_2e_4/runs/checkpoints/checkpoint_ViT_Base_Aug_split_2_SGD_4e_4_to_2e_4_epoch_28.pth
2024-04-26 17:22:53,287 - INFO - This file contains logs for: ViT_Base_Aug_split_2_SGD_4e_4_to_2e_4
2024-04-26 17:22:53,287 - INFO - Epoch: 29 |Total training time: 0h:33m:1s | Train Loss: 0.1719 | Train Balanced Accuracy: 93.4799 %
2024-04-26 17:22:53,287 - INFO - Epoch: 29 |Total validation time:0h:3m:29s | Validation Loss: 0.2743 | Validation Balanced Accuracy: 86.4255 % 
2024-04-26 17:22:53,287 - INFO - Epoch: 29 |Total testing time: 0h:9m:10s | Test Loss: 0.3907 | Test Balanced Accuracy: 82.4835 %
2024-04-26 17:22:55,378 - INFO - Saved checkpoint at epoch 29: /home/sur06423/hiwi/vit_exp/vision_tranformer_baseline/src/components/distraction_detection_d_a/vit_baseline_01_experiments/ViT_Base_Aug_split_2_SGD_4e_4_to_2e_4/runs/checkpoints/checkpoint_ViT_Base_Aug_split_2_SGD_4e_4_to_2e_4_epoch_29.pth
2024-04-26 17:36:30,506 - INFO - This file contains logs for: ViT_Base_Aug_split_2_SGD_4e_4_to_2e_4
2024-04-26 17:36:30,507 - INFO - Epoch: 30 |Total training time: 0h:8m:21s | Train Loss: 0.1707 | Train Balanced Accuracy: 93.5445 %
2024-04-26 17:36:30,507 - INFO - Epoch: 30 |Total validation time:0h:2m:11s | Validation Loss: 0.2732 | Validation Balanced Accuracy: 86.5047 % 
2024-04-26 17:36:30,507 - INFO - Epoch: 30 |Total testing time: 0h:3m:2s | Test Loss: 0.3898 | Test Balanced Accuracy: 82.5873 %
2024-04-26 17:36:31,200 - INFO - Saved checkpoint at epoch 30: /home/sur06423/hiwi/vit_exp/vision_tranformer_baseline/src/components/distraction_detection_d_a/vit_baseline_01_experiments/ViT_Base_Aug_split_2_SGD_4e_4_to_2e_4/runs/checkpoints/checkpoint_ViT_Base_Aug_split_2_SGD_4e_4_to_2e_4_epoch_30.pth
2024-04-26 17:50:11,197 - INFO - This file contains logs for: ViT_Base_Aug_split_2_SGD_4e_4_to_2e_4
2024-04-26 17:50:11,198 - INFO - Epoch: 31 |Total training time: 0h:8m:22s | Train Loss: 0.1695 | Train Balanced Accuracy: 93.6235 %
2024-04-26 17:50:11,198 - INFO - Epoch: 31 |Total validation time:0h:2m:13s | Validation Loss: 0.2730 | Validation Balanced Accuracy: 86.4833 % 
2024-04-26 17:50:11,200 - INFO - Epoch: 31 |Total testing time: 0h:3m:4s | Test Loss: 0.3883 | Test Balanced Accuracy: 82.6234 %
2024-04-26 17:50:12,303 - INFO - Saved checkpoint at epoch 31: /home/sur06423/hiwi/vit_exp/vision_tranformer_baseline/src/components/distraction_detection_d_a/vit_baseline_01_experiments/ViT_Base_Aug_split_2_SGD_4e_4_to_2e_4/runs/checkpoints/checkpoint_ViT_Base_Aug_split_2_SGD_4e_4_to_2e_4_epoch_31.pth
2024-04-26 18:03:48,840 - INFO - This file contains logs for: ViT_Base_Aug_split_2_SGD_4e_4_to_2e_4
2024-04-26 18:03:48,841 - INFO - Epoch: 32 |Total training time: 0h:8m:21s | Train Loss: 0.1683 | Train Balanced Accuracy: 93.6930 %
2024-04-26 18:03:48,841 - INFO - Epoch: 32 |Total validation time:0h:2m:12s | Validation Loss: 0.2739 | Validation Balanced Accuracy: 86.3911 % 
2024-04-26 18:03:48,841 - INFO - Epoch: 32 |Total testing time: 0h:3m:2s | Test Loss: 0.3860 | Test Balanced Accuracy: 82.6800 %
2024-04-26 18:03:49,779 - INFO - Saved checkpoint at epoch 32: /home/sur06423/hiwi/vit_exp/vision_tranformer_baseline/src/components/distraction_detection_d_a/vit_baseline_01_experiments/ViT_Base_Aug_split_2_SGD_4e_4_to_2e_4/runs/checkpoints/checkpoint_ViT_Base_Aug_split_2_SGD_4e_4_to_2e_4_epoch_32.pth
2024-04-26 18:17:23,991 - INFO - This file contains logs for: ViT_Base_Aug_split_2_SGD_4e_4_to_2e_4
2024-04-26 18:17:23,992 - INFO - Epoch: 33 |Total training time: 0h:8m:21s | Train Loss: 0.1672 | Train Balanced Accuracy: 93.7460 %
2024-04-26 18:17:23,993 - INFO - Epoch: 33 |Total validation time:0h:2m:11s | Validation Loss: 0.2719 | Validation Balanced Accuracy: 86.5360 % 
2024-04-26 18:17:23,993 - INFO - Epoch: 33 |Total testing time: 0h:3m:1s | Test Loss: 0.3858 | Test Balanced Accuracy: 82.7886 %
2024-04-26 18:17:24,917 - INFO - Saved checkpoint at epoch 33: /home/sur06423/hiwi/vit_exp/vision_tranformer_baseline/src/components/distraction_detection_d_a/vit_baseline_01_experiments/ViT_Base_Aug_split_2_SGD_4e_4_to_2e_4/runs/checkpoints/checkpoint_ViT_Base_Aug_split_2_SGD_4e_4_to_2e_4_epoch_33.pth
2024-04-26 18:30:55,514 - INFO - This file contains logs for: ViT_Base_Aug_split_2_SGD_4e_4_to_2e_4
2024-04-26 18:30:55,515 - INFO - Epoch: 34 |Total training time: 0h:8m:21s | Train Loss: 0.1662 | Train Balanced Accuracy: 93.8018 %
2024-04-26 18:30:55,515 - INFO - Epoch: 34 |Total validation time:0h:2m:8s | Validation Loss: 0.2681 | Validation Balanced Accuracy: 86.8181 % 
2024-04-26 18:30:55,515 - INFO - Epoch: 34 |Total testing time: 0h:3m:0s | Test Loss: 0.3878 | Test Balanced Accuracy: 82.8999 %
2024-04-26 18:30:56,266 - INFO - Saved checkpoint at epoch 34: /home/sur06423/hiwi/vit_exp/vision_tranformer_baseline/src/components/distraction_detection_d_a/vit_baseline_01_experiments/ViT_Base_Aug_split_2_SGD_4e_4_to_2e_4/runs/checkpoints/checkpoint_ViT_Base_Aug_split_2_SGD_4e_4_to_2e_4_epoch_34.pth
2024-04-26 18:44:17,019 - INFO - This file contains logs for: ViT_Base_Aug_split_2_SGD_4e_4_to_2e_4
2024-04-26 18:44:17,020 - INFO - Epoch: 35 |Total training time: 0h:8m:19s | Train Loss: 0.1651 | Train Balanced Accuracy: 93.8709 %
2024-04-26 18:44:17,020 - INFO - Epoch: 35 |Total validation time:0h:2m:7s | Validation Loss: 0.2690 | Validation Balanced Accuracy: 86.7169 % 
2024-04-26 18:44:17,021 - INFO - Epoch: 35 |Total testing time: 0h:2m:54s | Test Loss: 0.3855 | Test Balanced Accuracy: 82.8943 %
2024-04-26 18:44:18,065 - INFO - Saved checkpoint at epoch 35: /home/sur06423/hiwi/vit_exp/vision_tranformer_baseline/src/components/distraction_detection_d_a/vit_baseline_01_experiments/ViT_Base_Aug_split_2_SGD_4e_4_to_2e_4/runs/checkpoints/checkpoint_ViT_Base_Aug_split_2_SGD_4e_4_to_2e_4_epoch_35.pth
2024-04-26 18:57:45,549 - INFO - This file contains logs for: ViT_Base_Aug_split_2_SGD_4e_4_to_2e_4
2024-04-26 18:57:45,550 - INFO - Epoch: 36 |Total training time: 0h:8m:17s | Train Loss: 0.1642 | Train Balanced Accuracy: 93.9283 %
2024-04-26 18:57:45,550 - INFO - Epoch: 36 |Total validation time:0h:2m:10s | Validation Loss: 0.2694 | Validation Balanced Accuracy: 86.6806 % 
2024-04-26 18:57:45,550 - INFO - Epoch: 36 |Total testing time: 0h:2m:59s | Test Loss: 0.3834 | Test Balanced Accuracy: 82.9735 %
2024-04-26 18:57:46,421 - INFO - Saved checkpoint at epoch 36: /home/sur06423/hiwi/vit_exp/vision_tranformer_baseline/src/components/distraction_detection_d_a/vit_baseline_01_experiments/ViT_Base_Aug_split_2_SGD_4e_4_to_2e_4/runs/checkpoints/checkpoint_ViT_Base_Aug_split_2_SGD_4e_4_to_2e_4_epoch_36.pth
2024-04-26 19:11:15,077 - INFO - This file contains logs for: ViT_Base_Aug_split_2_SGD_4e_4_to_2e_4
2024-04-26 19:11:15,078 - INFO - Epoch: 37 |Total training time: 0h:8m:20s | Train Loss: 0.1632 | Train Balanced Accuracy: 93.9543 %
2024-04-26 19:11:15,078 - INFO - Epoch: 37 |Total validation time:0h:2m:9s | Validation Loss: 0.2656 | Validation Balanced Accuracy: 87.0001 % 
2024-04-26 19:11:15,078 - INFO - Epoch: 37 |Total testing time: 0h:2m:59s | Test Loss: 0.3858 | Test Balanced Accuracy: 83.1010 %
2024-04-26 19:11:15,894 - INFO - Saved checkpoint at epoch 37: /home/sur06423/hiwi/vit_exp/vision_tranformer_baseline/src/components/distraction_detection_d_a/vit_baseline_01_experiments/ViT_Base_Aug_split_2_SGD_4e_4_to_2e_4/runs/checkpoints/checkpoint_ViT_Base_Aug_split_2_SGD_4e_4_to_2e_4_epoch_37.pth
2024-04-26 19:24:44,933 - INFO - This file contains logs for: ViT_Base_Aug_split_2_SGD_4e_4_to_2e_4
2024-04-26 19:24:44,934 - INFO - Epoch: 38 |Total training time: 0h:8m:19s | Train Loss: 0.1623 | Train Balanced Accuracy: 94.0060 %
2024-04-26 19:24:44,934 - INFO - Epoch: 38 |Total validation time:0h:2m:8s | Validation Loss: 0.2675 | Validation Balanced Accuracy: 86.8321 % 
2024-04-26 19:24:44,934 - INFO - Epoch: 38 |Total testing time: 0h:3m:0s | Test Loss: 0.3825 | Test Balanced Accuracy: 83.0825 %
2024-04-26 19:24:45,962 - INFO - Saved checkpoint at epoch 38: /home/sur06423/hiwi/vit_exp/vision_tranformer_baseline/src/components/distraction_detection_d_a/vit_baseline_01_experiments/ViT_Base_Aug_split_2_SGD_4e_4_to_2e_4/runs/checkpoints/checkpoint_ViT_Base_Aug_split_2_SGD_4e_4_to_2e_4_epoch_38.pth
2024-04-26 19:38:16,980 - INFO - This file contains logs for: ViT_Base_Aug_split_2_SGD_4e_4_to_2e_4
2024-04-26 19:38:16,981 - INFO - Epoch: 39 |Total training time: 0h:8m:18s | Train Loss: 0.1614 | Train Balanced Accuracy: 94.0423 %
2024-04-26 19:38:16,981 - INFO - Epoch: 39 |Total validation time:0h:2m:10s | Validation Loss: 0.2662 | Validation Balanced Accuracy: 86.9342 % 
2024-04-26 19:38:16,981 - INFO - Epoch: 39 |Total testing time: 0h:3m:1s | Test Loss: 0.3823 | Test Balanced Accuracy: 83.1799 %
2024-04-26 19:38:17,619 - INFO - Saved checkpoint at epoch 39: /home/sur06423/hiwi/vit_exp/vision_tranformer_baseline/src/components/distraction_detection_d_a/vit_baseline_01_experiments/ViT_Base_Aug_split_2_SGD_4e_4_to_2e_4/runs/checkpoints/checkpoint_ViT_Base_Aug_split_2_SGD_4e_4_to_2e_4_epoch_39.pth
2024-04-26 19:51:47,475 - INFO - This file contains logs for: ViT_Base_Aug_split_2_SGD_4e_4_to_2e_4
2024-04-26 19:51:47,476 - INFO - Epoch: 40 |Total training time: 0h:8m:20s | Train Loss: 0.1606 | Train Balanced Accuracy: 94.0936 %
2024-04-26 19:51:47,476 - INFO - Epoch: 40 |Total validation time:0h:2m:9s | Validation Loss: 0.2672 | Validation Balanced Accuracy: 86.8423 % 
2024-04-26 19:51:47,476 - INFO - Epoch: 40 |Total testing time: 0h:3m:0s | Test Loss: 0.3800 | Test Balanced Accuracy: 83.1665 %
2024-04-26 19:51:48,448 - INFO - Saved checkpoint at epoch 40: /home/sur06423/hiwi/vit_exp/vision_tranformer_baseline/src/components/distraction_detection_d_a/vit_baseline_01_experiments/ViT_Base_Aug_split_2_SGD_4e_4_to_2e_4/runs/checkpoints/checkpoint_ViT_Base_Aug_split_2_SGD_4e_4_to_2e_4_epoch_40.pth
2024-04-26 20:05:12,133 - INFO - This file contains logs for: ViT_Base_Aug_split_2_SGD_4e_4_to_2e_4
2024-04-26 20:05:12,134 - INFO - Epoch: 41 |Total training time: 0h:8m:15s | Train Loss: 0.1598 | Train Balanced Accuracy: 94.1310 %
2024-04-26 20:05:12,134 - INFO - Epoch: 41 |Total validation time:0h:2m:8s | Validation Loss: 0.2663 | Validation Balanced Accuracy: 86.9070 % 
2024-04-26 20:05:12,134 - INFO - Epoch: 41 |Total testing time: 0h:2m:59s | Test Loss: 0.3796 | Test Balanced Accuracy: 83.2410 %
2024-04-26 20:05:13,048 - INFO - Saved checkpoint at epoch 41: /home/sur06423/hiwi/vit_exp/vision_tranformer_baseline/src/components/distraction_detection_d_a/vit_baseline_01_experiments/ViT_Base_Aug_split_2_SGD_4e_4_to_2e_4/runs/checkpoints/checkpoint_ViT_Base_Aug_split_2_SGD_4e_4_to_2e_4_epoch_41.pth
2024-04-26 20:18:42,235 - INFO - This file contains logs for: ViT_Base_Aug_split_2_SGD_4e_4_to_2e_4
2024-04-26 20:18:42,236 - INFO - Epoch: 42 |Total training time: 0h:8m:18s | Train Loss: 0.1590 | Train Balanced Accuracy: 94.1922 %
2024-04-26 20:18:42,236 - INFO - Epoch: 42 |Total validation time:0h:2m:9s | Validation Loss: 0.2682 | Validation Balanced Accuracy: 86.7265 % 
2024-04-26 20:18:42,238 - INFO - Epoch: 42 |Total testing time: 0h:3m:0s | Test Loss: 0.3767 | Test Balanced Accuracy: 83.2378 %
2024-04-26 20:18:43,008 - INFO - Saved checkpoint at epoch 42: /home/sur06423/hiwi/vit_exp/vision_tranformer_baseline/src/components/distraction_detection_d_a/vit_baseline_01_experiments/ViT_Base_Aug_split_2_SGD_4e_4_to_2e_4/runs/checkpoints/checkpoint_ViT_Base_Aug_split_2_SGD_4e_4_to_2e_4_epoch_42.pth
2024-04-26 20:32:11,991 - INFO - This file contains logs for: ViT_Base_Aug_split_2_SGD_4e_4_to_2e_4
2024-04-26 20:32:11,994 - INFO - Epoch: 43 |Total training time: 0h:8m:19s | Train Loss: 0.1582 | Train Balanced Accuracy: 94.2167 %
2024-04-26 20:32:11,995 - INFO - Epoch: 43 |Total validation time:0h:2m:9s | Validation Loss: 0.2659 | Validation Balanced Accuracy: 86.9219 % 
2024-04-26 20:32:11,997 - INFO - Epoch: 43 |Total testing time: 0h:3m:0s | Test Loss: 0.3776 | Test Balanced Accuracy: 83.3437 %
2024-04-26 20:33:49,779 - INFO - Saved checkpoint at epoch 43: /home/sur06423/hiwi/vit_exp/vision_tranformer_baseline/src/components/distraction_detection_d_a/vit_baseline_01_experiments/ViT_Base_Aug_split_2_SGD_4e_4_to_2e_4/runs/checkpoints/checkpoint_ViT_Base_Aug_split_2_SGD_4e_4_to_2e_4_epoch_43.pth
2024-04-26 20:47:22,751 - INFO - This file contains logs for: ViT_Base_Aug_split_2_SGD_4e_4_to_2e_4
2024-04-26 20:47:22,752 - INFO - Epoch: 44 |Total training time: 0h:8m:19s | Train Loss: 0.1575 | Train Balanced Accuracy: 94.2525 %
2024-04-26 20:47:22,752 - INFO - Epoch: 44 |Total validation time:0h:2m:9s | Validation Loss: 0.2645 | Validation Balanced Accuracy: 87.0046 % 
2024-04-26 20:47:22,752 - INFO - Epoch: 44 |Total testing time: 0h:3m:3s | Test Loss: 0.3779 | Test Balanced Accuracy: 83.4142 %
2024-04-26 20:47:23,519 - INFO - Saved checkpoint at epoch 44: /home/sur06423/hiwi/vit_exp/vision_tranformer_baseline/src/components/distraction_detection_d_a/vit_baseline_01_experiments/ViT_Base_Aug_split_2_SGD_4e_4_to_2e_4/runs/checkpoints/checkpoint_ViT_Base_Aug_split_2_SGD_4e_4_to_2e_4_epoch_44.pth
2024-04-26 21:00:59,879 - INFO - This file contains logs for: ViT_Base_Aug_split_2_SGD_4e_4_to_2e_4
2024-04-26 21:00:59,880 - INFO - Epoch: 45 |Total training time: 0h:8m:18s | Train Loss: 0.1568 | Train Balanced Accuracy: 94.2976 %
2024-04-26 21:00:59,880 - INFO - Epoch: 45 |Total validation time:0h:2m:12s | Validation Loss: 0.2658 | Validation Balanced Accuracy: 86.9056 % 
2024-04-26 21:00:59,880 - INFO - Epoch: 45 |Total testing time: 0h:3m:5s | Test Loss: 0.3756 | Test Balanced Accuracy: 83.4125 %
2024-04-26 21:01:00,725 - INFO - Saved checkpoint at epoch 45: /home/sur06423/hiwi/vit_exp/vision_tranformer_baseline/src/components/distraction_detection_d_a/vit_baseline_01_experiments/ViT_Base_Aug_split_2_SGD_4e_4_to_2e_4/runs/checkpoints/checkpoint_ViT_Base_Aug_split_2_SGD_4e_4_to_2e_4_epoch_45.pth
2024-04-26 21:14:28,000 - INFO - This file contains logs for: ViT_Base_Aug_split_2_SGD_4e_4_to_2e_4
2024-04-26 21:14:28,001 - INFO - Epoch: 46 |Total training time: 0h:8m:18s | Train Loss: 0.1561 | Train Balanced Accuracy: 94.3205 %
2024-04-26 21:14:28,001 - INFO - Epoch: 46 |Total validation time:0h:2m:8s | Validation Loss: 0.2644 | Validation Balanced Accuracy: 87.0141 % 
2024-04-26 21:14:28,001 - INFO - Epoch: 46 |Total testing time: 0h:3m:0s | Test Loss: 0.3761 | Test Balanced Accuracy: 83.4534 %
2024-04-26 21:14:28,893 - INFO - Saved checkpoint at epoch 46: /home/sur06423/hiwi/vit_exp/vision_tranformer_baseline/src/components/distraction_detection_d_a/vit_baseline_01_experiments/ViT_Base_Aug_split_2_SGD_4e_4_to_2e_4/runs/checkpoints/checkpoint_ViT_Base_Aug_split_2_SGD_4e_4_to_2e_4_epoch_46.pth
2024-04-26 21:27:55,637 - INFO - This file contains logs for: ViT_Base_Aug_split_2_SGD_4e_4_to_2e_4
2024-04-26 21:27:55,637 - INFO - Epoch: 47 |Total training time: 0h:8m:18s | Train Loss: 0.1554 | Train Balanced Accuracy: 94.3512 %
2024-04-26 21:27:55,637 - INFO - Epoch: 47 |Total validation time:0h:2m:8s | Validation Loss: 0.2630 | Validation Balanced Accuracy: 87.1565 % 
2024-04-26 21:27:55,637 - INFO - Epoch: 47 |Total testing time: 0h:2m:59s | Test Loss: 0.3761 | Test Balanced Accuracy: 83.5224 %
2024-04-26 21:27:56,370 - INFO - Saved checkpoint at epoch 47: /home/sur06423/hiwi/vit_exp/vision_tranformer_baseline/src/components/distraction_detection_d_a/vit_baseline_01_experiments/ViT_Base_Aug_split_2_SGD_4e_4_to_2e_4/runs/checkpoints/checkpoint_ViT_Base_Aug_split_2_SGD_4e_4_to_2e_4_epoch_47.pth
2024-04-26 21:41:27,741 - INFO - This file contains logs for: ViT_Base_Aug_split_2_SGD_4e_4_to_2e_4
2024-04-26 21:41:27,742 - INFO - Epoch: 48 |Total training time: 0h:8m:21s | Train Loss: 0.1548 | Train Balanced Accuracy: 94.4011 %
2024-04-26 21:41:27,742 - INFO - Epoch: 48 |Total validation time:0h:2m:8s | Validation Loss: 0.2640 | Validation Balanced Accuracy: 87.0199 % 
2024-04-26 21:41:27,742 - INFO - Epoch: 48 |Total testing time: 0h:3m:0s | Test Loss: 0.3743 | Test Balanced Accuracy: 83.5192 %
2024-04-26 21:41:28,432 - INFO - Saved checkpoint at epoch 48: /home/sur06423/hiwi/vit_exp/vision_tranformer_baseline/src/components/distraction_detection_d_a/vit_baseline_01_experiments/ViT_Base_Aug_split_2_SGD_4e_4_to_2e_4/runs/checkpoints/checkpoint_ViT_Base_Aug_split_2_SGD_4e_4_to_2e_4_epoch_48.pth
2024-04-26 21:54:54,353 - INFO - This file contains logs for: ViT_Base_Aug_split_2_SGD_4e_4_to_2e_4
2024-04-26 21:54:54,353 - INFO - Epoch: 49 |Total training time: 0h:8m:18s | Train Loss: 0.1542 | Train Balanced Accuracy: 94.4095 %
2024-04-26 21:54:54,354 - INFO - Epoch: 49 |Total validation time:0h:2m:9s | Validation Loss: 0.2626 | Validation Balanced Accuracy: 87.1983 % 
2024-04-26 21:54:54,354 - INFO - Epoch: 49 |Total testing time: 0h:2m:58s | Test Loss: 0.3750 | Test Balanced Accuracy: 83.5726 %
2024-04-26 21:54:56,325 - INFO - Saved checkpoint at epoch 49: /home/sur06423/hiwi/vit_exp/vision_tranformer_baseline/src/components/distraction_detection_d_a/vit_baseline_01_experiments/ViT_Base_Aug_split_2_SGD_4e_4_to_2e_4/runs/checkpoints/checkpoint_ViT_Base_Aug_split_2_SGD_4e_4_to_2e_4_epoch_49.pth
2024-04-26 22:08:19,455 - INFO - This file contains logs for: ViT_Base_Aug_split_2_SGD_4e_4_to_2e_4
2024-04-26 22:08:19,456 - INFO - Epoch: 50 |Total training time: 0h:8m:15s | Train Loss: 0.1536 | Train Balanced Accuracy: 94.4301 %
2024-04-26 22:08:19,457 - INFO - Epoch: 50 |Total validation time:0h:2m:9s | Validation Loss: 0.2631 | Validation Balanced Accuracy: 87.1216 % 
2024-04-26 22:08:19,457 - INFO - Epoch: 50 |Total testing time: 0h:2m:58s | Test Loss: 0.3736 | Test Balanced Accuracy: 83.5971 %
2024-04-26 22:08:20,802 - INFO - Saved checkpoint at epoch 50: /home/sur06423/hiwi/vit_exp/vision_tranformer_baseline/src/components/distraction_detection_d_a/vit_baseline_01_experiments/ViT_Base_Aug_split_2_SGD_4e_4_to_2e_4/runs/checkpoints/checkpoint_ViT_Base_Aug_split_2_SGD_4e_4_to_2e_4_epoch_50.pth
2024-04-26 22:21:46,633 - INFO - This file contains logs for: ViT_Base_Aug_split_2_SGD_4e_4_to_2e_4
2024-04-26 22:21:46,634 - INFO - Epoch: 51 |Total training time: 0h:8m:18s | Train Loss: 0.1530 | Train Balanced Accuracy: 94.4590 %
2024-04-26 22:21:46,634 - INFO - Epoch: 51 |Total validation time:0h:2m:9s | Validation Loss: 0.2631 | Validation Balanced Accuracy: 87.1111 % 
2024-04-26 22:21:46,636 - INFO - Epoch: 51 |Total testing time: 0h:2m:58s | Test Loss: 0.3724 | Test Balanced Accuracy: 83.6430 %
2024-04-26 22:21:47,472 - INFO - Saved checkpoint at epoch 51: /home/sur06423/hiwi/vit_exp/vision_tranformer_baseline/src/components/distraction_detection_d_a/vit_baseline_01_experiments/ViT_Base_Aug_split_2_SGD_4e_4_to_2e_4/runs/checkpoints/checkpoint_ViT_Base_Aug_split_2_SGD_4e_4_to_2e_4_epoch_51.pth
2024-04-26 22:35:12,883 - INFO - This file contains logs for: ViT_Base_Aug_split_2_SGD_4e_4_to_2e_4
2024-04-26 22:35:12,884 - INFO - Epoch: 52 |Total training time: 0h:8m:17s | Train Loss: 0.1524 | Train Balanced Accuracy: 94.4866 %
2024-04-26 22:35:12,884 - INFO - Epoch: 52 |Total validation time:0h:2m:8s | Validation Loss: 0.2636 | Validation Balanced Accuracy: 87.0588 % 
2024-04-26 22:35:12,885 - INFO - Epoch: 52 |Total testing time: 0h:2m:59s | Test Loss: 0.3711 | Test Balanced Accuracy: 83.6464 %
2024-04-26 22:35:13,633 - INFO - Saved checkpoint at epoch 52: /home/sur06423/hiwi/vit_exp/vision_tranformer_baseline/src/components/distraction_detection_d_a/vit_baseline_01_experiments/ViT_Base_Aug_split_2_SGD_4e_4_to_2e_4/runs/checkpoints/checkpoint_ViT_Base_Aug_split_2_SGD_4e_4_to_2e_4_epoch_52.pth
2024-04-26 22:48:42,661 - INFO - This file contains logs for: ViT_Base_Aug_split_2_SGD_4e_4_to_2e_4
2024-04-26 22:48:42,662 - INFO - Epoch: 53 |Total training time: 0h:8m:18s | Train Loss: 0.1518 | Train Balanced Accuracy: 94.5109 %
2024-04-26 22:48:42,662 - INFO - Epoch: 53 |Total validation time:0h:2m:8s | Validation Loss: 0.2656 | Validation Balanced Accuracy: 86.8932 % 
2024-04-26 22:48:42,662 - INFO - Epoch: 53 |Total testing time: 0h:3m:1s | Test Loss: 0.3687 | Test Balanced Accuracy: 83.6211 %
2024-04-26 22:48:43,648 - INFO - Saved checkpoint at epoch 53: /home/sur06423/hiwi/vit_exp/vision_tranformer_baseline/src/components/distraction_detection_d_a/vit_baseline_01_experiments/ViT_Base_Aug_split_2_SGD_4e_4_to_2e_4/runs/checkpoints/checkpoint_ViT_Base_Aug_split_2_SGD_4e_4_to_2e_4_epoch_53.pth
2024-04-26 23:02:09,041 - INFO - This file contains logs for: ViT_Base_Aug_split_2_SGD_4e_4_to_2e_4
2024-04-26 23:02:09,042 - INFO - Epoch: 54 |Total training time: 0h:8m:18s | Train Loss: 0.1513 | Train Balanced Accuracy: 94.5232 %
2024-04-26 23:02:09,042 - INFO - Epoch: 54 |Total validation time:0h:2m:7s | Validation Loss: 0.2622 | Validation Balanced Accuracy: 87.2648 % 
2024-04-26 23:02:09,042 - INFO - Epoch: 54 |Total testing time: 0h:2m:59s | Test Loss: 0.3711 | Test Balanced Accuracy: 83.7247 %
2024-04-26 23:02:09,730 - INFO - Saved checkpoint at epoch 54: /home/sur06423/hiwi/vit_exp/vision_tranformer_baseline/src/components/distraction_detection_d_a/vit_baseline_01_experiments/ViT_Base_Aug_split_2_SGD_4e_4_to_2e_4/runs/checkpoints/checkpoint_ViT_Base_Aug_split_2_SGD_4e_4_to_2e_4_epoch_54.pth
2024-04-26 23:15:32,564 - INFO - This file contains logs for: ViT_Base_Aug_split_2_SGD_4e_4_to_2e_4
2024-04-26 23:15:32,564 - INFO - Epoch: 55 |Total training time: 0h:8m:14s | Train Loss: 0.1507 | Train Balanced Accuracy: 94.5388 %
2024-04-26 23:15:32,565 - INFO - Epoch: 55 |Total validation time:0h:2m:9s | Validation Loss: 0.2613 | Validation Balanced Accuracy: 87.3534 % 
2024-04-26 23:15:32,565 - INFO - Epoch: 55 |Total testing time: 0h:2m:59s | Test Loss: 0.3712 | Test Balanced Accuracy: 83.7665 %
2024-04-26 23:15:33,275 - INFO - Saved checkpoint at epoch 55: /home/sur06423/hiwi/vit_exp/vision_tranformer_baseline/src/components/distraction_detection_d_a/vit_baseline_01_experiments/ViT_Base_Aug_split_2_SGD_4e_4_to_2e_4/runs/checkpoints/checkpoint_ViT_Base_Aug_split_2_SGD_4e_4_to_2e_4_epoch_55.pth
2024-04-26 23:29:01,485 - INFO - This file contains logs for: ViT_Base_Aug_split_2_SGD_4e_4_to_2e_4
2024-04-26 23:29:01,486 - INFO - Epoch: 56 |Total training time: 0h:8m:19s | Train Loss: 0.1502 | Train Balanced Accuracy: 94.5738 %
2024-04-26 23:29:01,486 - INFO - Epoch: 56 |Total validation time:0h:2m:10s | Validation Loss: 0.2621 | Validation Balanced Accuracy: 87.2656 % 
2024-04-26 23:29:01,486 - INFO - Epoch: 56 |Total testing time: 0h:2m:58s | Test Loss: 0.3695 | Test Balanced Accuracy: 83.7669 %
2024-04-26 23:29:02,408 - INFO - Saved checkpoint at epoch 56: /home/sur06423/hiwi/vit_exp/vision_tranformer_baseline/src/components/distraction_detection_d_a/vit_baseline_01_experiments/ViT_Base_Aug_split_2_SGD_4e_4_to_2e_4/runs/checkpoints/checkpoint_ViT_Base_Aug_split_2_SGD_4e_4_to_2e_4_epoch_56.pth
2024-04-26 23:42:26,661 - INFO - This file contains logs for: ViT_Base_Aug_split_2_SGD_4e_4_to_2e_4
2024-04-26 23:42:26,662 - INFO - Epoch: 57 |Total training time: 0h:8m:17s | Train Loss: 0.1497 | Train Balanced Accuracy: 94.5801 %
2024-04-26 23:42:26,662 - INFO - Epoch: 57 |Total validation time:0h:2m:8s | Validation Loss: 0.2600 | Validation Balanced Accuracy: 87.4954 % 
2024-04-26 23:42:26,662 - INFO - Epoch: 57 |Total testing time: 0h:2m:58s | Test Loss: 0.3712 | Test Balanced Accuracy: 83.8706 %
2024-04-26 23:42:27,613 - INFO - Saved checkpoint at epoch 57: /home/sur06423/hiwi/vit_exp/vision_tranformer_baseline/src/components/distraction_detection_d_a/vit_baseline_01_experiments/ViT_Base_Aug_split_2_SGD_4e_4_to_2e_4/runs/checkpoints/checkpoint_ViT_Base_Aug_split_2_SGD_4e_4_to_2e_4_epoch_57.pth
2024-04-26 23:55:56,402 - INFO - This file contains logs for: ViT_Base_Aug_split_2_SGD_4e_4_to_2e_4
2024-04-26 23:55:56,403 - INFO - Epoch: 58 |Total training time: 0h:8m:19s | Train Loss: 0.1492 | Train Balanced Accuracy: 94.5940 %
2024-04-26 23:55:56,403 - INFO - Epoch: 58 |Total validation time:0h:2m:9s | Validation Loss: 0.2599 | Validation Balanced Accuracy: 87.4998 % 
2024-04-26 23:55:56,403 - INFO - Epoch: 58 |Total testing time: 0h:3m:0s | Test Loss: 0.3706 | Test Balanced Accuracy: 83.8831 %
2024-04-26 23:55:57,387 - INFO - Saved checkpoint at epoch 58: /home/sur06423/hiwi/vit_exp/vision_tranformer_baseline/src/components/distraction_detection_d_a/vit_baseline_01_experiments/ViT_Base_Aug_split_2_SGD_4e_4_to_2e_4/runs/checkpoints/checkpoint_ViT_Base_Aug_split_2_SGD_4e_4_to_2e_4_epoch_58.pth
2024-04-27 00:09:16,648 - INFO - This file contains logs for: ViT_Base_Aug_split_2_SGD_4e_4_to_2e_4
2024-04-27 00:09:16,649 - INFO - Epoch: 59 |Total training time: 0h:8m:17s | Train Loss: 0.1488 | Train Balanced Accuracy: 94.6332 %
2024-04-27 00:09:16,649 - INFO - Epoch: 59 |Total validation time:0h:2m:3s | Validation Loss: 0.2626 | Validation Balanced Accuracy: 87.1914 % 
2024-04-27 00:09:16,650 - INFO - Epoch: 59 |Total testing time: 0h:2m:58s | Test Loss: 0.3673 | Test Balanced Accuracy: 83.7769 %
2024-04-27 00:09:17,370 - INFO - Saved checkpoint at epoch 59: /home/sur06423/hiwi/vit_exp/vision_tranformer_baseline/src/components/distraction_detection_d_a/vit_baseline_01_experiments/ViT_Base_Aug_split_2_SGD_4e_4_to_2e_4/runs/checkpoints/checkpoint_ViT_Base_Aug_split_2_SGD_4e_4_to_2e_4_epoch_59.pth
2024-04-27 00:22:49,669 - INFO - This file contains logs for: ViT_Base_Aug_split_2_SGD_4e_4_to_2e_4
2024-04-27 00:22:49,670 - INFO - Epoch: 60 |Total training time: 0h:8m:17s | Train Loss: 0.1483 | Train Balanced Accuracy: 94.6353 %
2024-04-27 00:22:49,670 - INFO - Epoch: 60 |Total validation time:0h:2m:9s | Validation Loss: 0.2611 | Validation Balanced Accuracy: 87.3705 % 
2024-04-27 00:22:49,670 - INFO - Epoch: 60 |Total testing time: 0h:3m:4s | Test Loss: 0.3678 | Test Balanced Accuracy: 83.9010 %
2024-04-27 00:22:50,320 - INFO - Saved checkpoint at epoch 60: /home/sur06423/hiwi/vit_exp/vision_tranformer_baseline/src/components/distraction_detection_d_a/vit_baseline_01_experiments/ViT_Base_Aug_split_2_SGD_4e_4_to_2e_4/runs/checkpoints/checkpoint_ViT_Base_Aug_split_2_SGD_4e_4_to_2e_4_epoch_60.pth
2024-04-27 00:36:17,280 - INFO - This file contains logs for: ViT_Base_Aug_split_2_SGD_4e_4_to_2e_4
2024-04-27 00:36:17,280 - INFO - Epoch: 61 |Total training time: 0h:8m:18s | Train Loss: 0.1479 | Train Balanced Accuracy: 94.6479 %
2024-04-27 00:36:17,280 - INFO - Epoch: 61 |Total validation time:0h:2m:10s | Validation Loss: 0.2603 | Validation Balanced Accuracy: 87.4322 % 
2024-04-27 00:36:17,281 - INFO - Epoch: 61 |Total testing time: 0h:2m:58s | Test Loss: 0.3682 | Test Balanced Accuracy: 83.9452 %
2024-04-27 00:36:18,153 - INFO - Saved checkpoint at epoch 61: /home/sur06423/hiwi/vit_exp/vision_tranformer_baseline/src/components/distraction_detection_d_a/vit_baseline_01_experiments/ViT_Base_Aug_split_2_SGD_4e_4_to_2e_4/runs/checkpoints/checkpoint_ViT_Base_Aug_split_2_SGD_4e_4_to_2e_4_epoch_61.pth
2024-04-27 00:49:43,907 - INFO - This file contains logs for: ViT_Base_Aug_split_2_SGD_4e_4_to_2e_4
2024-04-27 00:49:43,907 - INFO - Epoch: 62 |Total training time: 0h:8m:19s | Train Loss: 0.1474 | Train Balanced Accuracy: 94.6601 %
2024-04-27 00:49:43,908 - INFO - Epoch: 62 |Total validation time:0h:2m:7s | Validation Loss: 0.2604 | Validation Balanced Accuracy: 87.4326 % 
2024-04-27 00:49:43,908 - INFO - Epoch: 62 |Total testing time: 0h:2m:58s | Test Loss: 0.3673 | Test Balanced Accuracy: 83.9592 %
2024-04-27 00:49:44,674 - INFO - Saved checkpoint at epoch 62: /home/sur06423/hiwi/vit_exp/vision_tranformer_baseline/src/components/distraction_detection_d_a/vit_baseline_01_experiments/ViT_Base_Aug_split_2_SGD_4e_4_to_2e_4/runs/checkpoints/checkpoint_ViT_Base_Aug_split_2_SGD_4e_4_to_2e_4_epoch_62.pth
2024-04-27 01:03:07,098 - INFO - This file contains logs for: ViT_Base_Aug_split_2_SGD_4e_4_to_2e_4
2024-04-27 01:03:07,099 - INFO - Epoch: 63 |Total training time: 0h:8m:18s | Train Loss: 0.1470 | Train Balanced Accuracy: 94.6916 %
2024-04-27 01:03:07,099 - INFO - Epoch: 63 |Total validation time:0h:2m:7s | Validation Loss: 0.2620 | Validation Balanced Accuracy: 87.3001 % 
2024-04-27 01:03:07,099 - INFO - Epoch: 63 |Total testing time: 0h:2m:56s | Test Loss: 0.3652 | Test Balanced Accuracy: 83.8978 %
2024-04-27 01:03:07,852 - INFO - Saved checkpoint at epoch 63: /home/sur06423/hiwi/vit_exp/vision_tranformer_baseline/src/components/distraction_detection_d_a/vit_baseline_01_experiments/ViT_Base_Aug_split_2_SGD_4e_4_to_2e_4/runs/checkpoints/checkpoint_ViT_Base_Aug_split_2_SGD_4e_4_to_2e_4_epoch_63.pth
2024-04-27 01:16:36,011 - INFO - This file contains logs for: ViT_Base_Aug_split_2_SGD_4e_4_to_2e_4
2024-04-27 01:16:36,012 - INFO - Epoch: 64 |Total training time: 0h:8m:18s | Train Loss: 0.1466 | Train Balanced Accuracy: 94.7162 %
2024-04-27 01:16:36,013 - INFO - Epoch: 64 |Total validation time:0h:2m:9s | Validation Loss: 0.2613 | Validation Balanced Accuracy: 87.3360 % 
2024-04-27 01:16:36,013 - INFO - Epoch: 64 |Total testing time: 0h:3m:0s | Test Loss: 0.3653 | Test Balanced Accuracy: 83.9522 %
2024-04-27 01:16:37,055 - INFO - Saved checkpoint at epoch 64: /home/sur06423/hiwi/vit_exp/vision_tranformer_baseline/src/components/distraction_detection_d_a/vit_baseline_01_experiments/ViT_Base_Aug_split_2_SGD_4e_4_to_2e_4/runs/checkpoints/checkpoint_ViT_Base_Aug_split_2_SGD_4e_4_to_2e_4_epoch_64.pth
2024-04-27 01:29:59,759 - INFO - This file contains logs for: ViT_Base_Aug_split_2_SGD_4e_4_to_2e_4
2024-04-27 01:29:59,760 - INFO - Epoch: 65 |Total training time: 0h:8m:17s | Train Loss: 0.1461 | Train Balanced Accuracy: 94.7190 %
2024-04-27 01:29:59,760 - INFO - Epoch: 65 |Total validation time:0h:2m:7s | Validation Loss: 0.2598 | Validation Balanced Accuracy: 87.4794 % 
2024-04-27 01:29:59,760 - INFO - Epoch: 65 |Total testing time: 0h:2m:57s | Test Loss: 0.3664 | Test Balanced Accuracy: 84.0493 %
2024-04-27 01:30:00,522 - INFO - Saved checkpoint at epoch 65: /home/sur06423/hiwi/vit_exp/vision_tranformer_baseline/src/components/distraction_detection_d_a/vit_baseline_01_experiments/ViT_Base_Aug_split_2_SGD_4e_4_to_2e_4/runs/checkpoints/checkpoint_ViT_Base_Aug_split_2_SGD_4e_4_to_2e_4_epoch_65.pth
2024-04-27 01:43:26,050 - INFO - This file contains logs for: ViT_Base_Aug_split_2_SGD_4e_4_to_2e_4
2024-04-27 01:43:26,051 - INFO - Epoch: 66 |Total training time: 0h:8m:17s | Train Loss: 0.1458 | Train Balanced Accuracy: 94.7558 %
2024-04-27 01:43:26,051 - INFO - Epoch: 66 |Total validation time:0h:2m:9s | Validation Loss: 0.2610 | Validation Balanced Accuracy: 87.3905 % 
2024-04-27 01:43:26,051 - INFO - Epoch: 66 |Total testing time: 0h:2m:58s | Test Loss: 0.3646 | Test Balanced Accuracy: 84.0087 %
2024-04-27 01:43:27,053 - INFO - Saved checkpoint at epoch 66: /home/sur06423/hiwi/vit_exp/vision_tranformer_baseline/src/components/distraction_detection_d_a/vit_baseline_01_experiments/ViT_Base_Aug_split_2_SGD_4e_4_to_2e_4/runs/checkpoints/checkpoint_ViT_Base_Aug_split_2_SGD_4e_4_to_2e_4_epoch_66.pth
2024-04-27 01:56:53,809 - INFO - This file contains logs for: ViT_Base_Aug_split_2_SGD_4e_4_to_2e_4
2024-04-27 01:56:53,810 - INFO - Epoch: 67 |Total training time: 0h:8m:19s | Train Loss: 0.1454 | Train Balanced Accuracy: 94.7705 %
2024-04-27 01:56:53,810 - INFO - Epoch: 67 |Total validation time:0h:2m:8s | Validation Loss: 0.2612 | Validation Balanced Accuracy: 87.3527 % 
2024-04-27 01:56:53,810 - INFO - Epoch: 67 |Total testing time: 0h:2m:58s | Test Loss: 0.3637 | Test Balanced Accuracy: 84.0287 %
2024-04-27 01:56:54,763 - INFO - Saved checkpoint at epoch 67: /home/sur06423/hiwi/vit_exp/vision_tranformer_baseline/src/components/distraction_detection_d_a/vit_baseline_01_experiments/ViT_Base_Aug_split_2_SGD_4e_4_to_2e_4/runs/checkpoints/checkpoint_ViT_Base_Aug_split_2_SGD_4e_4_to_2e_4_epoch_67.pth
2024-04-27 02:10:19,205 - INFO - This file contains logs for: ViT_Base_Aug_split_2_SGD_4e_4_to_2e_4
2024-04-27 02:10:19,206 - INFO - Epoch: 68 |Total training time: 0h:8m:19s | Train Loss: 0.1450 | Train Balanced Accuracy: 94.7767 %
2024-04-27 02:10:19,206 - INFO - Epoch: 68 |Total validation time:0h:2m:8s | Validation Loss: 0.2611 | Validation Balanced Accuracy: 87.3712 % 
2024-04-27 02:10:19,206 - INFO - Epoch: 68 |Total testing time: 0h:2m:56s | Test Loss: 0.3634 | Test Balanced Accuracy: 84.0530 %
2024-04-27 02:10:19,942 - INFO - Saved checkpoint at epoch 68: /home/sur06423/hiwi/vit_exp/vision_tranformer_baseline/src/components/distraction_detection_d_a/vit_baseline_01_experiments/ViT_Base_Aug_split_2_SGD_4e_4_to_2e_4/runs/checkpoints/checkpoint_ViT_Base_Aug_split_2_SGD_4e_4_to_2e_4_epoch_68.pth
2024-04-27 02:23:46,232 - INFO - This file contains logs for: ViT_Base_Aug_split_2_SGD_4e_4_to_2e_4
2024-04-27 02:23:46,233 - INFO - Epoch: 69 |Total training time: 0h:8m:16s | Train Loss: 0.1446 | Train Balanced Accuracy: 94.7873 %
2024-04-27 02:23:46,233 - INFO - Epoch: 69 |Total validation time:0h:2m:9s | Validation Loss: 0.2597 | Validation Balanced Accuracy: 87.4993 % 
2024-04-27 02:23:46,233 - INFO - Epoch: 69 |Total testing time: 0h:3m:0s | Test Loss: 0.3644 | Test Balanced Accuracy: 84.1139 %
2024-04-27 02:23:47,565 - INFO - Saved checkpoint at epoch 69: /home/sur06423/hiwi/vit_exp/vision_tranformer_baseline/src/components/distraction_detection_d_a/vit_baseline_01_experiments/ViT_Base_Aug_split_2_SGD_4e_4_to_2e_4/runs/checkpoints/checkpoint_ViT_Base_Aug_split_2_SGD_4e_4_to_2e_4_epoch_69.pth
2024-04-27 02:37:14,687 - INFO - This file contains logs for: ViT_Base_Aug_split_2_SGD_4e_4_to_2e_4
2024-04-27 02:37:14,688 - INFO - Epoch: 70 |Total training time: 0h:8m:18s | Train Loss: 0.1443 | Train Balanced Accuracy: 94.8201 %
2024-04-27 02:37:14,688 - INFO - Epoch: 70 |Total validation time:0h:2m:9s | Validation Loss: 0.2600 | Validation Balanced Accuracy: 87.4823 % 
2024-04-27 02:37:14,688 - INFO - Epoch: 70 |Total testing time: 0h:2m:58s | Test Loss: 0.3634 | Test Balanced Accuracy: 84.1112 %
2024-04-27 02:37:15,505 - INFO - Saved checkpoint at epoch 70: /home/sur06423/hiwi/vit_exp/vision_tranformer_baseline/src/components/distraction_detection_d_a/vit_baseline_01_experiments/ViT_Base_Aug_split_2_SGD_4e_4_to_2e_4/runs/checkpoints/checkpoint_ViT_Base_Aug_split_2_SGD_4e_4_to_2e_4_epoch_70.pth
2024-04-27 02:50:41,180 - INFO - This file contains logs for: ViT_Base_Aug_split_2_SGD_4e_4_to_2e_4
2024-04-27 02:50:41,181 - INFO - Epoch: 71 |Total training time: 0h:8m:17s | Train Loss: 0.1439 | Train Balanced Accuracy: 94.8291 %
2024-04-27 02:50:41,181 - INFO - Epoch: 71 |Total validation time:0h:2m:8s | Validation Loss: 0.2602 | Validation Balanced Accuracy: 87.4561 % 
2024-04-27 02:50:41,181 - INFO - Epoch: 71 |Total testing time: 0h:2m:59s | Test Loss: 0.3629 | Test Balanced Accuracy: 84.1208 %
2024-04-27 02:50:41,901 - INFO - Saved checkpoint at epoch 71: /home/sur06423/hiwi/vit_exp/vision_tranformer_baseline/src/components/distraction_detection_d_a/vit_baseline_01_experiments/ViT_Base_Aug_split_2_SGD_4e_4_to_2e_4/runs/checkpoints/checkpoint_ViT_Base_Aug_split_2_SGD_4e_4_to_2e_4_epoch_71.pth
2024-04-27 03:04:06,645 - INFO - This file contains logs for: ViT_Base_Aug_split_2_SGD_4e_4_to_2e_4
2024-04-27 03:04:06,646 - INFO - Epoch: 72 |Total training time: 0h:8m:17s | Train Loss: 0.1435 | Train Balanced Accuracy: 94.8391 %
2024-04-27 03:04:06,646 - INFO - Epoch: 72 |Total validation time:0h:2m:8s | Validation Loss: 0.2590 | Validation Balanced Accuracy: 87.6148 % 
2024-04-27 03:04:06,646 - INFO - Epoch: 72 |Total testing time: 0h:2m:58s | Test Loss: 0.3638 | Test Balanced Accuracy: 84.1667 %
2024-04-27 03:04:07,366 - INFO - Saved checkpoint at epoch 72: /home/sur06423/hiwi/vit_exp/vision_tranformer_baseline/src/components/distraction_detection_d_a/vit_baseline_01_experiments/ViT_Base_Aug_split_2_SGD_4e_4_to_2e_4/runs/checkpoints/checkpoint_ViT_Base_Aug_split_2_SGD_4e_4_to_2e_4_epoch_72.pth
2024-04-27 03:17:26,782 - INFO - This file contains logs for: ViT_Base_Aug_split_2_SGD_4e_4_to_2e_4
2024-04-27 03:17:26,782 - INFO - Epoch: 73 |Total training time: 0h:8m:18s | Train Loss: 0.1432 | Train Balanced Accuracy: 94.8471 %
2024-04-27 03:17:26,783 - INFO - Epoch: 73 |Total validation time:0h:2m:4s | Validation Loss: 0.2586 | Validation Balanced Accuracy: 87.6603 % 
2024-04-27 03:17:26,783 - INFO - Epoch: 73 |Total testing time: 0h:2m:56s | Test Loss: 0.3638 | Test Balanced Accuracy: 84.2051 %
2024-04-27 03:17:28,020 - INFO - Saved checkpoint at epoch 73: /home/sur06423/hiwi/vit_exp/vision_tranformer_baseline/src/components/distraction_detection_d_a/vit_baseline_01_experiments/ViT_Base_Aug_split_2_SGD_4e_4_to_2e_4/runs/checkpoints/checkpoint_ViT_Base_Aug_split_2_SGD_4e_4_to_2e_4_epoch_73.pth
2024-04-27 03:30:54,944 - INFO - This file contains logs for: ViT_Base_Aug_split_2_SGD_4e_4_to_2e_4
2024-04-27 03:30:54,945 - INFO - Epoch: 74 |Total training time: 0h:8m:19s | Train Loss: 0.1429 | Train Balanced Accuracy: 94.8804 %
2024-04-27 03:30:54,945 - INFO - Epoch: 74 |Total validation time:0h:2m:8s | Validation Loss: 0.2613 | Validation Balanced Accuracy: 87.3621 % 
2024-04-27 03:30:54,946 - INFO - Epoch: 74 |Total testing time: 0h:2m:58s | Test Loss: 0.3605 | Test Balanced Accuracy: 84.1255 %
2024-04-27 03:30:55,744 - INFO - Saved checkpoint at epoch 74: /home/sur06423/hiwi/vit_exp/vision_tranformer_baseline/src/components/distraction_detection_d_a/vit_baseline_01_experiments/ViT_Base_Aug_split_2_SGD_4e_4_to_2e_4/runs/checkpoints/checkpoint_ViT_Base_Aug_split_2_SGD_4e_4_to_2e_4_epoch_74.pth
2024-04-27 03:44:22,549 - INFO - This file contains logs for: ViT_Base_Aug_split_2_SGD_4e_4_to_2e_4
2024-04-27 03:44:22,550 - INFO - Epoch: 75 |Total training time: 0h:8m:18s | Train Loss: 0.1425 | Train Balanced Accuracy: 94.8795 %
2024-04-27 03:44:22,550 - INFO - Epoch: 75 |Total validation time:0h:2m:8s | Validation Loss: 0.2609 | Validation Balanced Accuracy: 87.4046 % 
2024-04-27 03:44:22,550 - INFO - Epoch: 75 |Total testing time: 0h:2m:59s | Test Loss: 0.3603 | Test Balanced Accuracy: 84.1711 %
2024-04-27 03:44:23,360 - INFO - Saved checkpoint at epoch 75: /home/sur06423/hiwi/vit_exp/vision_tranformer_baseline/src/components/distraction_detection_d_a/vit_baseline_01_experiments/ViT_Base_Aug_split_2_SGD_4e_4_to_2e_4/runs/checkpoints/checkpoint_ViT_Base_Aug_split_2_SGD_4e_4_to_2e_4_epoch_75.pth
2024-04-27 03:57:50,194 - INFO - This file contains logs for: ViT_Base_Aug_split_2_SGD_4e_4_to_2e_4
2024-04-27 03:57:50,194 - INFO - Epoch: 76 |Total training time: 0h:8m:19s | Train Loss: 0.1422 | Train Balanced Accuracy: 94.9009 %
2024-04-27 03:57:50,194 - INFO - Epoch: 76 |Total validation time:0h:2m:8s | Validation Loss: 0.2605 | Validation Balanced Accuracy: 87.4580 % 
2024-04-27 03:57:50,194 - INFO - Epoch: 76 |Total testing time: 0h:2m:58s | Test Loss: 0.3604 | Test Balanced Accuracy: 84.1862 %
2024-04-27 03:57:50,871 - INFO - Saved checkpoint at epoch 76: /home/sur06423/hiwi/vit_exp/vision_tranformer_baseline/src/components/distraction_detection_d_a/vit_baseline_01_experiments/ViT_Base_Aug_split_2_SGD_4e_4_to_2e_4/runs/checkpoints/checkpoint_ViT_Base_Aug_split_2_SGD_4e_4_to_2e_4_epoch_76.pth
2024-04-27 04:11:16,886 - INFO - This file contains logs for: ViT_Base_Aug_split_2_SGD_4e_4_to_2e_4
2024-04-27 04:11:16,887 - INFO - Epoch: 77 |Total training time: 0h:8m:18s | Train Loss: 0.1419 | Train Balanced Accuracy: 94.9017 %
2024-04-27 04:11:16,887 - INFO - Epoch: 77 |Total validation time:0h:2m:9s | Validation Loss: 0.2603 | Validation Balanced Accuracy: 87.4776 % 
2024-04-27 04:11:16,887 - INFO - Epoch: 77 |Total testing time: 0h:2m:57s | Test Loss: 0.3602 | Test Balanced Accuracy: 84.1946 %
2024-04-27 04:11:17,551 - INFO - Saved checkpoint at epoch 77: /home/sur06423/hiwi/vit_exp/vision_tranformer_baseline/src/components/distraction_detection_d_a/vit_baseline_01_experiments/ViT_Base_Aug_split_2_SGD_4e_4_to_2e_4/runs/checkpoints/checkpoint_ViT_Base_Aug_split_2_SGD_4e_4_to_2e_4_epoch_77.pth
2024-04-27 04:24:40,731 - INFO - This file contains logs for: ViT_Base_Aug_split_2_SGD_4e_4_to_2e_4
2024-04-27 04:24:40,732 - INFO - Epoch: 78 |Total training time: 0h:8m:15s | Train Loss: 0.1416 | Train Balanced Accuracy: 94.9220 %
2024-04-27 04:24:40,732 - INFO - Epoch: 78 |Total validation time:0h:2m:8s | Validation Loss: 0.2600 | Validation Balanced Accuracy: 87.5074 % 
2024-04-27 04:24:40,732 - INFO - Epoch: 78 |Total testing time: 0h:2m:58s | Test Loss: 0.3601 | Test Balanced Accuracy: 84.2049 %
2024-04-27 04:24:41,487 - INFO - Saved checkpoint at epoch 78: /home/sur06423/hiwi/vit_exp/vision_tranformer_baseline/src/components/distraction_detection_d_a/vit_baseline_01_experiments/ViT_Base_Aug_split_2_SGD_4e_4_to_2e_4/runs/checkpoints/checkpoint_ViT_Base_Aug_split_2_SGD_4e_4_to_2e_4_epoch_78.pth
2024-04-27 04:38:08,214 - INFO - This file contains logs for: ViT_Base_Aug_split_2_SGD_4e_4_to_2e_4
2024-04-27 04:38:08,215 - INFO - Epoch: 79 |Total training time: 0h:8m:18s | Train Loss: 0.1413 | Train Balanced Accuracy: 94.9267 %
2024-04-27 04:38:08,215 - INFO - Epoch: 79 |Total validation time:0h:2m:8s | Validation Loss: 0.2591 | Validation Balanced Accuracy: 87.6007 % 
2024-04-27 04:38:08,217 - INFO - Epoch: 79 |Total testing time: 0h:2m:59s | Test Loss: 0.3607 | Test Balanced Accuracy: 84.2530 %
2024-04-27 04:38:09,002 - INFO - Saved checkpoint at epoch 79: /home/sur06423/hiwi/vit_exp/vision_tranformer_baseline/src/components/distraction_detection_d_a/vit_baseline_01_experiments/ViT_Base_Aug_split_2_SGD_4e_4_to_2e_4/runs/checkpoints/checkpoint_ViT_Base_Aug_split_2_SGD_4e_4_to_2e_4_epoch_79.pth
2024-04-27 04:51:37,237 - INFO - This file contains logs for: ViT_Base_Aug_split_2_SGD_4e_4_to_2e_4
2024-04-27 04:51:37,238 - INFO - Epoch: 80 |Total training time: 0h:8m:18s | Train Loss: 0.1410 | Train Balanced Accuracy: 94.9559 %
2024-04-27 04:51:37,238 - INFO - Epoch: 80 |Total validation time:0h:2m:8s | Validation Loss: 0.2593 | Validation Balanced Accuracy: 87.5956 % 
2024-04-27 04:51:37,238 - INFO - Epoch: 80 |Total testing time: 0h:3m:0s | Test Loss: 0.3603 | Test Balanced Accuracy: 84.2661 %
2024-04-27 04:51:38,127 - INFO - Saved checkpoint at epoch 80: /home/sur06423/hiwi/vit_exp/vision_tranformer_baseline/src/components/distraction_detection_d_a/vit_baseline_01_experiments/ViT_Base_Aug_split_2_SGD_4e_4_to_2e_4/runs/checkpoints/checkpoint_ViT_Base_Aug_split_2_SGD_4e_4_to_2e_4_epoch_80.pth
2024-04-27 05:05:04,359 - INFO - This file contains logs for: ViT_Base_Aug_split_2_SGD_4e_4_to_2e_4
2024-04-27 05:05:04,360 - INFO - Epoch: 81 |Total training time: 0h:8m:18s | Train Loss: 0.1407 | Train Balanced Accuracy: 94.9468 %
2024-04-27 05:05:04,360 - INFO - Epoch: 81 |Total validation time:0h:2m:8s | Validation Loss: 0.2589 | Validation Balanced Accuracy: 87.6305 % 
2024-04-27 05:05:04,360 - INFO - Epoch: 81 |Total testing time: 0h:2m:59s | Test Loss: 0.3602 | Test Balanced Accuracy: 84.2864 %
2024-04-27 05:05:05,234 - INFO - Saved checkpoint at epoch 81: /home/sur06423/hiwi/vit_exp/vision_tranformer_baseline/src/components/distraction_detection_d_a/vit_baseline_01_experiments/ViT_Base_Aug_split_2_SGD_4e_4_to_2e_4/runs/checkpoints/checkpoint_ViT_Base_Aug_split_2_SGD_4e_4_to_2e_4_epoch_81.pth
2024-04-27 05:18:26,480 - INFO - This file contains logs for: ViT_Base_Aug_split_2_SGD_4e_4_to_2e_4
2024-04-27 05:18:26,481 - INFO - Epoch: 82 |Total training time: 0h:8m:18s | Train Loss: 0.1404 | Train Balanced Accuracy: 94.9834 %
2024-04-27 05:18:26,481 - INFO - Epoch: 82 |Total validation time:0h:2m:7s | Validation Loss: 0.2593 | Validation Balanced Accuracy: 87.5851 % 
2024-04-27 05:18:26,481 - INFO - Epoch: 82 |Total testing time: 0h:2m:55s | Test Loss: 0.3595 | Test Balanced Accuracy: 84.2917 %
2024-04-27 05:18:27,414 - INFO - Saved checkpoint at epoch 82: /home/sur06423/hiwi/vit_exp/vision_tranformer_baseline/src/components/distraction_detection_d_a/vit_baseline_01_experiments/ViT_Base_Aug_split_2_SGD_4e_4_to_2e_4/runs/checkpoints/checkpoint_ViT_Base_Aug_split_2_SGD_4e_4_to_2e_4_epoch_82.pth
2024-04-27 05:31:44,659 - INFO - This file contains logs for: ViT_Base_Aug_split_2_SGD_4e_4_to_2e_4
2024-04-27 05:31:44,660 - INFO - Epoch: 83 |Total training time: 0h:8m:9s | Train Loss: 0.1402 | Train Balanced Accuracy: 94.9899 %
2024-04-27 05:31:44,660 - INFO - Epoch: 83 |Total validation time:0h:2m:8s | Validation Loss: 0.2596 | Validation Balanced Accuracy: 87.5549 % 
2024-04-27 05:31:44,660 - INFO - Epoch: 83 |Total testing time: 0h:2m:58s | Test Loss: 0.3590 | Test Balanced Accuracy: 84.3013 %
2024-04-27 05:31:45,625 - INFO - Saved checkpoint at epoch 83: /home/sur06423/hiwi/vit_exp/vision_tranformer_baseline/src/components/distraction_detection_d_a/vit_baseline_01_experiments/ViT_Base_Aug_split_2_SGD_4e_4_to_2e_4/runs/checkpoints/checkpoint_ViT_Base_Aug_split_2_SGD_4e_4_to_2e_4_epoch_83.pth
2024-04-27 05:45:12,637 - INFO - This file contains logs for: ViT_Base_Aug_split_2_SGD_4e_4_to_2e_4
2024-04-27 05:45:12,638 - INFO - Epoch: 84 |Total training time: 0h:8m:18s | Train Loss: 0.1399 | Train Balanced Accuracy: 94.9974 %
2024-04-27 05:45:12,638 - INFO - Epoch: 84 |Total validation time:0h:2m:9s | Validation Loss: 0.2593 | Validation Balanced Accuracy: 87.5978 % 
2024-04-27 05:45:12,638 - INFO - Epoch: 84 |Total testing time: 0h:2m:59s | Test Loss: 0.3589 | Test Balanced Accuracy: 84.3297 %
2024-04-27 05:45:13,345 - INFO - Saved checkpoint at epoch 84: /home/sur06423/hiwi/vit_exp/vision_tranformer_baseline/src/components/distraction_detection_d_a/vit_baseline_01_experiments/ViT_Base_Aug_split_2_SGD_4e_4_to_2e_4/runs/checkpoints/checkpoint_ViT_Base_Aug_split_2_SGD_4e_4_to_2e_4_epoch_84.pth
2024-04-27 05:58:42,378 - INFO - This file contains logs for: ViT_Base_Aug_split_2_SGD_4e_4_to_2e_4
2024-04-27 05:58:42,379 - INFO - Epoch: 85 |Total training time: 0h:8m:18s | Train Loss: 0.1396 | Train Balanced Accuracy: 95.0116 %
2024-04-27 05:58:42,379 - INFO - Epoch: 85 |Total validation time:0h:2m:10s | Validation Loss: 0.2587 | Validation Balanced Accuracy: 87.6632 % 
2024-04-27 05:58:42,379 - INFO - Epoch: 85 |Total testing time: 0h:3m:0s | Test Loss: 0.3591 | Test Balanced Accuracy: 84.3472 %
2024-04-27 05:58:43,115 - INFO - Saved checkpoint at epoch 85: /home/sur06423/hiwi/vit_exp/vision_tranformer_baseline/src/components/distraction_detection_d_a/vit_baseline_01_experiments/ViT_Base_Aug_split_2_SGD_4e_4_to_2e_4/runs/checkpoints/checkpoint_ViT_Base_Aug_split_2_SGD_4e_4_to_2e_4_epoch_85.pth
2024-04-27 06:12:16,064 - INFO - This file contains logs for: ViT_Base_Aug_split_2_SGD_4e_4_to_2e_4
2024-04-27 06:12:16,065 - INFO - Epoch: 86 |Total training time: 0h:8m:23s | Train Loss: 0.1394 | Train Balanced Accuracy: 95.0166 %
2024-04-27 06:12:16,065 - INFO - Epoch: 86 |Total validation time:0h:2m:8s | Validation Loss: 0.2597 | Validation Balanced Accuracy: 87.5603 % 
2024-04-27 06:12:16,065 - INFO - Epoch: 86 |Total testing time: 0h:3m:1s | Test Loss: 0.3580 | Test Balanced Accuracy: 84.3428 %
2024-04-27 06:12:16,803 - INFO - Saved checkpoint at epoch 86: /home/sur06423/hiwi/vit_exp/vision_tranformer_baseline/src/components/distraction_detection_d_a/vit_baseline_01_experiments/ViT_Base_Aug_split_2_SGD_4e_4_to_2e_4/runs/checkpoints/checkpoint_ViT_Base_Aug_split_2_SGD_4e_4_to_2e_4_epoch_86.pth
2024-04-27 06:25:39,992 - INFO - This file contains logs for: ViT_Base_Aug_split_2_SGD_4e_4_to_2e_4
2024-04-27 06:25:39,993 - INFO - Epoch: 87 |Total training time: 0h:8m:19s | Train Loss: 0.1391 | Train Balanced Accuracy: 95.0360 %
2024-04-27 06:25:39,994 - INFO - Epoch: 87 |Total validation time:0h:2m:5s | Validation Loss: 0.2605 | Validation Balanced Accuracy: 87.4696 % 
2024-04-27 06:25:39,994 - INFO - Epoch: 87 |Total testing time: 0h:2m:57s | Test Loss: 0.3568 | Test Balanced Accuracy: 84.3455 %
2024-04-27 06:25:40,753 - INFO - Saved checkpoint at epoch 87: /home/sur06423/hiwi/vit_exp/vision_tranformer_baseline/src/components/distraction_detection_d_a/vit_baseline_01_experiments/ViT_Base_Aug_split_2_SGD_4e_4_to_2e_4/runs/checkpoints/checkpoint_ViT_Base_Aug_split_2_SGD_4e_4_to_2e_4_epoch_87.pth
2024-04-27 06:39:12,606 - INFO - This file contains logs for: ViT_Base_Aug_split_2_SGD_4e_4_to_2e_4
2024-04-27 06:39:12,606 - INFO - Epoch: 88 |Total training time: 0h:8m:20s | Train Loss: 0.1389 | Train Balanced Accuracy: 95.0368 %
2024-04-27 06:39:12,606 - INFO - Epoch: 88 |Total validation time:0h:2m:10s | Validation Loss: 0.2587 | Validation Balanced Accuracy: 87.6839 % 
2024-04-27 06:39:12,606 - INFO - Epoch: 88 |Total testing time: 0h:3m:1s | Test Loss: 0.3583 | Test Balanced Accuracy: 84.4113 %
2024-04-27 06:39:13,415 - INFO - Saved checkpoint at epoch 88: /home/sur06423/hiwi/vit_exp/vision_tranformer_baseline/src/components/distraction_detection_d_a/vit_baseline_01_experiments/ViT_Base_Aug_split_2_SGD_4e_4_to_2e_4/runs/checkpoints/checkpoint_ViT_Base_Aug_split_2_SGD_4e_4_to_2e_4_epoch_88.pth
2024-04-27 06:52:40,831 - INFO - This file contains logs for: ViT_Base_Aug_split_2_SGD_4e_4_to_2e_4
2024-04-27 06:52:40,831 - INFO - Epoch: 89 |Total training time: 0h:8m:20s | Train Loss: 0.1386 | Train Balanced Accuracy: 95.0474 %
2024-04-27 06:52:40,832 - INFO - Epoch: 89 |Total validation time:0h:2m:8s | Validation Loss: 0.2578 | Validation Balanced Accuracy: 87.7488 % 
2024-04-27 06:52:40,832 - INFO - Epoch: 89 |Total testing time: 0h:2m:58s | Test Loss: 0.3590 | Test Balanced Accuracy: 84.4256 %
2024-04-27 06:52:41,529 - INFO - Saved checkpoint at epoch 89: /home/sur06423/hiwi/vit_exp/vision_tranformer_baseline/src/components/distraction_detection_d_a/vit_baseline_01_experiments/ViT_Base_Aug_split_2_SGD_4e_4_to_2e_4/runs/checkpoints/checkpoint_ViT_Base_Aug_split_2_SGD_4e_4_to_2e_4_epoch_89.pth
2024-04-27 07:06:07,060 - INFO - This file contains logs for: ViT_Base_Aug_split_2_SGD_4e_4_to_2e_4
2024-04-27 07:06:07,061 - INFO - Epoch: 90 |Total training time: 0h:8m:18s | Train Loss: 0.1384 | Train Balanced Accuracy: 95.0525 %
2024-04-27 07:06:07,062 - INFO - Epoch: 90 |Total validation time:0h:2m:8s | Validation Loss: 0.2592 | Validation Balanced Accuracy: 87.6374 % 
2024-04-27 07:06:07,062 - INFO - Epoch: 90 |Total testing time: 0h:2m:58s | Test Loss: 0.3573 | Test Balanced Accuracy: 84.4117 %
2024-04-27 07:06:07,882 - INFO - Saved checkpoint at epoch 90: /home/sur06423/hiwi/vit_exp/vision_tranformer_baseline/src/components/distraction_detection_d_a/vit_baseline_01_experiments/ViT_Base_Aug_split_2_SGD_4e_4_to_2e_4/runs/checkpoints/checkpoint_ViT_Base_Aug_split_2_SGD_4e_4_to_2e_4_epoch_90.pth
2024-04-27 07:19:35,612 - INFO - This file contains logs for: ViT_Base_Aug_split_2_SGD_4e_4_to_2e_4
2024-04-27 07:19:35,612 - INFO - Epoch: 91 |Total training time: 0h:8m:18s | Train Loss: 0.1382 | Train Balanced Accuracy: 95.0641 %
2024-04-27 07:19:35,612 - INFO - Epoch: 91 |Total validation time:0h:2m:10s | Validation Loss: 0.2590 | Validation Balanced Accuracy: 87.6650 % 
2024-04-27 07:19:35,612 - INFO - Epoch: 91 |Total testing time: 0h:2m:59s | Test Loss: 0.3572 | Test Balanced Accuracy: 84.4344 %
2024-04-27 07:19:36,627 - INFO - Saved checkpoint at epoch 91: /home/sur06423/hiwi/vit_exp/vision_tranformer_baseline/src/components/distraction_detection_d_a/vit_baseline_01_experiments/ViT_Base_Aug_split_2_SGD_4e_4_to_2e_4/runs/checkpoints/checkpoint_ViT_Base_Aug_split_2_SGD_4e_4_to_2e_4_epoch_91.pth
2024-04-27 07:33:04,917 - INFO - This file contains logs for: ViT_Base_Aug_split_2_SGD_4e_4_to_2e_4
2024-04-27 07:33:04,917 - INFO - Epoch: 92 |Total training time: 0h:8m:17s | Train Loss: 0.1379 | Train Balanced Accuracy: 95.0680 %
2024-04-27 07:33:04,918 - INFO - Epoch: 92 |Total validation time:0h:2m:9s | Validation Loss: 0.2596 | Validation Balanced Accuracy: 87.5865 % 
2024-04-27 07:33:04,918 - INFO - Epoch: 92 |Total testing time: 0h:3m:0s | Test Loss: 0.3565 | Test Balanced Accuracy: 84.4119 %
2024-04-27 07:33:05,617 - INFO - Saved checkpoint at epoch 92: /home/sur06423/hiwi/vit_exp/vision_tranformer_baseline/src/components/distraction_detection_d_a/vit_baseline_01_experiments/ViT_Base_Aug_split_2_SGD_4e_4_to_2e_4/runs/checkpoints/checkpoint_ViT_Base_Aug_split_2_SGD_4e_4_to_2e_4_epoch_92.pth
2024-04-27 12:31:55,542 - INFO - Resuming training from epoch 93
2024-04-27 13:18:33,494 - INFO - This file contains logs for: ViT_Base_Aug_split_2_SGD_4e_4_to_2e_4
2024-04-27 13:18:33,495 - INFO - Epoch: 93 |Total training time: 0h:30m:54s | Train Loss: 0.1377 | Train Balanced Accuracy: 95.0715 %
2024-04-27 13:18:33,496 - INFO - Epoch: 93 |Total validation time:0h:6m:8s | Validation Loss: 0.2586 | Validation Balanced Accuracy: 87.7195 % 
2024-04-27 13:18:33,496 - INFO - Epoch: 93 |Total testing time: 0h:9m:34s | Test Loss: 0.3572 | Test Balanced Accuracy: 84.4568 %
2024-04-27 13:18:34,868 - INFO - Saved checkpoint at epoch 93: /home/sur06423/hiwi/vit_exp/vision_tranformer_baseline/src/components/distraction_detection_d_a/vit_baseline_01_experiments/ViT_Base_Aug_split_2_SGD_4e_4_to_2e_4/runs/checkpoints/checkpoint_ViT_Base_Aug_split_2_SGD_4e_4_to_2e_4_epoch_93.pth
2024-04-27 13:32:12,403 - INFO - This file contains logs for: ViT_Base_Aug_split_2_SGD_4e_4_to_2e_4
2024-04-27 13:32:12,404 - INFO - Epoch: 94 |Total training time: 0h:8m:31s | Train Loss: 0.1375 | Train Balanced Accuracy: 95.0864 %
2024-04-27 13:32:12,404 - INFO - Epoch: 94 |Total validation time:0h:2m:7s | Validation Loss: 0.2596 | Validation Balanced Accuracy: 87.5931 % 
2024-04-27 13:32:12,404 - INFO - Epoch: 94 |Total testing time: 0h:2m:58s | Test Loss: 0.3559 | Test Balanced Accuracy: 84.4460 %
2024-04-27 13:32:13,153 - INFO - Saved checkpoint at epoch 94: /home/sur06423/hiwi/vit_exp/vision_tranformer_baseline/src/components/distraction_detection_d_a/vit_baseline_01_experiments/ViT_Base_Aug_split_2_SGD_4e_4_to_2e_4/runs/checkpoints/checkpoint_ViT_Base_Aug_split_2_SGD_4e_4_to_2e_4_epoch_94.pth
2024-04-27 13:45:25,675 - INFO - This file contains logs for: ViT_Base_Aug_split_2_SGD_4e_4_to_2e_4
2024-04-27 13:45:25,676 - INFO - Epoch: 95 |Total training time: 0h:8m:21s | Train Loss: 0.1373 | Train Balanced Accuracy: 95.0937 %
2024-04-27 13:45:25,676 - INFO - Epoch: 95 |Total validation time:0h:2m:1s | Validation Loss: 0.2586 | Validation Balanced Accuracy: 87.7118 % 
2024-04-27 13:45:25,676 - INFO - Epoch: 95 |Total testing time: 0h:2m:49s | Test Loss: 0.3567 | Test Balanced Accuracy: 84.4728 %
2024-04-27 13:45:26,515 - INFO - Saved checkpoint at epoch 95: /home/sur06423/hiwi/vit_exp/vision_tranformer_baseline/src/components/distraction_detection_d_a/vit_baseline_01_experiments/ViT_Base_Aug_split_2_SGD_4e_4_to_2e_4/runs/checkpoints/checkpoint_ViT_Base_Aug_split_2_SGD_4e_4_to_2e_4_epoch_95.pth
2024-04-27 13:58:52,020 - INFO - This file contains logs for: ViT_Base_Aug_split_2_SGD_4e_4_to_2e_4
2024-04-27 13:58:52,021 - INFO - Epoch: 96 |Total training time: 0h:8m:18s | Train Loss: 0.1371 | Train Balanced Accuracy: 95.1039 %
2024-04-27 13:58:52,021 - INFO - Epoch: 96 |Total validation time:0h:2m:9s | Validation Loss: 0.2595 | Validation Balanced Accuracy: 87.6090 % 
2024-04-27 13:58:52,021 - INFO - Epoch: 96 |Total testing time: 0h:2m:57s | Test Loss: 0.3556 | Test Balanced Accuracy: 84.4626 %
2024-04-27 13:58:53,297 - INFO - Saved checkpoint at epoch 96: /home/sur06423/hiwi/vit_exp/vision_tranformer_baseline/src/components/distraction_detection_d_a/vit_baseline_01_experiments/ViT_Base_Aug_split_2_SGD_4e_4_to_2e_4/runs/checkpoints/checkpoint_ViT_Base_Aug_split_2_SGD_4e_4_to_2e_4_epoch_96.pth
2024-04-27 14:12:16,966 - INFO - This file contains logs for: ViT_Base_Aug_split_2_SGD_4e_4_to_2e_4
2024-04-27 14:12:16,967 - INFO - Epoch: 97 |Total training time: 0h:8m:15s | Train Loss: 0.1368 | Train Balanced Accuracy: 95.0935 %
2024-04-27 14:12:16,967 - INFO - Epoch: 97 |Total validation time:0h:2m:7s | Validation Loss: 0.2583 | Validation Balanced Accuracy: 87.7481 % 
2024-04-27 14:12:16,967 - INFO - Epoch: 97 |Total testing time: 0h:2m:59s | Test Loss: 0.3566 | Test Balanced Accuracy: 84.5034 %
2024-04-27 14:12:18,238 - INFO - Saved checkpoint at epoch 97: /home/sur06423/hiwi/vit_exp/vision_tranformer_baseline/src/components/distraction_detection_d_a/vit_baseline_01_experiments/ViT_Base_Aug_split_2_SGD_4e_4_to_2e_4/runs/checkpoints/checkpoint_ViT_Base_Aug_split_2_SGD_4e_4_to_2e_4_epoch_97.pth
2024-04-27 14:26:52,547 - INFO - This file contains logs for: ViT_Base_Aug_split_2_SGD_4e_4_to_2e_4
2024-04-27 14:26:52,548 - INFO - Epoch: 98 |Total training time: 0h:8m:25s | Train Loss: 0.1366 | Train Balanced Accuracy: 95.1203 %
2024-04-27 14:26:52,548 - INFO - Epoch: 98 |Total validation time:0h:3m:5s | Validation Loss: 0.2590 | Validation Balanced Accuracy: 87.6737 % 
2024-04-27 14:26:52,548 - INFO - Epoch: 98 |Total testing time: 0h:3m:3s | Test Loss: 0.3557 | Test Balanced Accuracy: 84.5093 %
2024-04-27 14:26:53,800 - INFO - Saved checkpoint at epoch 98: /home/sur06423/hiwi/vit_exp/vision_tranformer_baseline/src/components/distraction_detection_d_a/vit_baseline_01_experiments/ViT_Base_Aug_split_2_SGD_4e_4_to_2e_4/runs/checkpoints/checkpoint_ViT_Base_Aug_split_2_SGD_4e_4_to_2e_4_epoch_98.pth
2024-04-27 14:40:18,298 - INFO - This file contains logs for: ViT_Base_Aug_split_2_SGD_4e_4_to_2e_4
2024-04-27 14:40:18,299 - INFO - Epoch: 99 |Total training time: 0h:8m:18s | Train Loss: 0.1364 | Train Balanced Accuracy: 95.1206 %
2024-04-27 14:40:18,299 - INFO - Epoch: 99 |Total validation time:0h:2m:9s | Validation Loss: 0.2585 | Validation Balanced Accuracy: 87.7376 % 
2024-04-27 14:40:18,299 - INFO - Epoch: 99 |Total testing time: 0h:2m:57s | Test Loss: 0.3560 | Test Balanced Accuracy: 84.5203 %
2024-04-27 14:40:19,126 - INFO - Saved checkpoint at epoch 99: /home/sur06423/hiwi/vit_exp/vision_tranformer_baseline/src/components/distraction_detection_d_a/vit_baseline_01_experiments/ViT_Base_Aug_split_2_SGD_4e_4_to_2e_4/runs/checkpoints/checkpoint_ViT_Base_Aug_split_2_SGD_4e_4_to_2e_4_epoch_99.pth
2024-04-27 14:40:19,128 - INFO - Total training, validation and testing time: 2h:8m:24s.
