2024-04-13 11:27:54,443 - INFO - This file contains logs for: ADAM_LI_4e_4_to_2e_4
2024-04-13 11:27:54,444 - INFO - Epoch: 0 |Total training time: 0h:1m:48s | Train Loss: 0.5374 | Train Balanced Accuracy: 55.8115 %
2024-04-13 11:27:54,444 - INFO - Epoch: 0 |Total validation time:0h:0m:44s | Validation Loss: 0.4218 | Validation Balanced Accuracy: 61.9555 % 
2024-04-13 11:27:54,444 - INFO - Epoch: 0 |Total testing time: 0h:0m:57s | Test Loss: 0.5269 | Test Balanced Accuracy: 67.4284 %
2024-04-13 11:31:18,230 - INFO - This file contains logs for: ADAM_LI_4e_4_to_2e_4
2024-04-13 11:31:18,230 - INFO - Epoch: 1 |Total training time: 0h:1m:44s | Train Loss: 0.4328 | Train Balanced Accuracy: 71.5718 %
2024-04-13 11:31:18,230 - INFO - Epoch: 1 |Total validation time:0h:0m:44s | Validation Loss: 0.3673 | Validation Balanced Accuracy: 78.6188 % 
2024-04-13 11:31:18,230 - INFO - Epoch: 1 |Total testing time: 0h:0m:54s | Test Loss: 0.4607 | Test Balanced Accuracy: 79.1470 %
2024-04-13 11:34:40,270 - INFO - This file contains logs for: ADAM_LI_4e_4_to_2e_4
2024-04-13 11:34:40,270 - INFO - Epoch: 2 |Total training time: 0h:1m:43s | Train Loss: 0.3740 | Train Balanced Accuracy: 79.1785 %
2024-04-13 11:34:40,270 - INFO - Epoch: 2 |Total validation time:0h:0m:43s | Validation Loss: 0.3384 | Validation Balanced Accuracy: 83.9432 % 
2024-04-13 11:34:40,270 - INFO - Epoch: 2 |Total testing time: 0h:0m:54s | Test Loss: 0.4215 | Test Balanced Accuracy: 85.5432 %
2024-04-13 11:38:02,513 - INFO - This file contains logs for: ADAM_LI_4e_4_to_2e_4
2024-04-13 11:38:02,514 - INFO - Epoch: 3 |Total training time: 0h:1m:44s | Train Loss: 0.3357 | Train Balanced Accuracy: 83.0174 %
2024-04-13 11:38:02,514 - INFO - Epoch: 3 |Total validation time:0h:0m:42s | Validation Loss: 0.3167 | Validation Balanced Accuracy: 84.4497 % 
2024-04-13 11:38:02,514 - INFO - Epoch: 3 |Total testing time: 0h:0m:54s | Test Loss: 0.3960 | Test Balanced Accuracy: 86.1897 %
2024-04-13 11:41:25,883 - INFO - This file contains logs for: ADAM_LI_4e_4_to_2e_4
2024-04-13 11:41:25,884 - INFO - Epoch: 4 |Total training time: 0h:1m:44s | Train Loss: 0.3079 | Train Balanced Accuracy: 86.4797 %
2024-04-13 11:41:25,884 - INFO - Epoch: 4 |Total validation time:0h:0m:44s | Validation Loss: 0.2998 | Validation Balanced Accuracy: 83.9081 % 
2024-04-13 11:41:25,884 - INFO - Epoch: 4 |Total testing time: 0h:0m:54s | Test Loss: 0.3781 | Test Balanced Accuracy: 86.0826 %
2024-04-13 11:44:47,856 - INFO - This file contains logs for: ADAM_LI_4e_4_to_2e_4
2024-04-13 11:44:47,857 - INFO - Epoch: 5 |Total training time: 0h:1m:44s | Train Loss: 0.2866 | Train Balanced Accuracy: 88.6295 %
2024-04-13 11:44:47,857 - INFO - Epoch: 5 |Total validation time:0h:0m:43s | Validation Loss: 0.2884 | Validation Balanced Accuracy: 83.2672 % 
2024-04-13 11:44:47,857 - INFO - Epoch: 5 |Total testing time: 0h:0m:54s | Test Loss: 0.3646 | Test Balanced Accuracy: 86.4654 %
2024-04-13 11:48:15,119 - INFO - This file contains logs for: ADAM_LI_4e_4_to_2e_4
2024-04-13 11:48:15,120 - INFO - Epoch: 6 |Total training time: 0h:1m:43s | Train Loss: 0.2694 | Train Balanced Accuracy: 89.8996 %
2024-04-13 11:48:15,120 - INFO - Epoch: 6 |Total validation time:0h:0m:43s | Validation Loss: 0.2793 | Validation Balanced Accuracy: 82.4013 % 
2024-04-13 11:48:15,120 - INFO - Epoch: 6 |Total testing time: 0h:1m:0s | Test Loss: 0.3552 | Test Balanced Accuracy: 86.4810 %
2024-04-13 11:51:36,893 - INFO - This file contains logs for: ADAM_LI_4e_4_to_2e_4
2024-04-13 11:51:36,894 - INFO - Epoch: 7 |Total training time: 0h:1m:43s | Train Loss: 0.2551 | Train Balanced Accuracy: 90.7982 %
2024-04-13 11:51:36,894 - INFO - Epoch: 7 |Total validation time:0h:0m:43s | Validation Loss: 0.2719 | Validation Balanced Accuracy: 81.1752 % 
2024-04-13 11:51:36,894 - INFO - Epoch: 7 |Total testing time: 0h:0m:54s | Test Loss: 0.3478 | Test Balanced Accuracy: 86.2931 %
2024-04-13 11:54:56,287 - INFO - This file contains logs for: ADAM_LI_4e_4_to_2e_4
2024-04-13 11:54:56,288 - INFO - Epoch: 8 |Total training time: 0h:1m:44s | Train Loss: 0.2433 | Train Balanced Accuracy: 91.1894 %
2024-04-13 11:54:56,288 - INFO - Epoch: 8 |Total validation time:0h:0m:42s | Validation Loss: 0.2658 | Validation Balanced Accuracy: 84.6006 % 
2024-04-13 11:54:56,288 - INFO - Epoch: 8 |Total testing time: 0h:0m:52s | Test Loss: 0.3414 | Test Balanced Accuracy: 87.1835 %
2024-04-13 11:58:19,180 - INFO - This file contains logs for: ADAM_LI_4e_4_to_2e_4
2024-04-13 11:58:19,181 - INFO - Epoch: 9 |Total training time: 0h:1m:43s | Train Loss: 0.2336 | Train Balanced Accuracy: 91.8280 %
2024-04-13 11:58:19,181 - INFO - Epoch: 9 |Total validation time:0h:0m:44s | Validation Loss: 0.2620 | Validation Balanced Accuracy: 81.9076 % 
2024-04-13 11:58:19,185 - INFO - Epoch: 9 |Total testing time: 0h:0m:54s | Test Loss: 0.3366 | Test Balanced Accuracy: 86.7018 %
2024-04-13 12:01:43,772 - INFO - This file contains logs for: ADAM_LI_4e_4_to_2e_4
2024-04-13 12:01:43,772 - INFO - Epoch: 10 |Total training time: 0h:1m:45s | Train Loss: 0.2240 | Train Balanced Accuracy: 92.5084 %
2024-04-13 12:01:43,772 - INFO - Epoch: 10 |Total validation time:0h:0m:44s | Validation Loss: 0.2633 | Validation Balanced Accuracy: 77.0841 % 
2024-04-13 12:01:43,772 - INFO - Epoch: 10 |Total testing time: 0h:0m:54s | Test Loss: 0.3358 | Test Balanced Accuracy: 85.4873 %
2024-04-13 12:05:09,044 - INFO - This file contains logs for: ADAM_LI_4e_4_to_2e_4
2024-04-13 12:05:09,045 - INFO - Epoch: 11 |Total training time: 0h:1m:45s | Train Loss: 0.2173 | Train Balanced Accuracy: 92.6543 %
2024-04-13 12:05:09,045 - INFO - Epoch: 11 |Total validation time:0h:0m:45s | Validation Loss: 0.2557 | Validation Balanced Accuracy: 81.0889 % 
2024-04-13 12:05:09,045 - INFO - Epoch: 11 |Total testing time: 0h:0m:54s | Test Loss: 0.3291 | Test Balanced Accuracy: 86.4150 %
2024-04-13 12:08:33,320 - INFO - This file contains logs for: ADAM_LI_4e_4_to_2e_4
2024-04-13 12:08:33,321 - INFO - Epoch: 12 |Total training time: 0h:1m:45s | Train Loss: 0.2099 | Train Balanced Accuracy: 92.9592 %
2024-04-13 12:08:33,321 - INFO - Epoch: 12 |Total validation time:0h:0m:44s | Validation Loss: 0.2526 | Validation Balanced Accuracy: 81.6405 % 
2024-04-13 12:08:33,321 - INFO - Epoch: 12 |Total testing time: 0h:0m:54s | Test Loss: 0.3263 | Test Balanced Accuracy: 86.4740 %
2024-04-13 12:11:57,790 - INFO - This file contains logs for: ADAM_LI_4e_4_to_2e_4
2024-04-13 12:11:57,790 - INFO - Epoch: 13 |Total training time: 0h:1m:45s | Train Loss: 0.2037 | Train Balanced Accuracy: 93.3666 %
2024-04-13 12:11:57,791 - INFO - Epoch: 13 |Total validation time:0h:0m:44s | Validation Loss: 0.2512 | Validation Balanced Accuracy: 81.3501 % 
2024-04-13 12:11:57,791 - INFO - Epoch: 13 |Total testing time: 0h:0m:54s | Test Loss: 0.3241 | Test Balanced Accuracy: 86.3645 %
2024-04-13 12:15:24,511 - INFO - This file contains logs for: ADAM_LI_4e_4_to_2e_4
2024-04-13 12:15:24,511 - INFO - Epoch: 14 |Total training time: 0h:1m:45s | Train Loss: 0.1985 | Train Balanced Accuracy: 93.3810 %
2024-04-13 12:15:24,512 - INFO - Epoch: 14 |Total validation time:0h:0m:45s | Validation Loss: 0.2524 | Validation Balanced Accuracy: 79.3799 % 
2024-04-13 12:15:24,512 - INFO - Epoch: 14 |Total testing time: 0h:0m:54s | Test Loss: 0.3236 | Test Balanced Accuracy: 85.8410 %
2024-04-13 12:18:48,045 - INFO - This file contains logs for: ADAM_LI_4e_4_to_2e_4
2024-04-13 12:18:48,046 - INFO - Epoch: 15 |Total training time: 0h:1m:45s | Train Loss: 0.1934 | Train Balanced Accuracy: 93.7621 %
2024-04-13 12:18:48,046 - INFO - Epoch: 15 |Total validation time:0h:0m:44s | Validation Loss: 0.2487 | Validation Balanced Accuracy: 80.7745 % 
2024-04-13 12:18:48,046 - INFO - Epoch: 15 |Total testing time: 0h:0m:54s | Test Loss: 0.3205 | Test Balanced Accuracy: 86.0436 %
2024-04-13 12:22:11,284 - INFO - This file contains logs for: ADAM_LI_4e_4_to_2e_4
2024-04-13 12:22:11,284 - INFO - Epoch: 16 |Total training time: 0h:1m:44s | Train Loss: 0.1889 | Train Balanced Accuracy: 93.7423 %
2024-04-13 12:22:11,284 - INFO - Epoch: 16 |Total validation time:0h:0m:44s | Validation Loss: 0.2480 | Validation Balanced Accuracy: 81.3615 % 
2024-04-13 12:22:11,285 - INFO - Epoch: 16 |Total testing time: 0h:0m:54s | Test Loss: 0.3197 | Test Balanced Accuracy: 85.8878 %
2024-04-13 12:25:38,826 - INFO - This file contains logs for: ADAM_LI_4e_4_to_2e_4
2024-04-13 12:25:38,827 - INFO - Epoch: 17 |Total training time: 0h:1m:46s | Train Loss: 0.1847 | Train Balanced Accuracy: 94.0293 %
2024-04-13 12:25:38,827 - INFO - Epoch: 17 |Total validation time:0h:0m:45s | Validation Loss: 0.2479 | Validation Balanced Accuracy: 80.3750 % 
2024-04-13 12:25:38,827 - INFO - Epoch: 17 |Total testing time: 0h:0m:55s | Test Loss: 0.3189 | Test Balanced Accuracy: 85.7002 %
2024-04-13 12:29:07,050 - INFO - This file contains logs for: ADAM_LI_4e_4_to_2e_4
2024-04-13 12:29:07,051 - INFO - Epoch: 18 |Total training time: 0h:1m:47s | Train Loss: 0.1810 | Train Balanced Accuracy: 94.0731 %
2024-04-13 12:29:07,051 - INFO - Epoch: 18 |Total validation time:0h:0m:45s | Validation Loss: 0.2494 | Validation Balanced Accuracy: 79.6700 % 
2024-04-13 12:29:07,051 - INFO - Epoch: 18 |Total testing time: 0h:0m:55s | Test Loss: 0.3178 | Test Balanced Accuracy: 85.6214 %
2024-04-13 12:32:34,518 - INFO - This file contains logs for: ADAM_LI_4e_4_to_2e_4
2024-04-13 12:32:34,518 - INFO - Epoch: 19 |Total training time: 0h:1m:48s | Train Loss: 0.1774 | Train Balanced Accuracy: 94.1693 %
2024-04-13 12:32:34,519 - INFO - Epoch: 19 |Total validation time:0h:0m:44s | Validation Loss: 0.2513 | Validation Balanced Accuracy: 78.7660 % 
2024-04-13 12:32:34,519 - INFO - Epoch: 19 |Total testing time: 0h:0m:54s | Test Loss: 0.3192 | Test Balanced Accuracy: 85.3977 %
2024-04-13 12:36:00,492 - INFO - This file contains logs for: ADAM_LI_4e_4_to_2e_4
2024-04-13 12:36:00,493 - INFO - Epoch: 20 |Total training time: 0h:1m:46s | Train Loss: 0.1744 | Train Balanced Accuracy: 94.3650 %
2024-04-13 12:36:00,493 - INFO - Epoch: 20 |Total validation time:0h:0m:44s | Validation Loss: 0.2492 | Validation Balanced Accuracy: 79.7880 % 
2024-04-13 12:36:00,493 - INFO - Epoch: 20 |Total testing time: 0h:0m:54s | Test Loss: 0.3163 | Test Balanced Accuracy: 85.5456 %
2024-04-13 12:39:27,321 - INFO - This file contains logs for: ADAM_LI_4e_4_to_2e_4
2024-04-13 12:39:27,322 - INFO - Epoch: 21 |Total training time: 0h:1m:48s | Train Loss: 0.1711 | Train Balanced Accuracy: 94.3729 %
2024-04-13 12:39:27,322 - INFO - Epoch: 21 |Total validation time:0h:0m:44s | Validation Loss: 0.2482 | Validation Balanced Accuracy: 80.2001 % 
2024-04-13 12:39:27,322 - INFO - Epoch: 21 |Total testing time: 0h:0m:54s | Test Loss: 0.3159 | Test Balanced Accuracy: 85.5907 %
2024-04-13 12:42:55,405 - INFO - This file contains logs for: ADAM_LI_4e_4_to_2e_4
2024-04-13 12:42:55,406 - INFO - Epoch: 22 |Total training time: 0h:1m:48s | Train Loss: 0.1683 | Train Balanced Accuracy: 94.4889 %
2024-04-13 12:42:55,406 - INFO - Epoch: 22 |Total validation time:0h:0m:45s | Validation Loss: 0.2531 | Validation Balanced Accuracy: 78.5047 % 
2024-04-13 12:42:55,406 - INFO - Epoch: 22 |Total testing time: 0h:0m:54s | Test Loss: 0.3175 | Test Balanced Accuracy: 85.1510 %
2024-04-13 12:46:19,716 - INFO - This file contains logs for: ADAM_LI_4e_4_to_2e_4
2024-04-13 12:46:19,717 - INFO - Epoch: 23 |Total training time: 0h:1m:47s | Train Loss: 0.1656 | Train Balanced Accuracy: 94.4966 %
2024-04-13 12:46:19,717 - INFO - Epoch: 23 |Total validation time:0h:0m:42s | Validation Loss: 0.2465 | Validation Balanced Accuracy: 80.8620 % 
2024-04-13 12:46:19,717 - INFO - Epoch: 23 |Total testing time: 0h:0m:54s | Test Loss: 0.3147 | Test Balanced Accuracy: 85.5555 %
2024-04-13 12:49:42,230 - INFO - This file contains logs for: ADAM_LI_4e_4_to_2e_4
2024-04-13 12:49:42,231 - INFO - Epoch: 24 |Total training time: 0h:1m:45s | Train Loss: 0.1633 | Train Balanced Accuracy: 94.6603 %
2024-04-13 12:49:42,231 - INFO - Epoch: 24 |Total validation time:0h:0m:44s | Validation Loss: 0.2482 | Validation Balanced Accuracy: 80.5570 % 
2024-04-13 12:49:42,231 - INFO - Epoch: 24 |Total testing time: 0h:0m:53s | Test Loss: 0.3146 | Test Balanced Accuracy: 85.5513 %
2024-04-13 12:49:45,371 - INFO - Saved checkpoint at epoch 24: /home/sur06423/hiwi/vit_exp/vision_tranformer_baseline/src/components/distraction_detection_d_a/grid_search_ddp/experiments_grid_search/ADAM_LI_4e_4_to_2e_4/runs/checkpoints/checkpoint_ADAM_LI_4e_4_to_2e_4_epoch_24.pth
2024-04-13 12:53:09,246 - INFO - This file contains logs for: ADAM_LI_4e_4_to_2e_4
2024-04-13 12:53:09,247 - INFO - Epoch: 25 |Total training time: 0h:1m:44s | Train Loss: 0.1608 | Train Balanced Accuracy: 94.7985 %
2024-04-13 12:53:09,247 - INFO - Epoch: 25 |Total validation time:0h:0m:45s | Validation Loss: 0.2554 | Validation Balanced Accuracy: 78.2778 % 
2024-04-13 12:53:09,247 - INFO - Epoch: 25 |Total testing time: 0h:0m:53s | Test Loss: 0.3177 | Test Balanced Accuracy: 84.9230 %
2024-04-13 12:56:31,616 - INFO - This file contains logs for: ADAM_LI_4e_4_to_2e_4
2024-04-13 12:56:31,617 - INFO - Epoch: 26 |Total training time: 0h:1m:44s | Train Loss: 0.1586 | Train Balanced Accuracy: 94.7495 %
2024-04-13 12:56:31,617 - INFO - Epoch: 26 |Total validation time:0h:0m:44s | Validation Loss: 0.2505 | Validation Balanced Accuracy: 79.9794 % 
2024-04-13 12:56:31,617 - INFO - Epoch: 26 |Total testing time: 0h:0m:53s | Test Loss: 0.3149 | Test Balanced Accuracy: 85.3319 %
2024-04-13 12:59:52,334 - INFO - This file contains logs for: ADAM_LI_4e_4_to_2e_4
2024-04-13 12:59:52,342 - INFO - Epoch: 27 |Total training time: 0h:1m:42s | Train Loss: 0.1567 | Train Balanced Accuracy: 94.8045 %
2024-04-13 12:59:52,349 - INFO - Epoch: 27 |Total validation time:0h:0m:44s | Validation Loss: 0.2474 | Validation Balanced Accuracy: 81.1929 % 
2024-04-13 12:59:52,355 - INFO - Epoch: 27 |Total testing time: 0h:0m:54s | Test Loss: 0.3146 | Test Balanced Accuracy: 85.3954 %
2024-04-13 13:03:13,821 - INFO - This file contains logs for: ADAM_LI_4e_4_to_2e_4
2024-04-13 13:03:13,822 - INFO - Epoch: 28 |Total training time: 0h:1m:43s | Train Loss: 0.1545 | Train Balanced Accuracy: 94.9622 %
2024-04-13 13:03:13,822 - INFO - Epoch: 28 |Total validation time:0h:0m:44s | Validation Loss: 0.2567 | Validation Balanced Accuracy: 78.4110 % 
2024-04-13 13:03:13,822 - INFO - Epoch: 28 |Total testing time: 0h:0m:53s | Test Loss: 0.3172 | Test Balanced Accuracy: 84.7299 %
2024-04-13 13:06:37,114 - INFO - This file contains logs for: ADAM_LI_4e_4_to_2e_4
2024-04-13 13:06:37,114 - INFO - Epoch: 29 |Total training time: 0h:1m:43s | Train Loss: 0.1526 | Train Balanced Accuracy: 95.0268 %
2024-04-13 13:06:37,114 - INFO - Epoch: 29 |Total validation time:0h:0m:45s | Validation Loss: 0.2509 | Validation Balanced Accuracy: 80.3447 % 
2024-04-13 13:06:37,114 - INFO - Epoch: 29 |Total testing time: 0h:0m:53s | Test Loss: 0.3145 | Test Balanced Accuracy: 85.2386 %
2024-04-13 13:10:00,290 - INFO - This file contains logs for: ADAM_LI_4e_4_to_2e_4
2024-04-13 13:10:00,291 - INFO - Epoch: 30 |Total training time: 0h:1m:44s | Train Loss: 0.1509 | Train Balanced Accuracy: 94.9921 %
2024-04-13 13:10:00,291 - INFO - Epoch: 30 |Total validation time:0h:0m:44s | Validation Loss: 0.2527 | Validation Balanced Accuracy: 80.2104 % 
2024-04-13 13:10:00,291 - INFO - Epoch: 30 |Total testing time: 0h:0m:54s | Test Loss: 0.3160 | Test Balanced Accuracy: 84.9667 %
2024-04-13 13:13:25,428 - INFO - This file contains logs for: ADAM_LI_4e_4_to_2e_4
2024-04-13 13:13:25,428 - INFO - Epoch: 31 |Total training time: 0h:1m:45s | Train Loss: 0.1492 | Train Balanced Accuracy: 95.1710 %
2024-04-13 13:13:25,429 - INFO - Epoch: 31 |Total validation time:0h:0m:44s | Validation Loss: 0.2524 | Validation Balanced Accuracy: 80.4436 % 
2024-04-13 13:13:25,429 - INFO - Epoch: 31 |Total testing time: 0h:0m:55s | Test Loss: 0.3154 | Test Balanced Accuracy: 84.9678 %
2024-04-13 13:16:49,326 - INFO - This file contains logs for: ADAM_LI_4e_4_to_2e_4
2024-04-13 13:16:49,327 - INFO - Epoch: 32 |Total training time: 0h:1m:44s | Train Loss: 0.1475 | Train Balanced Accuracy: 95.1456 %
2024-04-13 13:16:49,327 - INFO - Epoch: 32 |Total validation time:0h:0m:45s | Validation Loss: 0.2527 | Validation Balanced Accuracy: 80.6090 % 
2024-04-13 13:16:49,327 - INFO - Epoch: 32 |Total testing time: 0h:0m:54s | Test Loss: 0.3158 | Test Balanced Accuracy: 84.9919 %
2024-04-13 13:20:11,282 - INFO - This file contains logs for: ADAM_LI_4e_4_to_2e_4
2024-04-13 13:20:11,283 - INFO - Epoch: 33 |Total training time: 0h:1m:44s | Train Loss: 0.1459 | Train Balanced Accuracy: 95.2096 %
2024-04-13 13:20:11,283 - INFO - Epoch: 33 |Total validation time:0h:0m:43s | Validation Loss: 0.2609 | Validation Balanced Accuracy: 78.3413 % 
2024-04-13 13:20:11,283 - INFO - Epoch: 33 |Total testing time: 0h:0m:53s | Test Loss: 0.3181 | Test Balanced Accuracy: 84.5698 %
2024-04-13 13:23:33,551 - INFO - This file contains logs for: ADAM_LI_4e_4_to_2e_4
2024-04-13 13:23:33,551 - INFO - Epoch: 34 |Total training time: 0h:1m:43s | Train Loss: 0.1445 | Train Balanced Accuracy: 95.2262 %
2024-04-13 13:23:33,551 - INFO - Epoch: 34 |Total validation time:0h:0m:44s | Validation Loss: 0.2556 | Validation Balanced Accuracy: 80.2687 % 
2024-04-13 13:23:33,551 - INFO - Epoch: 34 |Total testing time: 0h:0m:54s | Test Loss: 0.3176 | Test Balanced Accuracy: 84.8144 %
2024-04-13 13:26:59,297 - INFO - This file contains logs for: ADAM_LI_4e_4_to_2e_4
2024-04-13 13:26:59,298 - INFO - Epoch: 35 |Total training time: 0h:1m:46s | Train Loss: 0.1430 | Train Balanced Accuracy: 95.3256 %
2024-04-13 13:26:59,298 - INFO - Epoch: 35 |Total validation time:0h:0m:46s | Validation Loss: 0.2568 | Validation Balanced Accuracy: 80.2344 % 
2024-04-13 13:26:59,299 - INFO - Epoch: 35 |Total testing time: 0h:0m:53s | Test Loss: 0.3165 | Test Balanced Accuracy: 84.9060 %
2024-04-13 13:30:21,977 - INFO - This file contains logs for: ADAM_LI_4e_4_to_2e_4
2024-04-13 13:30:21,978 - INFO - Epoch: 36 |Total training time: 0h:1m:44s | Train Loss: 0.1416 | Train Balanced Accuracy: 95.3475 %
2024-04-13 13:30:21,978 - INFO - Epoch: 36 |Total validation time:0h:0m:44s | Validation Loss: 0.2510 | Validation Balanced Accuracy: 81.9017 % 
2024-04-13 13:30:21,978 - INFO - Epoch: 36 |Total testing time: 0h:0m:54s | Test Loss: 0.3158 | Test Balanced Accuracy: 85.1432 %
2024-04-13 13:33:48,787 - INFO - This file contains logs for: ADAM_LI_4e_4_to_2e_4
2024-04-13 13:33:48,788 - INFO - Epoch: 37 |Total training time: 0h:1m:47s | Train Loss: 0.1404 | Train Balanced Accuracy: 95.4385 %
2024-04-13 13:33:48,788 - INFO - Epoch: 37 |Total validation time:0h:0m:43s | Validation Loss: 0.2589 | Validation Balanced Accuracy: 80.1469 % 
2024-04-13 13:33:48,788 - INFO - Epoch: 37 |Total testing time: 0h:0m:55s | Test Loss: 0.3189 | Test Balanced Accuracy: 84.6640 %
2024-04-13 13:37:17,158 - INFO - This file contains logs for: ADAM_LI_4e_4_to_2e_4
2024-04-13 13:37:17,159 - INFO - Epoch: 38 |Total training time: 0h:1m:46s | Train Loss: 0.1391 | Train Balanced Accuracy: 95.4607 %
2024-04-13 13:37:17,159 - INFO - Epoch: 38 |Total validation time:0h:0m:46s | Validation Loss: 0.2655 | Validation Balanced Accuracy: 78.1384 % 
2024-04-13 13:37:17,159 - INFO - Epoch: 38 |Total testing time: 0h:0m:54s | Test Loss: 0.3200 | Test Balanced Accuracy: 84.4901 %
2024-04-13 13:40:42,904 - INFO - This file contains logs for: ADAM_LI_4e_4_to_2e_4
2024-04-13 13:40:42,905 - INFO - Epoch: 39 |Total training time: 0h:1m:46s | Train Loss: 0.1382 | Train Balanced Accuracy: 95.4586 %
2024-04-13 13:40:42,905 - INFO - Epoch: 39 |Total validation time:0h:0m:44s | Validation Loss: 0.2634 | Validation Balanced Accuracy: 79.1947 % 
2024-04-13 13:40:42,905 - INFO - Epoch: 39 |Total testing time: 0h:0m:55s | Test Loss: 0.3210 | Test Balanced Accuracy: 84.4586 %
2024-04-13 13:44:11,745 - INFO - This file contains logs for: ADAM_LI_4e_4_to_2e_4
2024-04-13 13:44:11,746 - INFO - Epoch: 40 |Total training time: 0h:1m:48s | Train Loss: 0.1368 | Train Balanced Accuracy: 95.5209 %
2024-04-13 13:44:11,746 - INFO - Epoch: 40 |Total validation time:0h:0m:45s | Validation Loss: 0.2601 | Validation Balanced Accuracy: 80.2510 % 
2024-04-13 13:44:11,746 - INFO - Epoch: 40 |Total testing time: 0h:0m:55s | Test Loss: 0.3194 | Test Balanced Accuracy: 84.6205 %
2024-04-13 13:47:42,515 - INFO - This file contains logs for: ADAM_LI_4e_4_to_2e_4
2024-04-13 13:47:42,613 - INFO - Epoch: 41 |Total training time: 0h:1m:49s | Train Loss: 0.1356 | Train Balanced Accuracy: 95.5795 %
2024-04-13 13:47:42,613 - INFO - Epoch: 41 |Total validation time:0h:0m:45s | Validation Loss: 0.2594 | Validation Balanced Accuracy: 80.6579 % 
2024-04-13 13:47:42,613 - INFO - Epoch: 41 |Total testing time: 0h:0m:55s | Test Loss: 0.3193 | Test Balanced Accuracy: 84.7521 %
2024-04-13 13:51:15,395 - INFO - This file contains logs for: ADAM_LI_4e_4_to_2e_4
2024-04-13 13:51:15,396 - INFO - Epoch: 42 |Total training time: 0h:1m:50s | Train Loss: 0.1346 | Train Balanced Accuracy: 95.6098 %
2024-04-13 13:51:15,396 - INFO - Epoch: 42 |Total validation time:0h:0m:45s | Validation Loss: 0.2667 | Validation Balanced Accuracy: 78.9969 % 
2024-04-13 13:51:15,396 - INFO - Epoch: 42 |Total testing time: 0h:0m:56s | Test Loss: 0.3213 | Test Balanced Accuracy: 84.3490 %
2024-04-13 13:54:49,570 - INFO - This file contains logs for: ADAM_LI_4e_4_to_2e_4
2024-04-13 13:54:49,571 - INFO - Epoch: 43 |Total training time: 0h:1m:51s | Train Loss: 0.1338 | Train Balanced Accuracy: 95.5855 %
2024-04-13 13:54:49,571 - INFO - Epoch: 43 |Total validation time:0h:0m:46s | Validation Loss: 0.2541 | Validation Balanced Accuracy: 81.9537 % 
2024-04-13 13:54:49,571 - INFO - Epoch: 43 |Total testing time: 0h:0m:56s | Test Loss: 0.3193 | Test Balanced Accuracy: 84.7970 %
2024-04-13 13:58:25,348 - INFO - This file contains logs for: ADAM_LI_4e_4_to_2e_4
2024-04-13 13:58:25,349 - INFO - Epoch: 44 |Total training time: 0h:1m:53s | Train Loss: 0.1328 | Train Balanced Accuracy: 95.7241 %
2024-04-13 13:58:25,349 - INFO - Epoch: 44 |Total validation time:0h:0m:45s | Validation Loss: 0.2674 | Validation Balanced Accuracy: 79.1866 % 
2024-04-13 13:58:25,349 - INFO - Epoch: 44 |Total testing time: 0h:0m:57s | Test Loss: 0.3229 | Test Balanced Accuracy: 84.3234 %
2024-04-13 14:02:02,761 - INFO - This file contains logs for: ADAM_LI_4e_4_to_2e_4
2024-04-13 14:02:02,762 - INFO - Epoch: 45 |Total training time: 0h:1m:53s | Train Loss: 0.1319 | Train Balanced Accuracy: 95.6400 %
2024-04-13 14:02:02,762 - INFO - Epoch: 45 |Total validation time:0h:0m:47s | Validation Loss: 0.2607 | Validation Balanced Accuracy: 80.8494 % 
2024-04-13 14:02:02,763 - INFO - Epoch: 45 |Total testing time: 0h:0m:56s | Test Loss: 0.3209 | Test Balanced Accuracy: 84.5722 %
2024-04-13 14:05:38,244 - INFO - This file contains logs for: ADAM_LI_4e_4_to_2e_4
2024-04-13 14:05:38,245 - INFO - Epoch: 46 |Total training time: 0h:1m:53s | Train Loss: 0.1308 | Train Balanced Accuracy: 95.7711 %
2024-04-13 14:05:38,245 - INFO - Epoch: 46 |Total validation time:0h:0m:45s | Validation Loss: 0.2626 | Validation Balanced Accuracy: 80.5819 % 
2024-04-13 14:05:38,245 - INFO - Epoch: 46 |Total testing time: 0h:0m:56s | Test Loss: 0.3217 | Test Balanced Accuracy: 84.4864 %
2024-04-13 14:09:15,096 - INFO - This file contains logs for: ADAM_LI_4e_4_to_2e_4
2024-04-13 14:09:15,096 - INFO - Epoch: 47 |Total training time: 0h:1m:52s | Train Loss: 0.1297 | Train Balanced Accuracy: 95.8162 %
2024-04-13 14:09:15,097 - INFO - Epoch: 47 |Total validation time:0h:0m:47s | Validation Loss: 0.2666 | Validation Balanced Accuracy: 79.8274 % 
2024-04-13 14:09:15,097 - INFO - Epoch: 47 |Total testing time: 0h:0m:56s | Test Loss: 0.3236 | Test Balanced Accuracy: 84.3396 %
2024-04-13 14:12:50,050 - INFO - This file contains logs for: ADAM_LI_4e_4_to_2e_4
2024-04-13 14:12:50,051 - INFO - Epoch: 48 |Total training time: 0h:1m:52s | Train Loss: 0.1289 | Train Balanced Accuracy: 95.8262 %
2024-04-13 14:12:50,051 - INFO - Epoch: 48 |Total validation time:0h:0m:45s | Validation Loss: 0.2657 | Validation Balanced Accuracy: 80.2395 % 
2024-04-13 14:12:50,051 - INFO - Epoch: 48 |Total testing time: 0h:0m:57s | Test Loss: 0.3226 | Test Balanced Accuracy: 84.3609 %
2024-04-13 14:16:24,371 - INFO - This file contains logs for: ADAM_LI_4e_4_to_2e_4
2024-04-13 14:16:24,427 - INFO - Epoch: 49 |Total training time: 0h:1m:52s | Train Loss: 0.1280 | Train Balanced Accuracy: 95.8322 %
2024-04-13 14:16:24,427 - INFO - Epoch: 49 |Total validation time:0h:0m:45s | Validation Loss: 0.2667 | Validation Balanced Accuracy: 80.1292 % 
2024-04-13 14:16:24,427 - INFO - Epoch: 49 |Total testing time: 0h:0m:56s | Test Loss: 0.3231 | Test Balanced Accuracy: 84.3679 %
2024-04-13 14:16:26,583 - INFO - Saved checkpoint at epoch 49: /home/sur06423/hiwi/vit_exp/vision_tranformer_baseline/src/components/distraction_detection_d_a/grid_search_ddp/experiments_grid_search/ADAM_LI_4e_4_to_2e_4/runs/checkpoints/checkpoint_ADAM_LI_4e_4_to_2e_4_epoch_49.pth
2024-04-13 14:20:01,030 - INFO - This file contains logs for: ADAM_LI_4e_4_to_2e_4
2024-04-13 14:20:01,031 - INFO - Epoch: 50 |Total training time: 0h:1m:52s | Train Loss: 0.1271 | Train Balanced Accuracy: 95.8964 %
2024-04-13 14:20:01,031 - INFO - Epoch: 50 |Total validation time:0h:0m:45s | Validation Loss: 0.2620 | Validation Balanced Accuracy: 81.0472 % 
2024-04-13 14:20:01,031 - INFO - Epoch: 50 |Total testing time: 0h:0m:57s | Test Loss: 0.3219 | Test Balanced Accuracy: 84.4921 %
2024-04-13 14:23:37,004 - INFO - This file contains logs for: ADAM_LI_4e_4_to_2e_4
2024-04-13 14:23:37,005 - INFO - Epoch: 51 |Total training time: 0h:1m:52s | Train Loss: 0.1266 | Train Balanced Accuracy: 95.8898 %
2024-04-13 14:23:37,005 - INFO - Epoch: 51 |Total validation time:0h:0m:46s | Validation Loss: 0.2751 | Validation Balanced Accuracy: 78.9449 % 
2024-04-13 14:23:37,005 - INFO - Epoch: 51 |Total testing time: 0h:0m:57s | Test Loss: 0.3278 | Test Balanced Accuracy: 84.1199 %
2024-04-13 14:27:11,222 - INFO - This file contains logs for: ADAM_LI_4e_4_to_2e_4
2024-04-13 14:27:11,223 - INFO - Epoch: 52 |Total training time: 0h:1m:51s | Train Loss: 0.1258 | Train Balanced Accuracy: 95.9559 %
2024-04-13 14:27:11,223 - INFO - Epoch: 52 |Total validation time:0h:0m:46s | Validation Loss: 0.2677 | Validation Balanced Accuracy: 80.2573 % 
2024-04-13 14:27:11,223 - INFO - Epoch: 52 |Total testing time: 0h:0m:56s | Test Loss: 0.3230 | Test Balanced Accuracy: 84.5761 %
2024-04-13 14:30:48,596 - INFO - This file contains logs for: ADAM_LI_4e_4_to_2e_4
2024-04-13 14:30:48,597 - INFO - Epoch: 53 |Total training time: 0h:1m:53s | Train Loss: 0.1248 | Train Balanced Accuracy: 95.9336 %
2024-04-13 14:30:48,597 - INFO - Epoch: 53 |Total validation time:0h:0m:46s | Validation Loss: 0.2653 | Validation Balanced Accuracy: 80.7454 % 
2024-04-13 14:30:48,597 - INFO - Epoch: 53 |Total testing time: 0h:0m:57s | Test Loss: 0.3236 | Test Balanced Accuracy: 84.4738 %
2024-04-13 14:34:21,605 - INFO - This file contains logs for: ADAM_LI_4e_4_to_2e_4
2024-04-13 14:34:21,606 - INFO - Epoch: 54 |Total training time: 0h:1m:50s | Train Loss: 0.1242 | Train Balanced Accuracy: 95.9788 %
2024-04-13 14:34:21,606 - INFO - Epoch: 54 |Total validation time:0h:0m:45s | Validation Loss: 0.2675 | Validation Balanced Accuracy: 80.7067 % 
2024-04-13 14:34:21,606 - INFO - Epoch: 54 |Total testing time: 0h:0m:56s | Test Loss: 0.3245 | Test Balanced Accuracy: 84.4529 %
2024-04-13 14:37:55,577 - INFO - This file contains logs for: ADAM_LI_4e_4_to_2e_4
2024-04-13 14:37:55,577 - INFO - Epoch: 55 |Total training time: 0h:1m:49s | Train Loss: 0.1236 | Train Balanced Accuracy: 95.9913 %
2024-04-13 14:37:55,577 - INFO - Epoch: 55 |Total validation time:0h:0m:46s | Validation Loss: 0.2726 | Validation Balanced Accuracy: 79.7577 % 
2024-04-13 14:37:55,577 - INFO - Epoch: 55 |Total testing time: 0h:0m:57s | Test Loss: 0.3269 | Test Balanced Accuracy: 84.2312 %
2024-04-13 14:41:21,773 - INFO - This file contains logs for: ADAM_LI_4e_4_to_2e_4
2024-04-13 14:41:21,774 - INFO - Epoch: 56 |Total training time: 0h:1m:45s | Train Loss: 0.1229 | Train Balanced Accuracy: 95.9753 %
2024-04-13 14:41:21,774 - INFO - Epoch: 56 |Total validation time:0h:0m:44s | Validation Loss: 0.2620 | Validation Balanced Accuracy: 82.0234 % 
2024-04-13 14:41:21,774 - INFO - Epoch: 56 |Total testing time: 0h:0m:56s | Test Loss: 0.3240 | Test Balanced Accuracy: 84.6707 %
2024-04-13 14:44:53,180 - INFO - This file contains logs for: ADAM_LI_4e_4_to_2e_4
2024-04-13 14:44:53,181 - INFO - Epoch: 57 |Total training time: 0h:1m:48s | Train Loss: 0.1224 | Train Balanced Accuracy: 96.1326 %
2024-04-13 14:44:53,181 - INFO - Epoch: 57 |Total validation time:0h:0m:46s | Validation Loss: 0.2769 | Validation Balanced Accuracy: 79.4496 % 
2024-04-13 14:44:53,181 - INFO - Epoch: 57 |Total testing time: 0h:0m:56s | Test Loss: 0.3297 | Test Balanced Accuracy: 84.0126 %
2024-04-13 14:48:31,051 - INFO - This file contains logs for: ADAM_LI_4e_4_to_2e_4
2024-04-13 14:48:31,052 - INFO - Epoch: 58 |Total training time: 0h:1m:46s | Train Loss: 0.1217 | Train Balanced Accuracy: 96.0298 %
2024-04-13 14:48:31,052 - INFO - Epoch: 58 |Total validation time:0h:0m:44s | Validation Loss: 0.2737 | Validation Balanced Accuracy: 79.8160 % 
2024-04-13 14:48:31,052 - INFO - Epoch: 58 |Total testing time: 0h:1m:6s | Test Loss: 0.3276 | Test Balanced Accuracy: 84.3536 %
2024-04-13 14:51:57,408 - INFO - This file contains logs for: ADAM_LI_4e_4_to_2e_4
2024-04-13 14:51:57,409 - INFO - Epoch: 59 |Total training time: 0h:1m:48s | Train Loss: 0.1209 | Train Balanced Accuracy: 96.1799 %
2024-04-13 14:51:57,409 - INFO - Epoch: 59 |Total validation time:0h:0m:43s | Validation Loss: 0.2667 | Validation Balanced Accuracy: 81.0243 % 
2024-04-13 14:51:57,409 - INFO - Epoch: 59 |Total testing time: 0h:0m:54s | Test Loss: 0.3253 | Test Balanced Accuracy: 84.3727 %
2024-04-13 14:55:21,905 - INFO - This file contains logs for: ADAM_LI_4e_4_to_2e_4
2024-04-13 14:55:21,906 - INFO - Epoch: 60 |Total training time: 0h:1m:47s | Train Loss: 0.1203 | Train Balanced Accuracy: 96.1581 %
2024-04-13 14:55:21,906 - INFO - Epoch: 60 |Total validation time:0h:0m:42s | Validation Loss: 0.2681 | Validation Balanced Accuracy: 80.9140 % 
2024-04-13 14:55:21,906 - INFO - Epoch: 60 |Total testing time: 0h:0m:54s | Test Loss: 0.3271 | Test Balanced Accuracy: 84.3048 %
2024-04-13 14:58:46,281 - INFO - This file contains logs for: ADAM_LI_4e_4_to_2e_4
2024-04-13 14:58:46,281 - INFO - Epoch: 61 |Total training time: 0h:1m:45s | Train Loss: 0.1198 | Train Balanced Accuracy: 96.1713 %
2024-04-13 14:58:46,282 - INFO - Epoch: 61 |Total validation time:0h:0m:44s | Validation Loss: 0.2725 | Validation Balanced Accuracy: 80.3270 % 
2024-04-13 14:58:46,282 - INFO - Epoch: 61 |Total testing time: 0h:0m:55s | Test Loss: 0.3279 | Test Balanced Accuracy: 84.4405 %
2024-04-13 15:02:11,264 - INFO - This file contains logs for: ADAM_LI_4e_4_to_2e_4
2024-04-13 15:02:11,265 - INFO - Epoch: 62 |Total training time: 0h:1m:45s | Train Loss: 0.1193 | Train Balanced Accuracy: 96.1650 %
2024-04-13 15:02:11,265 - INFO - Epoch: 62 |Total validation time:0h:0m:44s | Validation Loss: 0.2789 | Validation Balanced Accuracy: 79.5485 % 
2024-04-13 15:02:11,265 - INFO - Epoch: 62 |Total testing time: 0h:0m:54s | Test Loss: 0.3323 | Test Balanced Accuracy: 84.0266 %
2024-04-13 15:05:30,857 - INFO - This file contains logs for: ADAM_LI_4e_4_to_2e_4
2024-04-13 15:05:30,858 - INFO - Epoch: 63 |Total training time: 0h:1m:43s | Train Loss: 0.1185 | Train Balanced Accuracy: 96.2209 %
2024-04-13 15:05:30,858 - INFO - Epoch: 63 |Total validation time:0h:0m:42s | Validation Loss: 0.2749 | Validation Balanced Accuracy: 80.0658 % 
2024-04-13 15:05:30,858 - INFO - Epoch: 63 |Total testing time: 0h:0m:52s | Test Loss: 0.3311 | Test Balanced Accuracy: 84.2032 %
2024-04-13 15:08:50,905 - INFO - This file contains logs for: ADAM_LI_4e_4_to_2e_4
2024-04-13 15:08:50,906 - INFO - Epoch: 64 |Total training time: 0h:1m:43s | Train Loss: 0.1180 | Train Balanced Accuracy: 96.2077 %
2024-04-13 15:08:50,906 - INFO - Epoch: 64 |Total validation time:0h:0m:43s | Validation Loss: 0.2773 | Validation Balanced Accuracy: 79.8566 % 
2024-04-13 15:08:50,906 - INFO - Epoch: 64 |Total testing time: 0h:0m:53s | Test Loss: 0.3321 | Test Balanced Accuracy: 84.2359 %
2024-04-13 15:12:09,717 - INFO - This file contains logs for: ADAM_LI_4e_4_to_2e_4
2024-04-13 15:12:09,718 - INFO - Epoch: 65 |Total training time: 0h:1m:42s | Train Loss: 0.1174 | Train Balanced Accuracy: 96.2174 %
2024-04-13 15:12:09,718 - INFO - Epoch: 65 |Total validation time:0h:0m:42s | Validation Loss: 0.2774 | Validation Balanced Accuracy: 79.9591 % 
2024-04-13 15:12:09,718 - INFO - Epoch: 65 |Total testing time: 0h:0m:53s | Test Loss: 0.3315 | Test Balanced Accuracy: 84.2281 %
2024-04-13 15:15:32,974 - INFO - This file contains logs for: ADAM_LI_4e_4_to_2e_4
2024-04-13 15:15:32,975 - INFO - Epoch: 66 |Total training time: 0h:1m:42s | Train Loss: 0.1170 | Train Balanced Accuracy: 96.2487 %
2024-04-13 15:15:32,975 - INFO - Epoch: 66 |Total validation time:0h:0m:45s | Validation Loss: 0.2706 | Validation Balanced Accuracy: 80.8974 % 
2024-04-13 15:15:32,975 - INFO - Epoch: 66 |Total testing time: 0h:0m:54s | Test Loss: 0.3297 | Test Balanced Accuracy: 84.3029 %
2024-04-13 15:18:56,521 - INFO - This file contains logs for: ADAM_LI_4e_4_to_2e_4
2024-04-13 15:18:56,522 - INFO - Epoch: 67 |Total training time: 0h:1m:45s | Train Loss: 0.1163 | Train Balanced Accuracy: 96.2755 %
2024-04-13 15:18:56,522 - INFO - Epoch: 67 |Total validation time:0h:0m:43s | Validation Loss: 0.2782 | Validation Balanced Accuracy: 79.8857 % 
2024-04-13 15:18:56,522 - INFO - Epoch: 67 |Total testing time: 0h:0m:54s | Test Loss: 0.3351 | Test Balanced Accuracy: 83.9931 %
2024-04-13 15:22:15,621 - INFO - This file contains logs for: ADAM_LI_4e_4_to_2e_4
2024-04-13 15:22:15,622 - INFO - Epoch: 68 |Total training time: 0h:1m:44s | Train Loss: 0.1160 | Train Balanced Accuracy: 96.2361 %
2024-04-13 15:22:15,622 - INFO - Epoch: 68 |Total validation time:0h:0m:42s | Validation Loss: 0.2760 | Validation Balanced Accuracy: 80.2458 % 
2024-04-13 15:22:15,622 - INFO - Epoch: 68 |Total testing time: 0h:0m:52s | Test Loss: 0.3329 | Test Balanced Accuracy: 84.1767 %
2024-04-13 15:25:36,849 - INFO - This file contains logs for: ADAM_LI_4e_4_to_2e_4
2024-04-13 15:25:36,849 - INFO - Epoch: 69 |Total training time: 0h:1m:43s | Train Loss: 0.1154 | Train Balanced Accuracy: 96.3105 %
2024-04-13 15:25:36,850 - INFO - Epoch: 69 |Total validation time:0h:0m:44s | Validation Loss: 0.2753 | Validation Balanced Accuracy: 80.3218 % 
2024-04-13 15:25:36,850 - INFO - Epoch: 69 |Total testing time: 0h:0m:54s | Test Loss: 0.3339 | Test Balanced Accuracy: 84.1628 %
2024-04-13 15:28:55,410 - INFO - This file contains logs for: ADAM_LI_4e_4_to_2e_4
2024-04-13 15:28:55,410 - INFO - Epoch: 70 |Total training time: 0h:1m:41s | Train Loss: 0.1148 | Train Balanced Accuracy: 96.3325 %
2024-04-13 15:28:55,411 - INFO - Epoch: 70 |Total validation time:0h:0m:43s | Validation Loss: 0.2815 | Validation Balanced Accuracy: 79.6714 % 
2024-04-13 15:28:55,411 - INFO - Epoch: 70 |Total testing time: 0h:0m:52s | Test Loss: 0.3357 | Test Balanced Accuracy: 83.9931 %
2024-04-13 15:32:14,233 - INFO - This file contains logs for: ADAM_LI_4e_4_to_2e_4
2024-04-13 15:32:14,234 - INFO - Epoch: 71 |Total training time: 0h:1m:42s | Train Loss: 0.1145 | Train Balanced Accuracy: 96.3401 %
2024-04-13 15:32:14,234 - INFO - Epoch: 71 |Total validation time:0h:0m:42s | Validation Loss: 0.2832 | Validation Balanced Accuracy: 79.5027 % 
2024-04-13 15:32:14,234 - INFO - Epoch: 71 |Total testing time: 0h:0m:53s | Test Loss: 0.3367 | Test Balanced Accuracy: 83.9461 %
2024-04-13 15:35:33,150 - INFO - This file contains logs for: ADAM_LI_4e_4_to_2e_4
2024-04-13 15:35:33,151 - INFO - Epoch: 72 |Total training time: 0h:1m:42s | Train Loss: 0.1141 | Train Balanced Accuracy: 96.3230 %
2024-04-13 15:35:33,151 - INFO - Epoch: 72 |Total validation time:0h:0m:42s | Validation Loss: 0.2730 | Validation Balanced Accuracy: 80.8339 % 
2024-04-13 15:35:33,151 - INFO - Epoch: 72 |Total testing time: 0h:0m:54s | Test Loss: 0.3339 | Test Balanced Accuracy: 84.3227 %
2024-04-13 15:38:51,439 - INFO - This file contains logs for: ADAM_LI_4e_4_to_2e_4
2024-04-14 13:01:52,312 - INFO - Resuming training from epoch 49
2024-04-14 13:09:14,969 - INFO - This file contains logs for: ADAM_LI_4e_4_to_2e_4
2024-04-14 13:09:14,970 - INFO - Epoch: 50 |Total training time: 0h:3m:40s | Train Loss: 0.1271 | Train Balanced Accuracy: 95.8964 %
2024-04-14 13:09:14,970 - INFO - Epoch: 50 |Total validation time:0h:1m:33s | Validation Loss: 0.2621 | Validation Balanced Accuracy: 81.0472 % 
2024-04-14 13:09:14,970 - INFO - Epoch: 50 |Total testing time: 0h:2m:9s | Test Loss: 0.3219 | Test Balanced Accuracy: 84.4921 %
2024-04-14 13:12:56,335 - INFO - This file contains logs for: ADAM_LI_4e_4_to_2e_4
2024-04-14 13:12:56,336 - INFO - Epoch: 51 |Total training time: 0h:1m:53s | Train Loss: 0.1266 | Train Balanced Accuracy: 95.8898 %
2024-04-14 13:12:56,336 - INFO - Epoch: 51 |Total validation time:0h:0m:47s | Validation Loss: 0.2750 | Validation Balanced Accuracy: 78.9855 % 
2024-04-14 13:12:56,336 - INFO - Epoch: 51 |Total testing time: 0h:1m:0s | Test Loss: 0.3278 | Test Balanced Accuracy: 84.1358 %
2024-04-14 13:17:59,494 - INFO - This file contains logs for: ADAM_LI_4e_4_to_2e_4
2024-04-14 13:17:59,494 - INFO - Epoch: 52 |Total training time: 0h:2m:23s | Train Loss: 0.1258 | Train Balanced Accuracy: 95.9621 %
2024-04-14 13:17:59,494 - INFO - Epoch: 52 |Total validation time:0h:1m:15s | Validation Loss: 0.2677 | Validation Balanced Accuracy: 80.2573 % 
2024-04-14 13:17:59,494 - INFO - Epoch: 52 |Total testing time: 0h:1m:24s | Test Loss: 0.3231 | Test Balanced Accuracy: 84.5761 %
2024-04-14 13:22:20,661 - INFO - This file contains logs for: ADAM_LI_4e_4_to_2e_4
2024-04-14 13:22:20,661 - INFO - Epoch: 53 |Total training time: 0h:2m:17s | Train Loss: 0.1248 | Train Balanced Accuracy: 95.9336 %
2024-04-14 13:22:20,661 - INFO - Epoch: 53 |Total validation time:0h:1m:9s | Validation Loss: 0.2653 | Validation Balanced Accuracy: 80.7454 % 
2024-04-14 13:22:20,663 - INFO - Epoch: 53 |Total testing time: 0h:0m:54s | Test Loss: 0.3236 | Test Balanced Accuracy: 84.4828 %
2024-04-14 13:25:46,940 - INFO - This file contains logs for: ADAM_LI_4e_4_to_2e_4
2024-04-14 13:25:46,941 - INFO - Epoch: 54 |Total training time: 0h:1m:46s | Train Loss: 0.1242 | Train Balanced Accuracy: 95.9788 %
2024-04-14 13:25:46,941 - INFO - Epoch: 54 |Total validation time:0h:0m:44s | Validation Loss: 0.2675 | Validation Balanced Accuracy: 80.7067 % 
2024-04-14 13:25:46,943 - INFO - Epoch: 54 |Total testing time: 0h:0m:54s | Test Loss: 0.3246 | Test Balanced Accuracy: 84.4529 %
2024-04-14 13:29:14,272 - INFO - This file contains logs for: ADAM_LI_4e_4_to_2e_4
2024-04-14 13:29:14,273 - INFO - Epoch: 55 |Total training time: 0h:1m:47s | Train Loss: 0.1236 | Train Balanced Accuracy: 95.9913 %
2024-04-14 13:29:14,273 - INFO - Epoch: 55 |Total validation time:0h:0m:46s | Validation Loss: 0.2726 | Validation Balanced Accuracy: 79.7577 % 
2024-04-14 13:29:14,273 - INFO - Epoch: 55 |Total testing time: 0h:0m:53s | Test Loss: 0.3269 | Test Balanced Accuracy: 84.2312 %
2024-04-14 13:32:40,338 - INFO - This file contains logs for: ADAM_LI_4e_4_to_2e_4
2024-04-14 13:32:40,339 - INFO - Epoch: 56 |Total training time: 0h:1m:46s | Train Loss: 0.1229 | Train Balanced Accuracy: 95.9691 %
2024-04-14 13:32:40,339 - INFO - Epoch: 56 |Total validation time:0h:0m:44s | Validation Loss: 0.2619 | Validation Balanced Accuracy: 82.0120 % 
2024-04-14 13:32:40,339 - INFO - Epoch: 56 |Total testing time: 0h:0m:55s | Test Loss: 0.3240 | Test Balanced Accuracy: 84.6617 %
2024-04-14 13:36:09,804 - INFO - This file contains logs for: ADAM_LI_4e_4_to_2e_4
2024-04-14 13:36:09,805 - INFO - Epoch: 57 |Total training time: 0h:1m:50s | Train Loss: 0.1224 | Train Balanced Accuracy: 96.1326 %
2024-04-14 13:36:09,805 - INFO - Epoch: 57 |Total validation time:0h:0m:44s | Validation Loss: 0.2771 | Validation Balanced Accuracy: 79.4496 % 
2024-04-14 13:36:09,805 - INFO - Epoch: 57 |Total testing time: 0h:0m:53s | Test Loss: 0.3298 | Test Balanced Accuracy: 84.0215 %
2024-04-14 13:39:36,158 - INFO - This file contains logs for: ADAM_LI_4e_4_to_2e_4
2024-04-14 13:39:36,159 - INFO - Epoch: 58 |Total training time: 0h:1m:47s | Train Loss: 0.1217 | Train Balanced Accuracy: 96.0298 %
2024-04-14 13:39:36,159 - INFO - Epoch: 58 |Total validation time:0h:0m:43s | Validation Loss: 0.2736 | Validation Balanced Accuracy: 79.8160 % 
2024-04-14 13:39:36,159 - INFO - Epoch: 58 |Total testing time: 0h:0m:55s | Test Loss: 0.3276 | Test Balanced Accuracy: 84.3695 %
2024-04-14 13:43:28,921 - INFO - This file contains logs for: ADAM_LI_4e_4_to_2e_4
2024-04-14 13:43:28,922 - INFO - Epoch: 59 |Total training time: 0h:1m:47s | Train Loss: 0.1209 | Train Balanced Accuracy: 96.1889 %
2024-04-14 13:43:28,922 - INFO - Epoch: 59 |Total validation time:0h:0m:53s | Validation Loss: 0.2667 | Validation Balanced Accuracy: 81.0129 % 
2024-04-14 13:43:28,922 - INFO - Epoch: 59 |Total testing time: 0h:1m:11s | Test Loss: 0.3253 | Test Balanced Accuracy: 84.3887 %
2024-04-14 13:48:13,711 - INFO - This file contains logs for: ADAM_LI_4e_4_to_2e_4
2024-04-14 13:48:14,488 - INFO - Epoch: 60 |Total training time: 0h:2m:1s | Train Loss: 0.1203 | Train Balanced Accuracy: 96.1678 %
2024-04-14 13:48:14,530 - INFO - Epoch: 60 |Total validation time:0h:1m:29s | Validation Loss: 0.2683 | Validation Balanced Accuracy: 80.9140 % 
2024-04-14 13:48:14,530 - INFO - Epoch: 60 |Total testing time: 0h:1m:14s | Test Loss: 0.3272 | Test Balanced Accuracy: 84.3048 %
2024-04-14 13:52:09,829 - INFO - This file contains logs for: ADAM_LI_4e_4_to_2e_4
2024-04-14 13:52:09,930 - INFO - Epoch: 61 |Total training time: 0h:1m:55s | Train Loss: 0.1198 | Train Balanced Accuracy: 96.1713 %
2024-04-14 13:52:09,930 - INFO - Epoch: 61 |Total validation time:0h:1m:2s | Validation Loss: 0.2726 | Validation Balanced Accuracy: 80.2978 % 
2024-04-14 13:52:09,930 - INFO - Epoch: 61 |Total testing time: 0h:0m:57s | Test Loss: 0.3280 | Test Balanced Accuracy: 84.4405 %
2024-04-14 13:56:06,395 - INFO - This file contains logs for: ADAM_LI_4e_4_to_2e_4
2024-04-14 13:56:06,395 - INFO - Epoch: 62 |Total training time: 0h:1m:57s | Train Loss: 0.1193 | Train Balanced Accuracy: 96.1678 %
2024-04-14 13:56:06,395 - INFO - Epoch: 62 |Total validation time:0h:0m:51s | Validation Loss: 0.2790 | Validation Balanced Accuracy: 79.5485 % 
2024-04-14 13:56:06,395 - INFO - Epoch: 62 |Total testing time: 0h:1m:7s | Test Loss: 0.3323 | Test Balanced Accuracy: 84.0266 %
2024-04-14 13:59:59,847 - INFO - This file contains logs for: ADAM_LI_4e_4_to_2e_4
2024-04-14 13:59:59,856 - INFO - Epoch: 63 |Total training time: 0h:1m:58s | Train Loss: 0.1185 | Train Balanced Accuracy: 96.2271 %
2024-04-14 13:59:59,860 - INFO - Epoch: 63 |Total validation time:0h:0m:44s | Validation Loss: 0.2748 | Validation Balanced Accuracy: 80.1064 % 
2024-04-14 13:59:59,860 - INFO - Epoch: 63 |Total testing time: 0h:1m:10s | Test Loss: 0.3311 | Test Balanced Accuracy: 84.2192 %
2024-04-14 14:03:57,777 - INFO - This file contains logs for: ADAM_LI_4e_4_to_2e_4
2024-04-14 14:03:57,777 - INFO - Epoch: 64 |Total training time: 0h:2m:2s | Train Loss: 0.1179 | Train Balanced Accuracy: 96.2104 %
2024-04-14 14:03:57,777 - INFO - Epoch: 64 |Total validation time:0h:0m:51s | Validation Loss: 0.2774 | Validation Balanced Accuracy: 79.8566 % 
2024-04-14 14:03:57,780 - INFO - Epoch: 64 |Total testing time: 0h:1m:3s | Test Loss: 0.3322 | Test Balanced Accuracy: 84.2200 %
2024-04-14 14:07:25,378 - INFO - This file contains logs for: ADAM_LI_4e_4_to_2e_4
2024-04-14 14:07:25,379 - INFO - Epoch: 65 |Total training time: 0h:1m:47s | Train Loss: 0.1174 | Train Balanced Accuracy: 96.2264 %
2024-04-14 14:07:25,379 - INFO - Epoch: 65 |Total validation time:0h:0m:44s | Validation Loss: 0.2774 | Validation Balanced Accuracy: 79.9591 % 
2024-04-14 14:07:25,379 - INFO - Epoch: 65 |Total testing time: 0h:0m:55s | Test Loss: 0.3316 | Test Balanced Accuracy: 84.2281 %
2024-04-14 14:11:10,743 - INFO - This file contains logs for: ADAM_LI_4e_4_to_2e_4
2024-04-14 14:11:10,998 - INFO - Epoch: 66 |Total training time: 0h:1m:49s | Train Loss: 0.1169 | Train Balanced Accuracy: 96.2549 %
2024-04-14 14:11:10,998 - INFO - Epoch: 66 |Total validation time:0h:0m:57s | Validation Loss: 0.2706 | Validation Balanced Accuracy: 80.8974 % 
2024-04-14 14:11:11,034 - INFO - Epoch: 66 |Total testing time: 0h:0m:58s | Test Loss: 0.3298 | Test Balanced Accuracy: 84.3367 %
2024-04-14 14:15:30,545 - INFO - This file contains logs for: ADAM_LI_4e_4_to_2e_4
2024-04-14 14:15:30,550 - INFO - Epoch: 67 |Total training time: 0h:2m:3s | Train Loss: 0.1162 | Train Balanced Accuracy: 96.2755 %
2024-04-14 14:15:30,550 - INFO - Epoch: 67 |Total validation time:0h:0m:57s | Validation Loss: 0.2783 | Validation Balanced Accuracy: 79.8857 % 
2024-04-14 14:15:30,550 - INFO - Epoch: 67 |Total testing time: 0h:1m:18s | Test Loss: 0.3352 | Test Balanced Accuracy: 83.9682 %
2024-04-14 14:19:32,317 - INFO - This file contains logs for: ADAM_LI_4e_4_to_2e_4
2024-04-14 14:19:32,318 - INFO - Epoch: 68 |Total training time: 0h:2m:7s | Train Loss: 0.1160 | Train Balanced Accuracy: 96.2424 %
2024-04-14 14:19:32,318 - INFO - Epoch: 68 |Total validation time:0h:0m:50s | Validation Loss: 0.2760 | Validation Balanced Accuracy: 80.2864 % 
2024-04-14 14:19:32,318 - INFO - Epoch: 68 |Total testing time: 0h:1m:3s | Test Loss: 0.3330 | Test Balanced Accuracy: 84.1678 %
2024-04-14 14:23:55,096 - INFO - This file contains logs for: ADAM_LI_4e_4_to_2e_4
2024-04-14 14:23:55,099 - INFO - Epoch: 69 |Total training time: 0h:2m:3s | Train Loss: 0.1153 | Train Balanced Accuracy: 96.3070 %
2024-04-14 14:23:55,099 - INFO - Epoch: 69 |Total validation time:0h:1m:5s | Validation Loss: 0.2754 | Validation Balanced Accuracy: 80.3218 % 
2024-04-14 14:23:55,099 - INFO - Epoch: 69 |Total testing time: 0h:1m:13s | Test Loss: 0.3340 | Test Balanced Accuracy: 84.1449 %
2024-04-14 14:28:01,231 - INFO - This file contains logs for: ADAM_LI_4e_4_to_2e_4
2024-04-14 14:28:01,232 - INFO - Epoch: 70 |Total training time: 0h:1m:56s | Train Loss: 0.1148 | Train Balanced Accuracy: 96.3325 %
2024-04-14 14:28:01,232 - INFO - Epoch: 70 |Total validation time:0h:1m:6s | Validation Loss: 0.2816 | Validation Balanced Accuracy: 79.6308 % 
2024-04-14 14:28:01,232 - INFO - Epoch: 70 |Total testing time: 0h:1m:3s | Test Loss: 0.3358 | Test Balanced Accuracy: 83.9931 %
2024-04-14 14:32:05,526 - INFO - This file contains logs for: ADAM_LI_4e_4_to_2e_4
2024-04-14 14:32:05,527 - INFO - Epoch: 71 |Total training time: 0h:2m:5s | Train Loss: 0.1144 | Train Balanced Accuracy: 96.3401 %
2024-04-14 14:32:05,527 - INFO - Epoch: 71 |Total validation time:0h:0m:46s | Validation Loss: 0.2833 | Validation Balanced Accuracy: 79.5027 % 
2024-04-14 14:32:05,527 - INFO - Epoch: 71 |Total testing time: 0h:1m:12s | Test Loss: 0.3368 | Test Balanced Accuracy: 83.9461 %
2024-04-14 14:36:43,025 - INFO - This file contains logs for: ADAM_LI_4e_4_to_2e_4
2024-04-14 14:36:43,026 - INFO - Epoch: 72 |Total training time: 0h:2m:18s | Train Loss: 0.1140 | Train Balanced Accuracy: 96.3167 %
2024-04-14 14:36:43,029 - INFO - Epoch: 72 |Total validation time:0h:1m:5s | Validation Loss: 0.2730 | Validation Balanced Accuracy: 80.8745 % 
2024-04-14 14:36:43,029 - INFO - Epoch: 72 |Total testing time: 0h:1m:13s | Test Loss: 0.3340 | Test Balanced Accuracy: 84.3297 %
2024-04-14 14:41:15,358 - INFO - This file contains logs for: ADAM_LI_4e_4_to_2e_4
2024-04-14 14:41:15,359 - INFO - Epoch: 73 |Total training time: 0h:2m:4s | Train Loss: 0.1135 | Train Balanced Accuracy: 96.3825 %
2024-04-14 14:41:15,359 - INFO - Epoch: 73 |Total validation time:0h:1m:11s | Validation Loss: 0.2745 | Validation Balanced Accuracy: 80.6568 % 
2024-04-14 14:41:15,359 - INFO - Epoch: 73 |Total testing time: 0h:1m:16s | Test Loss: 0.3340 | Test Balanced Accuracy: 84.2648 %
2024-04-14 14:45:12,550 - INFO - This file contains logs for: ADAM_LI_4e_4_to_2e_4
2024-04-14 14:45:12,596 - INFO - Epoch: 74 |Total training time: 0h:1m:59s | Train Loss: 0.1131 | Train Balanced Accuracy: 96.3466 %
2024-04-14 14:45:12,597 - INFO - Epoch: 74 |Total validation time:0h:0m:48s | Validation Loss: 0.2755 | Validation Balanced Accuracy: 80.6133 % 
2024-04-14 14:45:12,597 - INFO - Epoch: 74 |Total testing time: 0h:1m:8s | Test Loss: 0.3353 | Test Balanced Accuracy: 84.0865 %
2024-04-14 14:45:14,805 - INFO - Saved checkpoint at epoch 74: /home/sur06423/hiwi/vit_exp/vision_tranformer_baseline/src/components/distraction_detection_d_a/grid_search_ddp/experiments_grid_search/ADAM_LI_4e_4_to_2e_4/runs/checkpoints/checkpoint_ADAM_LI_4e_4_to_2e_4_epoch_74.pth
2024-04-14 14:49:02,668 - INFO - This file contains logs for: ADAM_LI_4e_4_to_2e_4
2024-04-14 14:49:02,669 - INFO - Epoch: 75 |Total training time: 0h:1m:49s | Train Loss: 0.1125 | Train Balanced Accuracy: 96.4055 %
2024-04-14 14:49:02,669 - INFO - Epoch: 75 |Total validation time:0h:0m:54s | Validation Loss: 0.2826 | Validation Balanced Accuracy: 79.8223 % 
2024-04-14 14:49:02,670 - INFO - Epoch: 75 |Total testing time: 0h:1m:4s | Test Loss: 0.3378 | Test Balanced Accuracy: 84.0160 %
2024-04-14 14:54:57,366 - INFO - This file contains logs for: ADAM_LI_4e_4_to_2e_4
2024-04-14 14:54:57,367 - INFO - Epoch: 76 |Total training time: 0h:2m:43s | Train Loss: 0.1122 | Train Balanced Accuracy: 96.4154 %
2024-04-14 14:54:57,367 - INFO - Epoch: 76 |Total validation time:0h:1m:28s | Validation Loss: 0.2728 | Validation Balanced Accuracy: 81.1940 % 
2024-04-14 14:54:57,367 - INFO - Epoch: 76 |Total testing time: 0h:1m:43s | Test Loss: 0.3347 | Test Balanced Accuracy: 84.3926 %
2024-04-14 15:02:39,357 - INFO - This file contains logs for: ADAM_LI_4e_4_to_2e_4
2024-04-14 15:02:39,358 - INFO - Epoch: 77 |Total training time: 0h:4m:29s | Train Loss: 0.1119 | Train Balanced Accuracy: 96.4173 %
2024-04-14 15:02:39,358 - INFO - Epoch: 77 |Total validation time:0h:1m:27s | Validation Loss: 0.2746 | Validation Balanced Accuracy: 80.8225 % 
2024-04-14 15:02:39,363 - INFO - Epoch: 77 |Total testing time: 0h:1m:44s | Test Loss: 0.3355 | Test Balanced Accuracy: 84.2411 %
2024-04-14 15:10:48,478 - INFO - This file contains logs for: ADAM_LI_4e_4_to_2e_4
2024-04-14 15:10:48,479 - INFO - Epoch: 78 |Total training time: 0h:4m:25s | Train Loss: 0.1115 | Train Balanced Accuracy: 96.4444 %
2024-04-14 15:10:48,479 - INFO - Epoch: 78 |Total validation time:0h:1m:34s | Validation Loss: 0.2824 | Validation Balanced Accuracy: 79.9794 % 
2024-04-14 15:10:48,482 - INFO - Epoch: 78 |Total testing time: 0h:2m:9s | Test Loss: 0.3391 | Test Balanced Accuracy: 83.9903 %
2024-04-14 15:18:26,864 - INFO - This file contains logs for: ADAM_LI_4e_4_to_2e_4
2024-04-14 15:18:26,865 - INFO - Epoch: 79 |Total training time: 0h:3m:57s | Train Loss: 0.1111 | Train Balanced Accuracy: 96.4342 %
2024-04-14 15:18:26,865 - INFO - Epoch: 79 |Total validation time:0h:1m:36s | Validation Loss: 0.2749 | Validation Balanced Accuracy: 81.0976 % 
2024-04-14 15:18:26,865 - INFO - Epoch: 79 |Total testing time: 0h:2m:4s | Test Loss: 0.3374 | Test Balanced Accuracy: 84.2112 %
2024-04-14 15:27:33,301 - INFO - This file contains logs for: ADAM_LI_4e_4_to_2e_4
2024-04-14 15:27:33,302 - INFO - Epoch: 80 |Total training time: 0h:5m:20s | Train Loss: 0.1107 | Train Balanced Accuracy: 96.4472 %
2024-04-14 15:27:33,302 - INFO - Epoch: 80 |Total validation time:0h:1m:34s | Validation Loss: 0.2736 | Validation Balanced Accuracy: 81.4781 % 
2024-04-14 15:27:33,302 - INFO - Epoch: 80 |Total testing time: 0h:2m:11s | Test Loss: 0.3367 | Test Balanced Accuracy: 84.2504 %
2024-04-14 15:36:16,095 - INFO - This file contains logs for: ADAM_LI_4e_4_to_2e_4
2024-04-14 15:36:16,096 - INFO - Epoch: 81 |Total training time: 0h:4m:48s | Train Loss: 0.1104 | Train Balanced Accuracy: 96.4645 %
2024-04-14 15:36:16,096 - INFO - Epoch: 81 |Total validation time:0h:1m:40s | Validation Loss: 0.2722 | Validation Balanced Accuracy: 81.6999 % 
2024-04-14 15:36:16,096 - INFO - Epoch: 81 |Total testing time: 0h:2m:14s | Test Loss: 0.3363 | Test Balanced Accuracy: 84.3443 %
2024-04-14 15:45:23,607 - INFO - This file contains logs for: ADAM_LI_4e_4_to_2e_4
2024-04-14 15:45:23,608 - INFO - Epoch: 82 |Total training time: 0h:5m:26s | Train Loss: 0.1103 | Train Balanced Accuracy: 96.4020 %
2024-04-14 15:45:23,608 - INFO - Epoch: 82 |Total validation time:0h:1m:29s | Validation Loss: 0.2814 | Validation Balanced Accuracy: 80.2178 % 
2024-04-14 15:45:23,608 - INFO - Epoch: 82 |Total testing time: 0h:2m:11s | Test Loss: 0.3405 | Test Balanced Accuracy: 83.9199 %
2024-04-14 15:53:57,988 - INFO - This file contains logs for: ADAM_LI_4e_4_to_2e_4
2024-04-14 15:53:57,991 - INFO - Epoch: 83 |Total training time: 0h:4m:55s | Train Loss: 0.1095 | Train Balanced Accuracy: 96.5148 %
2024-04-14 15:53:57,991 - INFO - Epoch: 83 |Total validation time:0h:1m:34s | Validation Loss: 0.2844 | Validation Balanced Accuracy: 79.9857 % 
2024-04-14 15:53:57,999 - INFO - Epoch: 83 |Total testing time: 0h:2m:3s | Test Loss: 0.3417 | Test Balanced Accuracy: 83.8847 %
2024-04-14 16:11:38,001 - INFO - This file contains logs for: ADAM_LI_4e_4_to_2e_4
2024-04-14 16:11:38,001 - INFO - Epoch: 84 |Total training time: 0h:11m:2s | Train Loss: 0.1092 | Train Balanced Accuracy: 96.5384 %
2024-04-14 16:11:38,001 - INFO - Epoch: 84 |Total validation time:0h:2m:55s | Validation Loss: 0.2871 | Validation Balanced Accuracy: 79.7359 % 
2024-04-14 16:11:38,002 - INFO - Epoch: 84 |Total testing time: 0h:3m:41s | Test Loss: 0.3443 | Test Balanced Accuracy: 83.6784 %
2024-04-14 16:28:02,673 - INFO - This file contains logs for: ADAM_LI_4e_4_to_2e_4
2024-04-14 16:28:02,673 - INFO - Epoch: 85 |Total training time: 0h:10m:24s | Train Loss: 0.1089 | Train Balanced Accuracy: 96.5229 %
2024-04-14 16:28:02,674 - INFO - Epoch: 85 |Total validation time:0h:2m:24s | Validation Loss: 0.2869 | Validation Balanced Accuracy: 79.7765 % 
2024-04-14 16:28:02,674 - INFO - Epoch: 85 |Total testing time: 0h:3m:35s | Test Loss: 0.3454 | Test Balanced Accuracy: 83.6555 %
2024-04-14 16:44:09,963 - INFO - This file contains logs for: ADAM_LI_4e_4_to_2e_4
2024-04-14 16:44:09,968 - INFO - Epoch: 86 |Total training time: 0h:10m:7s | Train Loss: 0.1085 | Train Balanced Accuracy: 96.5458 %
2024-04-14 16:44:09,968 - INFO - Epoch: 86 |Total validation time:0h:2m:29s | Validation Loss: 0.2809 | Validation Balanced Accuracy: 80.3667 % 
2024-04-14 16:44:09,968 - INFO - Epoch: 86 |Total testing time: 0h:3m:29s | Test Loss: 0.3422 | Test Balanced Accuracy: 83.8803 %
2024-04-14 17:00:17,227 - INFO - This file contains logs for: ADAM_LI_4e_4_to_2e_4
2024-04-14 17:00:17,228 - INFO - Epoch: 87 |Total training time: 0h:10m:16s | Train Loss: 0.1082 | Train Balanced Accuracy: 96.5577 %
2024-04-14 17:00:17,228 - INFO - Epoch: 87 |Total validation time:0h:2m:13s | Validation Loss: 0.2874 | Validation Balanced Accuracy: 79.7651 % 
2024-04-14 17:00:17,228 - INFO - Epoch: 87 |Total testing time: 0h:3m:37s | Test Loss: 0.3452 | Test Balanced Accuracy: 83.6994 %
2024-04-14 17:16:06,380 - INFO - This file contains logs for: ADAM_LI_4e_4_to_2e_4
2024-04-14 17:16:06,380 - INFO - Epoch: 88 |Total training time: 0h:10m:12s | Train Loss: 0.1081 | Train Balanced Accuracy: 96.5708 %
2024-04-14 17:16:06,381 - INFO - Epoch: 88 |Total validation time:0h:1m:59s | Validation Loss: 0.2860 | Validation Balanced Accuracy: 80.0034 % 
2024-04-14 17:16:06,383 - INFO - Epoch: 88 |Total testing time: 0h:3m:36s | Test Loss: 0.3440 | Test Balanced Accuracy: 83.8190 %
2024-04-14 17:30:31,658 - INFO - This file contains logs for: ADAM_LI_4e_4_to_2e_4
2024-04-14 17:30:31,659 - INFO - Epoch: 89 |Total training time: 0h:10m:1s | Train Loss: 0.1076 | Train Balanced Accuracy: 96.5653 %
2024-04-14 17:30:31,659 - INFO - Epoch: 89 |Total validation time:0h:1m:39s | Validation Loss: 0.2823 | Validation Balanced Accuracy: 80.4218 % 
2024-04-14 17:30:31,659 - INFO - Epoch: 89 |Total testing time: 0h:2m:44s | Test Loss: 0.3437 | Test Balanced Accuracy: 83.8682 %
2024-04-14 17:46:23,446 - INFO - This file contains logs for: ADAM_LI_4e_4_to_2e_4
2024-04-14 17:46:23,447 - INFO - Epoch: 90 |Total training time: 0h:10m:5s | Train Loss: 0.1072 | Train Balanced Accuracy: 96.5863 %
2024-04-14 17:46:23,449 - INFO - Epoch: 90 |Total validation time:0h:2m:24s | Validation Loss: 0.2812 | Validation Balanced Accuracy: 80.5030 % 
2024-04-14 17:46:23,449 - INFO - Epoch: 90 |Total testing time: 0h:3m:21s | Test Loss: 0.3430 | Test Balanced Accuracy: 83.9420 %
2024-04-14 17:57:16,273 - INFO - This file contains logs for: ADAM_LI_4e_4_to_2e_4
2024-04-14 17:57:16,274 - INFO - Epoch: 91 |Total training time: 0h:7m:52s | Train Loss: 0.1069 | Train Balanced Accuracy: 96.6378 %
2024-04-14 17:57:16,274 - INFO - Epoch: 91 |Total validation time:0h:1m:10s | Validation Loss: 0.2849 | Validation Balanced Accuracy: 80.1720 % 
2024-04-14 17:57:16,274 - INFO - Epoch: 91 |Total testing time: 0h:1m:49s | Test Loss: 0.3443 | Test Balanced Accuracy: 83.7805 %
2024-04-14 18:05:19,806 - INFO - This file contains logs for: ADAM_LI_4e_4_to_2e_4
2024-04-14 18:05:19,807 - INFO - Epoch: 92 |Total training time: 0h:4m:42s | Train Loss: 0.1065 | Train Balanced Accuracy: 96.5815 %
2024-04-14 18:05:19,807 - INFO - Epoch: 92 |Total validation time:0h:1m:21s | Validation Loss: 0.2760 | Validation Balanced Accuracy: 81.6136 % 
2024-04-14 18:05:19,809 - INFO - Epoch: 92 |Total testing time: 0h:1m:59s | Test Loss: 0.3421 | Test Balanced Accuracy: 84.0953 %
2024-04-14 18:13:29,973 - INFO - This file contains logs for: ADAM_LI_4e_4_to_2e_4
2024-04-14 18:13:29,974 - INFO - Epoch: 93 |Total training time: 0h:4m:53s | Train Loss: 0.1064 | Train Balanced Accuracy: 96.6237 %
2024-04-14 18:13:29,974 - INFO - Epoch: 93 |Total validation time:0h:1m:23s | Validation Loss: 0.2858 | Validation Balanced Accuracy: 80.1429 % 
2024-04-14 18:13:29,974 - INFO - Epoch: 93 |Total testing time: 0h:1m:53s | Test Loss: 0.3458 | Test Balanced Accuracy: 83.7684 %
2024-04-14 18:21:12,474 - INFO - This file contains logs for: ADAM_LI_4e_4_to_2e_4
2024-04-14 18:21:12,475 - INFO - Epoch: 94 |Total training time: 0h:4m:29s | Train Loss: 0.1060 | Train Balanced Accuracy: 96.6572 %
2024-04-14 18:21:12,475 - INFO - Epoch: 94 |Total validation time:0h:1m:21s | Validation Loss: 0.2928 | Validation Balanced Accuracy: 79.5965 % 
2024-04-14 18:21:12,475 - INFO - Epoch: 94 |Total testing time: 0h:1m:52s | Test Loss: 0.3505 | Test Balanced Accuracy: 83.4621 %
2024-04-14 18:29:19,065 - INFO - This file contains logs for: ADAM_LI_4e_4_to_2e_4
2024-04-14 18:29:19,066 - INFO - Epoch: 95 |Total training time: 0h:4m:56s | Train Loss: 0.1058 | Train Balanced Accuracy: 96.6100 %
2024-04-14 18:29:19,066 - INFO - Epoch: 95 |Total validation time:0h:1m:21s | Validation Loss: 0.2832 | Validation Balanced Accuracy: 80.5207 % 
2024-04-14 18:29:19,066 - INFO - Epoch: 95 |Total testing time: 0h:1m:49s | Test Loss: 0.3458 | Test Balanced Accuracy: 83.8185 %
2024-04-14 18:36:52,660 - INFO - This file contains logs for: ADAM_LI_4e_4_to_2e_4
2024-04-14 18:36:52,661 - INFO - Epoch: 96 |Total training time: 0h:4m:49s | Train Loss: 0.1055 | Train Balanced Accuracy: 96.6688 %
2024-04-14 18:36:52,661 - INFO - Epoch: 96 |Total validation time:0h:1m:11s | Validation Loss: 0.2846 | Validation Balanced Accuracy: 80.3927 % 
2024-04-14 18:36:52,663 - INFO - Epoch: 96 |Total testing time: 0h:1m:32s | Test Loss: 0.3460 | Test Balanced Accuracy: 83.8065 %
2024-04-14 18:43:44,457 - INFO - This file contains logs for: ADAM_LI_4e_4_to_2e_4
2024-04-14 18:43:44,458 - INFO - Epoch: 97 |Total training time: 0h:3m:57s | Train Loss: 0.1052 | Train Balanced Accuracy: 96.6834 %
2024-04-14 18:43:44,458 - INFO - Epoch: 97 |Total validation time:0h:1m:13s | Validation Loss: 0.2823 | Validation Balanced Accuracy: 80.7528 % 
2024-04-14 18:43:44,461 - INFO - Epoch: 97 |Total testing time: 0h:1m:40s | Test Loss: 0.3458 | Test Balanced Accuracy: 83.8705 %
2024-04-14 18:51:06,051 - INFO - This file contains logs for: ADAM_LI_4e_4_to_2e_4
2024-04-14 18:51:06,052 - INFO - Epoch: 98 |Total training time: 0h:4m:27s | Train Loss: 0.1050 | Train Balanced Accuracy: 96.6410 %
2024-04-14 18:51:06,052 - INFO - Epoch: 98 |Total validation time:0h:1m:14s | Validation Loss: 0.2815 | Validation Balanced Accuracy: 80.7070 % 
2024-04-14 18:51:06,052 - INFO - Epoch: 98 |Total testing time: 0h:1m:39s | Test Loss: 0.3459 | Test Balanced Accuracy: 83.9723 %
2024-04-14 18:58:22,761 - INFO - This file contains logs for: ADAM_LI_4e_4_to_2e_4
2024-04-14 18:58:22,794 - INFO - Epoch: 99 |Total training time: 0h:4m:3s | Train Loss: 0.1047 | Train Balanced Accuracy: 96.6619 %
2024-04-14 18:58:22,794 - INFO - Epoch: 99 |Total validation time:0h:1m:20s | Validation Loss: 0.2819 | Validation Balanced Accuracy: 80.8606 % 
2024-04-14 18:58:22,794 - INFO - Epoch: 99 |Total testing time: 0h:1m:52s | Test Loss: 0.3456 | Test Balanced Accuracy: 83.9723 %
2024-04-14 18:58:29,133 - INFO - Saved checkpoint at epoch 99: /home/sur06423/hiwi/vit_exp/vision_tranformer_baseline/src/components/distraction_detection_d_a/grid_search_ddp/experiments_grid_search/ADAM_LI_4e_4_to_2e_4/runs/checkpoints/checkpoint_ADAM_LI_4e_4_to_2e_4_epoch_99.pth
2024-04-14 18:58:29,134 - INFO - Total training, validation and testing time: 5h:56m:37s.
