2024-03-25 02:49:12,758 - INFO - Epoch: 0 |Total training time: 0h:8m:45s | Train Loss: 1.5371 | Train Balanced Accuracy: 73.1401 %
2024-03-25 02:49:12,759 - INFO - Epoch: 0 |Total validation time:0h:5m:0s | Validation Loss: 0.3309 | Validation Balanced Accuracy: 72.4758 % 
2024-03-25 02:49:12,759 - INFO - Epoch: 0 |Total testing time: 0h:4m:50s | Test Loss: 0.4331 | Test Balanced Accuracy: 78.5967 %
2024-03-25 02:49:17,540 - INFO - Saved checkpoint at epoch 0: /home/sur06423/hiwi/vit_exp/vision_tranformer_baseline/src/components/distraction_detection_d_a/grid_search_ddp/experiments/DD_GS_A_Adam_LR_0_03/runs/checkpoints/checkpoint_DD_GS_A_Adam_LR_0_03_epoch_0.pth
2024-03-25 03:02:21,151 - INFO - Epoch: 1 |Total training time: 0h:2m:51s | Train Loss: 0.1715 | Train Balanced Accuracy: 92.8866 %
2024-03-25 03:02:21,151 - INFO - Epoch: 1 |Total validation time:0h:4m:42s | Validation Loss: 0.2878 | Validation Balanced Accuracy: 80.8660 % 
2024-03-25 03:02:21,151 - INFO - Epoch: 1 |Total testing time: 0h:5m:29s | Test Loss: 0.3879 | Test Balanced Accuracy: 82.8198 %
2024-03-25 03:02:26,145 - INFO - Saved checkpoint at epoch 1: /home/sur06423/hiwi/vit_exp/vision_tranformer_baseline/src/components/distraction_detection_d_a/grid_search_ddp/experiments/DD_GS_A_Adam_LR_0_03/runs/checkpoints/checkpoint_DD_GS_A_Adam_LR_0_03_epoch_1.pth
2024-03-25 03:09:57,672 - INFO - Epoch: 2 |Total training time: 0h:5m:5s | Train Loss: 0.1216 | Train Balanced Accuracy: 95.2474 %
2024-03-25 03:09:57,672 - INFO - Epoch: 2 |Total validation time:0h:1m:8s | Validation Loss: 0.3603 | Validation Balanced Accuracy: 75.9029 % 
2024-03-25 03:09:57,672 - INFO - Epoch: 2 |Total testing time: 0h:1m:16s | Test Loss: 0.4251 | Test Balanced Accuracy: 81.3278 %
2024-03-25 03:09:59,375 - INFO - Saved checkpoint at epoch 2: /home/sur06423/hiwi/vit_exp/vision_tranformer_baseline/src/components/distraction_detection_d_a/grid_search_ddp/experiments/DD_GS_A_Adam_LR_0_03/runs/checkpoints/checkpoint_DD_GS_A_Adam_LR_0_03_epoch_2.pth
2024-03-25 03:14:26,947 - INFO - Epoch: 3 |Total training time: 0h:2m:5s | Train Loss: 0.1093 | Train Balanced Accuracy: 95.8398 %
2024-03-25 03:14:26,948 - INFO - Epoch: 3 |Total validation time:0h:1m:5s | Validation Loss: 0.3326 | Validation Balanced Accuracy: 81.8611 % 
2024-03-25 03:14:26,948 - INFO - Epoch: 3 |Total testing time: 0h:1m:16s | Test Loss: 0.4277 | Test Balanced Accuracy: 82.0259 %
2024-03-25 03:14:29,248 - INFO - Saved checkpoint at epoch 3: /home/sur06423/hiwi/vit_exp/vision_tranformer_baseline/src/components/distraction_detection_d_a/grid_search_ddp/experiments/DD_GS_A_Adam_LR_0_03/runs/checkpoints/checkpoint_DD_GS_A_Adam_LR_0_03_epoch_3.pth
2024-03-25 03:19:07,990 - INFO - Epoch: 4 |Total training time: 0h:2m:5s | Train Loss: 0.1054 | Train Balanced Accuracy: 96.0684 %
2024-03-25 03:19:07,991 - INFO - Epoch: 4 |Total validation time:0h:1m:11s | Validation Loss: 0.3105 | Validation Balanced Accuracy: 85.7858 % 
2024-03-25 03:19:07,991 - INFO - Epoch: 4 |Total testing time: 0h:1m:21s | Test Loss: 0.4712 | Test Balanced Accuracy: 83.3521 %
2024-03-25 03:19:09,656 - INFO - Saved checkpoint at epoch 4: /home/sur06423/hiwi/vit_exp/vision_tranformer_baseline/src/components/distraction_detection_d_a/grid_search_ddp/experiments/DD_GS_A_Adam_LR_0_03/runs/checkpoints/checkpoint_DD_GS_A_Adam_LR_0_03_epoch_4.pth
2024-03-25 03:23:40,460 - INFO - Epoch: 5 |Total training time: 0h:2m:6s | Train Loss: 0.1007 | Train Balanced Accuracy: 96.2695 %
2024-03-25 03:23:40,460 - INFO - Epoch: 5 |Total validation time:0h:1m:8s | Validation Loss: 0.3227 | Validation Balanced Accuracy: 84.7158 % 
2024-03-25 03:23:40,460 - INFO - Epoch: 5 |Total testing time: 0h:1m:16s | Test Loss: 0.4848 | Test Balanced Accuracy: 82.9365 %
2024-03-25 03:23:42,314 - INFO - Saved checkpoint at epoch 5: /home/sur06423/hiwi/vit_exp/vision_tranformer_baseline/src/components/distraction_detection_d_a/grid_search_ddp/experiments/DD_GS_A_Adam_LR_0_03/runs/checkpoints/checkpoint_DD_GS_A_Adam_LR_0_03_epoch_5.pth
2024-03-25 03:28:18,689 - INFO - Epoch: 6 |Total training time: 0h:2m:11s | Train Loss: 0.0941 | Train Balanced Accuracy: 96.6042 %
2024-03-25 03:28:18,689 - INFO - Epoch: 6 |Total validation time:0h:1m:8s | Validation Loss: 0.3343 | Validation Balanced Accuracy: 80.4743 % 
2024-03-25 03:28:18,689 - INFO - Epoch: 6 |Total testing time: 0h:1m:16s | Test Loss: 0.4778 | Test Balanced Accuracy: 81.3687 %
2024-03-25 03:28:23,285 - INFO - Saved checkpoint at epoch 6: /home/sur06423/hiwi/vit_exp/vision_tranformer_baseline/src/components/distraction_detection_d_a/grid_search_ddp/experiments/DD_GS_A_Adam_LR_0_03/runs/checkpoints/checkpoint_DD_GS_A_Adam_LR_0_03_epoch_6.pth
2024-03-25 03:32:54,743 - INFO - Epoch: 7 |Total training time: 0h:2m:4s | Train Loss: 0.0874 | Train Balanced Accuracy: 96.9191 %
2024-03-25 03:32:54,743 - INFO - Epoch: 7 |Total validation time:0h:1m:9s | Validation Loss: 0.4271 | Validation Balanced Accuracy: 75.8863 % 
2024-03-25 03:32:54,743 - INFO - Epoch: 7 |Total testing time: 0h:1m:17s | Test Loss: 0.4842 | Test Balanced Accuracy: 80.8090 %
2024-03-25 03:32:56,669 - INFO - Saved checkpoint at epoch 7: /home/sur06423/hiwi/vit_exp/vision_tranformer_baseline/src/components/distraction_detection_d_a/grid_search_ddp/experiments/DD_GS_A_Adam_LR_0_03/runs/checkpoints/checkpoint_DD_GS_A_Adam_LR_0_03_epoch_7.pth
2024-03-25 03:37:24,024 - INFO - Epoch: 8 |Total training time: 0h:2m:4s | Train Loss: 0.0861 | Train Balanced Accuracy: 96.9412 %
2024-03-25 03:37:24,025 - INFO - Epoch: 8 |Total validation time:0h:1m:6s | Validation Loss: 0.3643 | Validation Balanced Accuracy: 86.9012 % 
2024-03-25 03:37:24,025 - INFO - Epoch: 8 |Total testing time: 0h:1m:16s | Test Loss: 0.5452 | Test Balanced Accuracy: 83.5065 %
2024-03-25 03:37:27,319 - INFO - Saved checkpoint at epoch 8: /home/sur06423/hiwi/vit_exp/vision_tranformer_baseline/src/components/distraction_detection_d_a/grid_search_ddp/experiments/DD_GS_A_Adam_LR_0_03/runs/checkpoints/checkpoint_DD_GS_A_Adam_LR_0_03_epoch_8.pth
2024-03-25 03:42:01,981 - INFO - Epoch: 9 |Total training time: 0h:2m:5s | Train Loss: 0.0889 | Train Balanced Accuracy: 96.6947 %
2024-03-25 03:42:01,982 - INFO - Epoch: 9 |Total validation time:0h:1m:11s | Validation Loss: 0.4101 | Validation Balanced Accuracy: 77.2130 % 
2024-03-25 03:42:01,982 - INFO - Epoch: 9 |Total testing time: 0h:1m:17s | Test Loss: 0.6038 | Test Balanced Accuracy: 77.4672 %
2024-03-25 03:42:04,349 - INFO - Saved checkpoint at epoch 9: /home/sur06423/hiwi/vit_exp/vision_tranformer_baseline/src/components/distraction_detection_d_a/grid_search_ddp/experiments/DD_GS_A_Adam_LR_0_03/runs/checkpoints/checkpoint_DD_GS_A_Adam_LR_0_03_epoch_9.pth
2024-03-25 03:46:36,161 - INFO - Epoch: 10 |Total training time: 0h:2m:4s | Train Loss: 0.0804 | Train Balanced Accuracy: 97.1385 %
2024-03-25 03:46:36,162 - INFO - Epoch: 10 |Total validation time:0h:1m:11s | Validation Loss: 0.3433 | Validation Balanced Accuracy: 83.6698 % 
2024-03-25 03:46:36,162 - INFO - Epoch: 10 |Total testing time: 0h:1m:15s | Test Loss: 0.5533 | Test Balanced Accuracy: 81.2741 %
2024-03-25 03:46:39,807 - INFO - Saved checkpoint at epoch 10: /home/sur06423/hiwi/vit_exp/vision_tranformer_baseline/src/components/distraction_detection_d_a/grid_search_ddp/experiments/DD_GS_A_Adam_LR_0_03/runs/checkpoints/checkpoint_DD_GS_A_Adam_LR_0_03_epoch_10.pth
2024-03-25 03:51:19,352 - INFO - Epoch: 11 |Total training time: 0h:2m:11s | Train Loss: 0.0799 | Train Balanced Accuracy: 97.1844 %
2024-03-25 03:51:19,353 - INFO - Epoch: 11 |Total validation time:0h:1m:11s | Validation Loss: 0.5231 | Validation Balanced Accuracy: 70.4583 % 
2024-03-25 03:51:19,353 - INFO - Epoch: 11 |Total testing time: 0h:1m:15s | Test Loss: 0.6820 | Test Balanced Accuracy: 74.1905 %
2024-03-25 03:51:21,188 - INFO - Saved checkpoint at epoch 11: /home/sur06423/hiwi/vit_exp/vision_tranformer_baseline/src/components/distraction_detection_d_a/grid_search_ddp/experiments/DD_GS_A_Adam_LR_0_03/runs/checkpoints/checkpoint_DD_GS_A_Adam_LR_0_03_epoch_11.pth
2024-03-25 03:55:51,911 - INFO - Epoch: 12 |Total training time: 0h:2m:5s | Train Loss: 0.0810 | Train Balanced Accuracy: 97.0039 %
2024-03-25 03:55:51,911 - INFO - Epoch: 12 |Total validation time:0h:1m:7s | Validation Loss: 0.3547 | Validation Balanced Accuracy: 81.1491 % 
2024-03-25 03:55:51,911 - INFO - Epoch: 12 |Total testing time: 0h:1m:17s | Test Loss: 0.5250 | Test Balanced Accuracy: 82.5297 %
2024-03-25 03:55:54,040 - INFO - Saved checkpoint at epoch 12: /home/sur06423/hiwi/vit_exp/vision_tranformer_baseline/src/components/distraction_detection_d_a/grid_search_ddp/experiments/DD_GS_A_Adam_LR_0_03/runs/checkpoints/checkpoint_DD_GS_A_Adam_LR_0_03_epoch_12.pth
2024-03-25 04:00:29,279 - INFO - Epoch: 13 |Total training time: 0h:2m:10s | Train Loss: 0.0830 | Train Balanced Accuracy: 96.9433 %
2024-03-25 04:00:29,279 - INFO - Epoch: 13 |Total validation time:0h:1m:8s | Validation Loss: 0.4138 | Validation Balanced Accuracy: 76.5017 % 
2024-03-25 04:00:29,279 - INFO - Epoch: 13 |Total testing time: 0h:1m:16s | Test Loss: 0.6196 | Test Balanced Accuracy: 78.4363 %
2024-03-25 04:00:33,956 - INFO - Saved checkpoint at epoch 13: /home/sur06423/hiwi/vit_exp/vision_tranformer_baseline/src/components/distraction_detection_d_a/grid_search_ddp/experiments/DD_GS_A_Adam_LR_0_03/runs/checkpoints/checkpoint_DD_GS_A_Adam_LR_0_03_epoch_13.pth
2024-03-25 04:05:07,955 - INFO - Epoch: 14 |Total training time: 0h:2m:8s | Train Loss: 0.0817 | Train Balanced Accuracy: 96.9546 %
2024-03-25 04:05:07,955 - INFO - Epoch: 14 |Total validation time:0h:1m:8s | Validation Loss: 0.3654 | Validation Balanced Accuracy: 80.6858 % 
2024-03-25 04:05:07,955 - INFO - Epoch: 14 |Total testing time: 0h:1m:16s | Test Loss: 0.5128 | Test Balanced Accuracy: 82.3802 %
2024-03-25 04:05:09,133 - INFO - Saved checkpoint at epoch 14: /home/sur06423/hiwi/vit_exp/vision_tranformer_baseline/src/components/distraction_detection_d_a/grid_search_ddp/experiments/DD_GS_A_Adam_LR_0_03/runs/checkpoints/checkpoint_DD_GS_A_Adam_LR_0_03_epoch_14.pth
2024-03-25 04:09:52,080 - INFO - Epoch: 15 |Total training time: 0h:2m:4s | Train Loss: 0.0719 | Train Balanced Accuracy: 97.4276 %
2024-03-25 04:09:52,081 - INFO - Epoch: 15 |Total validation time:0h:1m:7s | Validation Loss: 0.4096 | Validation Balanced Accuracy: 78.5546 % 
2024-03-25 04:09:52,081 - INFO - Epoch: 15 |Total testing time: 0h:1m:31s | Test Loss: 0.5665 | Test Balanced Accuracy: 80.1721 %
2024-03-25 04:09:53,869 - INFO - Saved checkpoint at epoch 15: /home/sur06423/hiwi/vit_exp/vision_tranformer_baseline/src/components/distraction_detection_d_a/grid_search_ddp/experiments/DD_GS_A_Adam_LR_0_03/runs/checkpoints/checkpoint_DD_GS_A_Adam_LR_0_03_epoch_15.pth
2024-03-25 04:14:24,400 - INFO - Epoch: 16 |Total training time: 0h:2m:3s | Train Loss: 0.0768 | Train Balanced Accuracy: 97.1755 %
2024-03-25 04:14:24,400 - INFO - Epoch: 16 |Total validation time:0h:1m:6s | Validation Loss: 0.3872 | Validation Balanced Accuracy: 84.2983 % 
2024-03-25 04:14:24,400 - INFO - Epoch: 16 |Total testing time: 0h:1m:20s | Test Loss: 0.6037 | Test Balanced Accuracy: 82.9805 %
2024-03-25 04:14:25,602 - INFO - Saved checkpoint at epoch 16: /home/sur06423/hiwi/vit_exp/vision_tranformer_baseline/src/components/distraction_detection_d_a/grid_search_ddp/experiments/DD_GS_A_Adam_LR_0_03/runs/checkpoints/checkpoint_DD_GS_A_Adam_LR_0_03_epoch_16.pth
2024-03-25 04:18:59,759 - INFO - Epoch: 17 |Total training time: 0h:2m:10s | Train Loss: 0.0823 | Train Balanced Accuracy: 96.8740 %
2024-03-25 04:18:59,759 - INFO - Epoch: 17 |Total validation time:0h:1m:7s | Validation Loss: 0.4039 | Validation Balanced Accuracy: 77.6566 % 
2024-03-25 04:18:59,759 - INFO - Epoch: 17 |Total testing time: 0h:1m:16s | Test Loss: 0.5349 | Test Balanced Accuracy: 82.2188 %
2024-03-25 04:19:03,965 - INFO - Saved checkpoint at epoch 17: /home/sur06423/hiwi/vit_exp/vision_tranformer_baseline/src/components/distraction_detection_d_a/grid_search_ddp/experiments/DD_GS_A_Adam_LR_0_03/runs/checkpoints/checkpoint_DD_GS_A_Adam_LR_0_03_epoch_17.pth
2024-03-25 04:23:36,426 - INFO - Epoch: 18 |Total training time: 0h:2m:8s | Train Loss: 0.0687 | Train Balanced Accuracy: 97.5570 %
2024-03-25 04:23:36,426 - INFO - Epoch: 18 |Total validation time:0h:1m:8s | Validation Loss: 0.3856 | Validation Balanced Accuracy: 81.1682 % 
2024-03-25 04:23:36,426 - INFO - Epoch: 18 |Total testing time: 0h:1m:15s | Test Loss: 0.5607 | Test Balanced Accuracy: 82.2030 %
2024-03-25 04:23:38,074 - INFO - Saved checkpoint at epoch 18: /home/sur06423/hiwi/vit_exp/vision_tranformer_baseline/src/components/distraction_detection_d_a/grid_search_ddp/experiments/DD_GS_A_Adam_LR_0_03/runs/checkpoints/checkpoint_DD_GS_A_Adam_LR_0_03_epoch_18.pth
2024-03-25 04:28:09,810 - INFO - Epoch: 19 |Total training time: 0h:2m:3s | Train Loss: 0.0734 | Train Balanced Accuracy: 97.2747 %
2024-03-25 04:28:09,810 - INFO - Epoch: 19 |Total validation time:0h:1m:7s | Validation Loss: 0.3535 | Validation Balanced Accuracy: 82.9892 % 
2024-03-25 04:28:09,810 - INFO - Epoch: 19 |Total testing time: 0h:1m:20s | Test Loss: 0.6211 | Test Balanced Accuracy: 82.7678 %
2024-03-25 04:28:11,121 - INFO - Saved checkpoint at epoch 19: /home/sur06423/hiwi/vit_exp/vision_tranformer_baseline/src/components/distraction_detection_d_a/grid_search_ddp/experiments/DD_GS_A_Adam_LR_0_03/runs/checkpoints/checkpoint_DD_GS_A_Adam_LR_0_03_epoch_19.pth
2024-03-25 04:32:44,186 - INFO - Epoch: 20 |Total training time: 0h:2m:2s | Train Loss: 0.0745 | Train Balanced Accuracy: 97.3430 %
2024-03-25 04:32:44,186 - INFO - Epoch: 20 |Total validation time:0h:1m:10s | Validation Loss: 0.4472 | Validation Balanced Accuracy: 76.9154 % 
2024-03-25 04:32:44,186 - INFO - Epoch: 20 |Total testing time: 0h:1m:19s | Test Loss: 0.5971 | Test Balanced Accuracy: 79.6629 %
2024-03-25 04:32:45,596 - INFO - Saved checkpoint at epoch 20: /home/sur06423/hiwi/vit_exp/vision_tranformer_baseline/src/components/distraction_detection_d_a/grid_search_ddp/experiments/DD_GS_A_Adam_LR_0_03/runs/checkpoints/checkpoint_DD_GS_A_Adam_LR_0_03_epoch_20.pth
2024-03-25 04:37:22,743 - INFO - Epoch: 21 |Total training time: 0h:2m:8s | Train Loss: 0.0701 | Train Balanced Accuracy: 97.5555 %
2024-03-25 04:37:22,743 - INFO - Epoch: 21 |Total validation time:0h:1m:10s | Validation Loss: 0.4446 | Validation Balanced Accuracy: 76.3103 % 
2024-03-25 04:37:22,743 - INFO - Epoch: 21 |Total testing time: 0h:1m:17s | Test Loss: 0.5780 | Test Balanced Accuracy: 80.2053 %
2024-03-25 04:37:27,903 - INFO - Saved checkpoint at epoch 21: /home/sur06423/hiwi/vit_exp/vision_tranformer_baseline/src/components/distraction_detection_d_a/grid_search_ddp/experiments/DD_GS_A_Adam_LR_0_03/runs/checkpoints/checkpoint_DD_GS_A_Adam_LR_0_03_epoch_21.pth
2024-03-25 04:41:59,771 - INFO - Epoch: 22 |Total training time: 0h:2m:3s | Train Loss: 0.0649 | Train Balanced Accuracy: 97.6610 %
2024-03-25 04:41:59,772 - INFO - Epoch: 22 |Total validation time:0h:1m:12s | Validation Loss: 0.4036 | Validation Balanced Accuracy: 79.3752 % 
2024-03-25 04:41:59,772 - INFO - Epoch: 22 |Total testing time: 0h:1m:16s | Test Loss: 0.5756 | Test Balanced Accuracy: 81.0982 %
2024-03-25 04:42:02,148 - INFO - Saved checkpoint at epoch 22: /home/sur06423/hiwi/vit_exp/vision_tranformer_baseline/src/components/distraction_detection_d_a/grid_search_ddp/experiments/DD_GS_A_Adam_LR_0_03/runs/checkpoints/checkpoint_DD_GS_A_Adam_LR_0_03_epoch_22.pth
2024-03-25 04:46:31,041 - INFO - Epoch: 23 |Total training time: 0h:2m:2s | Train Loss: 0.0674 | Train Balanced Accuracy: 97.5221 %
2024-03-25 04:46:31,042 - INFO - Epoch: 23 |Total validation time:0h:1m:11s | Validation Loss: 0.4350 | Validation Balanced Accuracy: 76.3501 % 
2024-03-25 04:46:31,042 - INFO - Epoch: 23 |Total testing time: 0h:1m:14s | Test Loss: 0.5866 | Test Balanced Accuracy: 80.2074 %
2024-03-25 04:46:32,065 - INFO - Saved checkpoint at epoch 23: /home/sur06423/hiwi/vit_exp/vision_tranformer_baseline/src/components/distraction_detection_d_a/grid_search_ddp/experiments/DD_GS_A_Adam_LR_0_03/runs/checkpoints/checkpoint_DD_GS_A_Adam_LR_0_03_epoch_23.pth
2024-03-25 04:51:05,138 - INFO - Epoch: 24 |Total training time: 0h:2m:9s | Train Loss: 0.0639 | Train Balanced Accuracy: 97.7877 %
2024-03-25 04:51:05,138 - INFO - Epoch: 24 |Total validation time:0h:1m:7s | Validation Loss: 0.4469 | Validation Balanced Accuracy: 74.6156 % 
2024-03-25 04:51:05,138 - INFO - Epoch: 24 |Total testing time: 0h:1m:15s | Test Loss: 0.6197 | Test Balanced Accuracy: 79.7295 %
2024-03-25 04:51:11,341 - INFO - Saved checkpoint at epoch 24: /home/sur06423/hiwi/vit_exp/vision_tranformer_baseline/src/components/distraction_detection_d_a/grid_search_ddp/experiments/DD_GS_A_Adam_LR_0_03/runs/checkpoints/checkpoint_DD_GS_A_Adam_LR_0_03_epoch_24.pth
2024-03-25 04:55:44,660 - INFO - Epoch: 25 |Total training time: 0h:2m:10s | Train Loss: 0.0701 | Train Balanced Accuracy: 97.3784 %
2024-03-25 04:55:44,660 - INFO - Epoch: 25 |Total validation time:0h:1m:7s | Validation Loss: 0.5067 | Validation Balanced Accuracy: 73.7464 % 
2024-03-25 04:55:44,660 - INFO - Epoch: 25 |Total testing time: 0h:1m:14s | Test Loss: 0.7081 | Test Balanced Accuracy: 76.4816 %
2024-03-25 04:55:46,062 - INFO - Saved checkpoint at epoch 25: /home/sur06423/hiwi/vit_exp/vision_tranformer_baseline/src/components/distraction_detection_d_a/grid_search_ddp/experiments/DD_GS_A_Adam_LR_0_03/runs/checkpoints/checkpoint_DD_GS_A_Adam_LR_0_03_epoch_25.pth
2024-03-25 05:00:11,926 - INFO - Epoch: 26 |Total training time: 0h:2m:2s | Train Loss: 0.0646 | Train Balanced Accuracy: 97.7799 %
2024-03-25 05:00:11,928 - INFO - Epoch: 26 |Total validation time:0h:1m:7s | Validation Loss: 0.4233 | Validation Balanced Accuracy: 77.2541 % 
2024-03-25 05:00:11,929 - INFO - Epoch: 26 |Total testing time: 0h:1m:15s | Test Loss: 0.6187 | Test Balanced Accuracy: 80.8986 %
2024-03-25 05:01:00,879 - INFO - Saved checkpoint at epoch 26: /home/sur06423/hiwi/vit_exp/vision_tranformer_baseline/src/components/distraction_detection_d_a/grid_search_ddp/experiments/DD_GS_A_Adam_LR_0_03/runs/checkpoints/checkpoint_DD_GS_A_Adam_LR_0_03_epoch_26.pth
2024-03-25 05:05:29,986 - INFO - Epoch: 27 |Total training time: 0h:2m:2s | Train Loss: 0.0660 | Train Balanced Accuracy: 97.6291 %
2024-03-25 05:05:29,987 - INFO - Epoch: 27 |Total validation time:0h:1m:6s | Validation Loss: 0.4050 | Validation Balanced Accuracy: 79.0078 % 
2024-03-25 05:05:29,987 - INFO - Epoch: 27 |Total testing time: 0h:1m:19s | Test Loss: 0.5748 | Test Balanced Accuracy: 81.5442 %
2024-03-25 05:05:31,405 - INFO - Saved checkpoint at epoch 27: /home/sur06423/hiwi/vit_exp/vision_tranformer_baseline/src/components/distraction_detection_d_a/grid_search_ddp/experiments/DD_GS_A_Adam_LR_0_03/runs/checkpoints/checkpoint_DD_GS_A_Adam_LR_0_03_epoch_27.pth
2024-03-25 05:09:56,084 - INFO - Epoch: 28 |Total training time: 0h:2m:2s | Train Loss: 0.0634 | Train Balanced Accuracy: 97.7750 %
2024-03-25 05:09:56,085 - INFO - Epoch: 28 |Total validation time:0h:1m:6s | Validation Loss: 0.4505 | Validation Balanced Accuracy: 75.0039 % 
2024-03-25 05:09:56,085 - INFO - Epoch: 28 |Total testing time: 0h:1m:14s | Test Loss: 0.6495 | Test Balanced Accuracy: 78.9757 %
2024-03-25 05:09:57,338 - INFO - Saved checkpoint at epoch 28: /home/sur06423/hiwi/vit_exp/vision_tranformer_baseline/src/components/distraction_detection_d_a/grid_search_ddp/experiments/DD_GS_A_Adam_LR_0_03/runs/checkpoints/checkpoint_DD_GS_A_Adam_LR_0_03_epoch_28.pth
2024-03-25 05:14:30,048 - INFO - Epoch: 29 |Total training time: 0h:2m:9s | Train Loss: 0.0660 | Train Balanced Accuracy: 97.6166 %
2024-03-25 05:14:30,048 - INFO - Epoch: 29 |Total validation time:0h:1m:7s | Validation Loss: 0.4852 | Validation Balanced Accuracy: 74.6382 % 
2024-03-25 05:14:30,048 - INFO - Epoch: 29 |Total testing time: 0h:1m:15s | Test Loss: 0.6325 | Test Balanced Accuracy: 79.5147 %
2024-03-25 05:14:31,647 - INFO - Saved checkpoint at epoch 29: /home/sur06423/hiwi/vit_exp/vision_tranformer_baseline/src/components/distraction_detection_d_a/grid_search_ddp/experiments/DD_GS_A_Adam_LR_0_03/runs/checkpoints/checkpoint_DD_GS_A_Adam_LR_0_03_epoch_29.pth
2024-03-25 05:19:00,286 - INFO - Epoch: 30 |Total training time: 0h:2m:3s | Train Loss: 0.0631 | Train Balanced Accuracy: 97.7570 %
2024-03-25 05:19:00,287 - INFO - Epoch: 30 |Total validation time:0h:1m:10s | Validation Loss: 0.4020 | Validation Balanced Accuracy: 78.9528 % 
2024-03-25 05:19:00,287 - INFO - Epoch: 30 |Total testing time: 0h:1m:14s | Test Loss: 0.5996 | Test Balanced Accuracy: 81.3386 %
2024-03-25 05:19:02,312 - INFO - Saved checkpoint at epoch 30: /home/sur06423/hiwi/vit_exp/vision_tranformer_baseline/src/components/distraction_detection_d_a/grid_search_ddp/experiments/DD_GS_A_Adam_LR_0_03/runs/checkpoints/checkpoint_DD_GS_A_Adam_LR_0_03_epoch_30.pth
2024-03-25 05:23:38,063 - INFO - Epoch: 31 |Total training time: 0h:2m:9s | Train Loss: 0.0638 | Train Balanced Accuracy: 97.5848 %
2024-03-25 05:23:38,064 - INFO - Epoch: 31 |Total validation time:0h:1m:10s | Validation Loss: 0.4278 | Validation Balanced Accuracy: 76.1292 % 
2024-03-25 05:23:38,064 - INFO - Epoch: 31 |Total testing time: 0h:1m:15s | Test Loss: 0.6394 | Test Balanced Accuracy: 80.2909 %
2024-03-25 05:23:46,368 - INFO - Saved checkpoint at epoch 31: /home/sur06423/hiwi/vit_exp/vision_tranformer_baseline/src/components/distraction_detection_d_a/grid_search_ddp/experiments/DD_GS_A_Adam_LR_0_03/runs/checkpoints/checkpoint_DD_GS_A_Adam_LR_0_03_epoch_31.pth
2024-03-25 05:28:20,218 - INFO - Epoch: 32 |Total training time: 0h:1m:51s | Train Loss: 0.0615 | Train Balanced Accuracy: 97.7875 %
2024-03-25 05:28:20,218 - INFO - Epoch: 32 |Total validation time:0h:1m:27s | Validation Loss: 0.4472 | Validation Balanced Accuracy: 75.3508 % 
2024-03-25 05:28:20,218 - INFO - Epoch: 32 |Total testing time: 0h:1m:14s | Test Loss: 0.5970 | Test Balanced Accuracy: 80.3407 %
2024-03-25 05:28:24,392 - INFO - Saved checkpoint at epoch 32: /home/sur06423/hiwi/vit_exp/vision_tranformer_baseline/src/components/distraction_detection_d_a/grid_search_ddp/experiments/DD_GS_A_Adam_LR_0_03/runs/checkpoints/checkpoint_DD_GS_A_Adam_LR_0_03_epoch_32.pth
2024-03-25 05:32:52,237 - INFO - Epoch: 33 |Total training time: 0h:2m:3s | Train Loss: 0.0617 | Train Balanced Accuracy: 97.7729 %
2024-03-25 05:32:52,238 - INFO - Epoch: 33 |Total validation time:0h:1m:10s | Validation Loss: 0.4032 | Validation Balanced Accuracy: 78.7207 % 
2024-03-25 05:32:52,238 - INFO - Epoch: 33 |Total testing time: 0h:1m:14s | Test Loss: 0.6467 | Test Balanced Accuracy: 80.2498 %
2024-03-25 05:32:53,936 - INFO - Saved checkpoint at epoch 33: /home/sur06423/hiwi/vit_exp/vision_tranformer_baseline/src/components/distraction_detection_d_a/grid_search_ddp/experiments/DD_GS_A_Adam_LR_0_03/runs/checkpoints/checkpoint_DD_GS_A_Adam_LR_0_03_epoch_33.pth
2024-03-25 05:37:25,265 - INFO - Epoch: 34 |Total training time: 0h:2m:9s | Train Loss: 0.0616 | Train Balanced Accuracy: 97.8223 %
2024-03-25 05:37:25,265 - INFO - Epoch: 34 |Total validation time:0h:1m:6s | Validation Loss: 0.4303 | Validation Balanced Accuracy: 76.1122 % 
2024-03-25 05:37:25,265 - INFO - Epoch: 34 |Total testing time: 0h:1m:15s | Test Loss: 0.6173 | Test Balanced Accuracy: 79.9080 %
2024-03-25 05:37:27,769 - INFO - Saved checkpoint at epoch 34: /home/sur06423/hiwi/vit_exp/vision_tranformer_baseline/src/components/distraction_detection_d_a/grid_search_ddp/experiments/DD_GS_A_Adam_LR_0_03/runs/checkpoints/checkpoint_DD_GS_A_Adam_LR_0_03_epoch_34.pth
2024-03-25 05:41:57,381 - INFO - Epoch: 35 |Total training time: 0h:2m:3s | Train Loss: 0.0576 | Train Balanced Accuracy: 98.0273 %
2024-03-25 05:41:57,381 - INFO - Epoch: 35 |Total validation time:0h:1m:10s | Validation Loss: 0.5178 | Validation Balanced Accuracy: 72.9886 % 
2024-03-25 05:41:57,381 - INFO - Epoch: 35 |Total testing time: 0h:1m:15s | Test Loss: 0.6554 | Test Balanced Accuracy: 78.7371 %
2024-03-25 05:42:01,805 - INFO - Saved checkpoint at epoch 35: /home/sur06423/hiwi/vit_exp/vision_tranformer_baseline/src/components/distraction_detection_d_a/grid_search_ddp/experiments/DD_GS_A_Adam_LR_0_03/runs/checkpoints/checkpoint_DD_GS_A_Adam_LR_0_03_epoch_35.pth
2024-03-25 05:46:28,100 - INFO - Epoch: 36 |Total training time: 0h:2m:3s | Train Loss: 0.0582 | Train Balanced Accuracy: 97.9148 %
2024-03-25 05:46:28,101 - INFO - Epoch: 36 |Total validation time:0h:1m:6s | Validation Loss: 0.4963 | Validation Balanced Accuracy: 73.9649 % 
2024-03-25 05:46:28,101 - INFO - Epoch: 36 |Total testing time: 0h:1m:15s | Test Loss: 0.6563 | Test Balanced Accuracy: 78.7488 %
2024-03-25 05:46:32,316 - INFO - Saved checkpoint at epoch 36: /home/sur06423/hiwi/vit_exp/vision_tranformer_baseline/src/components/distraction_detection_d_a/grid_search_ddp/experiments/DD_GS_A_Adam_LR_0_03/runs/checkpoints/checkpoint_DD_GS_A_Adam_LR_0_03_epoch_36.pth
2024-03-25 05:51:05,571 - INFO - Epoch: 37 |Total training time: 0h:2m:3s | Train Loss: 0.0645 | Train Balanced Accuracy: 97.6967 %
2024-03-25 05:51:05,571 - INFO - Epoch: 37 |Total validation time:0h:1m:12s | Validation Loss: 0.4698 | Validation Balanced Accuracy: 74.2117 % 
2024-03-25 05:51:05,571 - INFO - Epoch: 37 |Total testing time: 0h:1m:16s | Test Loss: 0.6357 | Test Balanced Accuracy: 79.6252 %
2024-03-25 05:51:10,237 - INFO - Saved checkpoint at epoch 37: /home/sur06423/hiwi/vit_exp/vision_tranformer_baseline/src/components/distraction_detection_d_a/grid_search_ddp/experiments/DD_GS_A_Adam_LR_0_03/runs/checkpoints/checkpoint_DD_GS_A_Adam_LR_0_03_epoch_37.pth
2024-03-25 05:55:37,607 - INFO - Epoch: 38 |Total training time: 0h:2m:5s | Train Loss: 0.0611 | Train Balanced Accuracy: 97.8481 %
2024-03-25 05:55:37,607 - INFO - Epoch: 38 |Total validation time:0h:1m:6s | Validation Loss: 0.4946 | Validation Balanced Accuracy: 74.2113 % 
2024-03-25 05:55:37,607 - INFO - Epoch: 38 |Total testing time: 0h:1m:15s | Test Loss: 0.6787 | Test Balanced Accuracy: 78.2823 %
2024-03-25 05:55:42,396 - INFO - Saved checkpoint at epoch 38: /home/sur06423/hiwi/vit_exp/vision_tranformer_baseline/src/components/distraction_detection_d_a/grid_search_ddp/experiments/DD_GS_A_Adam_LR_0_03/runs/checkpoints/checkpoint_DD_GS_A_Adam_LR_0_03_epoch_38.pth
2024-03-25 06:00:09,197 - INFO - Epoch: 39 |Total training time: 0h:2m:3s | Train Loss: 0.0575 | Train Balanced Accuracy: 97.9141 %
2024-03-25 06:00:09,198 - INFO - Epoch: 39 |Total validation time:0h:1m:7s | Validation Loss: 0.4638 | Validation Balanced Accuracy: 74.5427 % 
2024-03-25 06:00:09,198 - INFO - Epoch: 39 |Total testing time: 0h:1m:16s | Test Loss: 0.6243 | Test Balanced Accuracy: 79.9855 %
2024-03-25 06:00:10,908 - INFO - Saved checkpoint at epoch 39: /home/sur06423/hiwi/vit_exp/vision_tranformer_baseline/src/components/distraction_detection_d_a/grid_search_ddp/experiments/DD_GS_A_Adam_LR_0_03/runs/checkpoints/checkpoint_DD_GS_A_Adam_LR_0_03_epoch_39.pth
2024-03-25 06:04:40,434 - INFO - Epoch: 40 |Total training time: 0h:2m:2s | Train Loss: 0.0611 | Train Balanced Accuracy: 97.9668 %
2024-03-25 06:04:40,434 - INFO - Epoch: 40 |Total validation time:0h:1m:11s | Validation Loss: 0.6134 | Validation Balanced Accuracy: 69.5769 % 
2024-03-25 06:04:40,434 - INFO - Epoch: 40 |Total testing time: 0h:1m:14s | Test Loss: 0.7338 | Test Balanced Accuracy: 76.3883 %
2024-03-25 06:04:45,628 - INFO - Saved checkpoint at epoch 40: /home/sur06423/hiwi/vit_exp/vision_tranformer_baseline/src/components/distraction_detection_d_a/grid_search_ddp/experiments/DD_GS_A_Adam_LR_0_03/runs/checkpoints/checkpoint_DD_GS_A_Adam_LR_0_03_epoch_40.pth
2024-03-25 06:09:13,298 - INFO - Epoch: 41 |Total training time: 0h:2m:4s | Train Loss: 0.0605 | Train Balanced Accuracy: 97.8321 %
2024-03-25 06:09:13,298 - INFO - Epoch: 41 |Total validation time:0h:1m:6s | Validation Loss: 0.4568 | Validation Balanced Accuracy: 74.9518 % 
2024-03-25 06:09:13,298 - INFO - Epoch: 41 |Total testing time: 0h:1m:16s | Test Loss: 0.6390 | Test Balanced Accuracy: 79.7979 %
2024-03-25 06:09:14,790 - INFO - Saved checkpoint at epoch 41: /home/sur06423/hiwi/vit_exp/vision_tranformer_baseline/src/components/distraction_detection_d_a/grid_search_ddp/experiments/DD_GS_A_Adam_LR_0_03/runs/checkpoints/checkpoint_DD_GS_A_Adam_LR_0_03_epoch_41.pth
2024-03-25 06:13:47,535 - INFO - Epoch: 42 |Total training time: 0h:2m:9s | Train Loss: 0.0557 | Train Balanced Accuracy: 98.0829 %
2024-03-25 06:13:47,535 - INFO - Epoch: 42 |Total validation time:0h:1m:8s | Validation Loss: 0.5116 | Validation Balanced Accuracy: 73.9877 % 
2024-03-25 06:13:47,536 - INFO - Epoch: 42 |Total testing time: 0h:1m:14s | Test Loss: 0.6609 | Test Balanced Accuracy: 79.0212 %
2024-03-25 06:13:51,842 - INFO - Saved checkpoint at epoch 42: /home/sur06423/hiwi/vit_exp/vision_tranformer_baseline/src/components/distraction_detection_d_a/grid_search_ddp/experiments/DD_GS_A_Adam_LR_0_03/runs/checkpoints/checkpoint_DD_GS_A_Adam_LR_0_03_epoch_42.pth
2024-03-25 06:18:22,935 - INFO - Epoch: 43 |Total training time: 0h:2m:9s | Train Loss: 0.0557 | Train Balanced Accuracy: 98.0043 %
2024-03-25 06:18:22,935 - INFO - Epoch: 43 |Total validation time:0h:1m:5s | Validation Loss: 0.5073 | Validation Balanced Accuracy: 74.1837 % 
2024-03-25 06:18:22,935 - INFO - Epoch: 43 |Total testing time: 0h:1m:15s | Test Loss: 0.6499 | Test Balanced Accuracy: 79.2112 %
2024-03-25 06:18:24,996 - INFO - Saved checkpoint at epoch 43: /home/sur06423/hiwi/vit_exp/vision_tranformer_baseline/src/components/distraction_detection_d_a/grid_search_ddp/experiments/DD_GS_A_Adam_LR_0_03/runs/checkpoints/checkpoint_DD_GS_A_Adam_LR_0_03_epoch_43.pth
2024-03-25 06:22:55,661 - INFO - Epoch: 44 |Total training time: 0h:2m:9s | Train Loss: 0.0564 | Train Balanced Accuracy: 98.0184 %
2024-03-25 06:22:55,661 - INFO - Epoch: 44 |Total validation time:0h:1m:5s | Validation Loss: 0.4582 | Validation Balanced Accuracy: 75.0741 % 
2024-03-25 06:22:55,662 - INFO - Epoch: 44 |Total testing time: 0h:1m:15s | Test Loss: 0.6587 | Test Balanced Accuracy: 79.3991 %
2024-03-25 06:22:56,919 - INFO - Saved checkpoint at epoch 44: /home/sur06423/hiwi/vit_exp/vision_tranformer_baseline/src/components/distraction_detection_d_a/grid_search_ddp/experiments/DD_GS_A_Adam_LR_0_03/runs/checkpoints/checkpoint_DD_GS_A_Adam_LR_0_03_epoch_44.pth
2024-03-25 06:27:24,626 - INFO - Epoch: 45 |Total training time: 0h:2m:2s | Train Loss: 0.0554 | Train Balanced Accuracy: 98.1615 %
2024-03-25 06:27:24,626 - INFO - Epoch: 45 |Total validation time:0h:1m:9s | Validation Loss: 0.4237 | Validation Balanced Accuracy: 77.3866 % 
2024-03-25 06:27:24,627 - INFO - Epoch: 45 |Total testing time: 0h:1m:15s | Test Loss: 0.6550 | Test Balanced Accuracy: 79.9973 %
2024-03-25 06:27:25,662 - INFO - Saved checkpoint at epoch 45: /home/sur06423/hiwi/vit_exp/vision_tranformer_baseline/src/components/distraction_detection_d_a/grid_search_ddp/experiments/DD_GS_A_Adam_LR_0_03/runs/checkpoints/checkpoint_DD_GS_A_Adam_LR_0_03_epoch_45.pth
2024-03-25 06:32:04,054 - INFO - Epoch: 46 |Total training time: 0h:2m:9s | Train Loss: 0.0582 | Train Balanced Accuracy: 97.9084 %
2024-03-25 06:32:04,054 - INFO - Epoch: 46 |Total validation time:0h:1m:9s | Validation Loss: 0.4005 | Validation Balanced Accuracy: 78.1050 % 
2024-03-25 06:32:04,054 - INFO - Epoch: 46 |Total testing time: 0h:1m:19s | Test Loss: 0.6706 | Test Balanced Accuracy: 80.9204 %
2024-03-25 06:32:05,685 - INFO - Saved checkpoint at epoch 46: /home/sur06423/hiwi/vit_exp/vision_tranformer_baseline/src/components/distraction_detection_d_a/grid_search_ddp/experiments/DD_GS_A_Adam_LR_0_03/runs/checkpoints/checkpoint_DD_GS_A_Adam_LR_0_03_epoch_46.pth
2024-03-25 06:36:31,021 - INFO - Epoch: 47 |Total training time: 0h:2m:2s | Train Loss: 0.0637 | Train Balanced Accuracy: 97.5791 %
2024-03-25 06:36:31,021 - INFO - Epoch: 47 |Total validation time:0h:1m:7s | Validation Loss: 0.5500 | Validation Balanced Accuracy: 72.9251 % 
2024-03-25 06:36:31,021 - INFO - Epoch: 47 |Total testing time: 0h:1m:15s | Test Loss: 0.6646 | Test Balanced Accuracy: 79.2143 %
2024-03-25 06:36:32,708 - INFO - Saved checkpoint at epoch 47: /home/sur06423/hiwi/vit_exp/vision_tranformer_baseline/src/components/distraction_detection_d_a/grid_search_ddp/experiments/DD_GS_A_Adam_LR_0_03/runs/checkpoints/checkpoint_DD_GS_A_Adam_LR_0_03_epoch_47.pth
2024-03-25 06:41:09,724 - INFO - Epoch: 48 |Total training time: 0h:2m:9s | Train Loss: 0.0576 | Train Balanced Accuracy: 97.9273 %
2024-03-25 06:41:09,725 - INFO - Epoch: 48 |Total validation time:0h:1m:8s | Validation Loss: 0.5682 | Validation Balanced Accuracy: 72.1101 % 
2024-03-25 06:41:09,725 - INFO - Epoch: 48 |Total testing time: 0h:1m:18s | Test Loss: 0.7016 | Test Balanced Accuracy: 78.1323 %
2024-03-25 06:41:11,491 - INFO - Saved checkpoint at epoch 48: /home/sur06423/hiwi/vit_exp/vision_tranformer_baseline/src/components/distraction_detection_d_a/grid_search_ddp/experiments/DD_GS_A_Adam_LR_0_03/runs/checkpoints/checkpoint_DD_GS_A_Adam_LR_0_03_epoch_48.pth
2024-03-25 06:45:59,466 - INFO - Epoch: 49 |Total training time: 0h:2m:2s | Train Loss: 0.0551 | Train Balanced Accuracy: 98.0808 %
2024-03-25 06:45:59,467 - INFO - Epoch: 49 |Total validation time:0h:1m:30s | Validation Loss: 0.5196 | Validation Balanced Accuracy: 73.7173 % 
2024-03-25 06:45:59,467 - INFO - Epoch: 49 |Total testing time: 0h:1m:15s | Test Loss: 0.7044 | Test Balanced Accuracy: 77.5913 %
2024-03-25 06:46:06,091 - INFO - Saved checkpoint at epoch 49: /home/sur06423/hiwi/vit_exp/vision_tranformer_baseline/src/components/distraction_detection_d_a/grid_search_ddp/experiments/DD_GS_A_Adam_LR_0_03/runs/checkpoints/checkpoint_DD_GS_A_Adam_LR_0_03_epoch_49.pth
2024-03-25 06:50:35,562 - INFO - Epoch: 50 |Total training time: 0h:2m:2s | Train Loss: 0.0541 | Train Balanced Accuracy: 98.1351 %
2024-03-25 06:50:35,563 - INFO - Epoch: 50 |Total validation time:0h:1m:7s | Validation Loss: 0.5473 | Validation Balanced Accuracy: 72.5920 % 
2024-03-25 06:50:35,563 - INFO - Epoch: 50 |Total testing time: 0h:1m:19s | Test Loss: 0.6709 | Test Balanced Accuracy: 78.6802 %
2024-03-25 06:50:36,701 - INFO - Saved checkpoint at epoch 50: /home/sur06423/hiwi/vit_exp/vision_tranformer_baseline/src/components/distraction_detection_d_a/grid_search_ddp/experiments/DD_GS_A_Adam_LR_0_03/runs/checkpoints/checkpoint_DD_GS_A_Adam_LR_0_03_epoch_50.pth
2024-03-25 06:55:06,760 - INFO - Epoch: 51 |Total training time: 0h:2m:9s | Train Loss: 0.0540 | Train Balanced Accuracy: 98.1016 %
2024-03-25 06:55:06,761 - INFO - Epoch: 51 |Total validation time:0h:1m:5s | Validation Loss: 0.4287 | Validation Balanced Accuracy: 77.0029 % 
2024-03-25 06:55:06,761 - INFO - Epoch: 51 |Total testing time: 0h:1m:15s | Test Loss: 0.6724 | Test Balanced Accuracy: 81.0576 %
2024-03-25 06:55:08,651 - INFO - Saved checkpoint at epoch 51: /home/sur06423/hiwi/vit_exp/vision_tranformer_baseline/src/components/distraction_detection_d_a/grid_search_ddp/experiments/DD_GS_A_Adam_LR_0_03/runs/checkpoints/checkpoint_DD_GS_A_Adam_LR_0_03_epoch_51.pth
2024-03-25 06:59:33,200 - INFO - Epoch: 52 |Total training time: 0h:2m:2s | Train Loss: 0.0549 | Train Balanced Accuracy: 98.1329 %
2024-03-25 06:59:33,200 - INFO - Epoch: 52 |Total validation time:0h:1m:5s | Validation Loss: 0.4820 | Validation Balanced Accuracy: 74.7198 % 
2024-03-25 06:59:33,200 - INFO - Epoch: 52 |Total testing time: 0h:1m:15s | Test Loss: 0.6703 | Test Balanced Accuracy: 79.0469 %
2024-03-25 06:59:36,150 - INFO - Saved checkpoint at epoch 52: /home/sur06423/hiwi/vit_exp/vision_tranformer_baseline/src/components/distraction_detection_d_a/grid_search_ddp/experiments/DD_GS_A_Adam_LR_0_03/runs/checkpoints/checkpoint_DD_GS_A_Adam_LR_0_03_epoch_52.pth
2024-03-25 07:04:12,131 - INFO - Epoch: 53 |Total training time: 0h:2m:4s | Train Loss: 0.0542 | Train Balanced Accuracy: 98.1454 %
2024-03-25 07:04:12,131 - INFO - Epoch: 53 |Total validation time:0h:1m:12s | Validation Loss: 0.5622 | Validation Balanced Accuracy: 72.0312 % 
2024-03-25 07:04:12,131 - INFO - Epoch: 53 |Total testing time: 0h:1m:19s | Test Loss: 0.7017 | Test Balanced Accuracy: 77.7778 %
2024-03-25 07:04:15,714 - INFO - Saved checkpoint at epoch 53: /home/sur06423/hiwi/vit_exp/vision_tranformer_baseline/src/components/distraction_detection_d_a/grid_search_ddp/experiments/DD_GS_A_Adam_LR_0_03/runs/checkpoints/checkpoint_DD_GS_A_Adam_LR_0_03_epoch_53.pth
2024-03-25 07:08:47,558 - INFO - Epoch: 54 |Total training time: 0h:2m:5s | Train Loss: 0.0532 | Train Balanced Accuracy: 98.1767 %
2024-03-25 07:08:47,559 - INFO - Epoch: 54 |Total validation time:0h:1m:10s | Validation Loss: 0.5183 | Validation Balanced Accuracy: 73.6642 % 
2024-03-25 07:08:47,559 - INFO - Epoch: 54 |Total testing time: 0h:1m:16s | Test Loss: 0.6636 | Test Balanced Accuracy: 79.2569 %
2024-03-25 07:08:50,666 - INFO - Saved checkpoint at epoch 54: /home/sur06423/hiwi/vit_exp/vision_tranformer_baseline/src/components/distraction_detection_d_a/grid_search_ddp/experiments/DD_GS_A_Adam_LR_0_03/runs/checkpoints/checkpoint_DD_GS_A_Adam_LR_0_03_epoch_54.pth
2024-03-25 07:13:21,385 - INFO - Epoch: 55 |Total training time: 0h:2m:8s | Train Loss: 0.0546 | Train Balanced Accuracy: 97.9682 %
2024-03-25 07:13:21,386 - INFO - Epoch: 55 |Total validation time:0h:1m:6s | Validation Loss: 0.5128 | Validation Balanced Accuracy: 73.5675 % 
2024-03-25 07:13:21,386 - INFO - Epoch: 55 |Total testing time: 0h:1m:15s | Test Loss: 0.6698 | Test Balanced Accuracy: 79.0225 %
2024-03-25 07:13:22,628 - INFO - Saved checkpoint at epoch 55: /home/sur06423/hiwi/vit_exp/vision_tranformer_baseline/src/components/distraction_detection_d_a/grid_search_ddp/experiments/DD_GS_A_Adam_LR_0_03/runs/checkpoints/checkpoint_DD_GS_A_Adam_LR_0_03_epoch_55.pth
2024-03-25 07:17:55,065 - INFO - Epoch: 56 |Total training time: 0h:2m:9s | Train Loss: 0.0542 | Train Balanced Accuracy: 98.1120 %
2024-03-25 07:17:55,065 - INFO - Epoch: 56 |Total validation time:0h:1m:7s | Validation Loss: 0.4591 | Validation Balanced Accuracy: 75.0449 % 
2024-03-25 07:17:55,066 - INFO - Epoch: 56 |Total testing time: 0h:1m:15s | Test Loss: 0.6675 | Test Balanced Accuracy: 79.6716 %
2024-03-25 07:17:59,105 - INFO - Saved checkpoint at epoch 56: /home/sur06423/hiwi/vit_exp/vision_tranformer_baseline/src/components/distraction_detection_d_a/grid_search_ddp/experiments/DD_GS_A_Adam_LR_0_03/runs/checkpoints/checkpoint_DD_GS_A_Adam_LR_0_03_epoch_56.pth
2024-03-25 07:22:30,645 - INFO - Epoch: 57 |Total training time: 0h:2m:4s | Train Loss: 0.0564 | Train Balanced Accuracy: 98.0823 %
2024-03-25 07:22:30,645 - INFO - Epoch: 57 |Total validation time:0h:1m:6s | Validation Loss: 0.5027 | Validation Balanced Accuracy: 74.1619 % 
2024-03-25 07:22:30,645 - INFO - Epoch: 57 |Total testing time: 0h:1m:20s | Test Loss: 0.6628 | Test Balanced Accuracy: 79.8509 %
2024-03-25 07:22:31,828 - INFO - Saved checkpoint at epoch 57: /home/sur06423/hiwi/vit_exp/vision_tranformer_baseline/src/components/distraction_detection_d_a/grid_search_ddp/experiments/DD_GS_A_Adam_LR_0_03/runs/checkpoints/checkpoint_DD_GS_A_Adam_LR_0_03_epoch_57.pth
2024-03-25 07:27:01,614 - INFO - Epoch: 58 |Total training time: 0h:2m:4s | Train Loss: 0.0518 | Train Balanced Accuracy: 98.2171 %
2024-03-25 07:27:01,614 - INFO - Epoch: 58 |Total validation time:0h:1m:10s | Validation Loss: 0.5614 | Validation Balanced Accuracy: 72.5233 % 
2024-03-25 07:27:01,614 - INFO - Epoch: 58 |Total testing time: 0h:1m:14s | Test Loss: 0.6916 | Test Balanced Accuracy: 78.0372 %
2024-03-25 07:27:03,706 - INFO - Saved checkpoint at epoch 58: /home/sur06423/hiwi/vit_exp/vision_tranformer_baseline/src/components/distraction_detection_d_a/grid_search_ddp/experiments/DD_GS_A_Adam_LR_0_03/runs/checkpoints/checkpoint_DD_GS_A_Adam_LR_0_03_epoch_58.pth
2024-03-25 07:31:27,077 - INFO - Epoch: 59 |Total training time: 0h:2m:2s | Train Loss: 0.0516 | Train Balanced Accuracy: 98.2581 %
2024-03-25 07:31:27,077 - INFO - Epoch: 59 |Total validation time:0h:1m:5s | Validation Loss: 0.5423 | Validation Balanced Accuracy: 73.6601 % 
2024-03-25 07:31:27,077 - INFO - Epoch: 59 |Total testing time: 0h:1m:14s | Test Loss: 0.6945 | Test Balanced Accuracy: 78.7356 %
2024-03-25 07:31:30,083 - INFO - Saved checkpoint at epoch 59: /home/sur06423/hiwi/vit_exp/vision_tranformer_baseline/src/components/distraction_detection_d_a/grid_search_ddp/experiments/DD_GS_A_Adam_LR_0_03/runs/checkpoints/checkpoint_DD_GS_A_Adam_LR_0_03_epoch_59.pth
2024-03-25 07:36:02,289 - INFO - Epoch: 60 |Total training time: 0h:2m:2s | Train Loss: 0.0527 | Train Balanced Accuracy: 98.0578 %
2024-03-25 07:36:02,290 - INFO - Epoch: 60 |Total validation time:0h:1m:10s | Validation Loss: 0.5642 | Validation Balanced Accuracy: 73.1240 % 
2024-03-25 07:36:02,290 - INFO - Epoch: 60 |Total testing time: 0h:1m:19s | Test Loss: 0.7144 | Test Balanced Accuracy: 77.7604 %
2024-03-25 07:36:04,076 - INFO - Saved checkpoint at epoch 60: /home/sur06423/hiwi/vit_exp/vision_tranformer_baseline/src/components/distraction_detection_d_a/grid_search_ddp/experiments/DD_GS_A_Adam_LR_0_03/runs/checkpoints/checkpoint_DD_GS_A_Adam_LR_0_03_epoch_60.pth
2024-03-25 07:40:36,287 - INFO - Epoch: 61 |Total training time: 0h:2m:7s | Train Loss: 0.0529 | Train Balanced Accuracy: 98.1197 %
2024-03-25 07:40:36,288 - INFO - Epoch: 61 |Total validation time:0h:1m:9s | Validation Loss: 0.5314 | Validation Balanced Accuracy: 73.6985 % 
2024-03-25 07:40:36,288 - INFO - Epoch: 61 |Total testing time: 0h:1m:15s | Test Loss: 0.7064 | Test Balanced Accuracy: 77.8477 %
2024-03-25 07:40:41,052 - INFO - Saved checkpoint at epoch 61: /home/sur06423/hiwi/vit_exp/vision_tranformer_baseline/src/components/distraction_detection_d_a/grid_search_ddp/experiments/DD_GS_A_Adam_LR_0_03/runs/checkpoints/checkpoint_DD_GS_A_Adam_LR_0_03_epoch_61.pth
2024-03-25 07:45:21,959 - INFO - Epoch: 62 |Total training time: 0h:2m:10s | Train Loss: 0.0519 | Train Balanced Accuracy: 98.1655 %
2024-03-25 07:45:21,959 - INFO - Epoch: 62 |Total validation time:0h:1m:10s | Validation Loss: 0.5214 | Validation Balanced Accuracy: 73.6904 % 
2024-03-25 07:45:21,960 - INFO - Epoch: 62 |Total testing time: 0h:1m:19s | Test Loss: 0.6923 | Test Balanced Accuracy: 78.8227 %
2024-03-25 07:45:26,828 - INFO - Saved checkpoint at epoch 62: /home/sur06423/hiwi/vit_exp/vision_tranformer_baseline/src/components/distraction_detection_d_a/grid_search_ddp/experiments/DD_GS_A_Adam_LR_0_03/runs/checkpoints/checkpoint_DD_GS_A_Adam_LR_0_03_epoch_62.pth
2024-03-25 07:49:55,963 - INFO - Epoch: 63 |Total training time: 0h:2m:7s | Train Loss: 0.0562 | Train Balanced Accuracy: 97.9982 %
2024-03-25 07:49:55,963 - INFO - Epoch: 63 |Total validation time:0h:1m:6s | Validation Loss: 0.5722 | Validation Balanced Accuracy: 72.6846 % 
2024-03-25 07:49:55,964 - INFO - Epoch: 63 |Total testing time: 0h:1m:15s | Test Loss: 0.7177 | Test Balanced Accuracy: 77.6774 %
2024-03-25 07:49:57,298 - INFO - Saved checkpoint at epoch 63: /home/sur06423/hiwi/vit_exp/vision_tranformer_baseline/src/components/distraction_detection_d_a/grid_search_ddp/experiments/DD_GS_A_Adam_LR_0_03/runs/checkpoints/checkpoint_DD_GS_A_Adam_LR_0_03_epoch_63.pth
2024-03-25 07:54:25,775 - INFO - Epoch: 64 |Total training time: 0h:2m:3s | Train Loss: 0.0523 | Train Balanced Accuracy: 98.1219 %
2024-03-25 07:54:25,775 - INFO - Epoch: 64 |Total validation time:0h:1m:6s | Validation Loss: 0.5154 | Validation Balanced Accuracy: 73.6184 % 
2024-03-25 07:54:25,775 - INFO - Epoch: 64 |Total testing time: 0h:1m:18s | Test Loss: 0.6808 | Test Balanced Accuracy: 79.0470 %
2024-03-25 07:54:33,274 - INFO - Saved checkpoint at epoch 64: /home/sur06423/hiwi/vit_exp/vision_tranformer_baseline/src/components/distraction_detection_d_a/grid_search_ddp/experiments/DD_GS_A_Adam_LR_0_03/runs/checkpoints/checkpoint_DD_GS_A_Adam_LR_0_03_epoch_64.pth
2024-03-25 07:58:59,303 - INFO - Epoch: 65 |Total training time: 0h:2m:3s | Train Loss: 0.0523 | Train Balanced Accuracy: 98.1775 %
2024-03-25 07:58:59,303 - INFO - Epoch: 65 |Total validation time:0h:1m:7s | Validation Loss: 0.4750 | Validation Balanced Accuracy: 74.5240 % 
2024-03-25 07:58:59,303 - INFO - Epoch: 65 |Total testing time: 0h:1m:15s | Test Loss: 0.6822 | Test Balanced Accuracy: 79.5297 %
2024-03-25 07:59:00,287 - INFO - Saved checkpoint at epoch 65: /home/sur06423/hiwi/vit_exp/vision_tranformer_baseline/src/components/distraction_detection_d_a/grid_search_ddp/experiments/DD_GS_A_Adam_LR_0_03/runs/checkpoints/checkpoint_DD_GS_A_Adam_LR_0_03_epoch_65.pth
2024-03-25 08:03:45,015 - INFO - Epoch: 66 |Total training time: 0h:2m:0s | Train Loss: 0.0523 | Train Balanced Accuracy: 98.1559 %
2024-03-25 08:03:45,016 - INFO - Epoch: 66 |Total validation time:0h:1m:28s | Validation Loss: 0.5385 | Validation Balanced Accuracy: 73.2115 % 
2024-03-25 08:03:45,016 - INFO - Epoch: 66 |Total testing time: 0h:1m:15s | Test Loss: 0.7054 | Test Balanced Accuracy: 77.7622 %
2024-03-25 08:03:46,355 - INFO - Saved checkpoint at epoch 66: /home/sur06423/hiwi/vit_exp/vision_tranformer_baseline/src/components/distraction_detection_d_a/grid_search_ddp/experiments/DD_GS_A_Adam_LR_0_03/runs/checkpoints/checkpoint_DD_GS_A_Adam_LR_0_03_epoch_66.pth
2024-03-25 08:08:13,585 - INFO - Epoch: 67 |Total training time: 0h:2m:2s | Train Loss: 0.0508 | Train Balanced Accuracy: 98.2948 %
2024-03-25 08:08:13,586 - INFO - Epoch: 67 |Total validation time:0h:1m:6s | Validation Loss: 0.5153 | Validation Balanced Accuracy: 73.7538 % 
2024-03-25 08:08:13,586 - INFO - Epoch: 67 |Total testing time: 0h:1m:18s | Test Loss: 0.6876 | Test Balanced Accuracy: 79.1723 %
2024-03-25 08:08:15,327 - INFO - Saved checkpoint at epoch 67: /home/sur06423/hiwi/vit_exp/vision_tranformer_baseline/src/components/distraction_detection_d_a/grid_search_ddp/experiments/DD_GS_A_Adam_LR_0_03/runs/checkpoints/checkpoint_DD_GS_A_Adam_LR_0_03_epoch_67.pth
2024-03-25 08:12:40,210 - INFO - Epoch: 68 |Total training time: 0h:2m:3s | Train Loss: 0.0506 | Train Balanced Accuracy: 98.2365 %
2024-03-25 08:12:40,210 - INFO - Epoch: 68 |Total validation time:0h:1m:6s | Validation Loss: 0.5204 | Validation Balanced Accuracy: 73.8173 % 
2024-03-25 08:12:40,210 - INFO - Epoch: 68 |Total testing time: 0h:1m:15s | Test Loss: 0.6771 | Test Balanced Accuracy: 78.8209 %
2024-03-25 08:12:41,748 - INFO - Saved checkpoint at epoch 68: /home/sur06423/hiwi/vit_exp/vision_tranformer_baseline/src/components/distraction_detection_d_a/grid_search_ddp/experiments/DD_GS_A_Adam_LR_0_03/runs/checkpoints/checkpoint_DD_GS_A_Adam_LR_0_03_epoch_68.pth
2024-03-25 08:17:09,287 - INFO - Epoch: 69 |Total training time: 0h:2m:7s | Train Loss: 0.0510 | Train Balanced Accuracy: 98.2435 %
2024-03-25 08:17:09,288 - INFO - Epoch: 69 |Total validation time:0h:1m:5s | Validation Loss: 0.5386 | Validation Balanced Accuracy: 73.5716 % 
2024-03-25 08:17:09,288 - INFO - Epoch: 69 |Total testing time: 0h:1m:14s | Test Loss: 0.6945 | Test Balanced Accuracy: 78.4450 %
2024-03-25 08:17:15,469 - INFO - Saved checkpoint at epoch 69: /home/sur06423/hiwi/vit_exp/vision_tranformer_baseline/src/components/distraction_detection_d_a/grid_search_ddp/experiments/DD_GS_A_Adam_LR_0_03/runs/checkpoints/checkpoint_DD_GS_A_Adam_LR_0_03_epoch_69.pth
2024-03-25 08:21:40,028 - INFO - Epoch: 70 |Total training time: 0h:2m:2s | Train Loss: 0.0511 | Train Balanced Accuracy: 98.1857 %
2024-03-25 08:21:40,029 - INFO - Epoch: 70 |Total validation time:0h:1m:6s | Validation Loss: 0.5476 | Validation Balanced Accuracy: 73.0189 % 
2024-03-25 08:21:40,029 - INFO - Epoch: 70 |Total testing time: 0h:1m:15s | Test Loss: 0.6941 | Test Balanced Accuracy: 78.0596 %
2024-03-25 08:21:42,543 - INFO - Saved checkpoint at epoch 70: /home/sur06423/hiwi/vit_exp/vision_tranformer_baseline/src/components/distraction_detection_d_a/grid_search_ddp/experiments/DD_GS_A_Adam_LR_0_03/runs/checkpoints/checkpoint_DD_GS_A_Adam_LR_0_03_epoch_70.pth
2024-03-25 08:26:07,266 - INFO - Epoch: 71 |Total training time: 0h:2m:3s | Train Loss: 0.0503 | Train Balanced Accuracy: 98.2239 %
2024-03-25 08:26:07,266 - INFO - Epoch: 71 |Total validation time:0h:1m:5s | Validation Loss: 0.5709 | Validation Balanced Accuracy: 72.8325 % 
2024-03-25 08:26:07,266 - INFO - Epoch: 71 |Total testing time: 0h:1m:14s | Test Loss: 0.7228 | Test Balanced Accuracy: 77.6713 %
2024-03-25 08:26:10,682 - INFO - Saved checkpoint at epoch 71: /home/sur06423/hiwi/vit_exp/vision_tranformer_baseline/src/components/distraction_detection_d_a/grid_search_ddp/experiments/DD_GS_A_Adam_LR_0_03/runs/checkpoints/checkpoint_DD_GS_A_Adam_LR_0_03_epoch_71.pth
2024-03-25 08:30:38,860 - INFO - Epoch: 72 |Total training time: 0h:2m:4s | Train Loss: 0.0495 | Train Balanced Accuracy: 98.3192 %
2024-03-25 08:30:38,860 - INFO - Epoch: 72 |Total validation time:0h:1m:7s | Validation Loss: 0.5180 | Validation Balanced Accuracy: 73.8195 % 
2024-03-25 08:30:38,860 - INFO - Epoch: 72 |Total testing time: 0h:1m:16s | Test Loss: 0.6938 | Test Balanced Accuracy: 78.9513 %
2024-03-25 08:30:41,112 - INFO - Saved checkpoint at epoch 72: /home/sur06423/hiwi/vit_exp/vision_tranformer_baseline/src/components/distraction_detection_d_a/grid_search_ddp/experiments/DD_GS_A_Adam_LR_0_03/runs/checkpoints/checkpoint_DD_GS_A_Adam_LR_0_03_epoch_72.pth
2024-03-25 08:35:19,566 - INFO - Epoch: 73 |Total training time: 0h:2m:8s | Train Loss: 0.0500 | Train Balanced Accuracy: 98.2767 %
2024-03-25 08:35:19,567 - INFO - Epoch: 73 |Total validation time:0h:1m:10s | Validation Loss: 0.4921 | Validation Balanced Accuracy: 74.1684 % 
2024-03-25 08:35:19,567 - INFO - Epoch: 73 |Total testing time: 0h:1m:19s | Test Loss: 0.6942 | Test Balanced Accuracy: 79.3773 %
2024-03-25 08:35:21,355 - INFO - Saved checkpoint at epoch 73: /home/sur06423/hiwi/vit_exp/vision_tranformer_baseline/src/components/distraction_detection_d_a/grid_search_ddp/experiments/DD_GS_A_Adam_LR_0_03/runs/checkpoints/checkpoint_DD_GS_A_Adam_LR_0_03_epoch_73.pth
2024-03-25 08:39:47,100 - INFO - Epoch: 74 |Total training time: 0h:2m:2s | Train Loss: 0.0510 | Train Balanced Accuracy: 98.1997 %
2024-03-25 08:39:47,100 - INFO - Epoch: 74 |Total validation time:0h:1m:7s | Validation Loss: 0.5498 | Validation Balanced Accuracy: 72.9240 % 
2024-03-25 08:39:47,101 - INFO - Epoch: 74 |Total testing time: 0h:1m:15s | Test Loss: 0.7204 | Test Balanced Accuracy: 77.6491 %
2024-03-25 08:39:54,251 - INFO - Saved checkpoint at epoch 74: /home/sur06423/hiwi/vit_exp/vision_tranformer_baseline/src/components/distraction_detection_d_a/grid_search_ddp/experiments/DD_GS_A_Adam_LR_0_03/runs/checkpoints/checkpoint_DD_GS_A_Adam_LR_0_03_epoch_74.pth
2024-03-25 08:44:23,888 - INFO - Epoch: 75 |Total training time: 0h:2m:4s | Train Loss: 0.0496 | Train Balanced Accuracy: 98.3059 %
2024-03-25 08:44:23,889 - INFO - Epoch: 75 |Total validation time:0h:1m:10s | Validation Loss: 0.5220 | Validation Balanced Accuracy: 73.7424 % 
2024-03-25 08:44:23,889 - INFO - Epoch: 75 |Total testing time: 0h:1m:14s | Test Loss: 0.7026 | Test Balanced Accuracy: 78.2009 %
2024-03-25 08:44:28,247 - INFO - Saved checkpoint at epoch 75: /home/sur06423/hiwi/vit_exp/vision_tranformer_baseline/src/components/distraction_detection_d_a/grid_search_ddp/experiments/DD_GS_A_Adam_LR_0_03/runs/checkpoints/checkpoint_DD_GS_A_Adam_LR_0_03_epoch_75.pth
2024-03-25 08:48:53,267 - INFO - Epoch: 76 |Total training time: 0h:2m:3s | Train Loss: 0.0498 | Train Balanced Accuracy: 98.2789 %
2024-03-25 08:48:53,267 - INFO - Epoch: 76 |Total validation time:0h:1m:5s | Validation Loss: 0.5414 | Validation Balanced Accuracy: 73.1594 % 
2024-03-25 08:48:53,267 - INFO - Epoch: 76 |Total testing time: 0h:1m:15s | Test Loss: 0.7124 | Test Balanced Accuracy: 77.8847 %
2024-03-25 08:48:55,145 - INFO - Saved checkpoint at epoch 76: /home/sur06423/hiwi/vit_exp/vision_tranformer_baseline/src/components/distraction_detection_d_a/grid_search_ddp/experiments/DD_GS_A_Adam_LR_0_03/runs/checkpoints/checkpoint_DD_GS_A_Adam_LR_0_03_epoch_76.pth
2024-03-25 08:53:20,066 - INFO - Epoch: 77 |Total training time: 0h:2m:3s | Train Loss: 0.0496 | Train Balanced Accuracy: 98.3427 %
2024-03-25 08:53:20,066 - INFO - Epoch: 77 |Total validation time:0h:1m:5s | Validation Loss: 0.5171 | Validation Balanced Accuracy: 73.6498 % 
2024-03-25 08:53:20,066 - INFO - Epoch: 77 |Total testing time: 0h:1m:15s | Test Loss: 0.6896 | Test Balanced Accuracy: 78.8741 %
2024-03-25 08:53:22,360 - INFO - Saved checkpoint at epoch 77: /home/sur06423/hiwi/vit_exp/vision_tranformer_baseline/src/components/distraction_detection_d_a/grid_search_ddp/experiments/DD_GS_A_Adam_LR_0_03/runs/checkpoints/checkpoint_DD_GS_A_Adam_LR_0_03_epoch_77.pth
2024-03-25 08:57:51,695 - INFO - Epoch: 78 |Total training time: 0h:2m:7s | Train Loss: 0.0499 | Train Balanced Accuracy: 98.2468 %
2024-03-25 08:57:51,695 - INFO - Epoch: 78 |Total validation time:0h:1m:5s | Validation Loss: 0.5396 | Validation Balanced Accuracy: 73.3686 % 
2024-03-25 08:57:51,695 - INFO - Epoch: 78 |Total testing time: 0h:1m:15s | Test Loss: 0.7132 | Test Balanced Accuracy: 78.0513 %
2024-03-25 08:57:53,716 - INFO - Saved checkpoint at epoch 78: /home/sur06423/hiwi/vit_exp/vision_tranformer_baseline/src/components/distraction_detection_d_a/grid_search_ddp/experiments/DD_GS_A_Adam_LR_0_03/runs/checkpoints/checkpoint_DD_GS_A_Adam_LR_0_03_epoch_78.pth
2024-03-25 09:02:24,014 - INFO - Epoch: 79 |Total training time: 0h:2m:9s | Train Loss: 0.0490 | Train Balanced Accuracy: 98.3665 %
2024-03-25 09:02:24,015 - INFO - Epoch: 79 |Total validation time:0h:1m:5s | Validation Loss: 0.5187 | Validation Balanced Accuracy: 73.8378 % 
2024-03-25 09:02:24,015 - INFO - Epoch: 79 |Total testing time: 0h:1m:15s | Test Loss: 0.6853 | Test Balanced Accuracy: 78.7782 %
2024-03-25 09:02:25,563 - INFO - Saved checkpoint at epoch 79: /home/sur06423/hiwi/vit_exp/vision_tranformer_baseline/src/components/distraction_detection_d_a/grid_search_ddp/experiments/DD_GS_A_Adam_LR_0_03/runs/checkpoints/checkpoint_DD_GS_A_Adam_LR_0_03_epoch_79.pth
2024-03-25 09:06:51,880 - INFO - Epoch: 80 |Total training time: 0h:2m:3s | Train Loss: 0.0491 | Train Balanced Accuracy: 98.3219 %
2024-03-25 09:06:51,881 - INFO - Epoch: 80 |Total validation time:0h:1m:8s | Validation Loss: 0.5249 | Validation Balanced Accuracy: 73.7236 % 
2024-03-25 09:06:51,881 - INFO - Epoch: 80 |Total testing time: 0h:1m:15s | Test Loss: 0.7044 | Test Balanced Accuracy: 78.4339 %
2024-03-25 09:06:53,217 - INFO - Saved checkpoint at epoch 80: /home/sur06423/hiwi/vit_exp/vision_tranformer_baseline/src/components/distraction_detection_d_a/grid_search_ddp/experiments/DD_GS_A_Adam_LR_0_03/runs/checkpoints/checkpoint_DD_GS_A_Adam_LR_0_03_epoch_80.pth
2024-03-25 09:11:24,248 - INFO - Epoch: 81 |Total training time: 0h:2m:4s | Train Loss: 0.0487 | Train Balanced Accuracy: 98.3601 %
2024-03-25 09:11:24,249 - INFO - Epoch: 81 |Total validation time:0h:1m:10s | Validation Loss: 0.5560 | Validation Balanced Accuracy: 72.9834 % 
2024-03-25 09:11:24,249 - INFO - Epoch: 81 |Total testing time: 0h:1m:15s | Test Loss: 0.7086 | Test Balanced Accuracy: 77.8751 %
2024-03-25 09:11:31,560 - INFO - Saved checkpoint at epoch 81: /home/sur06423/hiwi/vit_exp/vision_tranformer_baseline/src/components/distraction_detection_d_a/grid_search_ddp/experiments/DD_GS_A_Adam_LR_0_03/runs/checkpoints/checkpoint_DD_GS_A_Adam_LR_0_03_epoch_81.pth
2024-03-25 09:15:56,999 - INFO - Epoch: 82 |Total training time: 0h:2m:3s | Train Loss: 0.0486 | Train Balanced Accuracy: 98.3712 %
2024-03-25 09:15:56,999 - INFO - Epoch: 82 |Total validation time:0h:1m:6s | Validation Loss: 0.5056 | Validation Balanced Accuracy: 73.7926 % 
2024-03-25 09:15:56,999 - INFO - Epoch: 82 |Total testing time: 0h:1m:15s | Test Loss: 0.6912 | Test Balanced Accuracy: 79.1905 %
2024-03-25 09:15:58,962 - INFO - Saved checkpoint at epoch 82: /home/sur06423/hiwi/vit_exp/vision_tranformer_baseline/src/components/distraction_detection_d_a/grid_search_ddp/experiments/DD_GS_A_Adam_LR_0_03/runs/checkpoints/checkpoint_DD_GS_A_Adam_LR_0_03_epoch_82.pth
2024-03-25 09:20:47,089 - INFO - Epoch: 83 |Total training time: 0h:2m:7s | Train Loss: 0.0488 | Train Balanced Accuracy: 98.3428 %
2024-03-25 09:20:47,089 - INFO - Epoch: 83 |Total validation time:0h:1m:24s | Validation Loss: 0.5224 | Validation Balanced Accuracy: 73.6789 % 
2024-03-25 09:20:47,089 - INFO - Epoch: 83 |Total testing time: 0h:1m:15s | Test Loss: 0.6903 | Test Balanced Accuracy: 78.9227 %
2024-03-25 09:20:50,277 - INFO - Saved checkpoint at epoch 83: /home/sur06423/hiwi/vit_exp/vision_tranformer_baseline/src/components/distraction_detection_d_a/grid_search_ddp/experiments/DD_GS_A_Adam_LR_0_03/runs/checkpoints/checkpoint_DD_GS_A_Adam_LR_0_03_epoch_83.pth
2024-03-25 09:25:14,680 - INFO - Epoch: 84 |Total training time: 0h:2m:2s | Train Loss: 0.0486 | Train Balanced Accuracy: 98.3838 %
2024-03-25 09:25:14,680 - INFO - Epoch: 84 |Total validation time:0h:1m:6s | Validation Loss: 0.5656 | Validation Balanced Accuracy: 72.8451 % 
2024-03-25 09:25:14,680 - INFO - Epoch: 84 |Total testing time: 0h:1m:15s | Test Loss: 0.7151 | Test Balanced Accuracy: 77.7416 %
2024-03-25 09:25:18,194 - INFO - Saved checkpoint at epoch 84: /home/sur06423/hiwi/vit_exp/vision_tranformer_baseline/src/components/distraction_detection_d_a/grid_search_ddp/experiments/DD_GS_A_Adam_LR_0_03/runs/checkpoints/checkpoint_DD_GS_A_Adam_LR_0_03_epoch_84.pth
2024-03-25 09:29:48,957 - INFO - Epoch: 85 |Total training time: 0h:2m:4s | Train Loss: 0.0487 | Train Balanced Accuracy: 98.3539 %
2024-03-25 09:29:48,957 - INFO - Epoch: 85 |Total validation time:0h:1m:10s | Validation Loss: 0.5326 | Validation Balanced Accuracy: 73.4332 % 
2024-03-25 09:29:48,957 - INFO - Epoch: 85 |Total testing time: 0h:1m:15s | Test Loss: 0.7081 | Test Balanced Accuracy: 78.1729 %
2024-03-25 09:29:57,415 - INFO - Saved checkpoint at epoch 85: /home/sur06423/hiwi/vit_exp/vision_tranformer_baseline/src/components/distraction_detection_d_a/grid_search_ddp/experiments/DD_GS_A_Adam_LR_0_03/runs/checkpoints/checkpoint_DD_GS_A_Adam_LR_0_03_epoch_85.pth
2024-03-25 09:34:24,016 - INFO - Epoch: 86 |Total training time: 0h:2m:3s | Train Loss: 0.0486 | Train Balanced Accuracy: 98.4032 %
2024-03-25 09:34:24,017 - INFO - Epoch: 86 |Total validation time:0h:1m:7s | Validation Loss: 0.5507 | Validation Balanced Accuracy: 73.1443 % 
2024-03-25 09:34:24,019 - INFO - Epoch: 86 |Total testing time: 0h:1m:15s | Test Loss: 0.7140 | Test Balanced Accuracy: 77.7640 %
2024-03-25 09:34:25,808 - INFO - Saved checkpoint at epoch 86: /home/sur06423/hiwi/vit_exp/vision_tranformer_baseline/src/components/distraction_detection_d_a/grid_search_ddp/experiments/DD_GS_A_Adam_LR_0_03/runs/checkpoints/checkpoint_DD_GS_A_Adam_LR_0_03_epoch_86.pth
2024-03-25 09:39:00,670 - INFO - Epoch: 87 |Total training time: 0h:2m:8s | Train Loss: 0.0483 | Train Balanced Accuracy: 98.3893 %
2024-03-25 09:39:00,670 - INFO - Epoch: 87 |Total validation time:0h:1m:10s | Validation Loss: 0.5269 | Validation Balanced Accuracy: 73.7184 % 
2024-03-25 09:39:00,670 - INFO - Epoch: 87 |Total testing time: 0h:1m:16s | Test Loss: 0.7017 | Test Balanced Accuracy: 78.5035 %
2024-03-25 09:39:03,289 - INFO - Saved checkpoint at epoch 87: /home/sur06423/hiwi/vit_exp/vision_tranformer_baseline/src/components/distraction_detection_d_a/grid_search_ddp/experiments/DD_GS_A_Adam_LR_0_03/runs/checkpoints/checkpoint_DD_GS_A_Adam_LR_0_03_epoch_87.pth
2024-03-25 09:43:28,779 - INFO - Epoch: 88 |Total training time: 0h:2m:2s | Train Loss: 0.0482 | Train Balanced Accuracy: 98.4060 %
2024-03-25 09:43:28,779 - INFO - Epoch: 88 |Total validation time:0h:1m:6s | Validation Loss: 0.5311 | Validation Balanced Accuracy: 73.5790 % 
2024-03-25 09:43:28,779 - INFO - Epoch: 88 |Total testing time: 0h:1m:16s | Test Loss: 0.7009 | Test Balanced Accuracy: 78.3889 %
2024-03-25 09:43:30,515 - INFO - Saved checkpoint at epoch 88: /home/sur06423/hiwi/vit_exp/vision_tranformer_baseline/src/components/distraction_detection_d_a/grid_search_ddp/experiments/DD_GS_A_Adam_LR_0_03/runs/checkpoints/checkpoint_DD_GS_A_Adam_LR_0_03_epoch_88.pth
2024-03-25 09:47:58,298 - INFO - Epoch: 89 |Total training time: 0h:2m:6s | Train Loss: 0.0481 | Train Balanced Accuracy: 98.3837 %
2024-03-25 09:47:58,298 - INFO - Epoch: 89 |Total validation time:0h:1m:6s | Validation Loss: 0.5419 | Validation Balanced Accuracy: 73.4269 % 
2024-03-25 09:47:58,298 - INFO - Epoch: 89 |Total testing time: 0h:1m:14s | Test Loss: 0.7073 | Test Balanced Accuracy: 78.1307 %
2024-03-25 09:48:01,761 - INFO - Saved checkpoint at epoch 89: /home/sur06423/hiwi/vit_exp/vision_tranformer_baseline/src/components/distraction_detection_d_a/grid_search_ddp/experiments/DD_GS_A_Adam_LR_0_03/runs/checkpoints/checkpoint_DD_GS_A_Adam_LR_0_03_epoch_89.pth
2024-03-25 09:52:29,258 - INFO - Epoch: 90 |Total training time: 0h:2m:4s | Train Loss: 0.0482 | Train Balanced Accuracy: 98.3901 %
2024-03-25 09:52:29,258 - INFO - Epoch: 90 |Total validation time:0h:1m:6s | Validation Loss: 0.5380 | Validation Balanced Accuracy: 73.4446 % 
2024-03-25 09:52:29,258 - INFO - Epoch: 90 |Total testing time: 0h:1m:15s | Test Loss: 0.7046 | Test Balanced Accuracy: 78.2324 %
2024-03-25 09:52:31,072 - INFO - Saved checkpoint at epoch 90: /home/sur06423/hiwi/vit_exp/vision_tranformer_baseline/src/components/distraction_detection_d_a/grid_search_ddp/experiments/DD_GS_A_Adam_LR_0_03/runs/checkpoints/checkpoint_DD_GS_A_Adam_LR_0_03_epoch_90.pth
2024-03-25 09:57:01,796 - INFO - Epoch: 91 |Total training time: 0h:2m:8s | Train Loss: 0.0480 | Train Balanced Accuracy: 98.4123 %
2024-03-25 09:57:01,796 - INFO - Epoch: 91 |Total validation time:0h:1m:6s | Validation Loss: 0.5412 | Validation Balanced Accuracy: 73.4155 % 
2024-03-25 09:57:01,796 - INFO - Epoch: 91 |Total testing time: 0h:1m:15s | Test Loss: 0.7039 | Test Balanced Accuracy: 78.2382 %
2024-03-25 09:57:03,912 - INFO - Saved checkpoint at epoch 91: /home/sur06423/hiwi/vit_exp/vision_tranformer_baseline/src/components/distraction_detection_d_a/grid_search_ddp/experiments/DD_GS_A_Adam_LR_0_03/runs/checkpoints/checkpoint_DD_GS_A_Adam_LR_0_03_epoch_91.pth
2024-03-25 10:01:30,272 - INFO - Epoch: 92 |Total training time: 0h:2m:4s | Train Loss: 0.0480 | Train Balanced Accuracy: 98.3553 %
2024-03-25 10:01:30,272 - INFO - Epoch: 92 |Total validation time:0h:1m:6s | Validation Loss: 0.5134 | Validation Balanced Accuracy: 73.7852 % 
2024-03-25 10:01:30,272 - INFO - Epoch: 92 |Total testing time: 0h:1m:15s | Test Loss: 0.6965 | Test Balanced Accuracy: 78.9183 %
2024-03-25 10:01:31,607 - INFO - Saved checkpoint at epoch 92: /home/sur06423/hiwi/vit_exp/vision_tranformer_baseline/src/components/distraction_detection_d_a/grid_search_ddp/experiments/DD_GS_A_Adam_LR_0_03/runs/checkpoints/checkpoint_DD_GS_A_Adam_LR_0_03_epoch_92.pth
2024-03-25 10:05:59,912 - INFO - Epoch: 93 |Total training time: 0h:2m:4s | Train Loss: 0.0483 | Train Balanced Accuracy: 98.4053 %
2024-03-25 10:05:59,912 - INFO - Epoch: 93 |Total validation time:0h:1m:8s | Validation Loss: 0.5313 | Validation Balanced Accuracy: 73.5790 % 
2024-03-25 10:05:59,912 - INFO - Epoch: 93 |Total testing time: 0h:1m:15s | Test Loss: 0.7010 | Test Balanced Accuracy: 78.3819 %
2024-03-25 10:06:02,641 - INFO - Saved checkpoint at epoch 93: /home/sur06423/hiwi/vit_exp/vision_tranformer_baseline/src/components/distraction_detection_d_a/grid_search_ddp/experiments/DD_GS_A_Adam_LR_0_03/runs/checkpoints/checkpoint_DD_GS_A_Adam_LR_0_03_epoch_93.pth
2024-03-25 10:10:32,462 - INFO - Epoch: 94 |Total training time: 0h:2m:4s | Train Loss: 0.0479 | Train Balanced Accuracy: 98.4269 %
2024-03-25 10:10:32,463 - INFO - Epoch: 94 |Total validation time:0h:1m:6s | Validation Loss: 0.5389 | Validation Balanced Accuracy: 73.4675 % 
2024-03-25 10:10:32,463 - INFO - Epoch: 94 |Total testing time: 0h:1m:18s | Test Loss: 0.7045 | Test Balanced Accuracy: 78.2274 %
2024-03-25 10:10:34,234 - INFO - Saved checkpoint at epoch 94: /home/sur06423/hiwi/vit_exp/vision_tranformer_baseline/src/components/distraction_detection_d_a/grid_search_ddp/experiments/DD_GS_A_Adam_LR_0_03/runs/checkpoints/checkpoint_DD_GS_A_Adam_LR_0_03_epoch_94.pth
2024-03-25 10:15:10,332 - INFO - Epoch: 95 |Total training time: 0h:2m:10s | Train Loss: 0.0479 | Train Balanced Accuracy: 98.3887 %
2024-03-25 10:15:10,332 - INFO - Epoch: 95 |Total validation time:0h:1m:6s | Validation Loss: 0.5310 | Validation Balanced Accuracy: 73.5269 % 
2024-03-25 10:15:10,332 - INFO - Epoch: 95 |Total testing time: 0h:1m:19s | Test Loss: 0.7016 | Test Balanced Accuracy: 78.3819 %
2024-03-25 10:15:12,825 - INFO - Saved checkpoint at epoch 95: /home/sur06423/hiwi/vit_exp/vision_tranformer_baseline/src/components/distraction_detection_d_a/grid_search_ddp/experiments/DD_GS_A_Adam_LR_0_03/runs/checkpoints/checkpoint_DD_GS_A_Adam_LR_0_03_epoch_95.pth
2024-03-25 10:19:38,639 - INFO - Epoch: 96 |Total training time: 0h:2m:3s | Train Loss: 0.0478 | Train Balanced Accuracy: 98.4171 %
2024-03-25 10:19:38,639 - INFO - Epoch: 96 |Total validation time:0h:1m:6s | Validation Loss: 0.5366 | Validation Balanced Accuracy: 73.4332 % 
2024-03-25 10:19:38,639 - INFO - Epoch: 96 |Total testing time: 0h:1m:16s | Test Loss: 0.7036 | Test Balanced Accuracy: 78.3190 %
2024-03-25 10:19:44,964 - INFO - Saved checkpoint at epoch 96: /home/sur06423/hiwi/vit_exp/vision_tranformer_baseline/src/components/distraction_detection_d_a/grid_search_ddp/experiments/DD_GS_A_Adam_LR_0_03/runs/checkpoints/checkpoint_DD_GS_A_Adam_LR_0_03_epoch_96.pth
2024-03-25 10:24:10,769 - INFO - Epoch: 97 |Total training time: 0h:2m:3s | Train Loss: 0.0478 | Train Balanced Accuracy: 98.3643 %
2024-03-25 10:24:10,770 - INFO - Epoch: 97 |Total validation time:0h:1m:7s | Validation Loss: 0.5369 | Validation Balanced Accuracy: 73.4332 % 
2024-03-25 10:24:10,770 - INFO - Epoch: 97 |Total testing time: 0h:1m:15s | Test Loss: 0.7041 | Test Balanced Accuracy: 78.3031 %
2024-03-25 10:24:14,108 - INFO - Saved checkpoint at epoch 97: /home/sur06423/hiwi/vit_exp/vision_tranformer_baseline/src/components/distraction_detection_d_a/grid_search_ddp/experiments/DD_GS_A_Adam_LR_0_03/runs/checkpoints/checkpoint_DD_GS_A_Adam_LR_0_03_epoch_97.pth
2024-03-25 10:28:43,118 - INFO - Epoch: 98 |Total training time: 0h:2m:3s | Train Loss: 0.0478 | Train Balanced Accuracy: 98.3865 %
2024-03-25 10:28:43,118 - INFO - Epoch: 98 |Total validation time:0h:1m:10s | Validation Loss: 0.5362 | Validation Balanced Accuracy: 73.4332 % 
2024-03-25 10:28:43,118 - INFO - Epoch: 98 |Total testing time: 0h:1m:15s | Test Loss: 0.7037 | Test Balanced Accuracy: 78.3012 %
2024-03-25 10:28:45,245 - INFO - Saved checkpoint at epoch 98: /home/sur06423/hiwi/vit_exp/vision_tranformer_baseline/src/components/distraction_detection_d_a/grid_search_ddp/experiments/DD_GS_A_Adam_LR_0_03/runs/checkpoints/checkpoint_DD_GS_A_Adam_LR_0_03_epoch_98.pth
2024-03-25 10:33:10,294 - INFO - Epoch: 99 |Total training time: 0h:2m:3s | Train Loss: 0.0478 | Train Balanced Accuracy: 98.3844 %
2024-03-25 10:33:10,295 - INFO - Epoch: 99 |Total validation time:0h:1m:5s | Validation Loss: 0.5359 | Validation Balanced Accuracy: 73.4531 % 
2024-03-25 10:33:10,295 - INFO - Epoch: 99 |Total testing time: 0h:1m:15s | Test Loss: 0.7035 | Test Balanced Accuracy: 78.3489 %
2024-03-25 10:33:15,003 - INFO - Saved checkpoint at epoch 99: /home/sur06423/hiwi/vit_exp/vision_tranformer_baseline/src/components/distraction_detection_d_a/grid_search_ddp/experiments/DD_GS_A_Adam_LR_0_03/runs/checkpoints/checkpoint_DD_GS_A_Adam_LR_0_03_epoch_99.pth
2024-03-25 10:33:15,004 - INFO - Total training, validation and testing time: 8h:2m:38s.
